<?xml version="1.0" encoding="UTF-8"?>
<testsuite xmlns:xsi="http://www.w3.org/2001/XMLSchema-instance" xsi:noNamespaceSchemaLocation="https://maven.apache.org/surefire/maven-surefire-plugin/xsd/surefire-test-report-3.0.xsd" version="3.0" name="runners.CucumberTestRunner" time="353.655" tests="33" errors="0" skipped="0" failures="8">
  <properties>
    <property name="java.specification.version" value="23"/>
    <property name="sun.cpu.isalist" value="amd64"/>
    <property name="sun.jnu.encoding" value="Cp1252"/>
    <property name="java.class.path" value="E:\Courses\Amalitech GTP\Projects\demoblazeProjectPlaywright\target\test-classes;E:\Courses\Amalitech GTP\Projects\demoblazeProjectPlaywright\target\classes;C:\Users\Emmanuel Arhu\.m2\repository\com\codeborne\selenide\7.10.0\selenide-7.10.0.jar;C:\Users\Emmanuel Arhu\.m2\repository\org\seleniumhq\selenium\selenium-java\4.35.0\selenium-java-4.35.0.jar;C:\Users\Emmanuel Arhu\.m2\repository\org\seleniumhq\selenium\selenium-api\4.35.0\selenium-api-4.35.0.jar;C:\Users\Emmanuel Arhu\.m2\repository\org\seleniumhq\selenium\selenium-chrome-driver\4.35.0\selenium-chrome-driver-4.35.0.jar;C:\Users\Emmanuel Arhu\.m2\repository\com\google\auto\service\auto-service-annotations\1.1.1\auto-service-annotations-1.1.1.jar;C:\Users\Emmanuel Arhu\.m2\repository\org\seleniumhq\selenium\selenium-chromium-driver\4.35.0\selenium-chromium-driver-4.35.0.jar;C:\Users\Emmanuel Arhu\.m2\repository\org\seleniumhq\selenium\selenium-json\4.35.0\selenium-json-4.35.0.jar;C:\Users\Emmanuel Arhu\.m2\repository\org\seleniumhq\selenium\selenium-manager\4.35.0\selenium-manager-4.35.0.jar;C:\Users\Emmanuel Arhu\.m2\repository\org\seleniumhq\selenium\selenium-devtools-v137\4.35.0\selenium-devtools-v137-4.35.0.jar;C:\Users\Emmanuel Arhu\.m2\repository\org\seleniumhq\selenium\selenium-devtools-v138\4.35.0\selenium-devtools-v138-4.35.0.jar;C:\Users\Emmanuel Arhu\.m2\repository\org\seleniumhq\selenium\selenium-devtools-v139\4.35.0\selenium-devtools-v139-4.35.0.jar;C:\Users\Emmanuel Arhu\.m2\repository\org\seleniumhq\selenium\selenium-edge-driver\4.35.0\selenium-edge-driver-4.35.0.jar;C:\Users\Emmanuel Arhu\.m2\repository\org\seleniumhq\selenium\selenium-firefox-driver\4.35.0\selenium-firefox-driver-4.35.0.jar;C:\Users\Emmanuel Arhu\.m2\repository\org\seleniumhq\selenium\selenium-http\4.35.0\selenium-http-4.35.0.jar;C:\Users\Emmanuel Arhu\.m2\repository\org\seleniumhq\selenium\selenium-ie-driver\4.35.0\selenium-ie-driver-4.35.0.jar;C:\Users\Emmanuel Arhu\.m2\repository\org\seleniumhq\selenium\selenium-remote-driver\4.35.0\selenium-remote-driver-4.35.0.jar;C:\Users\Emmanuel Arhu\.m2\repository\io\opentelemetry\opentelemetry-api\1.53.0\opentelemetry-api-1.53.0.jar;C:\Users\Emmanuel Arhu\.m2\repository\io\opentelemetry\opentelemetry-context\1.53.0\opentelemetry-context-1.53.0.jar;C:\Users\Emmanuel Arhu\.m2\repository\io\opentelemetry\opentelemetry-common\1.53.0\opentelemetry-common-1.53.0.jar;C:\Users\Emmanuel Arhu\.m2\repository\io\opentelemetry\opentelemetry-exporter-logging\1.53.0\opentelemetry-exporter-logging-1.53.0.jar;C:\Users\Emmanuel Arhu\.m2\repository\io\opentelemetry\opentelemetry-sdk-common\1.53.0\opentelemetry-sdk-common-1.53.0.jar;C:\Users\Emmanuel Arhu\.m2\repository\io\opentelemetry\opentelemetry-sdk-extension-autoconfigure-spi\1.53.0\opentelemetry-sdk-extension-autoconfigure-spi-1.53.0.jar;C:\Users\Emmanuel Arhu\.m2\repository\io\opentelemetry\opentelemetry-sdk-extension-autoconfigure\1.53.0\opentelemetry-sdk-extension-autoconfigure-1.53.0.jar;C:\Users\Emmanuel Arhu\.m2\repository\io\opentelemetry\opentelemetry-sdk-trace\1.53.0\opentelemetry-sdk-trace-1.53.0.jar;C:\Users\Emmanuel Arhu\.m2\repository\io\opentelemetry\opentelemetry-sdk\1.53.0\opentelemetry-sdk-1.53.0.jar;C:\Users\Emmanuel Arhu\.m2\repository\io\opentelemetry\opentelemetry-sdk-metrics\1.53.0\opentelemetry-sdk-metrics-1.53.0.jar;C:\Users\Emmanuel Arhu\.m2\repository\io\opentelemetry\opentelemetry-sdk-logs\1.53.0\opentelemetry-sdk-logs-1.53.0.jar;C:\Users\Emmanuel Arhu\.m2\repository\net\bytebuddy\byte-buddy\1.17.6\byte-buddy-1.17.6.jar;C:\Users\Emmanuel Arhu\.m2\repository\org\seleniumhq\selenium\selenium-os\4.35.0\selenium-os-4.35.0.jar;C:\Users\Emmanuel Arhu\.m2\repository\org\apache\commons\commons-exec\1.5.0\commons-exec-1.5.0.jar;C:\Users\Emmanuel Arhu\.m2\repository\org\seleniumhq\selenium\selenium-safari-driver\4.35.0\selenium-safari-driver-4.35.0.jar;C:\Users\Emmanuel Arhu\.m2\repository\org\seleniumhq\selenium\selenium-support\4.35.0\selenium-support-4.35.0.jar;C:\Users\Emmanuel Arhu\.m2\repository\com\codeborne\selenide-core\7.10.0\selenide-core-7.10.0.jar;C:\Users\Emmanuel Arhu\.m2\repository\org\opentest4j\opentest4j\1.3.0\opentest4j-1.3.0.jar;C:\Users\Emmanuel Arhu\.m2\repository\org\apache\httpcomponents\client5\httpclient5\5.5\httpclient5-5.5.jar;C:\Users\Emmanuel Arhu\.m2\repository\org\apache\httpcomponents\core5\httpcore5\5.3.4\httpcore5-5.3.4.jar;C:\Users\Emmanuel Arhu\.m2\repository\org\apache\httpcomponents\core5\httpcore5-h2\5.3.4\httpcore5-h2-5.3.4.jar;C:\Users\Emmanuel Arhu\.m2\repository\com\github\valfirst\browserup-proxy\browserup-proxy-core\3.2.0\browserup-proxy-core-3.2.0.jar;C:\Users\Emmanuel Arhu\.m2\repository\org\jspecify\jspecify\1.0.0\jspecify-1.0.0.jar;C:\Users\Emmanuel Arhu\.m2\repository\com\google\errorprone\error_prone_annotations\2.41.0\error_prone_annotations-2.41.0.jar;C:\Users\Emmanuel Arhu\.m2\repository\com\google\guava\guava\33.4.8-jre\guava-33.4.8-jre.jar;C:\Users\Emmanuel Arhu\.m2\repository\com\google\guava\failureaccess\1.0.3\failureaccess-1.0.3.jar;C:\Users\Emmanuel Arhu\.m2\repository\com\google\guava\listenablefuture\9999.0-empty-to-avoid-conflict-with-guava\listenablefuture-9999.0-empty-to-avoid-conflict-with-guava.jar;C:\Users\Emmanuel Arhu\.m2\repository\com\google\j2objc\j2objc-annotations\3.0.0\j2objc-annotations-3.0.0.jar;C:\Users\Emmanuel Arhu\.m2\repository\org\apache\commons\commons-lang3\3.18.0\commons-lang3-3.18.0.jar;C:\Users\Emmanuel Arhu\.m2\repository\commons-io\commons-io\2.20.0\commons-io-2.20.0.jar;C:\Users\Emmanuel Arhu\.m2\repository\io\qameta\allure\allure-junit5\2.30.0\allure-junit5-2.30.0.jar;C:\Users\Emmanuel Arhu\.m2\repository\io\qameta\allure\allure-junit-platform\2.30.0\allure-junit-platform-2.30.0.jar;C:\Users\Emmanuel Arhu\.m2\repository\io\qameta\allure\allure-test-filter\2.30.0\allure-test-filter-2.30.0.jar;C:\Users\Emmanuel Arhu\.m2\repository\io\qameta\allure\allure-selenide\2.30.0\allure-selenide-2.30.0.jar;C:\Users\Emmanuel Arhu\.m2\repository\io\qameta\allure\allure-java-commons\2.30.0\allure-java-commons-2.30.0.jar;C:\Users\Emmanuel Arhu\.m2\repository\io\qameta\allure\allure-model\2.30.0\allure-model-2.30.0.jar;C:\Users\Emmanuel Arhu\.m2\repository\org\junit\jupiter\junit-jupiter\5.10.1\junit-jupiter-5.10.1.jar;C:\Users\Emmanuel Arhu\.m2\repository\org\junit\jupiter\junit-jupiter-api\5.10.1\junit-jupiter-api-5.10.1.jar;C:\Users\Emmanuel Arhu\.m2\repository\org\junit\jupiter\junit-jupiter-params\5.10.1\junit-jupiter-params-5.10.1.jar;C:\Users\Emmanuel Arhu\.m2\repository\org\junit\jupiter\junit-jupiter-engine\5.10.1\junit-jupiter-engine-5.10.1.jar;C:\Users\Emmanuel Arhu\.m2\repository\org\junit\platform\junit-platform-launcher\1.10.1\junit-platform-launcher-1.10.1.jar;C:\Users\Emmanuel Arhu\.m2\repository\org\junit\platform\junit-platform-engine\1.10.1\junit-platform-engine-1.10.1.jar;C:\Users\Emmanuel Arhu\.m2\repository\org\apiguardian\apiguardian-api\1.1.2\apiguardian-api-1.1.2.jar;C:\Users\Emmanuel Arhu\.m2\repository\org\junit\platform\junit-platform-suite-api\1.10.1\junit-platform-suite-api-1.10.1.jar;C:\Users\Emmanuel Arhu\.m2\repository\org\junit\platform\junit-platform-commons\1.10.1\junit-platform-commons-1.10.1.jar;C:\Users\Emmanuel Arhu\.m2\repository\org\slf4j\slf4j-api\2.0.9\slf4j-api-2.0.9.jar;C:\Users\Emmanuel Arhu\.m2\repository\ch\qos\logback\logback-classic\1.4.14\logback-classic-1.4.14.jar;C:\Users\Emmanuel Arhu\.m2\repository\ch\qos\logback\logback-core\1.4.14\logback-core-1.4.14.jar;C:\Users\Emmanuel Arhu\.m2\repository\io\cucumber\cucumber-java\7.14.1\cucumber-java-7.14.1.jar;C:\Users\Emmanuel Arhu\.m2\repository\io\cucumber\cucumber-core\7.14.1\cucumber-core-7.14.1.jar;C:\Users\Emmanuel Arhu\.m2\repository\io\cucumber\cucumber-gherkin\7.14.1\cucumber-gherkin-7.14.1.jar;C:\Users\Emmanuel Arhu\.m2\repository\io\cucumber\cucumber-gherkin-messages\7.14.1\cucumber-gherkin-messages-7.14.1.jar;C:\Users\Emmanuel Arhu\.m2\repository\io\cucumber\gherkin\26.2.0\gherkin-26.2.0.jar;C:\Users\Emmanuel Arhu\.m2\repository\io\cucumber\messages\22.0.0\messages-22.0.0.jar;C:\Users\Emmanuel Arhu\.m2\repository\io\cucumber\tag-expressions\6.0.0\tag-expressions-6.0.0.jar;C:\Users\Emmanuel Arhu\.m2\repository\io\cucumber\cucumber-expressions\17.0.1\cucumber-expressions-17.0.1.jar;C:\Users\Emmanuel Arhu\.m2\repository\io\cucumber\datatable\7.14.1\datatable-7.14.1.jar;C:\Users\Emmanuel Arhu\.m2\repository\io\cucumber\cucumber-plugin\7.14.1\cucumber-plugin-7.14.1.jar;C:\Users\Emmanuel Arhu\.m2\repository\io\cucumber\docstring\7.14.1\docstring-7.14.1.jar;C:\Users\Emmanuel Arhu\.m2\repository\io\cucumber\html-formatter\20.4.0\html-formatter-20.4.0.jar;C:\Users\Emmanuel Arhu\.m2\repository\io\cucumber\junit-xml-formatter\0.2.0\junit-xml-formatter-0.2.0.jar;C:\Users\Emmanuel Arhu\.m2\repository\io\cucumber\ci-environment\10.0.0\ci-environment-10.0.0.jar;C:\Users\Emmanuel Arhu\.m2\repository\io\cucumber\cucumber-junit-platform-engine\7.14.1\cucumber-junit-platform-engine-7.14.1.jar;C:\Users\Emmanuel Arhu\.m2\repository\io\cucumber\cucumber-junit\7.14.1\cucumber-junit-7.14.1.jar;C:\Users\Emmanuel Arhu\.m2\repository\junit\junit\4.13.2\junit-4.13.2.jar;C:\Users\Emmanuel Arhu\.m2\repository\org\hamcrest\hamcrest-core\1.3\hamcrest-core-1.3.jar;C:\Users\Emmanuel Arhu\.m2\repository\io\qameta\allure\allure-cucumber7-jvm\2.30.0\allure-cucumber7-jvm-2.30.0.jar;"/>
    <property name="java.vm.vendor" value="Oracle Corporation"/>
    <property name="sun.arch.data.model" value="64"/>
    <property name="user.variant" value=""/>
    <property name="java.vendor.url" value="https://java.oracle.com/"/>
    <property name="user.timezone" value="Atlantic/Reykjavik"/>
    <property name="os.name" value="Windows 11"/>
    <property name="java.vm.specification.version" value="23"/>
    <property name="sun.java.launcher" value="SUN_STANDARD"/>
    <property name="user.country" value="US"/>
    <property name="sun.boot.library.path" value="C:\Program Files\Java\jdk-23\bin"/>
    <property name="selenide.browser" value="chrome"/>
    <property name="sun.java.command" value="C:\Users\Emmanuel Arhu\AppData\Local\Temp\surefire15285977653765423646\surefirebooter-20250925044519664_3.jar C:\Users\Emmanuel Arhu\AppData\Local\Temp\surefire15285977653765423646 2025-09-25T04-45-18_588-jvmRun1 surefire-20250925044519664_1tmp surefire_0-20250925044519664_2tmp"/>
    <property name="jdk.debug" value="release"/>
    <property name="test" value="runners.CucumberTestRunner"/>
    <property name="surefire.test.class.path" value="E:\Courses\Amalitech GTP\Projects\demoblazeProjectPlaywright\target\test-classes;E:\Courses\Amalitech GTP\Projects\demoblazeProjectPlaywright\target\classes;C:\Users\Emmanuel Arhu\.m2\repository\com\codeborne\selenide\7.10.0\selenide-7.10.0.jar;C:\Users\Emmanuel Arhu\.m2\repository\org\seleniumhq\selenium\selenium-java\4.35.0\selenium-java-4.35.0.jar;C:\Users\Emmanuel Arhu\.m2\repository\org\seleniumhq\selenium\selenium-api\4.35.0\selenium-api-4.35.0.jar;C:\Users\Emmanuel Arhu\.m2\repository\org\seleniumhq\selenium\selenium-chrome-driver\4.35.0\selenium-chrome-driver-4.35.0.jar;C:\Users\Emmanuel Arhu\.m2\repository\com\google\auto\service\auto-service-annotations\1.1.1\auto-service-annotations-1.1.1.jar;C:\Users\Emmanuel Arhu\.m2\repository\org\seleniumhq\selenium\selenium-chromium-driver\4.35.0\selenium-chromium-driver-4.35.0.jar;C:\Users\Emmanuel Arhu\.m2\repository\org\seleniumhq\selenium\selenium-json\4.35.0\selenium-json-4.35.0.jar;C:\Users\Emmanuel Arhu\.m2\repository\org\seleniumhq\selenium\selenium-manager\4.35.0\selenium-manager-4.35.0.jar;C:\Users\Emmanuel Arhu\.m2\repository\org\seleniumhq\selenium\selenium-devtools-v137\4.35.0\selenium-devtools-v137-4.35.0.jar;C:\Users\Emmanuel Arhu\.m2\repository\org\seleniumhq\selenium\selenium-devtools-v138\4.35.0\selenium-devtools-v138-4.35.0.jar;C:\Users\Emmanuel Arhu\.m2\repository\org\seleniumhq\selenium\selenium-devtools-v139\4.35.0\selenium-devtools-v139-4.35.0.jar;C:\Users\Emmanuel Arhu\.m2\repository\org\seleniumhq\selenium\selenium-edge-driver\4.35.0\selenium-edge-driver-4.35.0.jar;C:\Users\Emmanuel Arhu\.m2\repository\org\seleniumhq\selenium\selenium-firefox-driver\4.35.0\selenium-firefox-driver-4.35.0.jar;C:\Users\Emmanuel Arhu\.m2\repository\org\seleniumhq\selenium\selenium-http\4.35.0\selenium-http-4.35.0.jar;C:\Users\Emmanuel Arhu\.m2\repository\org\seleniumhq\selenium\selenium-ie-driver\4.35.0\selenium-ie-driver-4.35.0.jar;C:\Users\Emmanuel Arhu\.m2\repository\org\seleniumhq\selenium\selenium-remote-driver\4.35.0\selenium-remote-driver-4.35.0.jar;C:\Users\Emmanuel Arhu\.m2\repository\io\opentelemetry\opentelemetry-api\1.53.0\opentelemetry-api-1.53.0.jar;C:\Users\Emmanuel Arhu\.m2\repository\io\opentelemetry\opentelemetry-context\1.53.0\opentelemetry-context-1.53.0.jar;C:\Users\Emmanuel Arhu\.m2\repository\io\opentelemetry\opentelemetry-common\1.53.0\opentelemetry-common-1.53.0.jar;C:\Users\Emmanuel Arhu\.m2\repository\io\opentelemetry\opentelemetry-exporter-logging\1.53.0\opentelemetry-exporter-logging-1.53.0.jar;C:\Users\Emmanuel Arhu\.m2\repository\io\opentelemetry\opentelemetry-sdk-common\1.53.0\opentelemetry-sdk-common-1.53.0.jar;C:\Users\Emmanuel Arhu\.m2\repository\io\opentelemetry\opentelemetry-sdk-extension-autoconfigure-spi\1.53.0\opentelemetry-sdk-extension-autoconfigure-spi-1.53.0.jar;C:\Users\Emmanuel Arhu\.m2\repository\io\opentelemetry\opentelemetry-sdk-extension-autoconfigure\1.53.0\opentelemetry-sdk-extension-autoconfigure-1.53.0.jar;C:\Users\Emmanuel Arhu\.m2\repository\io\opentelemetry\opentelemetry-sdk-trace\1.53.0\opentelemetry-sdk-trace-1.53.0.jar;C:\Users\Emmanuel Arhu\.m2\repository\io\opentelemetry\opentelemetry-sdk\1.53.0\opentelemetry-sdk-1.53.0.jar;C:\Users\Emmanuel Arhu\.m2\repository\io\opentelemetry\opentelemetry-sdk-metrics\1.53.0\opentelemetry-sdk-metrics-1.53.0.jar;C:\Users\Emmanuel Arhu\.m2\repository\io\opentelemetry\opentelemetry-sdk-logs\1.53.0\opentelemetry-sdk-logs-1.53.0.jar;C:\Users\Emmanuel Arhu\.m2\repository\net\bytebuddy\byte-buddy\1.17.6\byte-buddy-1.17.6.jar;C:\Users\Emmanuel Arhu\.m2\repository\org\seleniumhq\selenium\selenium-os\4.35.0\selenium-os-4.35.0.jar;C:\Users\Emmanuel Arhu\.m2\repository\org\apache\commons\commons-exec\1.5.0\commons-exec-1.5.0.jar;C:\Users\Emmanuel Arhu\.m2\repository\org\seleniumhq\selenium\selenium-safari-driver\4.35.0\selenium-safari-driver-4.35.0.jar;C:\Users\Emmanuel Arhu\.m2\repository\org\seleniumhq\selenium\selenium-support\4.35.0\selenium-support-4.35.0.jar;C:\Users\Emmanuel Arhu\.m2\repository\com\codeborne\selenide-core\7.10.0\selenide-core-7.10.0.jar;C:\Users\Emmanuel Arhu\.m2\repository\org\opentest4j\opentest4j\1.3.0\opentest4j-1.3.0.jar;C:\Users\Emmanuel Arhu\.m2\repository\org\apache\httpcomponents\client5\httpclient5\5.5\httpclient5-5.5.jar;C:\Users\Emmanuel Arhu\.m2\repository\org\apache\httpcomponents\core5\httpcore5\5.3.4\httpcore5-5.3.4.jar;C:\Users\Emmanuel Arhu\.m2\repository\org\apache\httpcomponents\core5\httpcore5-h2\5.3.4\httpcore5-h2-5.3.4.jar;C:\Users\Emmanuel Arhu\.m2\repository\com\github\valfirst\browserup-proxy\browserup-proxy-core\3.2.0\browserup-proxy-core-3.2.0.jar;C:\Users\Emmanuel Arhu\.m2\repository\org\jspecify\jspecify\1.0.0\jspecify-1.0.0.jar;C:\Users\Emmanuel Arhu\.m2\repository\com\google\errorprone\error_prone_annotations\2.41.0\error_prone_annotations-2.41.0.jar;C:\Users\Emmanuel Arhu\.m2\repository\com\google\guava\guava\33.4.8-jre\guava-33.4.8-jre.jar;C:\Users\Emmanuel Arhu\.m2\repository\com\google\guava\failureaccess\1.0.3\failureaccess-1.0.3.jar;C:\Users\Emmanuel Arhu\.m2\repository\com\google\guava\listenablefuture\9999.0-empty-to-avoid-conflict-with-guava\listenablefuture-9999.0-empty-to-avoid-conflict-with-guava.jar;C:\Users\Emmanuel Arhu\.m2\repository\com\google\j2objc\j2objc-annotations\3.0.0\j2objc-annotations-3.0.0.jar;C:\Users\Emmanuel Arhu\.m2\repository\org\apache\commons\commons-lang3\3.18.0\commons-lang3-3.18.0.jar;C:\Users\Emmanuel Arhu\.m2\repository\commons-io\commons-io\2.20.0\commons-io-2.20.0.jar;C:\Users\Emmanuel Arhu\.m2\repository\io\qameta\allure\allure-junit5\2.30.0\allure-junit5-2.30.0.jar;C:\Users\Emmanuel Arhu\.m2\repository\io\qameta\allure\allure-junit-platform\2.30.0\allure-junit-platform-2.30.0.jar;C:\Users\Emmanuel Arhu\.m2\repository\io\qameta\allure\allure-test-filter\2.30.0\allure-test-filter-2.30.0.jar;C:\Users\Emmanuel Arhu\.m2\repository\io\qameta\allure\allure-selenide\2.30.0\allure-selenide-2.30.0.jar;C:\Users\Emmanuel Arhu\.m2\repository\io\qameta\allure\allure-java-commons\2.30.0\allure-java-commons-2.30.0.jar;C:\Users\Emmanuel Arhu\.m2\repository\io\qameta\allure\allure-model\2.30.0\allure-model-2.30.0.jar;C:\Users\Emmanuel Arhu\.m2\repository\org\junit\jupiter\junit-jupiter\5.10.1\junit-jupiter-5.10.1.jar;C:\Users\Emmanuel Arhu\.m2\repository\org\junit\jupiter\junit-jupiter-api\5.10.1\junit-jupiter-api-5.10.1.jar;C:\Users\Emmanuel Arhu\.m2\repository\org\junit\jupiter\junit-jupiter-params\5.10.1\junit-jupiter-params-5.10.1.jar;C:\Users\Emmanuel Arhu\.m2\repository\org\junit\jupiter\junit-jupiter-engine\5.10.1\junit-jupiter-engine-5.10.1.jar;C:\Users\Emmanuel Arhu\.m2\repository\org\junit\platform\junit-platform-launcher\1.10.1\junit-platform-launcher-1.10.1.jar;C:\Users\Emmanuel Arhu\.m2\repository\org\junit\platform\junit-platform-engine\1.10.1\junit-platform-engine-1.10.1.jar;C:\Users\Emmanuel Arhu\.m2\repository\org\apiguardian\apiguardian-api\1.1.2\apiguardian-api-1.1.2.jar;C:\Users\Emmanuel Arhu\.m2\repository\org\junit\platform\junit-platform-suite-api\1.10.1\junit-platform-suite-api-1.10.1.jar;C:\Users\Emmanuel Arhu\.m2\repository\org\junit\platform\junit-platform-commons\1.10.1\junit-platform-commons-1.10.1.jar;C:\Users\Emmanuel Arhu\.m2\repository\org\slf4j\slf4j-api\2.0.9\slf4j-api-2.0.9.jar;C:\Users\Emmanuel Arhu\.m2\repository\ch\qos\logback\logback-classic\1.4.14\logback-classic-1.4.14.jar;C:\Users\Emmanuel Arhu\.m2\repository\ch\qos\logback\logback-core\1.4.14\logback-core-1.4.14.jar;C:\Users\Emmanuel Arhu\.m2\repository\io\cucumber\cucumber-java\7.14.1\cucumber-java-7.14.1.jar;C:\Users\Emmanuel Arhu\.m2\repository\io\cucumber\cucumber-core\7.14.1\cucumber-core-7.14.1.jar;C:\Users\Emmanuel Arhu\.m2\repository\io\cucumber\cucumber-gherkin\7.14.1\cucumber-gherkin-7.14.1.jar;C:\Users\Emmanuel Arhu\.m2\repository\io\cucumber\cucumber-gherkin-messages\7.14.1\cucumber-gherkin-messages-7.14.1.jar;C:\Users\Emmanuel Arhu\.m2\repository\io\cucumber\gherkin\26.2.0\gherkin-26.2.0.jar;C:\Users\Emmanuel Arhu\.m2\repository\io\cucumber\messages\22.0.0\messages-22.0.0.jar;C:\Users\Emmanuel Arhu\.m2\repository\io\cucumber\tag-expressions\6.0.0\tag-expressions-6.0.0.jar;C:\Users\Emmanuel Arhu\.m2\repository\io\cucumber\cucumber-expressions\17.0.1\cucumber-expressions-17.0.1.jar;C:\Users\Emmanuel Arhu\.m2\repository\io\cucumber\datatable\7.14.1\datatable-7.14.1.jar;C:\Users\Emmanuel Arhu\.m2\repository\io\cucumber\cucumber-plugin\7.14.1\cucumber-plugin-7.14.1.jar;C:\Users\Emmanuel Arhu\.m2\repository\io\cucumber\docstring\7.14.1\docstring-7.14.1.jar;C:\Users\Emmanuel Arhu\.m2\repository\io\cucumber\html-formatter\20.4.0\html-formatter-20.4.0.jar;C:\Users\Emmanuel Arhu\.m2\repository\io\cucumber\junit-xml-formatter\0.2.0\junit-xml-formatter-0.2.0.jar;C:\Users\Emmanuel Arhu\.m2\repository\io\cucumber\ci-environment\10.0.0\ci-environment-10.0.0.jar;C:\Users\Emmanuel Arhu\.m2\repository\io\cucumber\cucumber-junit-platform-engine\7.14.1\cucumber-junit-platform-engine-7.14.1.jar;C:\Users\Emmanuel Arhu\.m2\repository\io\cucumber\cucumber-junit\7.14.1\cucumber-junit-7.14.1.jar;C:\Users\Emmanuel Arhu\.m2\repository\junit\junit\4.13.2\junit-4.13.2.jar;C:\Users\Emmanuel Arhu\.m2\repository\org\hamcrest\hamcrest-core\1.3\hamcrest-core-1.3.jar;C:\Users\Emmanuel Arhu\.m2\repository\io\qameta\allure\allure-cucumber7-jvm\2.30.0\allure-cucumber7-jvm-2.30.0.jar;"/>
    <property name="allure.results.directory" value="E:\Courses\Amalitech GTP\Projects\demoblazeProjectPlaywright\target/allure-results"/>
    <property name="sun.cpu.endian" value="little"/>
    <property name="user.home" value="C:\Users\Emmanuel Arhu"/>
    <property name="user.language" value="en"/>
    <property name="java.specification.vendor" value="Oracle Corporation"/>
    <property name="java.version.date" value="2025-01-21"/>
    <property name="java.home" value="C:\Program Files\Java\jdk-23"/>
    <property name="file.separator" value="\"/>
    <property name="basedir" value="E:\Courses\Amalitech GTP\Projects\demoblazeProjectPlaywright"/>
    <property name="java.vm.compressedOopsMode" value="Zero based"/>
    <property name="line.separator" value="&#10;"/>
    <property name="java.vm.specification.vendor" value="Oracle Corporation"/>
    <property name="java.specification.name" value="Java Platform API Specification"/>
    <property name="surefire.real.class.path" value="C:\Users\Emmanuel Arhu\AppData\Local\Temp\surefire15285977653765423646\surefirebooter-20250925044519664_3.jar"/>
    <property name="user.script" value=""/>
    <property name="sun.management.compiler" value="HotSpot 64-Bit Tiered Compilers"/>
    <property name="java.runtime.version" value="23.0.2+7-58"/>
    <property name="user.name" value="Emmanuel Arhu"/>
    <property name="stdout.encoding" value="Cp1252"/>
    <property name="path.separator" value=";"/>
    <property name="os.version" value="10.0"/>
    <property name="java.runtime.name" value="Java(TM) SE Runtime Environment"/>
    <property name="file.encoding" value="UTF-8"/>
    <property name="java.vm.name" value="Java HotSpot(TM) 64-Bit Server VM"/>
    <property name="localRepository" value="C:\Users\Emmanuel Arhu\.m2\repository"/>
    <property name="java.vendor.url.bug" value="https://bugreport.java.com/bugreport/"/>
    <property name="java.io.tmpdir" value="C:\Users\EMMANU~1\AppData\Local\Temp\"/>
    <property name="java.version" value="23.0.2"/>
    <property name="user.dir" value="E:\Courses\Amalitech GTP\Projects\demoblazeProjectPlaywright"/>
    <property name="os.arch" value="amd64"/>
    <property name="java.vm.specification.name" value="Java Virtual Machine Specification"/>
    <property name="sun.os.patch.level" value=""/>
    <property name="native.encoding" value="Cp1252"/>
    <property name="java.library.path" value="C:\Program Files\Java\jdk-23\bin;C:\WINDOWS\Sun\Java\bin;C:\WINDOWS\system32;C:\WINDOWS;C:\Program Files\Microsoft SDKs\Azure\CLI2\wbin;C:\Program Files (x86)\VMware\VMware Workstation\bin\;C:\Program Files\Common Files\Oracle\Java\javapath;C:\WINDOWS\system32;C:\WINDOWS;C:\WINDOWS\System32\Wbem;C:\WINDOWS\System32\WindowsPowerShell\v1.0\;C:\WINDOWS\System32\OpenSSH\;C:\Program Files\PuTTY\;C:\Program Files (x86)\Intel\Intel(R) Management Engine Components\DAL;C:\Program Files\Intel\Intel(R) Management Engine Components\DAL;C:\Program Files (x86)\NVIDIA Corporation\PhysX\Common;C:\Program Files\Git\cmd;C:\Program Files\dotnet\;C:\Program Files\Java\jdk-23\bin;C:\Program Files\MySQL\MySQL Server 8.0\bin;C:\Program Files\apache-maven-3.9.10-bin\apache-maven-3.9.10\bin;C:\Users\Emmanuel Arhu\Downloads\Compressed\apache-jmeter-5.6.3\bin;C:\Users\Emmanuel Arhu\Downloads\android-sdk\platform-tools;C:\Program Files\nodejs\;C:\Users\Emmanuel Arhu\Downloads\SDKTools\build-tools;C:\Users\Emmanuel Arhu\Downloads\SDKTools\platform-tools;;C:\Program Files\Docker\Docker\resources\bin;C:\Users\Emmanuel Arhu\scoop\shims;C:\Users\Emmanuel Arhu\AppData\Local\Programs\oh-my-posh\bin\;C:\Users\Emmanuel Arhu\AppData\Local\Microsoft\WindowsApps;C:\Users\Emmanuel Arhu\AppData\Local\Programs\Microsoft VS Code\bin;C:\Users\Emmanuel Arhu\AppData\Local\Microsoft\WinGet\Packages\Schniz.fnm_Microsoft.Winget.Source_8wekyb3d8bbwe;C:\Program Files\JetBrains\IntelliJ IDEA 2024.3.5\bin;;C:\Users\Emmanuel Arhu\AppData\Roaming\npm;."/>
    <property name="java.vm.info" value="mixed mode, sharing"/>
    <property name="stderr.encoding" value="Cp1252"/>
    <property name="java.vendor" value="Oracle Corporation"/>
    <property name="java.vm.version" value="23.0.2+7-58"/>
    <property name="sun.io.unicode.encoding" value="UnicodeLittle"/>
    <property name="java.class.version" value="67.0"/>
  </properties>
  <testcase name="Add product to cart successfully" classname="DemoBlaze Shopping Cart" time="16.83">
    <system-out><![CDATA[04:45:22,566 |-INFO in ch.qos.logback.classic.LoggerContext[default] - This is logback-classic version 1.4.14
04:45:22,572 |-INFO in ch.qos.logback.classic.util.ContextInitializer@41394595 - No custom configurators were discovered as a service.
04:45:22,572 |-INFO in ch.qos.logback.classic.util.ContextInitializer@41394595 - Trying to configure with ch.qos.logback.classic.joran.SerializedModelConfigurator
04:45:22,578 |-INFO in ch.qos.logback.classic.util.ContextInitializer@41394595 - Constructed configurator of type class ch.qos.logback.classic.joran.SerializedModelConfigurator
04:45:22,611 |-INFO in ch.qos.logback.classic.LoggerContext[default] - Could NOT find resource [logback-test.scmo]
04:45:22,611 |-INFO in ch.qos.logback.classic.LoggerContext[default] - Could NOT find resource [logback.scmo]
04:45:22,635 |-INFO in ch.qos.logback.classic.util.ContextInitializer@41394595 - ch.qos.logback.classic.joran.SerializedModelConfigurator.configure() call lasted 33 milliseconds. ExecutionStatus=INVOKE_NEXT_IF_ANY
04:45:22,635 |-INFO in ch.qos.logback.classic.util.ContextInitializer@41394595 - Trying to configure with ch.qos.logback.classic.util.DefaultJoranConfigurator
04:45:22,644 |-INFO in ch.qos.logback.classic.util.ContextInitializer@41394595 - Constructed configurator of type class ch.qos.logback.classic.util.DefaultJoranConfigurator
04:45:22,653 |-INFO in ch.qos.logback.classic.LoggerContext[default] - Found resource [logback-test.xml] at [file:/E:/Courses/Amalitech%20GTP/Projects/demoblazeProjectPlaywright/target/test-classes/logback-test.xml]
04:45:23,330 |-INFO in ch.qos.logback.core.model.processor.AppenderModelHandler - Processing appender named [CONSOLE]
04:45:23,330 |-INFO in ch.qos.logback.core.model.processor.AppenderModelHandler - About to instantiate appender of type [ch.qos.logback.core.ConsoleAppender]
04:45:23,378 |-INFO in ch.qos.logback.core.model.processor.ImplicitModelHandler - Assuming default type [ch.qos.logback.classic.encoder.PatternLayoutEncoder] for [encoder] property
04:45:23,647 |-INFO in ch.qos.logback.core.model.processor.AppenderModelHandler - Processing appender named [FILE]
04:45:23,647 |-INFO in ch.qos.logback.core.model.processor.AppenderModelHandler - About to instantiate appender of type [ch.qos.logback.core.rolling.RollingFileAppender]
04:45:23,702 |-INFO in c.q.l.core.rolling.TimeBasedRollingPolicy@973604791 - setting totalSizeCap to 100 MB
04:45:23,713 |-INFO in c.q.l.core.rolling.TimeBasedRollingPolicy@973604791 - No compression will be used
04:45:23,719 |-INFO in c.q.l.core.rolling.TimeBasedRollingPolicy@973604791 - Will use the pattern target/logs/test-execution.%d{yyyy-MM-dd}.%i.log for the active file
04:45:23,753 |-INFO in ch.qos.logback.core.rolling.SizeAndTimeBasedFNATP@21a5fd96 - The date pattern is 'yyyy-MM-dd' from file name pattern 'target/logs/test-execution.%d{yyyy-MM-dd}.%i.log'.
04:45:23,753 |-INFO in ch.qos.logback.core.rolling.SizeAndTimeBasedFNATP@21a5fd96 - Roll-over at midnight.
04:45:23,757 |-INFO in ch.qos.logback.core.rolling.SizeAndTimeBasedFNATP@21a5fd96 - Setting initial period to 2025-09-25T02:52:14.545Z
04:45:23,760 |-WARN in ch.qos.logback.core.rolling.SizeAndTimeBasedFNATP@21a5fd96 - SizeAndTimeBasedFNATP is deprecated. Use SizeAndTimeBasedRollingPolicy instead
04:45:23,760 |-WARN in ch.qos.logback.core.rolling.SizeAndTimeBasedFNATP@21a5fd96 - For more information see http://logback.qos.ch/manual/appenders.html#SizeAndTimeBasedRollingPolicy
04:45:23,773 |-INFO in ch.qos.logback.core.model.processor.ImplicitModelHandler - Assuming default type [ch.qos.logback.classic.encoder.PatternLayoutEncoder] for [encoder] property
04:45:23,787 |-INFO in ch.qos.logback.core.rolling.RollingFileAppender[FILE] - Active log file name: target/logs/test-execution.log
04:45:23,787 |-INFO in ch.qos.logback.core.rolling.RollingFileAppender[FILE] - File property is set to [target/logs/test-execution.log]
04:45:23,793 |-INFO in ch.qos.logback.core.model.processor.AppenderModelHandler - Processing appender named [PAGE_ACTIONS]
04:45:23,793 |-INFO in ch.qos.logback.core.model.processor.AppenderModelHandler - About to instantiate appender of type [ch.qos.logback.core.rolling.RollingFileAppender]
04:45:23,793 |-INFO in c.q.l.core.rolling.TimeBasedRollingPolicy@1466558382 - setting totalSizeCap to 100 MB
04:45:23,793 |-INFO in c.q.l.core.rolling.TimeBasedRollingPolicy@1466558382 - No compression will be used
04:45:23,793 |-INFO in c.q.l.core.rolling.TimeBasedRollingPolicy@1466558382 - Will use the pattern target/logs/page-actions.%d{yyyy-MM-dd}.%i.log for the active file
04:45:23,795 |-INFO in ch.qos.logback.core.rolling.SizeAndTimeBasedFNATP@5c77053b - The date pattern is 'yyyy-MM-dd' from file name pattern 'target/logs/page-actions.%d{yyyy-MM-dd}.%i.log'.
04:45:23,795 |-INFO in ch.qos.logback.core.rolling.SizeAndTimeBasedFNATP@5c77053b - Roll-over at midnight.
04:45:23,796 |-INFO in ch.qos.logback.core.rolling.SizeAndTimeBasedFNATP@5c77053b - Setting initial period to 2025-09-25T02:52:13.211Z
04:45:23,796 |-WARN in ch.qos.logback.core.rolling.SizeAndTimeBasedFNATP@5c77053b - SizeAndTimeBasedFNATP is deprecated. Use SizeAndTimeBasedRollingPolicy instead
04:45:23,796 |-WARN in ch.qos.logback.core.rolling.SizeAndTimeBasedFNATP@5c77053b - For more information see http://logback.qos.ch/manual/appenders.html#SizeAndTimeBasedRollingPolicy
04:45:23,796 |-INFO in ch.qos.logback.core.model.processor.ImplicitModelHandler - Assuming default type [ch.qos.logback.classic.encoder.PatternLayoutEncoder] for [encoder] property
04:45:23,800 |-INFO in ch.qos.logback.core.rolling.RollingFileAppender[PAGE_ACTIONS] - Active log file name: target/logs/page-actions.log
04:45:23,800 |-INFO in ch.qos.logback.core.rolling.RollingFileAppender[PAGE_ACTIONS] - File property is set to [target/logs/page-actions.log]
04:45:23,800 |-INFO in ch.qos.logback.classic.model.processor.LoggerModelHandler - Setting level of logger [pages] to INFO
04:45:23,807 |-INFO in ch.qos.logback.classic.model.processor.LoggerModelHandler - Setting additivity of logger [pages] to false
04:45:23,807 |-INFO in ch.qos.logback.core.model.processor.AppenderRefModelHandler - Attaching appender named [PAGE_ACTIONS] to Logger[pages]
04:45:23,810 |-INFO in ch.qos.logback.core.model.processor.AppenderRefModelHandler - Attaching appender named [CONSOLE] to Logger[pages]
04:45:23,810 |-INFO in ch.qos.logback.classic.model.processor.LoggerModelHandler - Setting level of logger [tests] to INFO
04:45:23,810 |-INFO in ch.qos.logback.classic.model.processor.LoggerModelHandler - Setting additivity of logger [tests] to false
04:45:23,810 |-INFO in ch.qos.logback.core.model.processor.AppenderRefModelHandler - Attaching appender named [FILE] to Logger[tests]
04:45:23,810 |-INFO in ch.qos.logback.core.model.processor.AppenderRefModelHandler - Attaching appender named [CONSOLE] to Logger[tests]
04:45:23,810 |-INFO in ch.qos.logback.classic.model.processor.LoggerModelHandler - Setting level of logger [com.codeborne.selenide] to INFO
04:45:23,810 |-INFO in ch.qos.logback.classic.model.processor.RootLoggerModelHandler - Setting level of ROOT logger to INFO
04:45:23,810 |-INFO in ch.qos.logback.core.model.processor.AppenderRefModelHandler - Attaching appender named [CONSOLE] to Logger[ROOT]
04:45:23,810 |-INFO in ch.qos.logback.core.model.processor.AppenderRefModelHandler - Attaching appender named [FILE] to Logger[ROOT]
04:45:23,810 |-INFO in ch.qos.logback.core.model.processor.DefaultProcessor@26b894bd - End of configuration.
04:45:23,813 |-INFO in ch.qos.logback.classic.joran.JoranConfigurator@287f94b1 - Registering current configuration as safe fallback point
04:45:23,813 |-INFO in ch.qos.logback.classic.util.ContextInitializer@41394595 - ch.qos.logback.classic.util.DefaultJoranConfigurator.configure() call lasted 1169 milliseconds. ExecutionStatus=DO_NOT_INVOKE_NEXT_IF_ANY


@Cart @UI @regression @AddToCart @Smoke
Scenario: Add product to cart successfully          # src/test/resources/features/Cart.feature:11
04:45:29.913 [main] INFO  hooks.Hooks - Starting BDD scenario: Add product to cart successfully
04:45:29.984 [main] INFO  hooks.Hooks - BDD test environment configured for scenario: Add product to cart successfully
04:45:30.934 [main] INFO  stepDefinitions.HomePageSteps - BDD Step: Navigating to DemoBlaze home page
04:45:30.935 [main] INFO  pages.HomePage - BDD: Opening home page
04:45:30.936 [main] INFO  pages.HomePage - Opening DemoBlaze home page
04:45:30.957 [main] INFO  c.c.s.WebDriverThreadLocalContainer - No webdriver is bound to current thread: 1 - let's create a new webdriver
04:45:37.392 [main] INFO  c.c.s.webdriver.WebDriverFactory - Selenide 7.10.0 / Selenium 4.35.0 / chrome 140.0.7339.185 windows
04:45:39.867 [main] INFO  pages.HomePage - Home page opened successfully
  Given I navigate to the DemoBlaze home page       # stepDefinitions.HomePageSteps.i_navigate_to_the_demoblaze_home_page()
04:45:39.900 [main] INFO  stepDefinitions.HomePageSteps - BDD Step: Clicking on product Samsung galaxy s6
04:45:39.901 [main] INFO  pages.HomePage - BDD: Clicking on first product: Samsung galaxy s6
04:45:39.901 [main] INFO  pages.HomePage - Clicking on first product: Samsung galaxy s6
04:45:41.558 [main] INFO  pages.HomePage - Successfully clicked on first product: Samsung galaxy s6
  When I click on "Samsung galaxy s6" product       # stepDefinitions.HomePageSteps.i_click_on_product(java.lang.String)
04:45:41.565 [main] INFO  stepDefinitions.CartSteps - BDD Step: Clicking Add to cart cart button
04:45:41.565 [main] INFO  pages.ProductDetailsPage - BDD: Adding product to cart
04:45:41.565 [main] INFO  pages.ProductDetailsPage - Clicking 'Add to cart' button
04:45:42.476 [main] INFO  pages.ProductDetailsPage - Successfully clicked 'Add to cart' button
  And I click "Add to cart" cart button             # stepDefinitions.CartSteps.i_click_cart_button(java.lang.String)
04:45:42.480 [main] INFO  stepDefinitions.CartSteps - BDD Step: Verifying success alert: Product added
  Then I should see success alert "Product added"   # stepDefinitions.CartSteps.i_should_see_success_alert(java.lang.String)
04:45:43.507 [main] INFO  stepDefinitions.CartSteps - BDD Step: Navigating to cart page
04:45:43.508 [main] INFO  pages.HomePage - BDD: Navigating to cart
04:45:43.509 [main] INFO  pages.HomePage - Navigating to cart page
04:45:44.604 [main] INFO  pages.HomePage - Successfully navigated to cart page
  When I navigate to cart page                      # stepDefinitions.CartSteps.i_navigate_to_cart_page()
04:45:44.608 [main] INFO  stepDefinitions.CartSteps - BDD Step: Verifying Samsung galaxy s6 is in cart
04:45:44.609 [main] INFO  pages.CartPage - Verifying product is in cart: Samsung galaxy s6
04:45:45.694 [main] INFO  pages.CartPage - Product verified in cart: Samsung galaxy s6
  Then I should see "Samsung galaxy s6" in the cart # stepDefinitions.CartSteps.i_should_see_in_the_cart(java.lang.String)
04:45:45.696 [main] INFO  stepDefinitions.CartSteps - BDD Step: Verifying cart total price
04:45:45.698 [main] INFO  pages.CartPage - BDD: Verifying cart total is visible
04:45:45.796 [main] INFO  pages.CartPage - BDD: Cart total verified
  And I should see cart total price                 # stepDefinitions.CartSteps.i_should_see_cart_total_price()
04:45:45.806 [main] INFO  hooks.Hooks - Finishing BDD scenario: Add product to cart successfully - Status: PASSED
04:45:46.174 [main] INFO  hooks.Hooks - BDD test cleanup completed for scenario: Add product to cart successfully
]]></system-out>
    <system-err><![CDATA[Sep 25, 2025 4:45:37 AM org.openqa.selenium.devtools.CdpVersionFinder findNearestMatch
WARNING: Unable to find an exact match for CDP version 140, returning the closest version; found: 139; Please update to a Selenium version that supports CDP version 140
]]></system-err>
  </testcase>
  <testcase name="Manage multiple products in cart" classname="DemoBlaze Shopping Cart" time="20.559">
    <failure message="Element not found {By.xpath: //td[normalize-space()=&apos;Nexus 6&apos;]}&#10;Expected: visible&#10;Screenshot: file:/E:/Courses/Amalitech%20GTP/Projects/demoblazeProjectPlaywright/target/screenshots/1758775562996.0.png&#10;Page source: file:/E:/Courses/Amalitech%20GTP/Projects/demoblazeProjectPlaywright/target/screenshots/1758775562996.0.html&#10;Timeout: 4 s.&#10;Caused by: NoSuchElementException: no such element: Unable to locate element: {&quot;method&quot;:&quot;xpath&quot;,&quot;selector&quot;:&quot;//td[normalize-space()=&apos;Nexus 6&apos;]&quot;}" type="Element not found {By.xpath"><![CDATA[Element not found {By.xpath: //td[normalize-space()='Nexus 6']}
Expected: visible
Screenshot: file:/E:/Courses/Amalitech%20GTP/Projects/demoblazeProjectPlaywright/target/screenshots/1758775562996.0.png
Page source: file:/E:/Courses/Amalitech%20GTP/Projects/demoblazeProjectPlaywright/target/screenshots/1758775562996.0.html
Timeout: 4 s.
Caused by: NoSuchElementException: no such element: Unable to locate element: {"method":"xpath","selector":"//td[normalize-space()='Nexus 6']"}
	at com.codeborne.selenide.impl.WebElementSource.createElementNotFoundError(WebElementSource.java:89)
	at com.codeborne.selenide.impl.ElementFinder.createElementNotFoundError(ElementFinder.java:129)
	at com.codeborne.selenide.impl.WebElementSource.handleError(WebElementSource.java:140)
	at com.codeborne.selenide.impl.WebElementSource.checkConditionAndReturnElement(WebElementSource.java:123)
	at com.codeborne.selenide.impl.WebElementSource.checkCondition(WebElementSource.java:99)
	at com.codeborne.selenide.commands.Should.execute(Should.java:24)
	at com.codeborne.selenide.FluentCommand.execute(FluentCommand.java:27)
	at com.codeborne.selenide.FluentCommand.execute(FluentCommand.java:19)
	at com.codeborne.selenide.commands.Commands.execute(Commands.java:160)
	at com.codeborne.selenide.impl.SelenideElementProxy.dispatchAndRetry(SelenideElementProxy.java:131)
	at com.codeborne.selenide.impl.SelenideElementProxy.invoke(SelenideElementProxy.java:83)
	at jdk.proxy2/jdk.proxy2.$Proxy25.shouldBe(Unknown Source)
	at pages.CartPage.verifyProductInCart(CartPage.java:74)
	at stepDefinitions.CartSteps.i_should_see_in_the_cart(CartSteps.java:66)
	at ✽.I should see "Nexus 6" in the cart(file:///E:/Courses/Amalitech%20GTP/Projects/demoblazeProjectPlaywright/src/test/resources/features/Cart.feature:25)
Caused by: org.openqa.selenium.NoSuchElementException: no such element: Unable to locate element: {"method":"xpath","selector":"//td[normalize-space()='Nexus 6']"}
  (Session info: chrome=140.0.7339.185)
For documentation on this error, please visit: https://www.selenium.dev/documentation/webdriver/troubleshooting/errors#no-such-element-exception
Build info: version: '4.35.0', revision: '1c58e5028b'
System info: os.name: 'Windows 11', os.arch: 'amd64', os.version: '10.0', java.version: '23.0.2'
Driver info: org.openqa.selenium.chrome.ChromeDriver
Command: [cbdb82dc00611dee916e4c280e8b32e9, findElement {value=//td[normalize-space()='Nexus 6'], using=xpath}]
Capabilities {acceptInsecureCerts: true, browserName: chrome, browserVersion: 140.0.7339.185, chrome: {chromedriverVersion: 140.0.7339.207 (17230b545fd..., userDataDir: C:\Users\EMMANU~1\AppData\L...}, fedcm:accounts: true, goog:chromeOptions: {debuggerAddress: localhost:3820}, networkConnectionEnabled: false, pageLoadStrategy: normal, platformName: windows, proxy: Proxy(), se:cdp: ws://localhost:3820/devtool..., se:cdpVersion: 140.0.7339.185, setWindowRect: true, strictFileInteractability: false, timeouts: {implicit: 0, pageLoad: 300000, script: 30000}, unhandledPromptBehavior: accept, webauthn:extension:credBlob: true, webauthn:extension:largeBlob: true, webauthn:extension:minPinLength: true, webauthn:extension:prf: true, webauthn:virtualAuthenticators: true}
Session ID: cbdb82dc00611dee916e4c280e8b32e9
	at java.base/java.lang.reflect.Constructor.newInstanceWithCaller(Constructor.java:501)
	at java.base/java.lang.reflect.Constructor.newInstance(Constructor.java:485)
	at org.openqa.selenium.remote.ErrorCodec.decode(ErrorCodec.java:167)
	at org.openqa.selenium.remote.codec.w3c.W3CHttpResponseCodec.decode(W3CHttpResponseCodec.java:138)
	at org.openqa.selenium.remote.codec.w3c.W3CHttpResponseCodec.decode(W3CHttpResponseCodec.java:50)
	at org.openqa.selenium.remote.HttpCommandExecutor.execute(HttpCommandExecutor.java:215)
	at org.openqa.selenium.remote.service.DriverCommandExecutor.invokeExecute(DriverCommandExecutor.java:216)
	at org.openqa.selenium.remote.service.DriverCommandExecutor.execute(DriverCommandExecutor.java:174)
	at org.openqa.selenium.remote.RemoteWebDriver.execute(RemoteWebDriver.java:557)
	at org.openqa.selenium.remote.ElementLocation$ElementFinder$2.findElement(ElementLocation.java:165)
	at org.openqa.selenium.remote.ElementLocation.findElement(ElementLocation.java:59)
	at org.openqa.selenium.remote.RemoteWebDriver.findElement(RemoteWebDriver.java:380)
	at org.openqa.selenium.remote.RemoteWebDriver.findElement(RemoteWebDriver.java:374)
	at com.codeborne.selenide.impl.WebElementSelector.findElement(WebElementSelector.java:67)
	at com.codeborne.selenide.impl.WebElementSelector.findElement(WebElementSelector.java:38)
	at com.codeborne.selenide.impl.WebElementSelector.findElement(WebElementSelector.java:29)
	at com.codeborne.selenide.impl.ElementFinder.getWebElement(ElementFinder.java:113)
	at com.codeborne.selenide.impl.WebElementSource.checkConditionAndReturnElement(WebElementSource.java:112)
	at com.codeborne.selenide.impl.WebElementSource.checkCondition(WebElementSource.java:99)
	at com.codeborne.selenide.commands.Should.execute(Should.java:24)
	at com.codeborne.selenide.FluentCommand.execute(FluentCommand.java:27)
	at com.codeborne.selenide.FluentCommand.execute(FluentCommand.java:19)
	at com.codeborne.selenide.commands.Commands.execute(Commands.java:160)
	at com.codeborne.selenide.impl.SelenideElementProxy.dispatchAndRetry(SelenideElementProxy.java:131)
	at com.codeborne.selenide.impl.SelenideElementProxy.invoke(SelenideElementProxy.java:83)
	at jdk.proxy2/jdk.proxy2.$Proxy25.shouldBe(Unknown Source)
	at pages.CartPage.verifyProductInCart(CartPage.java:74)
	at stepDefinitions.CartSteps.i_should_see_in_the_cart(CartSteps.java:66)
	at java.base/java.lang.reflect.Method.invoke(Method.java:580)
	at io.cucumber.java.Invoker.doInvoke(Invoker.java:66)
	at io.cucumber.java.Invoker.invoke(Invoker.java:24)
	at io.cucumber.java.AbstractGlueDefinition.invokeMethod(AbstractGlueDefinition.java:47)
	at io.cucumber.java.JavaStepDefinition.execute(JavaStepDefinition.java:29)
	at io.cucumber.core.runner.CoreStepDefinition.execute(CoreStepDefinition.java:66)
	at io.cucumber.core.runner.PickleStepDefinitionMatch.runStep(PickleStepDefinitionMatch.java:63)
	at io.cucumber.core.runner.ExecutionMode$1.execute(ExecutionMode.java:10)
	at io.cucumber.core.runner.TestStep.executeStep(TestStep.java:84)
	at io.cucumber.core.runner.TestStep.run(TestStep.java:56)
	at io.cucumber.core.runner.PickleStepTestStep.run(PickleStepTestStep.java:51)
	at io.cucumber.core.runner.TestCase.run(TestCase.java:84)
	at io.cucumber.core.runner.Runner.runPickle(Runner.java:75)
	at io.cucumber.junit.PickleRunners$NoStepDescriptions.lambda$run$0(PickleRunners.java:151)
	at io.cucumber.core.runtime.CucumberExecutionContext.lambda$runTestCase$5(CucumberExecutionContext.java:137)
	at io.cucumber.core.runtime.RethrowingThrowableCollector.executeAndThrow(RethrowingThrowableCollector.java:23)
	at io.cucumber.core.runtime.CucumberExecutionContext.runTestCase(CucumberExecutionContext.java:137)
	at io.cucumber.junit.PickleRunners$NoStepDescriptions.run(PickleRunners.java:148)
	at io.cucumber.junit.FeatureRunner.runChild(FeatureRunner.java:144)
	at io.cucumber.junit.FeatureRunner.runChild(FeatureRunner.java:28)
	at io.cucumber.junit.FeatureRunner.run(FeatureRunner.java:137)
	at io.cucumber.junit.Cucumber.runChild(Cucumber.java:196)
	at io.cucumber.junit.Cucumber.runChild(Cucumber.java:89)
	at io.cucumber.core.runtime.CucumberExecutionContext.lambda$runFeatures$6(CucumberExecutionContext.java:148)
	at io.cucumber.core.runtime.CucumberExecutionContext.execute(CucumberExecutionContext.java:163)
	at io.cucumber.core.runtime.CucumberExecutionContext.runFeatures(CucumberExecutionContext.java:146)
	at io.cucumber.junit.Cucumber$StartAndFinishTestRun.evaluate(Cucumber.java:226)
]]></failure>
    <system-out><![CDATA[
@Cart @UI @regression @CartManagement @regression
Scenario: Manage multiple products in cart          # src/test/resources/features/Cart.feature:20
04:45:46.316 [main] INFO  hooks.Hooks - Starting BDD scenario: Manage multiple products in cart
04:45:46.318 [main] INFO  hooks.Hooks - BDD test environment configured for scenario: Manage multiple products in cart
04:45:46.326 [main] INFO  stepDefinitions.HomePageSteps - BDD Step: Navigating to DemoBlaze home page
04:45:46.326 [main] INFO  pages.HomePage - BDD: Opening home page
04:45:46.326 [main] INFO  pages.HomePage - Opening DemoBlaze home page
04:45:46.328 [main] INFO  c.c.s.WebDriverThreadLocalContainer - No webdriver is bound to current thread: 1 - let's create a new webdriver
04:45:47.791 [main] INFO  c.c.s.webdriver.WebDriverFactory - Selenide 7.10.0 / Selenium 4.35.0 / chrome 140.0.7339.185 windows
04:45:50.208 [main] INFO  pages.HomePage - Home page opened successfully
  Given I navigate to the DemoBlaze home page       # stepDefinitions.HomePageSteps.i_navigate_to_the_demoblaze_home_page()
04:45:50.212 [main] INFO  stepDefinitions.CartSteps - BDD Step: Adding Samsung galaxy s6 to cart
04:45:50.212 [main] INFO  pages.HomePage - BDD: Clicking on first product: Samsung galaxy s6
04:45:50.212 [main] INFO  pages.HomePage - Clicking on first product: Samsung galaxy s6
04:45:52.062 [main] INFO  pages.HomePage - Successfully clicked on first product: Samsung galaxy s6
04:45:52.064 [main] INFO  pages.ProductDetailsPage - BDD: Adding product to cart
04:45:52.064 [main] INFO  pages.ProductDetailsPage - Clicking 'Add to cart' button
04:45:53.136 [main] INFO  pages.ProductDetailsPage - Successfully clicked 'Add to cart' button
04:45:53.793 [main] INFO  pages.HomePage - BDD: Opening home page
04:45:53.793 [main] INFO  pages.HomePage - Opening DemoBlaze home page
04:45:53.992 [main] INFO  pages.HomePage - Home page opened successfully
  When I add "Samsung galaxy s6" to cart            # stepDefinitions.CartSteps.i_add_to_cart(java.lang.String)
04:45:53.996 [main] INFO  stepDefinitions.CartSteps - BDD Step: Adding Nexus 6 to cart
04:45:53.996 [main] INFO  pages.HomePage - BDD: Clicking on first product: Nexus 6
04:45:53.996 [main] INFO  pages.HomePage - Clicking on first product: Nexus 6
04:45:54.971 [main] INFO  pages.HomePage - Successfully clicked on first product: Nexus 6
04:45:54.971 [main] INFO  pages.ProductDetailsPage - BDD: Adding product to cart
04:45:54.971 [main] INFO  pages.ProductDetailsPage - Clicking 'Add to cart' button
04:45:55.791 [main] INFO  pages.ProductDetailsPage - Successfully clicked 'Add to cart' button
04:45:56.233 [main] INFO  pages.HomePage - BDD: Opening home page
04:45:56.233 [main] INFO  pages.HomePage - Opening DemoBlaze home page
04:45:56.466 [main] INFO  pages.HomePage - Home page opened successfully
  And I add "Nexus 6" to cart                       # stepDefinitions.CartSteps.i_add_to_cart(java.lang.String)
04:45:56.470 [main] INFO  stepDefinitions.CartSteps - BDD Step: Navigating to cart page
04:45:56.470 [main] INFO  pages.HomePage - BDD: Navigating to cart
04:45:56.470 [main] INFO  pages.HomePage - Navigating to cart page
04:45:57.536 [main] INFO  pages.HomePage - Successfully navigated to cart page
  And I navigate to cart page                       # stepDefinitions.CartSteps.i_navigate_to_cart_page()
04:45:57.539 [main] INFO  stepDefinitions.CartSteps - BDD Step: Verifying Samsung galaxy s6 is in cart
04:45:57.539 [main] INFO  pages.CartPage - Verifying product is in cart: Samsung galaxy s6
04:45:58.864 [main] INFO  pages.CartPage - Product verified in cart: Samsung galaxy s6
  Then I should see "Samsung galaxy s6" in the cart # stepDefinitions.CartSteps.i_should_see_in_the_cart(java.lang.String)
04:45:58.867 [main] INFO  stepDefinitions.CartSteps - BDD Step: Verifying Nexus 6 is in cart
04:45:58.867 [main] INFO  pages.CartPage - Verifying product is in cart: Nexus 6
04:46:03.019 [main] INFO  c.c.selenide.impl.AttachmentPrinter - [[ATTACHMENT|E:\Courses\Amalitech GTP\Projects\demoblazeProjectPlaywright\target\screenshots\1758775562996.0.html]]
04:46:03.727 [main] INFO  c.c.selenide.impl.AttachmentPrinter - [[ATTACHMENT|E:\Courses\Amalitech GTP\Projects\demoblazeProjectPlaywright\target\screenshots\1758775562996.0.png]]
  And I should see "Nexus 6" in the cart            # stepDefinitions.CartSteps.i_should_see_in_the_cart(java.lang.String)
      Element not found {By.xpath: //td[normalize-space()='Nexus 6']}
Expected: visible
Screenshot: file:/E:/Courses/Amalitech%20GTP/Projects/demoblazeProjectPlaywright/target/screenshots/1758775562996.0.png
Page source: file:/E:/Courses/Amalitech%20GTP/Projects/demoblazeProjectPlaywright/target/screenshots/1758775562996.0.html
Timeout: 4 s.
Caused by: NoSuchElementException: no such element: Unable to locate element: {"method":"xpath","selector":"//td[normalize-space()='Nexus 6']"}
	at com.codeborne.selenide.impl.WebElementSource.createElementNotFoundError(WebElementSource.java:89)
	at com.codeborne.selenide.impl.ElementFinder.createElementNotFoundError(ElementFinder.java:129)
	at com.codeborne.selenide.impl.WebElementSource.handleError(WebElementSource.java:140)
	at com.codeborne.selenide.impl.WebElementSource.checkConditionAndReturnElement(WebElementSource.java:123)
	at com.codeborne.selenide.impl.WebElementSource.checkCondition(WebElementSource.java:99)
	at com.codeborne.selenide.commands.Should.execute(Should.java:24)
	at com.codeborne.selenide.FluentCommand.execute(FluentCommand.java:27)
	at com.codeborne.selenide.FluentCommand.execute(FluentCommand.java:19)
	at com.codeborne.selenide.commands.Commands.execute(Commands.java:160)
	at com.codeborne.selenide.impl.SelenideElementProxy.dispatchAndRetry(SelenideElementProxy.java:131)
	at com.codeborne.selenide.impl.SelenideElementProxy.invoke(SelenideElementProxy.java:83)
	at jdk.proxy2/jdk.proxy2.$Proxy25.shouldBe(Unknown Source)
	at pages.CartPage.verifyProductInCart(CartPage.java:74)
	at stepDefinitions.CartSteps.i_should_see_in_the_cart(CartSteps.java:66)
	at ✽.I should see "Nexus 6" in the cart(file:///E:/Courses/Amalitech%20GTP/Projects/demoblazeProjectPlaywright/src/test/resources/features/Cart.feature:25)
Caused by: org.openqa.selenium.NoSuchElementException: no such element: Unable to locate element: {"method":"xpath","selector":"//td[normalize-space()='Nexus 6']"}
  (Session info: chrome=140.0.7339.185)
For documentation on this error, please visit: https://www.selenium.dev/documentation/webdriver/troubleshooting/errors#no-such-element-exception
Build info: version: '4.35.0', revision: '1c58e5028b'
System info: os.name: 'Windows 11', os.arch: 'amd64', os.version: '10.0', java.version: '23.0.2'
Driver info: org.openqa.selenium.chrome.ChromeDriver
Command: [cbdb82dc00611dee916e4c280e8b32e9, findElement {value=//td[normalize-space()='Nexus 6'], using=xpath}]
Capabilities {acceptInsecureCerts: true, browserName: chrome, browserVersion: 140.0.7339.185, chrome: {chromedriverVersion: 140.0.7339.207 (17230b545fd..., userDataDir: C:\Users\EMMANU~1\AppData\L...}, fedcm:accounts: true, goog:chromeOptions: {debuggerAddress: localhost:3820}, networkConnectionEnabled: false, pageLoadStrategy: normal, platformName: windows, proxy: Proxy(), se:cdp: ws://localhost:3820/devtool..., se:cdpVersion: 140.0.7339.185, setWindowRect: true, strictFileInteractability: false, timeouts: {implicit: 0, pageLoad: 300000, script: 30000}, unhandledPromptBehavior: accept, webauthn:extension:credBlob: true, webauthn:extension:largeBlob: true, webauthn:extension:minPinLength: true, webauthn:extension:prf: true, webauthn:virtualAuthenticators: true}
Session ID: cbdb82dc00611dee916e4c280e8b32e9
	at java.base/jdk.internal.reflect.DirectConstructorHandleAccessor.newInstance(DirectConstructorHandleAccessor.java:62)
	at java.base/java.lang.reflect.Constructor.newInstanceWithCaller(Constructor.java:501)
	at java.base/java.lang.reflect.Constructor.newInstance(Constructor.java:485)
	at org.openqa.selenium.remote.ErrorCodec.decode(ErrorCodec.java:167)
	at org.openqa.selenium.remote.codec.w3c.W3CHttpResponseCodec.decode(W3CHttpResponseCodec.java:138)
	at org.openqa.selenium.remote.codec.w3c.W3CHttpResponseCodec.decode(W3CHttpResponseCodec.java:50)
	at org.openqa.selenium.remote.HttpCommandExecutor.execute(HttpCommandExecutor.java:215)
	at org.openqa.selenium.remote.service.DriverCommandExecutor.invokeExecute(DriverCommandExecutor.java:216)
	at org.openqa.selenium.remote.service.DriverCommandExecutor.execute(DriverCommandExecutor.java:174)
	at org.openqa.selenium.remote.RemoteWebDriver.execute(RemoteWebDriver.java:557)
	at org.openqa.selenium.remote.ElementLocation$ElementFinder$2.findElement(ElementLocation.java:165)
	at org.openqa.selenium.remote.ElementLocation.findElement(ElementLocation.java:59)
	at org.openqa.selenium.remote.RemoteWebDriver.findElement(RemoteWebDriver.java:380)
	at org.openqa.selenium.remote.RemoteWebDriver.findElement(RemoteWebDriver.java:374)
	at com.codeborne.selenide.impl.WebElementSelector.findElement(WebElementSelector.java:67)
	at com.codeborne.selenide.impl.WebElementSelector.findElement(WebElementSelector.java:38)
	at com.codeborne.selenide.impl.WebElementSelector.findElement(WebElementSelector.java:29)
	at com.codeborne.selenide.impl.ElementFinder.getWebElement(ElementFinder.java:113)
	at com.codeborne.selenide.impl.WebElementSource.checkConditionAndReturnElement(WebElementSource.java:112)
	at com.codeborne.selenide.impl.WebElementSource.checkCondition(WebElementSource.java:99)
	at com.codeborne.selenide.commands.Should.execute(Should.java:24)
	at com.codeborne.selenide.FluentCommand.execute(FluentCommand.java:27)
	at com.codeborne.selenide.FluentCommand.execute(FluentCommand.java:19)
	at com.codeborne.selenide.commands.Commands.execute(Commands.java:160)
	at com.codeborne.selenide.impl.SelenideElementProxy.dispatchAndRetry(SelenideElementProxy.java:131)
	at com.codeborne.selenide.impl.SelenideElementProxy.invoke(SelenideElementProxy.java:83)
	at jdk.proxy2/jdk.proxy2.$Proxy25.shouldBe(Unknown Source)
	at pages.CartPage.verifyProductInCart(CartPage.java:74)
	at stepDefinitions.CartSteps.i_should_see_in_the_cart(CartSteps.java:66)
	at java.base/jdk.internal.reflect.DirectMethodHandleAccessor.invoke(DirectMethodHandleAccessor.java:103)
	at java.base/java.lang.reflect.Method.invoke(Method.java:580)
	at io.cucumber.java.Invoker.doInvoke(Invoker.java:66)
	at io.cucumber.java.Invoker.invoke(Invoker.java:24)
	at io.cucumber.java.AbstractGlueDefinition.invokeMethod(AbstractGlueDefinition.java:47)
	at io.cucumber.java.JavaStepDefinition.execute(JavaStepDefinition.java:29)
	at io.cucumber.core.runner.CoreStepDefinition.execute(CoreStepDefinition.java:66)
	at io.cucumber.core.runner.PickleStepDefinitionMatch.runStep(PickleStepDefinitionMatch.java:63)
	at io.cucumber.core.runner.ExecutionMode$1.execute(ExecutionMode.java:10)
	at io.cucumber.core.runner.TestStep.executeStep(TestStep.java:84)
	at io.cucumber.core.runner.TestStep.run(TestStep.java:56)
	at io.cucumber.core.runner.PickleStepTestStep.run(PickleStepTestStep.java:51)
	at io.cucumber.core.runner.TestCase.run(TestCase.java:84)
	at io.cucumber.core.runner.Runner.runPickle(Runner.java:75)
	at io.cucumber.junit.PickleRunners$NoStepDescriptions.lambda$run$0(PickleRunners.java:151)
	at io.cucumber.core.runtime.CucumberExecutionContext.lambda$runTestCase$5(CucumberExecutionContext.java:137)
	at io.cucumber.core.runtime.RethrowingThrowableCollector.executeAndThrow(RethrowingThrowableCollector.java:23)
	at io.cucumber.core.runtime.CucumberExecutionContext.runTestCase(CucumberExecutionContext.java:137)
	at io.cucumber.junit.PickleRunners$NoStepDescriptions.run(PickleRunners.java:148)
	at io.cucumber.junit.FeatureRunner.runChild(FeatureRunner.java:144)
	at io.cucumber.junit.FeatureRunner.runChild(FeatureRunner.java:28)
	at org.junit.runners.ParentRunner$4.run(ParentRunner.java:331)
	at org.junit.runners.ParentRunner$1.schedule(ParentRunner.java:79)
	at org.junit.runners.ParentRunner.runChildren(ParentRunner.java:329)
	at org.junit.runners.ParentRunner.access$100(ParentRunner.java:66)
	at org.junit.runners.ParentRunner$2.evaluate(ParentRunner.java:293)
	at org.junit.runners.ParentRunner$3.evaluate(ParentRunner.java:306)
	at org.junit.runners.ParentRunner.run(ParentRunner.java:413)
	at io.cucumber.junit.FeatureRunner.run(FeatureRunner.java:137)
	at io.cucumber.junit.Cucumber.runChild(Cucumber.java:196)
	at io.cucumber.junit.Cucumber.runChild(Cucumber.java:89)
	at org.junit.runners.ParentRunner$4.run(ParentRunner.java:331)
	at org.junit.runners.ParentRunner$1.schedule(ParentRunner.java:79)
	at org.junit.runners.ParentRunner.runChildren(ParentRunner.java:329)
	at org.junit.runners.ParentRunner.access$100(ParentRunner.java:66)
	at org.junit.runners.ParentRunner$2.evaluate(ParentRunner.java:293)
	at io.cucumber.core.runtime.CucumberExecutionContext.lambda$runFeatures$6(CucumberExecutionContext.java:148)
	at io.cucumber.core.runtime.CucumberExecutionContext.execute(CucumberExecutionContext.java:163)
	at io.cucumber.core.runtime.CucumberExecutionContext.runFeatures(CucumberExecutionContext.java:146)
	at io.cucumber.junit.Cucumber$StartAndFinishTestRun.evaluate(Cucumber.java:226)
	at org.junit.runners.ParentRunner$3.evaluate(ParentRunner.java:306)
	at org.junit.runners.ParentRunner.run(ParentRunner.java:413)
	at org.junit.runner.JUnitCore.run(JUnitCore.java:137)
	at org.junit.runner.JUnitCore.run(JUnitCore.java:115)
	at org.junit.vintage.engine.execution.RunnerExecutor.execute(RunnerExecutor.java:42)
	at org.junit.vintage.engine.VintageTestEngine.executeAllChildren(VintageTestEngine.java:80)
	at org.junit.vintage.engine.VintageTestEngine.execute(VintageTestEngine.java:72)
	at org.junit.platform.launcher.core.EngineExecutionOrchestrator.execute(EngineExecutionOrchestrator.java:198)
	at org.junit.platform.launcher.core.EngineExecutionOrchestrator.execute(EngineExecutionOrchestrator.java:169)
	at org.junit.platform.launcher.core.EngineExecutionOrchestrator.execute(EngineExecutionOrchestrator.java:93)
	at org.junit.platform.launcher.core.EngineExecutionOrchestrator.lambda$execute$0(EngineExecutionOrchestrator.java:58)
	at org.junit.platform.launcher.core.EngineExecutionOrchestrator.withInterceptedStreams(EngineExecutionOrchestrator.java:141)
	at org.junit.platform.launcher.core.EngineExecutionOrchestrator.execute(EngineExecutionOrchestrator.java:57)
	at org.junit.platform.launcher.core.DefaultLauncher.execute(DefaultLauncher.java:103)
	at org.junit.platform.launcher.core.DefaultLauncher.execute(DefaultLauncher.java:85)
	at org.junit.platform.launcher.core.DelegatingLauncher.execute(DelegatingLauncher.java:47)
	at org.apache.maven.surefire.junitplatform.LazyLauncher.execute(LazyLauncher.java:55)
	at org.apache.maven.surefire.junitplatform.JUnitPlatformProvider.execute(JUnitPlatformProvider.java:223)
	at org.apache.maven.surefire.junitplatform.JUnitPlatformProvider.invokeAllTests(JUnitPlatformProvider.java:175)
	at org.apache.maven.surefire.junitplatform.JUnitPlatformProvider.invoke(JUnitPlatformProvider.java:139)
	at org.apache.maven.surefire.booter.ForkedBooter.runSuitesInProcess(ForkedBooter.java:456)
	at org.apache.maven.surefire.booter.ForkedBooter.execute(ForkedBooter.java:169)
	at org.apache.maven.surefire.booter.ForkedBooter.run(ForkedBooter.java:595)
	at org.apache.maven.surefire.booter.ForkedBooter.main(ForkedBooter.java:581)

  And the cart total should reflect both products   # stepDefinitions.CartSteps.the_cart_total_should_reflect_both_products()
04:46:04.447 [main] INFO  hooks.Hooks - Finishing BDD scenario: Manage multiple products in cart - Status: FAILED
04:46:04.448 [main] ERROR hooks.Hooks - Scenario failed: Manage multiple products in cart
04:46:04.487 [main] INFO  c.c.selenide.impl.AttachmentPrinter - [[ATTACHMENT|E:\Courses\Amalitech GTP\Projects\demoblazeProjectPlaywright\target\screenshots\failed_scenario_1758775564448.html]]
04:46:04.833 [main] INFO  c.c.selenide.impl.AttachmentPrinter - [[ATTACHMENT|E:\Courses\Amalitech GTP\Projects\demoblazeProjectPlaywright\target\screenshots\failed_scenario_1758775564448.png]]
04:46:04.835 [main] ERROR hooks.Hooks - Failed to capture screenshot: Illegal char <:> at index 4: file:/E:/Courses/Amalitech%20GTP/Projects/demoblazeProjectPlaywright/target/screenshots/failed_scenario_1758775564448.png
04:46:06.761 [main] INFO  hooks.Hooks - BDD test cleanup completed for scenario: Manage multiple products in cart
]]></system-out>
    <system-err><![CDATA[Sep 25, 2025 4:45:47 AM org.openqa.selenium.devtools.CdpVersionFinder findNearestMatch
WARNING: Unable to find an exact match for CDP version 140, returning the closest version; found: 139; Please update to a Selenium version that supports CDP version 140
]]></system-err>
  </testcase>
  <testcase name="Remove product from cart" classname="DemoBlaze Shopping Cart" time="11.014">
    <system-out><![CDATA[
@Cart @UI @regression @RemoveFromCart @Functional
Scenario: Remove product from cart                   # src/test/resources/features/Cart.feature:29
04:46:06.858 [main] INFO  hooks.Hooks - Starting BDD scenario: Remove product from cart
04:46:06.860 [main] INFO  hooks.Hooks - BDD test environment configured for scenario: Remove product from cart
04:46:06.865 [main] INFO  stepDefinitions.HomePageSteps - BDD Step: Navigating to DemoBlaze home page
04:46:06.865 [main] INFO  pages.HomePage - BDD: Opening home page
04:46:06.865 [main] INFO  pages.HomePage - Opening DemoBlaze home page
04:46:06.865 [main] INFO  c.c.s.WebDriverThreadLocalContainer - No webdriver is bound to current thread: 1 - let's create a new webdriver
04:46:08.697 [main] INFO  c.c.s.webdriver.WebDriverFactory - Selenide 7.10.0 / Selenium 4.35.0 / chrome 140.0.7339.185 windows
04:46:11.375 [main] INFO  pages.HomePage - Home page opened successfully
  Given I navigate to the DemoBlaze home page        # stepDefinitions.HomePageSteps.i_navigate_to_the_demoblaze_home_page()
04:46:11.385 [main] INFO  stepDefinitions.CartSteps - BDD Step: Adding Samsung galaxy s6 to cart as precondition
04:46:11.385 [main] INFO  stepDefinitions.CartSteps - BDD Step: Adding Samsung galaxy s6 to cart
04:46:11.388 [main] INFO  pages.HomePage - BDD: Clicking on first product: Samsung galaxy s6
04:46:11.388 [main] INFO  pages.HomePage - Clicking on first product: Samsung galaxy s6
04:46:12.804 [main] INFO  pages.HomePage - Successfully clicked on first product: Samsung galaxy s6
04:46:12.804 [main] INFO  pages.ProductDetailsPage - BDD: Adding product to cart
04:46:12.804 [main] INFO  pages.ProductDetailsPage - Clicking 'Add to cart' button
04:46:13.850 [main] INFO  pages.ProductDetailsPage - Successfully clicked 'Add to cart' button
04:46:14.724 [main] INFO  pages.HomePage - BDD: Opening home page
04:46:14.724 [main] INFO  pages.HomePage - Opening DemoBlaze home page
04:46:14.932 [main] INFO  pages.HomePage - Home page opened successfully
  Given I have "Samsung galaxy s6" in my cart        # stepDefinitions.CartSteps.i_have_in_my_cart(java.lang.String)
04:46:14.932 [main] INFO  stepDefinitions.CartSteps - BDD Step: Navigating to cart page
04:46:14.935 [main] INFO  pages.HomePage - BDD: Navigating to cart
04:46:14.935 [main] INFO  pages.HomePage - Navigating to cart page
04:46:15.950 [main] INFO  pages.HomePage - Successfully navigated to cart page
  When I navigate to cart page                       # stepDefinitions.CartSteps.i_navigate_to_cart_page()
04:46:15.958 [main] INFO  stepDefinitions.CartSteps - BDD Step: Removing Samsung galaxy s6 from cart
04:46:15.958 [main] INFO  pages.CartPage - BDD: Removing product from cart: Samsung galaxy s6
04:46:15.959 [main] INFO  pages.CartPage - Deleting product from cart: Samsung galaxy s6
04:46:17.527 [main] INFO  pages.CartPage - Successfully deleted product from cart: Samsung galaxy s6
  And I remove "Samsung galaxy s6" from cart         # stepDefinitions.CartSteps.i_remove_from_cart(java.lang.String)
04:46:17.533 [main] INFO  stepDefinitions.CartSteps - BDD Step: Verifying Samsung galaxy s6 is not in cart
  Then "Samsung galaxy s6" should not be in the cart # stepDefinitions.CartSteps.should_not_be_in_the_cart(java.lang.String)
04:46:17.538 [main] INFO  stepDefinitions.CartSteps - BDD Step: Verifying cart is empty or shows updated total
  And the cart should be empty or show updated total # stepDefinitions.CartSteps.the_cart_should_be_empty_or_show_updated_total()
04:46:17.542 [main] INFO  hooks.Hooks - Finishing BDD scenario: Remove product from cart - Status: PASSED
04:46:17.830 [main] INFO  hooks.Hooks - BDD test cleanup completed for scenario: Remove product from cart
]]></system-out>
    <system-err><![CDATA[Sep 25, 2025 4:46:08 AM org.openqa.selenium.devtools.CdpVersionFinder findNearestMatch
WARNING: Unable to find an exact match for CDP version 140, returning the closest version; found: 139; Please update to a Selenium version that supports CDP version 140
]]></system-err>
  </testcase>
  <testcase name="Verify empty cart behavior" classname="DemoBlaze Shopping Cart" time="5.378">
    <system-out><![CDATA[
@Cart @UI @regression @EmptyCart @Edge
Scenario: Verify empty cart behavior                    # src/test/resources/features/Cart.feature:37
04:46:17.882 [main] INFO  hooks.Hooks - Starting BDD scenario: Verify empty cart behavior
04:46:17.882 [main] INFO  hooks.Hooks - BDD test environment configured for scenario: Verify empty cart behavior
04:46:17.892 [main] INFO  stepDefinitions.HomePageSteps - BDD Step: Navigating to DemoBlaze home page
04:46:17.894 [main] INFO  pages.HomePage - BDD: Opening home page
04:46:17.894 [main] INFO  pages.HomePage - Opening DemoBlaze home page
04:46:17.896 [main] INFO  c.c.s.WebDriverThreadLocalContainer - No webdriver is bound to current thread: 1 - let's create a new webdriver
04:46:19.507 [main] INFO  c.c.s.webdriver.WebDriverFactory - Selenide 7.10.0 / Selenium 4.35.0 / chrome 140.0.7339.185 windows
04:46:21.935 [main] INFO  pages.HomePage - Home page opened successfully
  Given I navigate to the DemoBlaze home page           # stepDefinitions.HomePageSteps.i_navigate_to_the_demoblaze_home_page()
04:46:21.941 [main] INFO  stepDefinitions.CartSteps - BDD Step: Navigating to cart page without adding products
04:46:21.945 [main] INFO  pages.HomePage - BDD: Navigating to cart
04:46:21.945 [main] INFO  pages.HomePage - Navigating to cart page
04:46:23.010 [main] INFO  pages.HomePage - Successfully navigated to cart page
  When I navigate to cart page without adding products  # stepDefinitions.CartSteps.i_navigate_to_cart_page_without_adding_products()
04:46:23.012 [main] INFO  stepDefinitions.CartSteps - BDD Step: Verifying cart is empty
  Then I should see an empty cart                       # stepDefinitions.CartSteps.i_should_see_an_empty_cart()
04:46:23.013 [main] INFO  stepDefinitions.CartSteps - BDD Step: Verifying cart total for empty cart
  And the total should show appropriate message or zero # stepDefinitions.CartSteps.the_total_should_show_appropriate_message_or_zero()
04:46:23.014 [main] INFO  hooks.Hooks - Finishing BDD scenario: Verify empty cart behavior - Status: PASSED
04:46:23.229 [main] INFO  hooks.Hooks - BDD test cleanup completed for scenario: Verify empty cart behavior
]]></system-out>
    <system-err><![CDATA[Sep 25, 2025 4:46:19 AM org.openqa.selenium.devtools.CdpVersionFinder findNearestMatch
WARNING: Unable to find an exact match for CDP version 140, returning the closest version; found: 139; Please update to a Selenium version that supports CDP version 140
]]></system-err>
  </testcase>
  <testcase name="Verify cart maintains items across navigation" classname="DemoBlaze Shopping Cart" time="15.529">
    <failure message="Element not found {By.xpath: //td[normalize-space()=&apos;Nokia lumia 1520&apos;]}&#10;Expected: visible&#10;Screenshot: file:/E:/Courses/Amalitech%20GTP/Projects/demoblazeProjectPlaywright/target/screenshots/1758775596835.1.png&#10;Page source: file:/E:/Courses/Amalitech%20GTP/Projects/demoblazeProjectPlaywright/target/screenshots/1758775596835.1.html&#10;Timeout: 4 s.&#10;Caused by: NoSuchElementException: no such element: Unable to locate element: {&quot;method&quot;:&quot;xpath&quot;,&quot;selector&quot;:&quot;//td[normalize-space()=&apos;Nokia lumia 1520&apos;]&quot;}" type="Element not found {By.xpath"><![CDATA[Element not found {By.xpath: //td[normalize-space()='Nokia lumia 1520']}
Expected: visible
Screenshot: file:/E:/Courses/Amalitech%20GTP/Projects/demoblazeProjectPlaywright/target/screenshots/1758775596835.1.png
Page source: file:/E:/Courses/Amalitech%20GTP/Projects/demoblazeProjectPlaywright/target/screenshots/1758775596835.1.html
Timeout: 4 s.
Caused by: NoSuchElementException: no such element: Unable to locate element: {"method":"xpath","selector":"//td[normalize-space()='Nokia lumia 1520']"}
	at com.codeborne.selenide.impl.WebElementSource.createElementNotFoundError(WebElementSource.java:89)
	at com.codeborne.selenide.impl.ElementFinder.createElementNotFoundError(ElementFinder.java:129)
	at com.codeborne.selenide.impl.WebElementSource.handleError(WebElementSource.java:140)
	at com.codeborne.selenide.impl.WebElementSource.checkConditionAndReturnElement(WebElementSource.java:123)
	at com.codeborne.selenide.impl.WebElementSource.checkCondition(WebElementSource.java:99)
	at com.codeborne.selenide.commands.Should.execute(Should.java:24)
	at com.codeborne.selenide.FluentCommand.execute(FluentCommand.java:27)
	at com.codeborne.selenide.FluentCommand.execute(FluentCommand.java:19)
	at com.codeborne.selenide.commands.Commands.execute(Commands.java:160)
	at com.codeborne.selenide.impl.SelenideElementProxy.dispatchAndRetry(SelenideElementProxy.java:131)
	at com.codeborne.selenide.impl.SelenideElementProxy.invoke(SelenideElementProxy.java:83)
	at jdk.proxy2/jdk.proxy2.$Proxy25.shouldBe(Unknown Source)
	at pages.CartPage.verifyProductInCart(CartPage.java:74)
	at stepDefinitions.CartSteps.should_still_be_in_the_cart(CartSteps.java:172)
	at ✽."Nokia lumia 1520" should still be in the cart(file:///E:/Courses/Amalitech%20GTP/Projects/demoblazeProjectPlaywright/src/test/resources/features/Cart.feature:47)
Caused by: org.openqa.selenium.NoSuchElementException: no such element: Unable to locate element: {"method":"xpath","selector":"//td[normalize-space()='Nokia lumia 1520']"}
  (Session info: chrome=140.0.7339.185)
For documentation on this error, please visit: https://www.selenium.dev/documentation/webdriver/troubleshooting/errors#no-such-element-exception
Build info: version: '4.35.0', revision: '1c58e5028b'
System info: os.name: 'Windows 11', os.arch: 'amd64', os.version: '10.0', java.version: '23.0.2'
Driver info: org.openqa.selenium.chrome.ChromeDriver
Command: [fc6e0a0a1a210598774c5bb5de678998, findElement {value=//td[normalize-space()='Nokia lumia 1520'], using=xpath}]
Capabilities {acceptInsecureCerts: true, browserName: chrome, browserVersion: 140.0.7339.185, chrome: {chromedriverVersion: 140.0.7339.207 (17230b545fd..., userDataDir: C:\Users\EMMANU~1\AppData\L...}, fedcm:accounts: true, goog:chromeOptions: {debuggerAddress: localhost:3903}, networkConnectionEnabled: false, pageLoadStrategy: normal, platformName: windows, proxy: Proxy(), se:cdp: ws://localhost:3903/devtool..., se:cdpVersion: 140.0.7339.185, setWindowRect: true, strictFileInteractability: false, timeouts: {implicit: 0, pageLoad: 300000, script: 30000}, unhandledPromptBehavior: accept, webauthn:extension:credBlob: true, webauthn:extension:largeBlob: true, webauthn:extension:minPinLength: true, webauthn:extension:prf: true, webauthn:virtualAuthenticators: true}
Session ID: fc6e0a0a1a210598774c5bb5de678998
	at java.base/java.lang.reflect.Constructor.newInstanceWithCaller(Constructor.java:501)
	at java.base/java.lang.reflect.Constructor.newInstance(Constructor.java:485)
	at org.openqa.selenium.remote.ErrorCodec.decode(ErrorCodec.java:167)
	at org.openqa.selenium.remote.codec.w3c.W3CHttpResponseCodec.decode(W3CHttpResponseCodec.java:138)
	at org.openqa.selenium.remote.codec.w3c.W3CHttpResponseCodec.decode(W3CHttpResponseCodec.java:50)
	at org.openqa.selenium.remote.HttpCommandExecutor.execute(HttpCommandExecutor.java:215)
	at org.openqa.selenium.remote.service.DriverCommandExecutor.invokeExecute(DriverCommandExecutor.java:216)
	at org.openqa.selenium.remote.service.DriverCommandExecutor.execute(DriverCommandExecutor.java:174)
	at org.openqa.selenium.remote.RemoteWebDriver.execute(RemoteWebDriver.java:557)
	at org.openqa.selenium.remote.ElementLocation$ElementFinder$2.findElement(ElementLocation.java:165)
	at org.openqa.selenium.remote.ElementLocation.findElement(ElementLocation.java:59)
	at org.openqa.selenium.remote.RemoteWebDriver.findElement(RemoteWebDriver.java:380)
	at org.openqa.selenium.remote.RemoteWebDriver.findElement(RemoteWebDriver.java:374)
	at com.codeborne.selenide.impl.WebElementSelector.findElement(WebElementSelector.java:67)
	at com.codeborne.selenide.impl.WebElementSelector.findElement(WebElementSelector.java:38)
	at com.codeborne.selenide.impl.WebElementSelector.findElement(WebElementSelector.java:29)
	at com.codeborne.selenide.impl.ElementFinder.getWebElement(ElementFinder.java:113)
	at com.codeborne.selenide.impl.WebElementSource.checkConditionAndReturnElement(WebElementSource.java:112)
	at com.codeborne.selenide.impl.WebElementSource.checkCondition(WebElementSource.java:99)
	at com.codeborne.selenide.commands.Should.execute(Should.java:24)
	at com.codeborne.selenide.FluentCommand.execute(FluentCommand.java:27)
	at com.codeborne.selenide.FluentCommand.execute(FluentCommand.java:19)
	at com.codeborne.selenide.commands.Commands.execute(Commands.java:160)
	at com.codeborne.selenide.impl.SelenideElementProxy.dispatchAndRetry(SelenideElementProxy.java:131)
	at com.codeborne.selenide.impl.SelenideElementProxy.invoke(SelenideElementProxy.java:83)
	at jdk.proxy2/jdk.proxy2.$Proxy25.shouldBe(Unknown Source)
	at pages.CartPage.verifyProductInCart(CartPage.java:74)
	at stepDefinitions.CartSteps.should_still_be_in_the_cart(CartSteps.java:172)
	at java.base/java.lang.reflect.Method.invoke(Method.java:580)
	at io.cucumber.java.Invoker.doInvoke(Invoker.java:66)
	at io.cucumber.java.Invoker.invoke(Invoker.java:24)
	at io.cucumber.java.AbstractGlueDefinition.invokeMethod(AbstractGlueDefinition.java:47)
	at io.cucumber.java.JavaStepDefinition.execute(JavaStepDefinition.java:29)
	at io.cucumber.core.runner.CoreStepDefinition.execute(CoreStepDefinition.java:66)
	at io.cucumber.core.runner.PickleStepDefinitionMatch.runStep(PickleStepDefinitionMatch.java:63)
	at io.cucumber.core.runner.ExecutionMode$1.execute(ExecutionMode.java:10)
	at io.cucumber.core.runner.TestStep.executeStep(TestStep.java:84)
	at io.cucumber.core.runner.TestStep.run(TestStep.java:56)
	at io.cucumber.core.runner.PickleStepTestStep.run(PickleStepTestStep.java:51)
	at io.cucumber.core.runner.TestCase.run(TestCase.java:84)
	at io.cucumber.core.runner.Runner.runPickle(Runner.java:75)
	at io.cucumber.junit.PickleRunners$NoStepDescriptions.lambda$run$0(PickleRunners.java:151)
	at io.cucumber.core.runtime.CucumberExecutionContext.lambda$runTestCase$5(CucumberExecutionContext.java:137)
	at io.cucumber.core.runtime.RethrowingThrowableCollector.executeAndThrow(RethrowingThrowableCollector.java:23)
	at io.cucumber.core.runtime.CucumberExecutionContext.runTestCase(CucumberExecutionContext.java:137)
	at io.cucumber.junit.PickleRunners$NoStepDescriptions.run(PickleRunners.java:148)
	at io.cucumber.junit.FeatureRunner.runChild(FeatureRunner.java:144)
	at io.cucumber.junit.FeatureRunner.runChild(FeatureRunner.java:28)
	at io.cucumber.junit.FeatureRunner.run(FeatureRunner.java:137)
	at io.cucumber.junit.Cucumber.runChild(Cucumber.java:196)
	at io.cucumber.junit.Cucumber.runChild(Cucumber.java:89)
	at io.cucumber.core.runtime.CucumberExecutionContext.lambda$runFeatures$6(CucumberExecutionContext.java:148)
	at io.cucumber.core.runtime.CucumberExecutionContext.execute(CucumberExecutionContext.java:163)
	at io.cucumber.core.runtime.CucumberExecutionContext.runFeatures(CucumberExecutionContext.java:146)
	at io.cucumber.junit.Cucumber$StartAndFinishTestRun.evaluate(Cucumber.java:226)
]]></failure>
    <system-out><![CDATA[
@Cart @UI @regression @CartPersistence @Functional
Scenario: Verify cart maintains items across navigation # src/test/resources/features/Cart.feature:43
04:46:23.282 [main] INFO  hooks.Hooks - Starting BDD scenario: Verify cart maintains items across navigation
04:46:23.282 [main] INFO  hooks.Hooks - BDD test environment configured for scenario: Verify cart maintains items across navigation
04:46:23.287 [main] INFO  stepDefinitions.HomePageSteps - BDD Step: Navigating to DemoBlaze home page
04:46:23.287 [main] INFO  pages.HomePage - BDD: Opening home page
04:46:23.287 [main] INFO  pages.HomePage - Opening DemoBlaze home page
04:46:23.287 [main] INFO  c.c.s.WebDriverThreadLocalContainer - No webdriver is bound to current thread: 1 - let's create a new webdriver
04:46:25.182 [main] INFO  c.c.s.webdriver.WebDriverFactory - Selenide 7.10.0 / Selenium 4.35.0 / chrome 140.0.7339.185 windows
04:46:26.979 [main] INFO  pages.HomePage - Home page opened successfully
  Given I navigate to the DemoBlaze home page           # stepDefinitions.HomePageSteps.i_navigate_to_the_demoblaze_home_page()
04:46:26.980 [main] INFO  stepDefinitions.CartSteps - BDD Step: Adding Nokia lumia 1520 to cart
04:46:26.980 [main] INFO  pages.HomePage - BDD: Clicking on first product: Nokia lumia 1520
04:46:26.980 [main] INFO  pages.HomePage - Clicking on first product: Nokia lumia 1520
04:46:29.016 [main] INFO  pages.HomePage - Successfully clicked on first product: Nokia lumia 1520
04:46:29.018 [main] INFO  pages.ProductDetailsPage - BDD: Adding product to cart
04:46:29.018 [main] INFO  pages.ProductDetailsPage - Clicking 'Add to cart' button
04:46:30.378 [main] INFO  pages.ProductDetailsPage - Successfully clicked 'Add to cart' button
04:46:31.066 [main] INFO  pages.HomePage - BDD: Opening home page
04:46:31.066 [main] INFO  pages.HomePage - Opening DemoBlaze home page
04:46:31.712 [main] INFO  pages.HomePage - Home page opened successfully
  Given I add "Nokia lumia 1520" to cart                # stepDefinitions.CartSteps.i_add_to_cart(java.lang.String)
04:46:31.714 [main] INFO  stepDefinitions.CartSteps - BDD Step: Navigating to different pages
04:46:31.714 [main] INFO  pages.HomePage - BDD: Opening home page
04:46:31.714 [main] INFO  pages.HomePage - Opening DemoBlaze home page
04:46:31.845 [main] INFO  pages.HomePage - Home page opened successfully
  When I navigate to different pages                    # stepDefinitions.CartSteps.i_navigate_to_different_pages()
04:46:31.848 [main] INFO  stepDefinitions.CartSteps - BDD Step: Returning to cart page
04:46:31.848 [main] INFO  pages.HomePage - BDD: Navigating to cart
04:46:31.848 [main] INFO  pages.HomePage - Navigating to cart page
04:46:32.741 [main] INFO  pages.HomePage - Successfully navigated to cart page
  And I return to cart page                             # stepDefinitions.CartSteps.i_return_to_cart_page()
04:46:32.744 [main] INFO  stepDefinitions.CartSteps - BDD Step: Verifying Nokia lumia 1520 still in cart after navigation
04:46:32.745 [main] INFO  pages.CartPage - Verifying product is in cart: Nokia lumia 1520
04:46:36.866 [main] INFO  c.c.selenide.impl.AttachmentPrinter - [[ATTACHMENT|E:\Courses\Amalitech GTP\Projects\demoblazeProjectPlaywright\target\screenshots\1758775596835.1.html]]
04:46:37.356 [main] INFO  c.c.selenide.impl.AttachmentPrinter - [[ATTACHMENT|E:\Courses\Amalitech GTP\Projects\demoblazeProjectPlaywright\target\screenshots\1758775596835.1.png]]
  Then "Nokia lumia 1520" should still be in the cart   # stepDefinitions.CartSteps.should_still_be_in_the_cart(java.lang.String)
      Element not found {By.xpath: //td[normalize-space()='Nokia lumia 1520']}
Expected: visible
Screenshot: file:/E:/Courses/Amalitech%20GTP/Projects/demoblazeProjectPlaywright/target/screenshots/1758775596835.1.png
Page source: file:/E:/Courses/Amalitech%20GTP/Projects/demoblazeProjectPlaywright/target/screenshots/1758775596835.1.html
Timeout: 4 s.
Caused by: NoSuchElementException: no such element: Unable to locate element: {"method":"xpath","selector":"//td[normalize-space()='Nokia lumia 1520']"}
	at com.codeborne.selenide.impl.WebElementSource.createElementNotFoundError(WebElementSource.java:89)
	at com.codeborne.selenide.impl.ElementFinder.createElementNotFoundError(ElementFinder.java:129)
	at com.codeborne.selenide.impl.WebElementSource.handleError(WebElementSource.java:140)
	at com.codeborne.selenide.impl.WebElementSource.checkConditionAndReturnElement(WebElementSource.java:123)
	at com.codeborne.selenide.impl.WebElementSource.checkCondition(WebElementSource.java:99)
	at com.codeborne.selenide.commands.Should.execute(Should.java:24)
	at com.codeborne.selenide.FluentCommand.execute(FluentCommand.java:27)
	at com.codeborne.selenide.FluentCommand.execute(FluentCommand.java:19)
	at com.codeborne.selenide.commands.Commands.execute(Commands.java:160)
	at com.codeborne.selenide.impl.SelenideElementProxy.dispatchAndRetry(SelenideElementProxy.java:131)
	at com.codeborne.selenide.impl.SelenideElementProxy.invoke(SelenideElementProxy.java:83)
	at jdk.proxy2/jdk.proxy2.$Proxy25.shouldBe(Unknown Source)
	at pages.CartPage.verifyProductInCart(CartPage.java:74)
	at stepDefinitions.CartSteps.should_still_be_in_the_cart(CartSteps.java:172)
	at ✽."Nokia lumia 1520" should still be in the cart(file:///E:/Courses/Amalitech%20GTP/Projects/demoblazeProjectPlaywright/src/test/resources/features/Cart.feature:47)
Caused by: org.openqa.selenium.NoSuchElementException: no such element: Unable to locate element: {"method":"xpath","selector":"//td[normalize-space()='Nokia lumia 1520']"}
  (Session info: chrome=140.0.7339.185)
For documentation on this error, please visit: https://www.selenium.dev/documentation/webdriver/troubleshooting/errors#no-such-element-exception
Build info: version: '4.35.0', revision: '1c58e5028b'
System info: os.name: 'Windows 11', os.arch: 'amd64', os.version: '10.0', java.version: '23.0.2'
Driver info: org.openqa.selenium.chrome.ChromeDriver
Command: [fc6e0a0a1a210598774c5bb5de678998, findElement {value=//td[normalize-space()='Nokia lumia 1520'], using=xpath}]
Capabilities {acceptInsecureCerts: true, browserName: chrome, browserVersion: 140.0.7339.185, chrome: {chromedriverVersion: 140.0.7339.207 (17230b545fd..., userDataDir: C:\Users\EMMANU~1\AppData\L...}, fedcm:accounts: true, goog:chromeOptions: {debuggerAddress: localhost:3903}, networkConnectionEnabled: false, pageLoadStrategy: normal, platformName: windows, proxy: Proxy(), se:cdp: ws://localhost:3903/devtool..., se:cdpVersion: 140.0.7339.185, setWindowRect: true, strictFileInteractability: false, timeouts: {implicit: 0, pageLoad: 300000, script: 30000}, unhandledPromptBehavior: accept, webauthn:extension:credBlob: true, webauthn:extension:largeBlob: true, webauthn:extension:minPinLength: true, webauthn:extension:prf: true, webauthn:virtualAuthenticators: true}
Session ID: fc6e0a0a1a210598774c5bb5de678998
	at java.base/jdk.internal.reflect.DirectConstructorHandleAccessor.newInstance(DirectConstructorHandleAccessor.java:62)
	at java.base/java.lang.reflect.Constructor.newInstanceWithCaller(Constructor.java:501)
	at java.base/java.lang.reflect.Constructor.newInstance(Constructor.java:485)
	at org.openqa.selenium.remote.ErrorCodec.decode(ErrorCodec.java:167)
	at org.openqa.selenium.remote.codec.w3c.W3CHttpResponseCodec.decode(W3CHttpResponseCodec.java:138)
	at org.openqa.selenium.remote.codec.w3c.W3CHttpResponseCodec.decode(W3CHttpResponseCodec.java:50)
	at org.openqa.selenium.remote.HttpCommandExecutor.execute(HttpCommandExecutor.java:215)
	at org.openqa.selenium.remote.service.DriverCommandExecutor.invokeExecute(DriverCommandExecutor.java:216)
	at org.openqa.selenium.remote.service.DriverCommandExecutor.execute(DriverCommandExecutor.java:174)
	at org.openqa.selenium.remote.RemoteWebDriver.execute(RemoteWebDriver.java:557)
	at org.openqa.selenium.remote.ElementLocation$ElementFinder$2.findElement(ElementLocation.java:165)
	at org.openqa.selenium.remote.ElementLocation.findElement(ElementLocation.java:59)
	at org.openqa.selenium.remote.RemoteWebDriver.findElement(RemoteWebDriver.java:380)
	at org.openqa.selenium.remote.RemoteWebDriver.findElement(RemoteWebDriver.java:374)
	at com.codeborne.selenide.impl.WebElementSelector.findElement(WebElementSelector.java:67)
	at com.codeborne.selenide.impl.WebElementSelector.findElement(WebElementSelector.java:38)
	at com.codeborne.selenide.impl.WebElementSelector.findElement(WebElementSelector.java:29)
	at com.codeborne.selenide.impl.ElementFinder.getWebElement(ElementFinder.java:113)
	at com.codeborne.selenide.impl.WebElementSource.checkConditionAndReturnElement(WebElementSource.java:112)
	at com.codeborne.selenide.impl.WebElementSource.checkCondition(WebElementSource.java:99)
	at com.codeborne.selenide.commands.Should.execute(Should.java:24)
	at com.codeborne.selenide.FluentCommand.execute(FluentCommand.java:27)
	at com.codeborne.selenide.FluentCommand.execute(FluentCommand.java:19)
	at com.codeborne.selenide.commands.Commands.execute(Commands.java:160)
	at com.codeborne.selenide.impl.SelenideElementProxy.dispatchAndRetry(SelenideElementProxy.java:131)
	at com.codeborne.selenide.impl.SelenideElementProxy.invoke(SelenideElementProxy.java:83)
	at jdk.proxy2/jdk.proxy2.$Proxy25.shouldBe(Unknown Source)
	at pages.CartPage.verifyProductInCart(CartPage.java:74)
	at stepDefinitions.CartSteps.should_still_be_in_the_cart(CartSteps.java:172)
	at java.base/jdk.internal.reflect.DirectMethodHandleAccessor.invoke(DirectMethodHandleAccessor.java:103)
	at java.base/java.lang.reflect.Method.invoke(Method.java:580)
	at io.cucumber.java.Invoker.doInvoke(Invoker.java:66)
	at io.cucumber.java.Invoker.invoke(Invoker.java:24)
	at io.cucumber.java.AbstractGlueDefinition.invokeMethod(AbstractGlueDefinition.java:47)
	at io.cucumber.java.JavaStepDefinition.execute(JavaStepDefinition.java:29)
	at io.cucumber.core.runner.CoreStepDefinition.execute(CoreStepDefinition.java:66)
	at io.cucumber.core.runner.PickleStepDefinitionMatch.runStep(PickleStepDefinitionMatch.java:63)
	at io.cucumber.core.runner.ExecutionMode$1.execute(ExecutionMode.java:10)
	at io.cucumber.core.runner.TestStep.executeStep(TestStep.java:84)
	at io.cucumber.core.runner.TestStep.run(TestStep.java:56)
	at io.cucumber.core.runner.PickleStepTestStep.run(PickleStepTestStep.java:51)
	at io.cucumber.core.runner.TestCase.run(TestCase.java:84)
	at io.cucumber.core.runner.Runner.runPickle(Runner.java:75)
	at io.cucumber.junit.PickleRunners$NoStepDescriptions.lambda$run$0(PickleRunners.java:151)
	at io.cucumber.core.runtime.CucumberExecutionContext.lambda$runTestCase$5(CucumberExecutionContext.java:137)
	at io.cucumber.core.runtime.RethrowingThrowableCollector.executeAndThrow(RethrowingThrowableCollector.java:23)
	at io.cucumber.core.runtime.CucumberExecutionContext.runTestCase(CucumberExecutionContext.java:137)
	at io.cucumber.junit.PickleRunners$NoStepDescriptions.run(PickleRunners.java:148)
	at io.cucumber.junit.FeatureRunner.runChild(FeatureRunner.java:144)
	at io.cucumber.junit.FeatureRunner.runChild(FeatureRunner.java:28)
	at org.junit.runners.ParentRunner$4.run(ParentRunner.java:331)
	at org.junit.runners.ParentRunner$1.schedule(ParentRunner.java:79)
	at org.junit.runners.ParentRunner.runChildren(ParentRunner.java:329)
	at org.junit.runners.ParentRunner.access$100(ParentRunner.java:66)
	at org.junit.runners.ParentRunner$2.evaluate(ParentRunner.java:293)
	at org.junit.runners.ParentRunner$3.evaluate(ParentRunner.java:306)
	at org.junit.runners.ParentRunner.run(ParentRunner.java:413)
	at io.cucumber.junit.FeatureRunner.run(FeatureRunner.java:137)
	at io.cucumber.junit.Cucumber.runChild(Cucumber.java:196)
	at io.cucumber.junit.Cucumber.runChild(Cucumber.java:89)
	at org.junit.runners.ParentRunner$4.run(ParentRunner.java:331)
	at org.junit.runners.ParentRunner$1.schedule(ParentRunner.java:79)
	at org.junit.runners.ParentRunner.runChildren(ParentRunner.java:329)
	at org.junit.runners.ParentRunner.access$100(ParentRunner.java:66)
	at org.junit.runners.ParentRunner$2.evaluate(ParentRunner.java:293)
	at io.cucumber.core.runtime.CucumberExecutionContext.lambda$runFeatures$6(CucumberExecutionContext.java:148)
	at io.cucumber.core.runtime.CucumberExecutionContext.execute(CucumberExecutionContext.java:163)
	at io.cucumber.core.runtime.CucumberExecutionContext.runFeatures(CucumberExecutionContext.java:146)
	at io.cucumber.junit.Cucumber$StartAndFinishTestRun.evaluate(Cucumber.java:226)
	at org.junit.runners.ParentRunner$3.evaluate(ParentRunner.java:306)
	at org.junit.runners.ParentRunner.run(ParentRunner.java:413)
	at org.junit.runner.JUnitCore.run(JUnitCore.java:137)
	at org.junit.runner.JUnitCore.run(JUnitCore.java:115)
	at org.junit.vintage.engine.execution.RunnerExecutor.execute(RunnerExecutor.java:42)
	at org.junit.vintage.engine.VintageTestEngine.executeAllChildren(VintageTestEngine.java:80)
	at org.junit.vintage.engine.VintageTestEngine.execute(VintageTestEngine.java:72)
	at org.junit.platform.launcher.core.EngineExecutionOrchestrator.execute(EngineExecutionOrchestrator.java:198)
	at org.junit.platform.launcher.core.EngineExecutionOrchestrator.execute(EngineExecutionOrchestrator.java:169)
	at org.junit.platform.launcher.core.EngineExecutionOrchestrator.execute(EngineExecutionOrchestrator.java:93)
	at org.junit.platform.launcher.core.EngineExecutionOrchestrator.lambda$execute$0(EngineExecutionOrchestrator.java:58)
	at org.junit.platform.launcher.core.EngineExecutionOrchestrator.withInterceptedStreams(EngineExecutionOrchestrator.java:141)
	at org.junit.platform.launcher.core.EngineExecutionOrchestrator.execute(EngineExecutionOrchestrator.java:57)
	at org.junit.platform.launcher.core.DefaultLauncher.execute(DefaultLauncher.java:103)
	at org.junit.platform.launcher.core.DefaultLauncher.execute(DefaultLauncher.java:85)
	at org.junit.platform.launcher.core.DelegatingLauncher.execute(DelegatingLauncher.java:47)
	at org.apache.maven.surefire.junitplatform.LazyLauncher.execute(LazyLauncher.java:55)
	at org.apache.maven.surefire.junitplatform.JUnitPlatformProvider.execute(JUnitPlatformProvider.java:223)
	at org.apache.maven.surefire.junitplatform.JUnitPlatformProvider.invokeAllTests(JUnitPlatformProvider.java:175)
	at org.apache.maven.surefire.junitplatform.JUnitPlatformProvider.invoke(JUnitPlatformProvider.java:139)
	at org.apache.maven.surefire.booter.ForkedBooter.runSuitesInProcess(ForkedBooter.java:456)
	at org.apache.maven.surefire.booter.ForkedBooter.execute(ForkedBooter.java:169)
	at org.apache.maven.surefire.booter.ForkedBooter.run(ForkedBooter.java:595)
	at org.apache.maven.surefire.booter.ForkedBooter.main(ForkedBooter.java:581)

04:46:37.942 [main] INFO  hooks.Hooks - Finishing BDD scenario: Verify cart maintains items across navigation - Status: FAILED
04:46:37.943 [main] ERROR hooks.Hooks - Scenario failed: Verify cart maintains items across navigation
04:46:37.965 [main] INFO  c.c.selenide.impl.AttachmentPrinter - [[ATTACHMENT|E:\Courses\Amalitech GTP\Projects\demoblazeProjectPlaywright\target\screenshots\failed_scenario_1758775597943.html]]
04:46:38.425 [main] INFO  c.c.selenide.impl.AttachmentPrinter - [[ATTACHMENT|E:\Courses\Amalitech GTP\Projects\demoblazeProjectPlaywright\target\screenshots\failed_scenario_1758775597943.png]]
04:46:38.429 [main] ERROR hooks.Hooks - Failed to capture screenshot: Illegal char <:> at index 4: file:/E:/Courses/Amalitech%20GTP/Projects/demoblazeProjectPlaywright/target/screenshots/failed_scenario_1758775597943.png
04:46:38.770 [main] INFO  hooks.Hooks - BDD test cleanup completed for scenario: Verify cart maintains items across navigation
]]></system-out>
    <system-err><![CDATA[Sep 25, 2025 4:46:25 AM org.openqa.selenium.devtools.CdpVersionFinder findNearestMatch
WARNING: Unable to find an exact match for CDP version 140, returning the closest version; found: 139; Please update to a Selenium version that supports CDP version 140
]]></system-err>
  </testcase>
  <testcase name="Open and close contact modal" classname="DemoBlaze Contact Modal" time="5.606">
    <system-out><![CDATA[
@Contact @UI @Communication @ContactModal @Smoke
Scenario: Open and close contact modal        # src/test/resources/features/Contact.feature:11
04:46:38.834 [main] INFO  hooks.Hooks - Starting BDD scenario: Open and close contact modal
04:46:38.834 [main] INFO  hooks.Hooks - BDD test environment configured for scenario: Open and close contact modal
04:46:38.836 [main] INFO  stepDefinitions.HomePageSteps - BDD Step: Navigating to DemoBlaze home page
04:46:38.836 [main] INFO  pages.HomePage - BDD: Opening home page
04:46:38.838 [main] INFO  pages.HomePage - Opening DemoBlaze home page
04:46:38.838 [main] INFO  c.c.s.WebDriverThreadLocalContainer - No webdriver is bound to current thread: 1 - let's create a new webdriver
04:46:40.203 [main] INFO  c.c.s.webdriver.WebDriverFactory - Selenide 7.10.0 / Selenium 4.35.0 / chrome 140.0.7339.185 windows
04:46:40.993 [main] INFO  pages.HomePage - Home page opened successfully
  Given I navigate to the DemoBlaze home page # stepDefinitions.HomePageSteps.i_navigate_to_the_demoblaze_home_page()
04:46:41.003 [main] INFO  stepDefinitions.ContactSteps - BDD Step: Clicking on Contact link
04:46:41.003 [main] INFO  pages.HomePage - BDD: Clicking contact link
04:46:43.018 [main] INFO  pages.HomePage - BDD: Contact link clicked successfully
  When I click on "Contact" link              # stepDefinitions.ContactSteps.i_click_on_link(java.lang.String)
04:46:43.024 [main] INFO  stepDefinitions.ContactSteps - BDD Step: Verifying contact modal is displayed
04:46:43.024 [main] INFO  pages.ContactModal - BDD: Verifying contact modal visibility
04:46:43.024 [main] INFO  pages.ContactModal - Verifying contact modal is visible
04:46:43.637 [main] INFO  pages.ContactModal - Contact form fields verified successfully
  Then the contact modal should be displayed  # stepDefinitions.ContactSteps.the_contact_modal_should_be_displayed()
04:46:43.637 [main] INFO  stepDefinitions.ContactSteps - BDD Step: Verifying contact form fields
04:46:43.637 [main] INFO  pages.ContactModal - BDD: Verifying contact form fields
04:46:43.807 [main] INFO  pages.ContactModal - BDD: All contact form fields verified
  And I should see contact form fields        # stepDefinitions.ContactSteps.i_should_see_contact_form_fields()
04:46:43.807 [main] INFO  stepDefinitions.ContactSteps - BDD Step: Closing contact modal
04:46:43.811 [main] INFO  pages.ContactModal - BDD: Closing contact modal
04:46:43.811 [main] INFO  pages.ContactModal - Clicking 'Close' button to close contact modal
04:46:44.164 [main] INFO  pages.ContactModal - Contact modal closed successfully
  When I close the contact modal              # stepDefinitions.ContactSteps.i_close_the_contact_modal()
04:46:44.167 [main] INFO  stepDefinitions.ContactSteps - BDD Step: Verifying contact modal is hidden
  Then the contact modal should be hidden     # stepDefinitions.ContactSteps.the_contact_modal_should_be_hidden()
04:46:44.176 [main] INFO  hooks.Hooks - Finishing BDD scenario: Open and close contact modal - Status: PASSED
04:46:44.401 [main] INFO  hooks.Hooks - BDD test cleanup completed for scenario: Open and close contact modal
]]></system-out>
    <system-err><![CDATA[Sep 25, 2025 4:46:40 AM org.openqa.selenium.devtools.CdpVersionFinder findNearestMatch
WARNING: Unable to find an exact match for CDP version 140, returning the closest version; found: 139; Please update to a Selenium version that supports CDP version 140
]]></system-err>
  </testcase>
  <testcase name="Send valid contact message" classname="DemoBlaze Contact Modal" time="6.33">
    <system-out><![CDATA[
@Contact @UI @Communication @ContactForm @regression
Scenario: Send valid contact message                         # src/test/resources/features/Contact.feature:19
04:46:44.426 [main] INFO  hooks.Hooks - Starting BDD scenario: Send valid contact message
04:46:44.426 [main] INFO  hooks.Hooks - BDD test environment configured for scenario: Send valid contact message
04:46:44.428 [main] INFO  stepDefinitions.HomePageSteps - BDD Step: Navigating to DemoBlaze home page
04:46:44.428 [main] INFO  pages.HomePage - BDD: Opening home page
04:46:44.428 [main] INFO  pages.HomePage - Opening DemoBlaze home page
04:46:44.429 [main] INFO  c.c.s.WebDriverThreadLocalContainer - No webdriver is bound to current thread: 1 - let's create a new webdriver
04:46:46.252 [main] INFO  c.c.s.webdriver.WebDriverFactory - Selenide 7.10.0 / Selenium 4.35.0 / chrome 140.0.7339.185 windows
04:46:48.662 [main] INFO  pages.HomePage - Home page opened successfully
  Given I navigate to the DemoBlaze home page                # stepDefinitions.HomePageSteps.i_navigate_to_the_demoblaze_home_page()
04:46:48.665 [main] INFO  stepDefinitions.ContactSteps - BDD Step: Clicking on Contact link
04:46:48.665 [main] INFO  pages.HomePage - BDD: Clicking contact link
04:46:48.899 [main] INFO  pages.HomePage - BDD: Contact link clicked successfully
  When I click on "Contact" link                             # stepDefinitions.ContactSteps.i_click_on_link(java.lang.String)
04:46:48.913 [main] INFO  stepDefinitions.ContactSteps - BDD Step: Filling contact form with valid data
04:46:48.920 [main] INFO  pages.ContactModal - Filling complete contact form for: Emmanuel Arhu (emmanuel@example.com)
04:46:48.920 [main] INFO  pages.ContactModal - Filling contact email field with: emmanuel@example.com
04:46:49.752 [main] INFO  pages.ContactModal - Filling contact name field with: Emmanuel Arhu
04:46:49.997 [main] INFO  pages.ContactModal - Filling message field
04:46:50.211 [main] INFO  pages.ContactModal - Contact form filled successfully for: Emmanuel Arhu
  And I fill the contact form with valid data:               # stepDefinitions.ContactSteps.i_fill_the_contact_form_with_valid_data(io.cucumber.datatable.DataTable)
    | field   | value                |
    | email   | emmanuel@example.com |
    | name    | Emmanuel Arhu        |
    | message | Test inquiry message |
04:46:50.220 [main] INFO  stepDefinitions.ContactSteps - BDD Step: Clicking Send message contact button
04:46:50.220 [main] INFO  pages.ContactModal - Clicking 'Send message' button
04:46:50.413 [main] INFO  pages.ContactModal - Send message button clicked successfully
  And I click "Send message" contact button                  # stepDefinitions.ContactSteps.i_click_contact_button(java.lang.String)
04:46:50.414 [main] INFO  stepDefinitions.CartSteps - BDD Step: Verifying success alert: Thanks for the message!!
  Then I should see success alert "Thanks for the message!!" # stepDefinitions.CartSteps.i_should_see_success_alert(java.lang.String)
04:46:50.436 [main] INFO  hooks.Hooks - Finishing BDD scenario: Send valid contact message - Status: PASSED
04:46:50.723 [main] INFO  hooks.Hooks - BDD test cleanup completed for scenario: Send valid contact message
]]></system-out>
    <system-err><![CDATA[Sep 25, 2025 4:46:46 AM org.openqa.selenium.devtools.CdpVersionFinder findNearestMatch
WARNING: Unable to find an exact match for CDP version 140, returning the closest version; found: 139; Please update to a Selenium version that supports CDP version 140
]]></system-err>
  </testcase>
  <testcase name="Validate contact form fields #1" classname="DemoBlaze Contact Modal" time="6.643">
    <system-out><![CDATA[
@Contact @UI @Communication @ContactValidation @Functional
Scenario Outline: Validate contact form fields            # src/test/resources/features/Contact.feature:42
04:46:50.765 [main] INFO  hooks.Hooks - Starting BDD scenario: Validate contact form fields
04:46:50.766 [main] INFO  hooks.Hooks - BDD test environment configured for scenario: Validate contact form fields
04:46:50.768 [main] INFO  stepDefinitions.HomePageSteps - BDD Step: Navigating to DemoBlaze home page
04:46:50.768 [main] INFO  pages.HomePage - BDD: Opening home page
04:46:50.768 [main] INFO  pages.HomePage - Opening DemoBlaze home page
04:46:50.768 [main] INFO  c.c.s.WebDriverThreadLocalContainer - No webdriver is bound to current thread: 1 - let's create a new webdriver
04:46:52.813 [main] INFO  c.c.s.webdriver.WebDriverFactory - Selenide 7.10.0 / Selenium 4.35.0 / chrome 140.0.7339.185 windows
04:46:55.175 [main] INFO  pages.HomePage - Home page opened successfully
  Given I navigate to the DemoBlaze home page             # stepDefinitions.HomePageSteps.i_navigate_to_the_demoblaze_home_page()
04:46:55.179 [main] INFO  stepDefinitions.ContactSteps - BDD Step: Clicking on Contact link
04:46:55.179 [main] INFO  pages.HomePage - BDD: Clicking contact link
04:46:55.555 [main] INFO  pages.HomePage - BDD: Contact link clicked successfully
  When I click on "Contact" link                          # stepDefinitions.ContactSteps.i_click_on_link(java.lang.String)
04:46:55.566 [main] INFO  stepDefinitions.ContactSteps - BDD Step: Filling contact form with specified data
04:46:55.568 [main] INFO  pages.ContactModal - Filling complete contact form for: Valid Name (valid@email.com)
04:46:55.568 [main] INFO  pages.ContactModal - Filling contact email field with: valid@email.com
04:46:56.381 [main] INFO  pages.ContactModal - Filling contact name field with: Valid Name
04:46:56.619 [main] INFO  pages.ContactModal - Filling message field
04:46:56.855 [main] INFO  pages.ContactModal - Contact form filled successfully for: Valid Name
  And I fill the contact form with:                       # stepDefinitions.ContactSteps.i_fill_the_contact_form_with(io.cucumber.datatable.DataTable)
    | field   | value           |
    | email   | valid@email.com |
    | name    | Valid Name      |
    | message | Valid message   |
04:46:56.855 [main] INFO  stepDefinitions.ContactSteps - BDD Step: Clicking Send message contact button
04:46:56.855 [main] INFO  pages.ContactModal - Clicking 'Send message' button
04:46:57.101 [main] INFO  pages.ContactModal - Send message button clicked successfully
  And I click "Send message" contact button               # stepDefinitions.ContactSteps.i_click_contact_button(java.lang.String)
04:46:57.104 [main] INFO  stepDefinitions.ContactSteps - BDD Step: Verifying response for scenario: valid_data
  Then I should see appropriate response for "valid_data" # stepDefinitions.ContactSteps.i_should_see_appropriate_response_for(java.lang.String)
04:46:57.138 [main] INFO  hooks.Hooks - Finishing BDD scenario: Validate contact form fields - Status: PASSED
04:46:57.384 [main] INFO  hooks.Hooks - BDD test cleanup completed for scenario: Validate contact form fields
]]></system-out>
    <system-err><![CDATA[Sep 25, 2025 4:46:52 AM org.openqa.selenium.devtools.CdpVersionFinder findNearestMatch
WARNING: Unable to find an exact match for CDP version 140, returning the closest version; found: 139; Please update to a Selenium version that supports CDP version 140
]]></system-err>
  </testcase>
  <testcase name="Validate contact form fields #2" classname="DemoBlaze Contact Modal" time="5.84">
    <system-out><![CDATA[
@Contact @UI @Communication @ContactValidation @Functional
Scenario Outline: Validate contact form fields               # src/test/resources/features/Contact.feature:43
04:46:57.403 [main] INFO  hooks.Hooks - Starting BDD scenario: Validate contact form fields
04:46:57.403 [main] INFO  hooks.Hooks - BDD test environment configured for scenario: Validate contact form fields
04:46:57.405 [main] INFO  stepDefinitions.HomePageSteps - BDD Step: Navigating to DemoBlaze home page
04:46:57.405 [main] INFO  pages.HomePage - BDD: Opening home page
04:46:57.405 [main] INFO  pages.HomePage - Opening DemoBlaze home page
04:46:57.405 [main] INFO  c.c.s.WebDriverThreadLocalContainer - No webdriver is bound to current thread: 1 - let's create a new webdriver
04:46:58.824 [main] INFO  c.c.s.webdriver.WebDriverFactory - Selenide 7.10.0 / Selenium 4.35.0 / chrome 140.0.7339.185 windows
04:47:01.249 [main] INFO  pages.HomePage - Home page opened successfully
  Given I navigate to the DemoBlaze home page                # stepDefinitions.HomePageSteps.i_navigate_to_the_demoblaze_home_page()
04:47:01.252 [main] INFO  stepDefinitions.ContactSteps - BDD Step: Clicking on Contact link
04:47:01.253 [main] INFO  pages.HomePage - BDD: Clicking contact link
04:47:01.619 [main] INFO  pages.HomePage - BDD: Contact link clicked successfully
  When I click on "Contact" link                             # stepDefinitions.ContactSteps.i_click_on_link(java.lang.String)
04:47:01.627 [main] INFO  stepDefinitions.ContactSteps - BDD Step: Filling contact form with specified data
04:47:01.629 [main] INFO  pages.ContactModal - Filling complete contact form for: Test User (null)
04:47:01.629 [main] INFO  pages.ContactModal - Filling contact email field with: null
04:47:02.183 [main] INFO  pages.ContactModal - Filling contact name field with: Test User
04:47:02.412 [main] INFO  pages.ContactModal - Filling message field
04:47:02.623 [main] INFO  pages.ContactModal - Contact form filled successfully for: Test User
  And I fill the contact form with:                          # stepDefinitions.ContactSteps.i_fill_the_contact_form_with(io.cucumber.datatable.DataTable)
    | field   | value         |
    | email   | [empty]       |
    | name    | Test User     |
    | message | Valid message |
04:47:02.624 [main] INFO  stepDefinitions.ContactSteps - BDD Step: Clicking Send message contact button
04:47:02.624 [main] INFO  pages.ContactModal - Clicking 'Send message' button
04:47:02.885 [main] INFO  pages.ContactModal - Send message button clicked successfully
  And I click "Send message" contact button                  # stepDefinitions.ContactSteps.i_click_contact_button(java.lang.String)
04:47:02.887 [main] INFO  stepDefinitions.ContactSteps - BDD Step: Verifying response for scenario: missing_email
04:47:02.887 [main] INFO  stepDefinitions.ContactSteps - Handling scenario: missing_email
  Then I should see appropriate response for "missing_email" # stepDefinitions.ContactSteps.i_should_see_appropriate_response_for(java.lang.String)
04:47:02.943 [main] INFO  hooks.Hooks - Finishing BDD scenario: Validate contact form fields - Status: PASSED
04:47:03.232 [main] INFO  hooks.Hooks - BDD test cleanup completed for scenario: Validate contact form fields
]]></system-out>
    <system-err><![CDATA[Sep 25, 2025 4:46:58 AM org.openqa.selenium.devtools.CdpVersionFinder findNearestMatch
WARNING: Unable to find an exact match for CDP version 140, returning the closest version; found: 139; Please update to a Selenium version that supports CDP version 140
]]></system-err>
  </testcase>
  <testcase name="Validate contact form fields #3" classname="DemoBlaze Contact Modal" time="6.075">
    <system-out><![CDATA[
@Contact @UI @Communication @ContactValidation @Functional
Scenario Outline: Validate contact form fields              # src/test/resources/features/Contact.feature:44
04:47:03.259 [main] INFO  hooks.Hooks - Starting BDD scenario: Validate contact form fields
04:47:03.259 [main] INFO  hooks.Hooks - BDD test environment configured for scenario: Validate contact form fields
04:47:03.263 [main] INFO  stepDefinitions.HomePageSteps - BDD Step: Navigating to DemoBlaze home page
04:47:03.263 [main] INFO  pages.HomePage - BDD: Opening home page
04:47:03.263 [main] INFO  pages.HomePage - Opening DemoBlaze home page
04:47:03.265 [main] INFO  c.c.s.WebDriverThreadLocalContainer - No webdriver is bound to current thread: 1 - let's create a new webdriver
04:47:04.618 [main] INFO  c.c.s.webdriver.WebDriverFactory - Selenide 7.10.0 / Selenium 4.35.0 / chrome 140.0.7339.185 windows
04:47:07.086 [main] INFO  pages.HomePage - Home page opened successfully
  Given I navigate to the DemoBlaze home page               # stepDefinitions.HomePageSteps.i_navigate_to_the_demoblaze_home_page()
04:47:07.088 [main] INFO  stepDefinitions.ContactSteps - BDD Step: Clicking on Contact link
04:47:07.089 [main] INFO  pages.HomePage - BDD: Clicking contact link
04:47:07.401 [main] INFO  pages.HomePage - BDD: Contact link clicked successfully
  When I click on "Contact" link                            # stepDefinitions.ContactSteps.i_click_on_link(java.lang.String)
04:47:07.404 [main] INFO  stepDefinitions.ContactSteps - BDD Step: Filling contact form with specified data
04:47:07.404 [main] INFO  pages.ContactModal - Filling complete contact form for: null (invalid@email.com)
04:47:07.404 [main] INFO  pages.ContactModal - Filling contact email field with: invalid@email.com
04:47:08.134 [main] INFO  pages.ContactModal - Filling contact name field with: null
04:47:08.281 [main] INFO  pages.ContactModal - Filling message field
04:47:08.550 [main] INFO  pages.ContactModal - Contact form filled successfully for: null
  And I fill the contact form with:                         # stepDefinitions.ContactSteps.i_fill_the_contact_form_with(io.cucumber.datatable.DataTable)
    | field   | value             |
    | email   | invalid@email.com |
    | name    | [empty]           |
    | message | Valid message     |
04:47:08.552 [main] INFO  stepDefinitions.ContactSteps - BDD Step: Clicking Send message contact button
04:47:08.552 [main] INFO  pages.ContactModal - Clicking 'Send message' button
04:47:08.717 [main] INFO  pages.ContactModal - Send message button clicked successfully
  And I click "Send message" contact button                 # stepDefinitions.ContactSteps.i_click_contact_button(java.lang.String)
04:47:08.718 [main] INFO  stepDefinitions.ContactSteps - BDD Step: Verifying response for scenario: missing_name
04:47:08.718 [main] INFO  stepDefinitions.ContactSteps - Handling scenario: missing_name
  Then I should see appropriate response for "missing_name" # stepDefinitions.ContactSteps.i_should_see_appropriate_response_for(java.lang.String)
04:47:08.766 [main] INFO  hooks.Hooks - Finishing BDD scenario: Validate contact form fields - Status: PASSED
04:47:09.312 [main] INFO  hooks.Hooks - BDD test cleanup completed for scenario: Validate contact form fields
]]></system-out>
    <system-err><![CDATA[Sep 25, 2025 4:47:04 AM org.openqa.selenium.devtools.CdpVersionFinder findNearestMatch
WARNING: Unable to find an exact match for CDP version 140, returning the closest version; found: 139; Please update to a Selenium version that supports CDP version 140
]]></system-err>
  </testcase>
  <testcase name="Validate contact form fields #4" classname="DemoBlaze Contact Modal" time="6.318">
    <system-out><![CDATA[
@Contact @UI @Communication @ContactValidation @Functional
Scenario Outline: Validate contact form fields                 # src/test/resources/features/Contact.feature:45
04:47:09.335 [main] INFO  hooks.Hooks - Starting BDD scenario: Validate contact form fields
04:47:09.335 [main] INFO  hooks.Hooks - BDD test environment configured for scenario: Validate contact form fields
04:47:09.337 [main] INFO  stepDefinitions.HomePageSteps - BDD Step: Navigating to DemoBlaze home page
04:47:09.337 [main] INFO  pages.HomePage - BDD: Opening home page
04:47:09.337 [main] INFO  pages.HomePage - Opening DemoBlaze home page
04:47:09.337 [main] INFO  c.c.s.WebDriverThreadLocalContainer - No webdriver is bound to current thread: 1 - let's create a new webdriver
04:47:11.122 [main] INFO  c.c.s.webdriver.WebDriverFactory - Selenide 7.10.0 / Selenium 4.35.0 / chrome 140.0.7339.185 windows
04:47:13.752 [main] INFO  pages.HomePage - Home page opened successfully
  Given I navigate to the DemoBlaze home page                  # stepDefinitions.HomePageSteps.i_navigate_to_the_demoblaze_home_page()
04:47:13.755 [main] INFO  stepDefinitions.ContactSteps - BDD Step: Clicking on Contact link
04:47:13.755 [main] INFO  pages.HomePage - BDD: Clicking contact link
04:47:13.944 [main] INFO  pages.HomePage - BDD: Contact link clicked successfully
  When I click on "Contact" link                               # stepDefinitions.ContactSteps.i_click_on_link(java.lang.String)
04:47:13.944 [main] INFO  stepDefinitions.ContactSteps - BDD Step: Filling contact form with specified data
04:47:13.944 [main] INFO  pages.ContactModal - Filling complete contact form for: Valid Name (valid@email.com)
04:47:13.944 [main] INFO  pages.ContactModal - Filling contact email field with: valid@email.com
04:47:14.620 [main] INFO  pages.ContactModal - Filling contact name field with: Valid Name
04:47:14.855 [main] INFO  pages.ContactModal - Filling message field
04:47:15.004 [main] INFO  pages.ContactModal - Contact form filled successfully for: Valid Name
  And I fill the contact form with:                            # stepDefinitions.ContactSteps.i_fill_the_contact_form_with(io.cucumber.datatable.DataTable)
    | field   | value           |
    | email   | valid@email.com |
    | name    | Valid Name      |
    | message | [empty]         |
04:47:15.007 [main] INFO  stepDefinitions.ContactSteps - BDD Step: Clicking Send message contact button
04:47:15.007 [main] INFO  pages.ContactModal - Clicking 'Send message' button
04:47:15.292 [main] INFO  pages.ContactModal - Send message button clicked successfully
  And I click "Send message" contact button                    # stepDefinitions.ContactSteps.i_click_contact_button(java.lang.String)
04:47:15.294 [main] INFO  stepDefinitions.ContactSteps - BDD Step: Verifying response for scenario: missing_message
04:47:15.295 [main] INFO  stepDefinitions.ContactSteps - Handling scenario: missing_message
  Then I should see appropriate response for "missing_message" # stepDefinitions.ContactSteps.i_should_see_appropriate_response_for(java.lang.String)
04:47:15.330 [main] INFO  hooks.Hooks - Finishing BDD scenario: Validate contact form fields - Status: PASSED
04:47:15.638 [main] INFO  hooks.Hooks - BDD test cleanup completed for scenario: Validate contact form fields
]]></system-out>
    <system-err><![CDATA[Sep 25, 2025 4:47:11 AM org.openqa.selenium.devtools.CdpVersionFinder findNearestMatch
WARNING: Unable to find an exact match for CDP version 140, returning the closest version; found: 139; Please update to a Selenium version that supports CDP version 140
]]></system-err>
  </testcase>
  <testcase name="Reset contact form" classname="DemoBlaze Contact Modal" time="7.83">
    <system-out><![CDATA[
@Contact @UI @Communication @ContactFormReset @UI
Scenario: Reset contact form                  # src/test/resources/features/Contact.feature:48
04:47:15.650 [main] INFO  hooks.Hooks - Starting BDD scenario: Reset contact form
04:47:15.650 [main] INFO  hooks.Hooks - BDD test environment configured for scenario: Reset contact form
04:47:15.650 [main] INFO  stepDefinitions.HomePageSteps - BDD Step: Navigating to DemoBlaze home page
04:47:15.650 [main] INFO  pages.HomePage - BDD: Opening home page
04:47:15.650 [main] INFO  pages.HomePage - Opening DemoBlaze home page
04:47:15.650 [main] INFO  c.c.s.WebDriverThreadLocalContainer - No webdriver is bound to current thread: 1 - let's create a new webdriver
04:47:17.184 [main] INFO  c.c.s.webdriver.WebDriverFactory - Selenide 7.10.0 / Selenium 4.35.0 / chrome 140.0.7339.185 windows
04:47:20.039 [main] INFO  pages.HomePage - Home page opened successfully
  Given I navigate to the DemoBlaze home page # stepDefinitions.HomePageSteps.i_navigate_to_the_demoblaze_home_page()
04:47:20.039 [main] INFO  stepDefinitions.ContactSteps - BDD Step: Clicking on Contact link
04:47:20.039 [main] INFO  pages.HomePage - BDD: Clicking contact link
04:47:20.517 [main] INFO  pages.HomePage - BDD: Contact link clicked successfully
  When I click on "Contact" link              # stepDefinitions.ContactSteps.i_click_on_link(java.lang.String)
04:47:20.521 [main] INFO  stepDefinitions.ContactSteps - BDD Step: Filling contact form with test data
04:47:20.521 [main] INFO  pages.ContactModal - Filling complete contact form for: Test User (test@example.com)
04:47:20.521 [main] INFO  pages.ContactModal - Filling contact email field with: test@example.com
04:47:21.351 [main] INFO  pages.ContactModal - Filling contact name field with: Test User
04:47:22.100 [main] INFO  pages.ContactModal - Filling message field
04:47:22.423 [main] INFO  pages.ContactModal - Contact form filled successfully for: Test User
  And I fill the contact form with test data  # stepDefinitions.ContactSteps.i_fill_the_contact_form_with_test_data()
04:47:22.423 [main] INFO  stepDefinitions.ContactSteps - BDD Step: Closing contact modal
04:47:22.423 [main] INFO  pages.ContactModal - BDD: Closing contact modal
04:47:22.423 [main] INFO  pages.ContactModal - Clicking 'Close' button to close contact modal
04:47:22.674 [main] INFO  pages.ContactModal - Contact modal closed successfully
  And I close the contact modal               # stepDefinitions.ContactSteps.i_close_the_contact_modal()
04:47:22.677 [main] INFO  stepDefinitions.ContactSteps - BDD Step: Clicking on Contact link again
04:47:22.679 [main] INFO  stepDefinitions.ContactSteps - BDD Step: Clicking on Contact link
04:47:22.679 [main] INFO  pages.HomePage - BDD: Clicking contact link
04:47:23.104 [main] INFO  pages.HomePage - BDD: Contact link clicked successfully
  And I click on "Contact" link again         # stepDefinitions.ContactSteps.i_click_on_link_again(java.lang.String)
04:47:23.104 [main] INFO  stepDefinitions.ContactSteps - BDD Step: Verifying contact form is empty
  Then the contact form should be empty       # stepDefinitions.ContactSteps.the_contact_form_should_be_empty()
04:47:23.107 [main] INFO  hooks.Hooks - Finishing BDD scenario: Reset contact form - Status: PASSED
04:47:23.466 [main] INFO  hooks.Hooks - BDD test cleanup completed for scenario: Reset contact form
]]></system-out>
    <system-err><![CDATA[Sep 25, 2025 4:47:17 AM org.openqa.selenium.devtools.CdpVersionFinder findNearestMatch
WARNING: Unable to find an exact match for CDP version 140, returning the closest version; found: 139; Please update to a Selenium version that supports CDP version 140
]]></system-err>
  </testcase>
  <testcase name="Contact form data persistence during session" classname="DemoBlaze Contact Modal" time="7.709">
    <system-out><![CDATA[
@Contact @UI @Communication @ContactFormPersistence @Edge
Scenario: Contact form data persistence during session # src/test/resources/features/Contact.feature:56
04:47:23.482 [main] INFO  hooks.Hooks - Starting BDD scenario: Contact form data persistence during session
04:47:23.482 [main] INFO  hooks.Hooks - BDD test environment configured for scenario: Contact form data persistence during session
04:47:23.485 [main] INFO  stepDefinitions.HomePageSteps - BDD Step: Navigating to DemoBlaze home page
04:47:23.485 [main] INFO  pages.HomePage - BDD: Opening home page
04:47:23.485 [main] INFO  pages.HomePage - Opening DemoBlaze home page
04:47:23.485 [main] INFO  c.c.s.WebDriverThreadLocalContainer - No webdriver is bound to current thread: 1 - let's create a new webdriver
04:47:24.902 [main] INFO  c.c.s.webdriver.WebDriverFactory - Selenide 7.10.0 / Selenium 4.35.0 / chrome 140.0.7339.185 windows
04:47:28.847 [main] INFO  pages.HomePage - Home page opened successfully
  Given I navigate to the DemoBlaze home page          # stepDefinitions.HomePageSteps.i_navigate_to_the_demoblaze_home_page()
04:47:28.851 [main] INFO  stepDefinitions.ContactSteps - BDD Step: Clicking on Contact link
04:47:28.851 [main] INFO  pages.HomePage - BDD: Clicking contact link
04:47:29.263 [main] INFO  pages.HomePage - BDD: Contact link clicked successfully
  When I click on "Contact" link                       # stepDefinitions.ContactSteps.i_click_on_link(java.lang.String)
04:47:29.263 [main] INFO  stepDefinitions.ContactSteps - BDD Step: Filling contact form partially
04:47:29.263 [main] INFO  pages.ContactModal - Filling contact email field with: partial@test.com
04:47:29.971 [main] INFO  pages.ContactModal - Filling contact name field with: Partial User
  And I fill the contact form partially                # stepDefinitions.ContactSteps.i_fill_the_contact_form_partially()
04:47:30.241 [main] INFO  stepDefinitions.ContactSteps - BDD Step: Closing contact modal without sending
04:47:30.242 [main] INFO  pages.ContactModal - BDD: Closing contact modal
04:47:30.242 [main] INFO  pages.ContactModal - Clicking 'Close' button to close contact modal
04:47:30.420 [main] INFO  pages.ContactModal - Contact modal closed successfully
  And I close the contact modal without sending        # stepDefinitions.ContactSteps.i_close_the_contact_modal_without_sending()
04:47:30.421 [main] INFO  stepDefinitions.ContactSteps - BDD Step: Clicking on Contact link again
04:47:30.422 [main] INFO  stepDefinitions.ContactSteps - BDD Step: Clicking on Contact link
04:47:30.422 [main] INFO  pages.HomePage - BDD: Clicking contact link
04:47:30.846 [main] INFO  pages.HomePage - BDD: Contact link clicked successfully
  And I click on "Contact" link again                  # stepDefinitions.ContactSteps.i_click_on_link_again(java.lang.String)
04:47:30.850 [main] INFO  stepDefinitions.ContactSteps - BDD Step: Verifying form data is cleared
  Then the form data should be cleared                 # stepDefinitions.ContactSteps.the_form_data_should_be_cleared()
04:47:30.852 [main] INFO  hooks.Hooks - Finishing BDD scenario: Contact form data persistence during session - Status: PASSED
04:47:31.184 [main] INFO  hooks.Hooks - BDD test cleanup completed for scenario: Contact form data persistence during session
]]></system-out>
    <system-err><![CDATA[Sep 25, 2025 4:47:24 AM org.openqa.selenium.devtools.CdpVersionFinder findNearestMatch
WARNING: Unable to find an exact match for CDP version 140, returning the closest version; found: 139; Please update to a Selenium version that supports CDP version 140
]]></system-err>
  </testcase>
  <testcase name="Verify navigation bar elements are visible" classname="DemoBlaze Home Page" time="6.171">
    <system-out><![CDATA[
@HomePage @UI @Navigation @Smoke
Scenario: Verify navigation bar elements are visible     # src/test/resources/features/HomePage.feature:11
04:47:31.208 [main] INFO  hooks.Hooks - Starting BDD scenario: Verify navigation bar elements are visible
04:47:31.208 [main] INFO  hooks.Hooks - BDD test environment configured for scenario: Verify navigation bar elements are visible
04:47:31.213 [main] INFO  stepDefinitions.HomePageSteps - BDD Step: Navigating to DemoBlaze home page
04:47:31.213 [main] INFO  pages.HomePage - BDD: Opening home page
04:47:31.213 [main] INFO  pages.HomePage - Opening DemoBlaze home page
04:47:31.213 [main] INFO  c.c.s.WebDriverThreadLocalContainer - No webdriver is bound to current thread: 1 - let's create a new webdriver
04:47:32.783 [main] INFO  c.c.s.webdriver.WebDriverFactory - Selenide 7.10.0 / Selenium 4.35.0 / chrome 140.0.7339.185 windows
04:47:36.291 [main] INFO  pages.HomePage - Home page opened successfully
  Given I navigate to the DemoBlaze home page            # stepDefinitions.HomePageSteps.i_navigate_to_the_demoblaze_home_page()
04:47:36.293 [main] INFO  stepDefinitions.HomePageSteps - BDD Step: Viewing home page content
  When I view the home page                              # stepDefinitions.HomePageSteps.i_view_the_home_page()
04:47:36.294 [main] INFO  stepDefinitions.HomePageSteps - BDD Step: Verifying navigation bar elements
04:47:36.294 [main] INFO  pages.HomePage - Verifying navigation elements are visible
04:47:37.057 [main] INFO  pages.HomePage - All navigation elements verified successfully
  Then I should see the navigation bar with all elements # stepDefinitions.HomePageSteps.i_should_see_the_navigation_bar_with_all_elements()
04:47:37.059 [main] INFO  stepDefinitions.HomePageSteps - BDD Step: Verifying Home link is visible
  And the "Home" link should be visible                  # stepDefinitions.HomePageSteps.the_link_should_be_visible(java.lang.String)
04:47:37.059 [main] INFO  stepDefinitions.HomePageSteps - BDD Step: Verifying Contact link is visible
  And the "Contact" link should be visible               # stepDefinitions.HomePageSteps.the_link_should_be_visible(java.lang.String)
04:47:37.061 [main] INFO  stepDefinitions.HomePageSteps - BDD Step: Verifying About us link is visible
  And the "About us" link should be visible              # stepDefinitions.HomePageSteps.the_link_should_be_visible(java.lang.String)
04:47:37.061 [main] INFO  stepDefinitions.HomePageSteps - BDD Step: Verifying Cart link is visible
  And the "Cart" link should be visible                  # stepDefinitions.HomePageSteps.the_link_should_be_visible(java.lang.String)
04:47:37.061 [main] INFO  stepDefinitions.HomePageSteps - BDD Step: Verifying Log in link is visible
  And the "Log in" link should be visible                # stepDefinitions.HomePageSteps.the_link_should_be_visible(java.lang.String)
04:47:37.063 [main] INFO  stepDefinitions.HomePageSteps - BDD Step: Verifying Sign up link is visible
  And the "Sign up" link should be visible               # stepDefinitions.HomePageSteps.the_link_should_be_visible(java.lang.String)
04:47:37.064 [main] INFO  hooks.Hooks - Finishing BDD scenario: Verify navigation bar elements are visible - Status: PASSED
04:47:37.358 [main] INFO  hooks.Hooks - BDD test cleanup completed for scenario: Verify navigation bar elements are visible
]]></system-out>
    <system-err><![CDATA[Sep 25, 2025 4:47:32 AM org.openqa.selenium.devtools.CdpVersionFinder findNearestMatch
WARNING: Unable to find an exact match for CDP version 140, returning the closest version; found: 139; Please update to a Selenium version that supports CDP version 140
]]></system-err>
  </testcase>
  <testcase name="Verify product categories section" classname="DemoBlaze Home Page" time="4.809">
    <system-out><![CDATA[
@HomePage @UI @Categories @Smoke
Scenario: Verify product categories section   # src/test/resources/features/HomePage.feature:22
04:47:37.381 [main] INFO  hooks.Hooks - Starting BDD scenario: Verify product categories section
04:47:37.381 [main] INFO  hooks.Hooks - BDD test environment configured for scenario: Verify product categories section
04:47:37.383 [main] INFO  stepDefinitions.HomePageSteps - BDD Step: Navigating to DemoBlaze home page
04:47:37.383 [main] INFO  pages.HomePage - BDD: Opening home page
04:47:37.383 [main] INFO  pages.HomePage - Opening DemoBlaze home page
04:47:37.383 [main] INFO  c.c.s.WebDriverThreadLocalContainer - No webdriver is bound to current thread: 1 - let's create a new webdriver
04:47:38.801 [main] INFO  c.c.s.webdriver.WebDriverFactory - Selenide 7.10.0 / Selenium 4.35.0 / chrome 140.0.7339.185 windows
04:47:41.408 [main] INFO  pages.HomePage - Home page opened successfully
  Given I navigate to the DemoBlaze home page # stepDefinitions.HomePageSteps.i_navigate_to_the_demoblaze_home_page()
04:47:41.416 [main] INFO  stepDefinitions.HomePageSteps - BDD Step: Viewing home page content
  When I view the home page                   # stepDefinitions.HomePageSteps.i_view_the_home_page()
04:47:41.420 [main] INFO  stepDefinitions.HomePageSteps - BDD Step: Verifying categories section
04:47:41.421 [main] INFO  pages.HomePage - Verifying categories section
04:47:41.940 [main] INFO  pages.HomePage - Categories section verified successfully
  Then I should see the categories section    # stepDefinitions.HomePageSteps.i_should_see_the_categories_section()
04:47:41.942 [main] INFO  stepDefinitions.HomePageSteps - BDD Step: Verifying CATEGORIES header
  And I should see "CATEGORIES" header        # stepDefinitions.HomePageSteps.i_should_see_header(java.lang.String)
04:47:41.943 [main] INFO  stepDefinitions.HomePageSteps - BDD Step: Verifying Phones category
  And I should see "Phones" category          # stepDefinitions.HomePageSteps.i_should_see_category(java.lang.String)
04:47:41.943 [main] INFO  stepDefinitions.HomePageSteps - BDD Step: Verifying Laptops category
  And I should see "Laptops" category         # stepDefinitions.HomePageSteps.i_should_see_category(java.lang.String)
04:47:41.944 [main] INFO  stepDefinitions.HomePageSteps - BDD Step: Verifying Monitors category
  And I should see "Monitors" category        # stepDefinitions.HomePageSteps.i_should_see_category(java.lang.String)
04:47:41.944 [main] INFO  hooks.Hooks - Finishing BDD scenario: Verify product categories section - Status: PASSED
04:47:42.172 [main] INFO  hooks.Hooks - BDD test cleanup completed for scenario: Verify product categories section
]]></system-out>
    <system-err><![CDATA[Sep 25, 2025 4:47:38 AM org.openqa.selenium.devtools.CdpVersionFinder findNearestMatch
WARNING: Unable to find an exact match for CDP version 140, returning the closest version; found: 139; Please update to a Selenium version that supports CDP version 140
]]></system-err>
  </testcase>
  <testcase name="Verify product listings on home page" classname="DemoBlaze Home Page" time="5.551">
    <system-out><![CDATA[
@HomePage @UI @Products @regression
Scenario: Verify product listings on home page                   # src/test/resources/features/HomePage.feature:31
04:47:42.196 [main] INFO  hooks.Hooks - Starting BDD scenario: Verify product listings on home page
04:47:42.196 [main] INFO  hooks.Hooks - BDD test environment configured for scenario: Verify product listings on home page
04:47:42.199 [main] INFO  stepDefinitions.HomePageSteps - BDD Step: Navigating to DemoBlaze home page
04:47:42.199 [main] INFO  pages.HomePage - BDD: Opening home page
04:47:42.199 [main] INFO  pages.HomePage - Opening DemoBlaze home page
04:47:42.199 [main] INFO  c.c.s.WebDriverThreadLocalContainer - No webdriver is bound to current thread: 1 - let's create a new webdriver
04:47:43.670 [main] INFO  c.c.s.webdriver.WebDriverFactory - Selenide 7.10.0 / Selenium 4.35.0 / chrome 140.0.7339.185 windows
04:47:46.214 [main] INFO  pages.HomePage - Home page opened successfully
  Given I navigate to the DemoBlaze home page                    # stepDefinitions.HomePageSteps.i_navigate_to_the_demoblaze_home_page()
04:47:46.216 [main] INFO  stepDefinitions.HomePageSteps - BDD Step: Viewing home page content
  When I view the home page                                      # stepDefinitions.HomePageSteps.i_view_the_home_page()
04:47:46.217 [main] INFO  stepDefinitions.HomePageSteps - BDD Step: Verifying product listings
  Then I should see product listings                             # stepDefinitions.HomePageSteps.i_should_see_product_listings()
04:47:46.221 [main] INFO  stepDefinitions.HomePageSteps - BDD Step: Verifying product Samsung galaxy s6 with price $360
04:47:46.221 [main] INFO  pages.HomePage - BDD: Verifying product details for: Samsung galaxy s6 with price: $360
04:47:47.035 [main] INFO  pages.HomePage - BDD: Product details verified successfully for: Samsung galaxy s6
  And I should see "Samsung galaxy s6" product with price "$360" # stepDefinitions.HomePageSteps.i_should_see_product_with_price(java.lang.String,java.lang.String)
04:47:47.036 [main] INFO  stepDefinitions.HomePageSteps - BDD Step: Verifying product Nexus 6 with price $650
04:47:47.036 [main] INFO  pages.HomePage - BDD: Verifying product details for: Nexus 6 with price: $650
04:47:47.101 [main] INFO  pages.HomePage - BDD: Product details verified successfully for: Nexus 6
  And I should see "Nexus 6" product with price "$650"           # stepDefinitions.HomePageSteps.i_should_see_product_with_price(java.lang.String,java.lang.String)
04:47:47.102 [main] INFO  stepDefinitions.HomePageSteps - BDD Step: Verifying product Samsung galaxy s7 with price $800
04:47:47.102 [main] INFO  pages.HomePage - BDD: Verifying product details for: Samsung galaxy s7 with price: $800
04:47:47.173 [main] INFO  pages.HomePage - BDD: Product details verified successfully for: Samsung galaxy s7
  And I should see "Samsung galaxy s7" product with price "$800" # stepDefinitions.HomePageSteps.i_should_see_product_with_price(java.lang.String,java.lang.String)
04:47:47.174 [main] INFO  stepDefinitions.HomePageSteps - BDD Step: Verifying product Iphone 6 32gb with price $790
04:47:47.174 [main] INFO  pages.HomePage - BDD: Verifying product details for: Iphone 6 32gb with price: $790
04:47:47.280 [main] INFO  pages.HomePage - BDD: Product details verified successfully for: Iphone 6 32gb
  And I should see "Iphone 6 32gb" product with price "$790"     # stepDefinitions.HomePageSteps.i_should_see_product_with_price(java.lang.String,java.lang.String)
04:47:47.281 [main] INFO  stepDefinitions.HomePageSteps - BDD Step: Verifying product Sony xperia z5 with price $320
04:47:47.281 [main] INFO  pages.HomePage - BDD: Verifying product details for: Sony xperia z5 with price: $320
04:47:47.379 [main] INFO  pages.HomePage - BDD: Product details verified successfully for: Sony xperia z5
  And I should see "Sony xperia z5" product with price "$320"    # stepDefinitions.HomePageSteps.i_should_see_product_with_price(java.lang.String,java.lang.String)
04:47:47.382 [main] INFO  stepDefinitions.HomePageSteps - BDD Step: Verifying product Nokia lumia 1520 with price $820
04:47:47.382 [main] INFO  pages.HomePage - BDD: Verifying product details for: Nokia lumia 1520 with price: $820
04:47:47.463 [main] INFO  pages.HomePage - BDD: Product details verified successfully for: Nokia lumia 1520
  And I should see "Nokia lumia 1520" product with price "$820"  # stepDefinitions.HomePageSteps.i_should_see_product_with_price(java.lang.String,java.lang.String)
04:47:47.467 [main] INFO  hooks.Hooks - Finishing BDD scenario: Verify product listings on home page - Status: PASSED
04:47:47.733 [main] INFO  hooks.Hooks - BDD test cleanup completed for scenario: Verify product listings on home page
]]></system-out>
    <system-err><![CDATA[Sep 25, 2025 4:47:43 AM org.openqa.selenium.devtools.CdpVersionFinder findNearestMatch
WARNING: Unable to find an exact match for CDP version 140, returning the closest version; found: 139; Please update to a Selenium version that supports CDP version 140
]]></system-err>
  </testcase>
  <testcase name="Verify individual product details #1" classname="DemoBlaze Home Page" time="8.36">
    <system-out><![CDATA[
@HomePage @UI @ProductDetails @regression
Scenario Outline: Verify individual product details      # src/test/resources/features/HomePage.feature:54
04:47:47.744 [main] INFO  hooks.Hooks - Starting BDD scenario: Verify individual product details
04:47:47.744 [main] INFO  hooks.Hooks - BDD test environment configured for scenario: Verify individual product details
04:47:47.745 [main] INFO  stepDefinitions.HomePageSteps - BDD Step: Navigating to DemoBlaze home page
04:47:47.745 [main] INFO  pages.HomePage - BDD: Opening home page
04:47:47.745 [main] INFO  pages.HomePage - Opening DemoBlaze home page
04:47:47.745 [main] INFO  c.c.s.WebDriverThreadLocalContainer - No webdriver is bound to current thread: 1 - let's create a new webdriver
04:47:49.125 [main] INFO  c.c.s.webdriver.WebDriverFactory - Selenide 7.10.0 / Selenium 4.35.0 / chrome 140.0.7339.185 windows
04:47:52.099 [main] INFO  pages.HomePage - Home page opened successfully
  Given I navigate to the DemoBlaze home page            # stepDefinitions.HomePageSteps.i_navigate_to_the_demoblaze_home_page()
04:47:52.101 [main] INFO  stepDefinitions.HomePageSteps - BDD Step: Viewing home page content
  When I view the home page                              # stepDefinitions.HomePageSteps.i_view_the_home_page()
04:47:52.101 [main] INFO  stepDefinitions.HomePageSteps - BDD Step: Clicking on product Samsung galaxy s6
04:47:52.101 [main] INFO  pages.HomePage - BDD: Clicking on first product: Samsung galaxy s6
04:47:52.101 [main] INFO  pages.HomePage - Clicking on first product: Samsung galaxy s6
04:47:54.249 [main] INFO  pages.HomePage - Successfully clicked on first product: Samsung galaxy s6
  And I click on "Samsung galaxy s6" product             # stepDefinitions.HomePageSteps.i_click_on_product(java.lang.String)
04:47:54.252 [main] INFO  stepDefinitions.HomePageSteps - BDD Step: Verifying product details page navigation
04:47:54.252 [main] INFO  pages.ProductDetailsPage - Verifying product image is visible
04:47:55.130 [main] INFO  pages.ProductDetailsPage - Product image verified successfully
  Then I should navigate to the product details page     # stepDefinitions.HomePageSteps.i_should_navigate_to_the_product_details_page()
04:47:55.130 [main] INFO  stepDefinitions.HomePageSteps - BDD Step: Verifying product image
04:47:55.130 [main] INFO  pages.ProductDetailsPage - Verifying product image is visible
04:47:55.194 [main] INFO  pages.ProductDetailsPage - Product image verified successfully
  And I should see the product image                     # stepDefinitions.HomePageSteps.i_should_see_the_product_image()
04:47:55.195 [main] INFO  stepDefinitions.HomePageSteps - BDD Step: Verifying product title as Samsung galaxy s6
  And I should see product title as "Samsung galaxy s6"  # stepDefinitions.HomePageSteps.i_should_see_product_title_as(java.lang.String)
04:47:55.195 [main] INFO  stepDefinitions.HomePageSteps - BDD Step: Verifying product price as $360 *includes tax
  And I should see product price as "$360 *includes tax" # stepDefinitions.HomePageSteps.i_should_see_product_price_as(java.lang.String)
04:47:55.199 [main] INFO  stepDefinitions.HomePageSteps - BDD Step: Navigating back to home page
04:47:55.199 [main] INFO  pages.ProductDetailsPage - BDD: Navigating back to home page
04:47:55.199 [main] INFO  pages.ProductDetailsPage - Navigating back to home page
04:47:55.790 [main] INFO  pages.ProductDetailsPage - Successfully navigated to home page
  When I navigate back to home page                      # stepDefinitions.HomePageSteps.i_navigate_back_to_home_page()
04:47:55.795 [main] INFO  stepDefinitions.HomePageSteps - BDD Step: Verifying user is on home page
  Then I should be on the home page                      # stepDefinitions.HomePageSteps.i_should_be_on_the_home_page()
04:47:55.796 [main] INFO  hooks.Hooks - Finishing BDD scenario: Verify individual product details - Status: PASSED
04:47:56.097 [main] INFO  hooks.Hooks - BDD test cleanup completed for scenario: Verify individual product details
]]></system-out>
    <system-err><![CDATA[Sep 25, 2025 4:47:49 AM org.openqa.selenium.devtools.CdpVersionFinder findNearestMatch
WARNING: Unable to find an exact match for CDP version 140, returning the closest version; found: 139; Please update to a Selenium version that supports CDP version 140
]]></system-err>
  </testcase>
  <testcase name="Verify individual product details #2" classname="DemoBlaze Home Page" time="11.26">
    <failure message="Element not found {.card-title[0]}&#10;Expected: visible&#10;Screenshot: file:/E:/Courses/Amalitech%20GTP/Projects/demoblazeProjectPlaywright/target/screenshots/1758775685393.2.png&#10;Page source: file:/E:/Courses/Amalitech%20GTP/Projects/demoblazeProjectPlaywright/target/screenshots/1758775685393.2.html&#10;Timeout: 4 s.&#10;Caused by: NoSuchElementException: no such element: Unable to locate element: {&quot;method&quot;:&quot;css selector&quot;,&quot;selector&quot;:&quot;.card-title&quot;}" type="Element not found {.card-title[0]}&#10;Expected"><![CDATA[Element not found {.card-title[0]}
Expected: visible
Screenshot: file:/E:/Courses/Amalitech%20GTP/Projects/demoblazeProjectPlaywright/target/screenshots/1758775685393.2.png
Page source: file:/E:/Courses/Amalitech%20GTP/Projects/demoblazeProjectPlaywright/target/screenshots/1758775685393.2.html
Timeout: 4 s.
Caused by: NoSuchElementException: no such element: Unable to locate element: {"method":"css selector","selector":".card-title"}
	at com.codeborne.selenide.impl.CollectionElement.createElementNotFoundError(CollectionElement.java:58)
	at com.codeborne.selenide.impl.WebElementSource.handleError(WebElementSource.java:140)
	at com.codeborne.selenide.impl.WebElementSource.checkConditionAndReturnElement(WebElementSource.java:123)
	at com.codeborne.selenide.impl.WebElementSource.findAndAssertElementIsClickable(WebElementSource.java:169)
	at com.codeborne.selenide.commands.Click.findElement(Click.java:53)
	at com.codeborne.selenide.commands.Click.execute(Click.java:39)
	at com.codeborne.selenide.FluentCommand.execute(FluentCommand.java:27)
	at com.codeborne.selenide.FluentCommand.execute(FluentCommand.java:19)
	at com.codeborne.selenide.commands.Commands.execute(Commands.java:160)
	at com.codeborne.selenide.impl.SelenideElementProxy.dispatchAndRetry(SelenideElementProxy.java:131)
	at com.codeborne.selenide.impl.SelenideElementProxy.invoke(SelenideElementProxy.java:83)
	at jdk.proxy2/jdk.proxy2.$Proxy25.click(Unknown Source)
	at pages.HomePage.clickProduct(HomePage.java:119)
	at pages.HomePage.clickOnFirstProduct(HomePage.java:170)
	at stepDefinitions.HomePageSteps.i_click_on_product(HomePageSteps.java:99)
	at ✽.I click on "Nexus 6" product(file:///E:/Courses/Amalitech%20GTP/Projects/demoblazeProjectPlaywright/src/test/resources/features/HomePage.feature:44)
Caused by: org.openqa.selenium.NoSuchElementException: no such element: Unable to locate element: {"method":"css selector","selector":".card-title"}
  (Session info: chrome=140.0.7339.185)
For documentation on this error, please visit: https://www.selenium.dev/documentation/webdriver/troubleshooting/errors#no-such-element-exception
Build info: version: '4.35.0', revision: '1c58e5028b'
System info: os.name: 'Windows 11', os.arch: 'amd64', os.version: '10.0', java.version: '23.0.2'
Driver info: org.openqa.selenium.chrome.ChromeDriver
Command: [4723efdae6719dc54cd9b4ebfb8db431, findElement {value=.card-title, using=css selector}]
Capabilities {acceptInsecureCerts: true, browserName: chrome, browserVersion: 140.0.7339.185, chrome: {chromedriverVersion: 140.0.7339.207 (17230b545fd..., userDataDir: C:\Users\EMMANU~1\AppData\L...}, fedcm:accounts: true, goog:chromeOptions: {debuggerAddress: localhost:4250}, networkConnectionEnabled: false, pageLoadStrategy: normal, platformName: windows, proxy: Proxy(), se:cdp: ws://localhost:4250/devtool..., se:cdpVersion: 140.0.7339.185, setWindowRect: true, strictFileInteractability: false, timeouts: {implicit: 0, pageLoad: 300000, script: 30000}, unhandledPromptBehavior: accept, webauthn:extension:credBlob: true, webauthn:extension:largeBlob: true, webauthn:extension:minPinLength: true, webauthn:extension:prf: true, webauthn:virtualAuthenticators: true}
Session ID: 4723efdae6719dc54cd9b4ebfb8db431
	at java.base/java.lang.reflect.Constructor.newInstanceWithCaller(Constructor.java:501)
	at java.base/java.lang.reflect.Constructor.newInstance(Constructor.java:485)
	at org.openqa.selenium.remote.ErrorCodec.decode(ErrorCodec.java:167)
	at org.openqa.selenium.remote.codec.w3c.W3CHttpResponseCodec.decode(W3CHttpResponseCodec.java:138)
	at org.openqa.selenium.remote.codec.w3c.W3CHttpResponseCodec.decode(W3CHttpResponseCodec.java:50)
	at org.openqa.selenium.remote.HttpCommandExecutor.execute(HttpCommandExecutor.java:215)
	at org.openqa.selenium.remote.service.DriverCommandExecutor.invokeExecute(DriverCommandExecutor.java:216)
	at org.openqa.selenium.remote.service.DriverCommandExecutor.execute(DriverCommandExecutor.java:174)
	at org.openqa.selenium.remote.RemoteWebDriver.execute(RemoteWebDriver.java:557)
	at org.openqa.selenium.remote.ElementLocation$ElementFinder$2.findElement(ElementLocation.java:165)
	at org.openqa.selenium.remote.ElementLocation.findElement(ElementLocation.java:59)
	at org.openqa.selenium.remote.RemoteWebDriver.findElement(RemoteWebDriver.java:380)
	at org.openqa.selenium.remote.RemoteWebDriver.findElement(RemoteWebDriver.java:374)
	at com.codeborne.selenide.impl.WebElementSelector.findElement(WebElementSelector.java:67)
	at com.codeborne.selenide.impl.WebElementSelector.findElement(WebElementSelector.java:38)
	at com.codeborne.selenide.impl.WebElementSelector.findElement(WebElementSelector.java:29)
	at com.codeborne.selenide.impl.BySelectorCollection.getElement(BySelectorCollection.java:40)
	at com.codeborne.selenide.impl.CollectionElement.getWebElement(CollectionElement.java:42)
	at com.codeborne.selenide.impl.WebElementSource.checkConditionAndReturnElement(WebElementSource.java:112)
	at com.codeborne.selenide.impl.WebElementSource.findAndAssertElementIsClickable(WebElementSource.java:169)
	at com.codeborne.selenide.commands.Click.findElement(Click.java:53)
	at com.codeborne.selenide.commands.Click.execute(Click.java:39)
	at com.codeborne.selenide.FluentCommand.execute(FluentCommand.java:27)
	at com.codeborne.selenide.FluentCommand.execute(FluentCommand.java:19)
	at com.codeborne.selenide.commands.Commands.execute(Commands.java:160)
	at com.codeborne.selenide.impl.SelenideElementProxy.dispatchAndRetry(SelenideElementProxy.java:131)
	at com.codeborne.selenide.impl.SelenideElementProxy.invoke(SelenideElementProxy.java:83)
	at jdk.proxy2/jdk.proxy2.$Proxy25.click(Unknown Source)
	at pages.HomePage.clickProduct(HomePage.java:119)
	at pages.HomePage.clickOnFirstProduct(HomePage.java:170)
	at stepDefinitions.HomePageSteps.i_click_on_product(HomePageSteps.java:99)
	at java.base/java.lang.reflect.Method.invoke(Method.java:580)
	at io.cucumber.java.Invoker.doInvoke(Invoker.java:66)
	at io.cucumber.java.Invoker.invoke(Invoker.java:24)
	at io.cucumber.java.AbstractGlueDefinition.invokeMethod(AbstractGlueDefinition.java:47)
	at io.cucumber.java.JavaStepDefinition.execute(JavaStepDefinition.java:29)
	at io.cucumber.core.runner.CoreStepDefinition.execute(CoreStepDefinition.java:66)
	at io.cucumber.core.runner.PickleStepDefinitionMatch.runStep(PickleStepDefinitionMatch.java:63)
	at io.cucumber.core.runner.ExecutionMode$1.execute(ExecutionMode.java:10)
	at io.cucumber.core.runner.TestStep.executeStep(TestStep.java:84)
	at io.cucumber.core.runner.TestStep.run(TestStep.java:56)
	at io.cucumber.core.runner.PickleStepTestStep.run(PickleStepTestStep.java:51)
	at io.cucumber.core.runner.TestCase.run(TestCase.java:84)
	at io.cucumber.core.runner.Runner.runPickle(Runner.java:75)
	at io.cucumber.junit.PickleRunners$NoStepDescriptions.lambda$run$0(PickleRunners.java:151)
	at io.cucumber.core.runtime.CucumberExecutionContext.lambda$runTestCase$5(CucumberExecutionContext.java:137)
	at io.cucumber.core.runtime.RethrowingThrowableCollector.executeAndThrow(RethrowingThrowableCollector.java:23)
	at io.cucumber.core.runtime.CucumberExecutionContext.runTestCase(CucumberExecutionContext.java:137)
	at io.cucumber.junit.PickleRunners$NoStepDescriptions.run(PickleRunners.java:148)
	at io.cucumber.junit.FeatureRunner.runChild(FeatureRunner.java:144)
	at io.cucumber.junit.FeatureRunner.runChild(FeatureRunner.java:28)
	at io.cucumber.junit.FeatureRunner.run(FeatureRunner.java:137)
	at io.cucumber.junit.Cucumber.runChild(Cucumber.java:196)
	at io.cucumber.junit.Cucumber.runChild(Cucumber.java:89)
	at io.cucumber.core.runtime.CucumberExecutionContext.lambda$runFeatures$6(CucumberExecutionContext.java:148)
	at io.cucumber.core.runtime.CucumberExecutionContext.execute(CucumberExecutionContext.java:163)
	at io.cucumber.core.runtime.CucumberExecutionContext.runFeatures(CucumberExecutionContext.java:146)
	at io.cucumber.junit.Cucumber$StartAndFinishTestRun.evaluate(Cucumber.java:226)
]]></failure>
    <system-out><![CDATA[
@HomePage @UI @ProductDetails @regression
Scenario Outline: Verify individual product details      # src/test/resources/features/HomePage.feature:55
04:47:56.108 [main] INFO  hooks.Hooks - Starting BDD scenario: Verify individual product details
04:47:56.108 [main] INFO  hooks.Hooks - BDD test environment configured for scenario: Verify individual product details
04:47:56.108 [main] INFO  stepDefinitions.HomePageSteps - BDD Step: Navigating to DemoBlaze home page
04:47:56.108 [main] INFO  pages.HomePage - BDD: Opening home page
04:47:56.108 [main] INFO  pages.HomePage - Opening DemoBlaze home page
04:47:56.108 [main] INFO  c.c.s.WebDriverThreadLocalContainer - No webdriver is bound to current thread: 1 - let's create a new webdriver
04:47:57.611 [main] INFO  c.c.s.webdriver.WebDriverFactory - Selenide 7.10.0 / Selenium 4.35.0 / chrome 140.0.7339.185 windows
04:48:01.369 [main] INFO  pages.HomePage - Home page opened successfully
  Given I navigate to the DemoBlaze home page            # stepDefinitions.HomePageSteps.i_navigate_to_the_demoblaze_home_page()
04:48:01.371 [main] INFO  stepDefinitions.HomePageSteps - BDD Step: Viewing home page content
  When I view the home page                              # stepDefinitions.HomePageSteps.i_view_the_home_page()
04:48:01.371 [main] INFO  stepDefinitions.HomePageSteps - BDD Step: Clicking on product Nexus 6
04:48:01.371 [main] INFO  pages.HomePage - BDD: Clicking on first product: Nexus 6
04:48:01.371 [main] INFO  pages.HomePage - Clicking on first product: Nexus 6
04:48:05.440 [main] INFO  c.c.selenide.impl.AttachmentPrinter - [[ATTACHMENT|E:\Courses\Amalitech GTP\Projects\demoblazeProjectPlaywright\target\screenshots\1758775685393.2.html]]
04:48:06.026 [main] INFO  c.c.selenide.impl.AttachmentPrinter - [[ATTACHMENT|E:\Courses\Amalitech GTP\Projects\demoblazeProjectPlaywright\target\screenshots\1758775685393.2.png]]
  And I click on "Nexus 6" product                       # stepDefinitions.HomePageSteps.i_click_on_product(java.lang.String)
      Element not found {.card-title[0]}
Expected: visible
Screenshot: file:/E:/Courses/Amalitech%20GTP/Projects/demoblazeProjectPlaywright/target/screenshots/1758775685393.2.png
Page source: file:/E:/Courses/Amalitech%20GTP/Projects/demoblazeProjectPlaywright/target/screenshots/1758775685393.2.html
Timeout: 4 s.
Caused by: NoSuchElementException: no such element: Unable to locate element: {"method":"css selector","selector":".card-title"}
	at com.codeborne.selenide.impl.CollectionElement.createElementNotFoundError(CollectionElement.java:58)
	at com.codeborne.selenide.impl.WebElementSource.handleError(WebElementSource.java:140)
	at com.codeborne.selenide.impl.WebElementSource.checkConditionAndReturnElement(WebElementSource.java:123)
	at com.codeborne.selenide.impl.WebElementSource.findAndAssertElementIsClickable(WebElementSource.java:169)
	at com.codeborne.selenide.commands.Click.findElement(Click.java:53)
	at com.codeborne.selenide.commands.Click.execute(Click.java:39)
	at com.codeborne.selenide.FluentCommand.execute(FluentCommand.java:27)
	at com.codeborne.selenide.FluentCommand.execute(FluentCommand.java:19)
	at com.codeborne.selenide.commands.Commands.execute(Commands.java:160)
	at com.codeborne.selenide.impl.SelenideElementProxy.dispatchAndRetry(SelenideElementProxy.java:131)
	at com.codeborne.selenide.impl.SelenideElementProxy.invoke(SelenideElementProxy.java:83)
	at jdk.proxy2/jdk.proxy2.$Proxy25.click(Unknown Source)
	at pages.HomePage.clickProduct(HomePage.java:119)
	at pages.HomePage.clickOnFirstProduct(HomePage.java:170)
	at stepDefinitions.HomePageSteps.i_click_on_product(HomePageSteps.java:99)
	at ✽.I click on "Nexus 6" product(file:///E:/Courses/Amalitech%20GTP/Projects/demoblazeProjectPlaywright/src/test/resources/features/HomePage.feature:44)
Caused by: org.openqa.selenium.NoSuchElementException: no such element: Unable to locate element: {"method":"css selector","selector":".card-title"}
  (Session info: chrome=140.0.7339.185)
For documentation on this error, please visit: https://www.selenium.dev/documentation/webdriver/troubleshooting/errors#no-such-element-exception
Build info: version: '4.35.0', revision: '1c58e5028b'
System info: os.name: 'Windows 11', os.arch: 'amd64', os.version: '10.0', java.version: '23.0.2'
Driver info: org.openqa.selenium.chrome.ChromeDriver
Command: [4723efdae6719dc54cd9b4ebfb8db431, findElement {value=.card-title, using=css selector}]
Capabilities {acceptInsecureCerts: true, browserName: chrome, browserVersion: 140.0.7339.185, chrome: {chromedriverVersion: 140.0.7339.207 (17230b545fd..., userDataDir: C:\Users\EMMANU~1\AppData\L...}, fedcm:accounts: true, goog:chromeOptions: {debuggerAddress: localhost:4250}, networkConnectionEnabled: false, pageLoadStrategy: normal, platformName: windows, proxy: Proxy(), se:cdp: ws://localhost:4250/devtool..., se:cdpVersion: 140.0.7339.185, setWindowRect: true, strictFileInteractability: false, timeouts: {implicit: 0, pageLoad: 300000, script: 30000}, unhandledPromptBehavior: accept, webauthn:extension:credBlob: true, webauthn:extension:largeBlob: true, webauthn:extension:minPinLength: true, webauthn:extension:prf: true, webauthn:virtualAuthenticators: true}
Session ID: 4723efdae6719dc54cd9b4ebfb8db431
	at java.base/jdk.internal.reflect.DirectConstructorHandleAccessor.newInstance(DirectConstructorHandleAccessor.java:62)
	at java.base/java.lang.reflect.Constructor.newInstanceWithCaller(Constructor.java:501)
	at java.base/java.lang.reflect.Constructor.newInstance(Constructor.java:485)
	at org.openqa.selenium.remote.ErrorCodec.decode(ErrorCodec.java:167)
	at org.openqa.selenium.remote.codec.w3c.W3CHttpResponseCodec.decode(W3CHttpResponseCodec.java:138)
	at org.openqa.selenium.remote.codec.w3c.W3CHttpResponseCodec.decode(W3CHttpResponseCodec.java:50)
	at org.openqa.selenium.remote.HttpCommandExecutor.execute(HttpCommandExecutor.java:215)
	at org.openqa.selenium.remote.service.DriverCommandExecutor.invokeExecute(DriverCommandExecutor.java:216)
	at org.openqa.selenium.remote.service.DriverCommandExecutor.execute(DriverCommandExecutor.java:174)
	at org.openqa.selenium.remote.RemoteWebDriver.execute(RemoteWebDriver.java:557)
	at org.openqa.selenium.remote.ElementLocation$ElementFinder$2.findElement(ElementLocation.java:165)
	at org.openqa.selenium.remote.ElementLocation.findElement(ElementLocation.java:59)
	at org.openqa.selenium.remote.RemoteWebDriver.findElement(RemoteWebDriver.java:380)
	at org.openqa.selenium.remote.RemoteWebDriver.findElement(RemoteWebDriver.java:374)
	at com.codeborne.selenide.impl.WebElementSelector.findElement(WebElementSelector.java:67)
	at com.codeborne.selenide.impl.WebElementSelector.findElement(WebElementSelector.java:38)
	at com.codeborne.selenide.impl.WebElementSelector.findElement(WebElementSelector.java:29)
	at com.codeborne.selenide.impl.BySelectorCollection.getElement(BySelectorCollection.java:40)
	at com.codeborne.selenide.impl.CollectionElement.getWebElement(CollectionElement.java:42)
	at com.codeborne.selenide.impl.WebElementSource.checkConditionAndReturnElement(WebElementSource.java:112)
	at com.codeborne.selenide.impl.WebElementSource.findAndAssertElementIsClickable(WebElementSource.java:169)
	at com.codeborne.selenide.commands.Click.findElement(Click.java:53)
	at com.codeborne.selenide.commands.Click.execute(Click.java:39)
	at com.codeborne.selenide.FluentCommand.execute(FluentCommand.java:27)
	at com.codeborne.selenide.FluentCommand.execute(FluentCommand.java:19)
	at com.codeborne.selenide.commands.Commands.execute(Commands.java:160)
	at com.codeborne.selenide.impl.SelenideElementProxy.dispatchAndRetry(SelenideElementProxy.java:131)
	at com.codeborne.selenide.impl.SelenideElementProxy.invoke(SelenideElementProxy.java:83)
	at jdk.proxy2/jdk.proxy2.$Proxy25.click(Unknown Source)
	at pages.HomePage.clickProduct(HomePage.java:119)
	at pages.HomePage.clickOnFirstProduct(HomePage.java:170)
	at stepDefinitions.HomePageSteps.i_click_on_product(HomePageSteps.java:99)
	at java.base/jdk.internal.reflect.DirectMethodHandleAccessor.invoke(DirectMethodHandleAccessor.java:103)
	at java.base/java.lang.reflect.Method.invoke(Method.java:580)
	at io.cucumber.java.Invoker.doInvoke(Invoker.java:66)
	at io.cucumber.java.Invoker.invoke(Invoker.java:24)
	at io.cucumber.java.AbstractGlueDefinition.invokeMethod(AbstractGlueDefinition.java:47)
	at io.cucumber.java.JavaStepDefinition.execute(JavaStepDefinition.java:29)
	at io.cucumber.core.runner.CoreStepDefinition.execute(CoreStepDefinition.java:66)
	at io.cucumber.core.runner.PickleStepDefinitionMatch.runStep(PickleStepDefinitionMatch.java:63)
	at io.cucumber.core.runner.ExecutionMode$1.execute(ExecutionMode.java:10)
	at io.cucumber.core.runner.TestStep.executeStep(TestStep.java:84)
	at io.cucumber.core.runner.TestStep.run(TestStep.java:56)
	at io.cucumber.core.runner.PickleStepTestStep.run(PickleStepTestStep.java:51)
	at io.cucumber.core.runner.TestCase.run(TestCase.java:84)
	at io.cucumber.core.runner.Runner.runPickle(Runner.java:75)
	at io.cucumber.junit.PickleRunners$NoStepDescriptions.lambda$run$0(PickleRunners.java:151)
	at io.cucumber.core.runtime.CucumberExecutionContext.lambda$runTestCase$5(CucumberExecutionContext.java:137)
	at io.cucumber.core.runtime.RethrowingThrowableCollector.executeAndThrow(RethrowingThrowableCollector.java:23)
	at io.cucumber.core.runtime.CucumberExecutionContext.runTestCase(CucumberExecutionContext.java:137)
	at io.cucumber.junit.PickleRunners$NoStepDescriptions.run(PickleRunners.java:148)
	at io.cucumber.junit.FeatureRunner.runChild(FeatureRunner.java:144)
	at io.cucumber.junit.FeatureRunner.runChild(FeatureRunner.java:28)
	at org.junit.runners.ParentRunner$4.run(ParentRunner.java:331)
	at org.junit.runners.ParentRunner$1.schedule(ParentRunner.java:79)
	at org.junit.runners.ParentRunner.runChildren(ParentRunner.java:329)
	at org.junit.runners.ParentRunner.access$100(ParentRunner.java:66)
	at org.junit.runners.ParentRunner$2.evaluate(ParentRunner.java:293)
	at org.junit.runners.ParentRunner$3.evaluate(ParentRunner.java:306)
	at org.junit.runners.ParentRunner.run(ParentRunner.java:413)
	at io.cucumber.junit.FeatureRunner.run(FeatureRunner.java:137)
	at io.cucumber.junit.Cucumber.runChild(Cucumber.java:196)
	at io.cucumber.junit.Cucumber.runChild(Cucumber.java:89)
	at org.junit.runners.ParentRunner$4.run(ParentRunner.java:331)
	at org.junit.runners.ParentRunner$1.schedule(ParentRunner.java:79)
	at org.junit.runners.ParentRunner.runChildren(ParentRunner.java:329)
	at org.junit.runners.ParentRunner.access$100(ParentRunner.java:66)
	at org.junit.runners.ParentRunner$2.evaluate(ParentRunner.java:293)
	at io.cucumber.core.runtime.CucumberExecutionContext.lambda$runFeatures$6(CucumberExecutionContext.java:148)
	at io.cucumber.core.runtime.CucumberExecutionContext.execute(CucumberExecutionContext.java:163)
	at io.cucumber.core.runtime.CucumberExecutionContext.runFeatures(CucumberExecutionContext.java:146)
	at io.cucumber.junit.Cucumber$StartAndFinishTestRun.evaluate(Cucumber.java:226)
	at org.junit.runners.ParentRunner$3.evaluate(ParentRunner.java:306)
	at org.junit.runners.ParentRunner.run(ParentRunner.java:413)
	at org.junit.runner.JUnitCore.run(JUnitCore.java:137)
	at org.junit.runner.JUnitCore.run(JUnitCore.java:115)
	at org.junit.vintage.engine.execution.RunnerExecutor.execute(RunnerExecutor.java:42)
	at org.junit.vintage.engine.VintageTestEngine.executeAllChildren(VintageTestEngine.java:80)
	at org.junit.vintage.engine.VintageTestEngine.execute(VintageTestEngine.java:72)
	at org.junit.platform.launcher.core.EngineExecutionOrchestrator.execute(EngineExecutionOrchestrator.java:198)
	at org.junit.platform.launcher.core.EngineExecutionOrchestrator.execute(EngineExecutionOrchestrator.java:169)
	at org.junit.platform.launcher.core.EngineExecutionOrchestrator.execute(EngineExecutionOrchestrator.java:93)
	at org.junit.platform.launcher.core.EngineExecutionOrchestrator.lambda$execute$0(EngineExecutionOrchestrator.java:58)
	at org.junit.platform.launcher.core.EngineExecutionOrchestrator.withInterceptedStreams(EngineExecutionOrchestrator.java:141)
	at org.junit.platform.launcher.core.EngineExecutionOrchestrator.execute(EngineExecutionOrchestrator.java:57)
	at org.junit.platform.launcher.core.DefaultLauncher.execute(DefaultLauncher.java:103)
	at org.junit.platform.launcher.core.DefaultLauncher.execute(DefaultLauncher.java:85)
	at org.junit.platform.launcher.core.DelegatingLauncher.execute(DelegatingLauncher.java:47)
	at org.apache.maven.surefire.junitplatform.LazyLauncher.execute(LazyLauncher.java:55)
	at org.apache.maven.surefire.junitplatform.JUnitPlatformProvider.execute(JUnitPlatformProvider.java:223)
	at org.apache.maven.surefire.junitplatform.JUnitPlatformProvider.invokeAllTests(JUnitPlatformProvider.java:175)
	at org.apache.maven.surefire.junitplatform.JUnitPlatformProvider.invoke(JUnitPlatformProvider.java:139)
	at org.apache.maven.surefire.booter.ForkedBooter.runSuitesInProcess(ForkedBooter.java:456)
	at org.apache.maven.surefire.booter.ForkedBooter.execute(ForkedBooter.java:169)
	at org.apache.maven.surefire.booter.ForkedBooter.run(ForkedBooter.java:595)
	at org.apache.maven.surefire.booter.ForkedBooter.main(ForkedBooter.java:581)

  Then I should navigate to the product details page     # stepDefinitions.HomePageSteps.i_should_navigate_to_the_product_details_page()
  And I should see the product image                     # stepDefinitions.HomePageSteps.i_should_see_the_product_image()
  And I should see product title as "Nexus 6"            # stepDefinitions.HomePageSteps.i_should_see_product_title_as(java.lang.String)
  And I should see product price as "$650 *includes tax" # stepDefinitions.HomePageSteps.i_should_see_product_price_as(java.lang.String)
  When I navigate back to home page                      # stepDefinitions.HomePageSteps.i_navigate_back_to_home_page()
  Then I should be on the home page                      # stepDefinitions.HomePageSteps.i_should_be_on_the_home_page()
04:48:06.485 [main] INFO  hooks.Hooks - Finishing BDD scenario: Verify individual product details - Status: FAILED
04:48:06.485 [main] ERROR hooks.Hooks - Scenario failed: Verify individual product details
04:48:06.504 [main] INFO  c.c.selenide.impl.AttachmentPrinter - [[ATTACHMENT|E:\Courses\Amalitech GTP\Projects\demoblazeProjectPlaywright\target\screenshots\failed_scenario_1758775686485.html]]
04:48:07.077 [main] INFO  c.c.selenide.impl.AttachmentPrinter - [[ATTACHMENT|E:\Courses\Amalitech GTP\Projects\demoblazeProjectPlaywright\target\screenshots\failed_scenario_1758775686485.png]]
04:48:07.081 [main] ERROR hooks.Hooks - Failed to capture screenshot: Illegal char <:> at index 4: file:/E:/Courses/Amalitech%20GTP/Projects/demoblazeProjectPlaywright/target/screenshots/failed_scenario_1758775686485.png
04:48:07.351 [main] INFO  hooks.Hooks - BDD test cleanup completed for scenario: Verify individual product details
]]></system-out>
    <system-err><![CDATA[Sep 25, 2025 4:47:57 AM org.openqa.selenium.devtools.CdpVersionFinder findNearestMatch
WARNING: Unable to find an exact match for CDP version 140, returning the closest version; found: 139; Please update to a Selenium version that supports CDP version 140
]]></system-err>
  </testcase>
  <testcase name="Verify individual product details #3" classname="DemoBlaze Home Page" time="7.413">
    <system-out><![CDATA[
@HomePage @UI @ProductDetails @regression
Scenario Outline: Verify individual product details      # src/test/resources/features/HomePage.feature:56
04:48:07.376 [main] INFO  hooks.Hooks - Starting BDD scenario: Verify individual product details
04:48:07.376 [main] INFO  hooks.Hooks - BDD test environment configured for scenario: Verify individual product details
04:48:07.383 [main] INFO  stepDefinitions.HomePageSteps - BDD Step: Navigating to DemoBlaze home page
04:48:07.383 [main] INFO  pages.HomePage - BDD: Opening home page
04:48:07.383 [main] INFO  pages.HomePage - Opening DemoBlaze home page
04:48:07.383 [main] INFO  c.c.s.WebDriverThreadLocalContainer - No webdriver is bound to current thread: 1 - let's create a new webdriver
04:48:08.911 [main] INFO  c.c.s.webdriver.WebDriverFactory - Selenide 7.10.0 / Selenium 4.35.0 / chrome 140.0.7339.185 windows
04:48:11.308 [main] INFO  pages.HomePage - Home page opened successfully
  Given I navigate to the DemoBlaze home page            # stepDefinitions.HomePageSteps.i_navigate_to_the_demoblaze_home_page()
04:48:11.309 [main] INFO  stepDefinitions.HomePageSteps - BDD Step: Viewing home page content
  When I view the home page                              # stepDefinitions.HomePageSteps.i_view_the_home_page()
04:48:11.309 [main] INFO  stepDefinitions.HomePageSteps - BDD Step: Clicking on product Nokia lumia 1520
04:48:11.309 [main] INFO  pages.HomePage - BDD: Clicking on first product: Nokia lumia 1520
04:48:11.309 [main] INFO  pages.HomePage - Clicking on first product: Nokia lumia 1520
04:48:13.144 [main] INFO  pages.HomePage - Successfully clicked on first product: Nokia lumia 1520
  And I click on "Nokia lumia 1520" product              # stepDefinitions.HomePageSteps.i_click_on_product(java.lang.String)
04:48:13.145 [main] INFO  stepDefinitions.HomePageSteps - BDD Step: Verifying product details page navigation
04:48:13.147 [main] INFO  pages.ProductDetailsPage - Verifying product image is visible
04:48:14.043 [main] INFO  pages.ProductDetailsPage - Product image verified successfully
  Then I should navigate to the product details page     # stepDefinitions.HomePageSteps.i_should_navigate_to_the_product_details_page()
04:48:14.043 [main] INFO  stepDefinitions.HomePageSteps - BDD Step: Verifying product image
04:48:14.043 [main] INFO  pages.ProductDetailsPage - Verifying product image is visible
04:48:14.103 [main] INFO  pages.ProductDetailsPage - Product image verified successfully
  And I should see the product image                     # stepDefinitions.HomePageSteps.i_should_see_the_product_image()
04:48:14.105 [main] INFO  stepDefinitions.HomePageSteps - BDD Step: Verifying product title as Nokia lumia 1520
  And I should see product title as "Nokia lumia 1520"   # stepDefinitions.HomePageSteps.i_should_see_product_title_as(java.lang.String)
04:48:14.107 [main] INFO  stepDefinitions.HomePageSteps - BDD Step: Verifying product price as $820 *includes tax
  And I should see product price as "$820 *includes tax" # stepDefinitions.HomePageSteps.i_should_see_product_price_as(java.lang.String)
04:48:14.107 [main] INFO  stepDefinitions.HomePageSteps - BDD Step: Navigating back to home page
04:48:14.107 [main] INFO  pages.ProductDetailsPage - BDD: Navigating back to home page
04:48:14.107 [main] INFO  pages.ProductDetailsPage - Navigating back to home page
04:48:14.533 [main] INFO  pages.ProductDetailsPage - Successfully navigated to home page
  When I navigate back to home page                      # stepDefinitions.HomePageSteps.i_navigate_back_to_home_page()
04:48:14.535 [main] INFO  stepDefinitions.HomePageSteps - BDD Step: Verifying user is on home page
  Then I should be on the home page                      # stepDefinitions.HomePageSteps.i_should_be_on_the_home_page()
04:48:14.535 [main] INFO  hooks.Hooks - Finishing BDD scenario: Verify individual product details - Status: PASSED
04:48:14.771 [main] INFO  hooks.Hooks - BDD test cleanup completed for scenario: Verify individual product details
]]></system-out>
    <system-err><![CDATA[Sep 25, 2025 4:48:08 AM org.openqa.selenium.devtools.CdpVersionFinder findNearestMatch
WARNING: Unable to find an exact match for CDP version 140, returning the closest version; found: 139; Please update to a Selenium version that supports CDP version 140
]]></system-err>
  </testcase>
  <testcase name="Verify footer elements" classname="DemoBlaze Home Page" time="5.357">
    <system-out><![CDATA[
@HomePage @UI @Footer @UI
Scenario: Verify footer elements                 # src/test/resources/features/HomePage.feature:59
04:48:14.807 [main] INFO  hooks.Hooks - Starting BDD scenario: Verify footer elements
04:48:14.807 [main] INFO  hooks.Hooks - BDD test environment configured for scenario: Verify footer elements
04:48:14.813 [main] INFO  stepDefinitions.HomePageSteps - BDD Step: Navigating to DemoBlaze home page
04:48:14.813 [main] INFO  pages.HomePage - BDD: Opening home page
04:48:14.813 [main] INFO  pages.HomePage - Opening DemoBlaze home page
04:48:14.813 [main] INFO  c.c.s.WebDriverThreadLocalContainer - No webdriver is bound to current thread: 1 - let's create a new webdriver
04:48:16.233 [main] INFO  c.c.s.webdriver.WebDriverFactory - Selenide 7.10.0 / Selenium 4.35.0 / chrome 140.0.7339.185 windows
04:48:19.659 [main] INFO  pages.HomePage - Home page opened successfully
  Given I navigate to the DemoBlaze home page    # stepDefinitions.HomePageSteps.i_navigate_to_the_demoblaze_home_page()
04:48:19.660 [main] INFO  stepDefinitions.HomePageSteps - BDD Step: Viewing home page content
  When I view the home page                      # stepDefinitions.HomePageSteps.i_view_the_home_page()
04:48:19.662 [main] INFO  stepDefinitions.HomePageSteps - BDD Step: Scrolling to footer
  And I scroll to the footer                     # stepDefinitions.HomePageSteps.i_scroll_to_the_footer()
04:48:19.663 [main] INFO  stepDefinitions.HomePageSteps - BDD Step: Verifying footer section
04:48:19.663 [main] INFO  pages.HomePage - Verifying footer elements
04:48:19.881 [main] INFO  pages.HomePage - Footer elements verified successfully
  Then I should see footer section               # stepDefinitions.HomePageSteps.i_should_see_footer_section()
04:48:19.881 [main] INFO  stepDefinitions.HomePageSteps - BDD Step: Verifying About Us in footer
  And I should see "About Us" in footer          # stepDefinitions.HomePageSteps.i_should_see_in_footer(java.lang.String)
04:48:19.881 [main] INFO  stepDefinitions.HomePageSteps - BDD Step: Verifying Get in Touch in footer
  And I should see "Get in Touch" in footer      # stepDefinitions.HomePageSteps.i_should_see_in_footer(java.lang.String)
04:48:19.881 [main] INFO  stepDefinitions.HomePageSteps - BDD Step: Verifying contact information in footer
  And I should see contact information in footer # stepDefinitions.HomePageSteps.i_should_see_contact_information_in_footer()
04:48:19.881 [main] INFO  hooks.Hooks - Finishing BDD scenario: Verify footer elements - Status: PASSED
04:48:20.142 [main] INFO  hooks.Hooks - BDD test cleanup completed for scenario: Verify footer elements
]]></system-out>
    <system-err><![CDATA[Sep 25, 2025 4:48:16 AM org.openqa.selenium.devtools.CdpVersionFinder findNearestMatch
WARNING: Unable to find an exact match for CDP version 140, returning the closest version; found: 139; Please update to a Selenium version that supports CDP version 140
]]></system-err>
  </testcase>
  <testcase name="Verify carousel functionality" classname="DemoBlaze Home Page" time="4.43">
    <system-out><![CDATA[
@HomePage @UI @Carousel @UI
Scenario: Verify carousel functionality       # src/test/resources/features/HomePage.feature:68
04:48:20.159 [main] INFO  hooks.Hooks - Starting BDD scenario: Verify carousel functionality
04:48:20.161 [main] INFO  hooks.Hooks - BDD test environment configured for scenario: Verify carousel functionality
04:48:20.163 [main] INFO  stepDefinitions.HomePageSteps - BDD Step: Navigating to DemoBlaze home page
04:48:20.163 [main] INFO  pages.HomePage - BDD: Opening home page
04:48:20.163 [main] INFO  pages.HomePage - Opening DemoBlaze home page
04:48:20.163 [main] INFO  c.c.s.WebDriverThreadLocalContainer - No webdriver is bound to current thread: 1 - let's create a new webdriver
04:48:21.661 [main] INFO  c.c.s.webdriver.WebDriverFactory - Selenide 7.10.0 / Selenium 4.35.0 / chrome 140.0.7339.185 windows
04:48:24.255 [main] INFO  pages.HomePage - Home page opened successfully
  Given I navigate to the DemoBlaze home page # stepDefinitions.HomePageSteps.i_navigate_to_the_demoblaze_home_page()
04:48:24.258 [main] INFO  stepDefinitions.HomePageSteps - BDD Step: Viewing home page content
  When I view the home page                   # stepDefinitions.HomePageSteps.i_view_the_home_page()
04:48:24.260 [main] INFO  stepDefinitions.HomePageSteps - BDD Step: Verifying product carousel
04:48:24.260 [main] INFO  pages.HomePage - Verifying carousel elements are visible
04:48:24.342 [main] INFO  pages.HomePage - Carousel elements verified successfully
  Then I should see the product carousel      # stepDefinitions.HomePageSteps.i_should_see_the_product_carousel()
04:48:24.344 [main] INFO  stepDefinitions.HomePageSteps - BDD Step: Verifying carousel functionality
  And the carousel should be functional       # stepDefinitions.HomePageSteps.the_carousel_should_be_functional()
04:48:24.344 [main] INFO  hooks.Hooks - Finishing BDD scenario: Verify carousel functionality - Status: PASSED
04:48:24.578 [main] INFO  hooks.Hooks - BDD test cleanup completed for scenario: Verify carousel functionality
]]></system-out>
    <system-err><![CDATA[Sep 25, 2025 4:48:21 AM org.openqa.selenium.devtools.CdpVersionFinder findNearestMatch
WARNING: Unable to find an exact match for CDP version 140, returning the closest version; found: 139; Please update to a Selenium version that supports CDP version 140
]]></system-err>
  </testcase>
  <testcase name="Place order successfully with valid details" classname="DemoBlaze Order Placement" time="21.427">
    <failure message="Alert not found&#10;Screenshot: file:/E:/Courses/Amalitech%20GTP/Projects/demoblazeProjectPlaywright/target/screenshots/1758775723302.3.png&#10;Page source: file:/E:/Courses/Amalitech%20GTP/Projects/demoblazeProjectPlaywright/target/screenshots/1758775723302.3.html&#10;Timeout: 4 s.&#10;Caused by: TimeoutException: Expected condition failed: waiting for alert to be present (tried for 4 second(s) with 200 milliseconds interval)" type="Alert not found&#10;Screenshot"><![CDATA[Alert not found
Screenshot: file:/E:/Courses/Amalitech%20GTP/Projects/demoblazeProjectPlaywright/target/screenshots/1758775723302.3.png
Page source: file:/E:/Courses/Amalitech%20GTP/Projects/demoblazeProjectPlaywright/target/screenshots/1758775723302.3.html
Timeout: 4 s.
Caused by: TimeoutException: Expected condition failed: waiting for alert to be present (tried for 4 second(s) with 200 milliseconds interval)
	at com.codeborne.selenide.SelenideTargetLocator.alertNotFoundError(SelenideTargetLocator.java:308)
	at com.codeborne.selenide.SelenideTargetLocator.alert(SelenideTargetLocator.java:182)
	at com.codeborne.selenide.SelenideTargetLocator.alert(SelenideTargetLocator.java:172)
	at stepDefinitions.OrderPlacementSteps.i_should_see_order_success_message(OrderPlacementSteps.java:103)
	at ✽.I should see order success message(file:///E:/Courses/Amalitech%20GTP/Projects/demoblazeProjectPlaywright/src/test/resources/features/OrderPlacement.feature:25)
Caused by: org.openqa.selenium.TimeoutException: Expected condition failed: waiting for alert to be present (tried for 4 second(s) with 200 milliseconds interval)
Build info: version: '4.35.0', revision: '1c58e5028b'
System info: os.name: 'Windows 11', os.arch: 'amd64', os.version: '10.0', java.version: '23.0.2'
Driver info: driver.version: unknown
	at org.openqa.selenium.support.ui.FluentWait.timeoutException(FluentWait.java:265)
	at org.openqa.selenium.support.ui.FluentWait.until(FluentWait.java:228)
	at com.codeborne.selenide.SelenideTargetLocator.alert(SelenideTargetLocator.java:179)
	at com.codeborne.selenide.SelenideTargetLocator.alert(SelenideTargetLocator.java:172)
	at stepDefinitions.OrderPlacementSteps.i_should_see_order_success_message(OrderPlacementSteps.java:103)
	at java.base/java.lang.reflect.Method.invoke(Method.java:580)
	at io.cucumber.java.Invoker.doInvoke(Invoker.java:66)
	at io.cucumber.java.Invoker.invoke(Invoker.java:24)
	at io.cucumber.java.AbstractGlueDefinition.invokeMethod(AbstractGlueDefinition.java:47)
	at io.cucumber.java.JavaStepDefinition.execute(JavaStepDefinition.java:29)
	at io.cucumber.core.runner.CoreStepDefinition.execute(CoreStepDefinition.java:66)
	at io.cucumber.core.runner.PickleStepDefinitionMatch.runStep(PickleStepDefinitionMatch.java:63)
	at io.cucumber.core.runner.ExecutionMode$1.execute(ExecutionMode.java:10)
	at io.cucumber.core.runner.TestStep.executeStep(TestStep.java:84)
	at io.cucumber.core.runner.TestStep.run(TestStep.java:56)
	at io.cucumber.core.runner.PickleStepTestStep.run(PickleStepTestStep.java:51)
	at io.cucumber.core.runner.TestCase.run(TestCase.java:84)
	at io.cucumber.core.runner.Runner.runPickle(Runner.java:75)
	at io.cucumber.junit.PickleRunners$NoStepDescriptions.lambda$run$0(PickleRunners.java:151)
	at io.cucumber.core.runtime.CucumberExecutionContext.lambda$runTestCase$5(CucumberExecutionContext.java:137)
	at io.cucumber.core.runtime.RethrowingThrowableCollector.executeAndThrow(RethrowingThrowableCollector.java:23)
	at io.cucumber.core.runtime.CucumberExecutionContext.runTestCase(CucumberExecutionContext.java:137)
	at io.cucumber.junit.PickleRunners$NoStepDescriptions.run(PickleRunners.java:148)
	at io.cucumber.junit.FeatureRunner.runChild(FeatureRunner.java:144)
	at io.cucumber.junit.FeatureRunner.runChild(FeatureRunner.java:28)
	at io.cucumber.junit.FeatureRunner.run(FeatureRunner.java:137)
	at io.cucumber.junit.Cucumber.runChild(Cucumber.java:196)
	at io.cucumber.junit.Cucumber.runChild(Cucumber.java:89)
	at io.cucumber.core.runtime.CucumberExecutionContext.lambda$runFeatures$6(CucumberExecutionContext.java:148)
	at io.cucumber.core.runtime.CucumberExecutionContext.execute(CucumberExecutionContext.java:163)
	at io.cucumber.core.runtime.CucumberExecutionContext.runFeatures(CucumberExecutionContext.java:146)
	at io.cucumber.junit.Cucumber$StartAndFinishTestRun.evaluate(Cucumber.java:226)
]]></failure>
    <system-out><![CDATA[
@OrderPlacement @E2E @regression @PlaceOrder @Smoke
Scenario: Place order successfully with valid details # src/test/resources/features/OrderPlacement.feature:11
04:48:24.604 [main] INFO  hooks.Hooks - Starting BDD scenario: Place order successfully with valid details
04:48:24.604 [main] INFO  hooks.Hooks - BDD test environment configured for scenario: Place order successfully with valid details
04:48:24.607 [main] INFO  stepDefinitions.HomePageSteps - BDD Step: Navigating to DemoBlaze home page
04:48:24.607 [main] INFO  pages.HomePage - BDD: Opening home page
04:48:24.607 [main] INFO  pages.HomePage - Opening DemoBlaze home page
04:48:24.607 [main] INFO  c.c.s.WebDriverThreadLocalContainer - No webdriver is bound to current thread: 1 - let's create a new webdriver
04:48:26.013 [main] INFO  c.c.s.webdriver.WebDriverFactory - Selenide 7.10.0 / Selenium 4.35.0 / chrome 140.0.7339.185 windows
04:48:28.618 [main] INFO  pages.HomePage - Home page opened successfully
  Given I navigate to the DemoBlaze home page         # stepDefinitions.HomePageSteps.i_navigate_to_the_demoblaze_home_page()
04:48:28.618 [main] INFO  stepDefinitions.CartSteps - BDD Step: Adding Samsung galaxy s6 to cart
04:48:28.618 [main] INFO  pages.HomePage - BDD: Clicking on first product: Samsung galaxy s6
04:48:28.618 [main] INFO  pages.HomePage - Clicking on first product: Samsung galaxy s6
04:48:31.171 [main] INFO  pages.HomePage - Successfully clicked on first product: Samsung galaxy s6
04:48:31.171 [main] INFO  pages.ProductDetailsPage - BDD: Adding product to cart
04:48:31.171 [main] INFO  pages.ProductDetailsPage - Clicking 'Add to cart' button
04:48:32.333 [main] INFO  pages.ProductDetailsPage - Successfully clicked 'Add to cart' button
04:48:33.004 [main] INFO  pages.HomePage - BDD: Opening home page
04:48:33.005 [main] INFO  pages.HomePage - Opening DemoBlaze home page
04:48:33.447 [main] INFO  pages.HomePage - Home page opened successfully
  Given I add "Samsung galaxy s6" to cart             # stepDefinitions.CartSteps.i_add_to_cart(java.lang.String)
04:48:33.449 [main] INFO  stepDefinitions.CartSteps - BDD Step: Navigating to cart page
04:48:33.449 [main] INFO  pages.HomePage - BDD: Navigating to cart
04:48:33.449 [main] INFO  pages.HomePage - Navigating to cart page
04:48:34.792 [main] INFO  pages.HomePage - Successfully navigated to cart page
  When I navigate to cart page                        # stepDefinitions.CartSteps.i_navigate_to_cart_page()
04:48:34.804 [main] INFO  stepDefinitions.OrderPlacementSteps - BDD Step: Clicking place order button
04:48:34.804 [main] INFO  pages.CartPage - Clicking 'Place Order' button
04:48:35.266 [main] INFO  pages.CartPage - Successfully clicked 'Place Order' button
  And I click place order button                      # stepDefinitions.OrderPlacementSteps.i_click_place_order_button()
04:48:35.269 [main] INFO  stepDefinitions.OrderPlacementSteps - BDD Step: Verifying order placement form is displayed
04:48:35.269 [main] INFO  pages.OrderPlacementPage - Verifying order placement form is visible
04:48:36.356 [main] INFO  pages.OrderPlacementPage - Order placement form verified successfully
  Then I should see the order placement form          # stepDefinitions.OrderPlacementSteps.i_should_see_the_order_placement_form()
04:48:36.358 [main] INFO  stepDefinitions.OrderPlacementSteps - BDD Step: Filling order details with valid information
04:48:36.358 [main] INFO  pages.OrderPlacementPage - Filling complete order details for customer: John Doe
04:48:36.358 [main] INFO  pages.OrderPlacementPage - Filling name field with: John Doe
04:48:36.773 [main] INFO  pages.OrderPlacementPage - Filling country field with: USA
04:48:37.063 [main] INFO  pages.OrderPlacementPage - Filling city field with: New York
04:48:37.586 [main] INFO  pages.OrderPlacementPage - Filling credit card field
04:48:38.297 [main] INFO  pages.OrderPlacementPage - Filling month field with: 12
04:48:38.692 [main] INFO  pages.OrderPlacementPage - Filling year field with: 2025
04:48:38.958 [main] INFO  pages.OrderPlacementPage - Order details filled successfully for customer: John Doe
04:48:38.958 [main] INFO  stepDefinitions.OrderPlacementSteps - BDD Step: Order details filled for customer: John Doe
  When I fill order details with valid information:   # stepDefinitions.OrderPlacementSteps.i_fill_order_details_with_valid_information(io.cucumber.datatable.DataTable)
    | field      | value            |
    | name       | John Doe         |
    | country    | USA              |
    | city       | New York         |
    | creditCard | 1234567890123456 |
    | month      | 12               |
    | year       | 2025             |
04:48:38.959 [main] INFO  stepDefinitions.OrderPlacementSteps - BDD Step: Clicking purchase button
04:48:38.959 [main] INFO  pages.OrderPlacementPage - Clicking 'Purchase' button to complete order
04:48:39.212 [main] INFO  pages.OrderPlacementPage - Purchase button clicked successfully
  And I click purchase button                         # stepDefinitions.OrderPlacementSteps.i_click_purchase_button()
04:48:39.213 [main] INFO  stepDefinitions.OrderPlacementSteps - BDD Step: Verifying order success message
04:48:43.321 [main] INFO  c.c.selenide.impl.AttachmentPrinter - [[ATTACHMENT|E:\Courses\Amalitech GTP\Projects\demoblazeProjectPlaywright\target\screenshots\1758775723302.3.html]]
04:48:43.563 [main] INFO  c.c.selenide.impl.AttachmentPrinter - [[ATTACHMENT|E:\Courses\Amalitech GTP\Projects\demoblazeProjectPlaywright\target\screenshots\1758775723302.3.png]]
  Then I should see order success message             # stepDefinitions.OrderPlacementSteps.i_should_see_order_success_message()
      Alert not found
Screenshot: file:/E:/Courses/Amalitech%20GTP/Projects/demoblazeProjectPlaywright/target/screenshots/1758775723302.3.png
Page source: file:/E:/Courses/Amalitech%20GTP/Projects/demoblazeProjectPlaywright/target/screenshots/1758775723302.3.html
Timeout: 4 s.
Caused by: TimeoutException: Expected condition failed: waiting for alert to be present (tried for 4 second(s) with 200 milliseconds interval)
	at com.codeborne.selenide.SelenideTargetLocator.alertNotFoundError(SelenideTargetLocator.java:308)
	at com.codeborne.selenide.SelenideTargetLocator.alert(SelenideTargetLocator.java:182)
	at com.codeborne.selenide.SelenideTargetLocator.alert(SelenideTargetLocator.java:172)
	at stepDefinitions.OrderPlacementSteps.i_should_see_order_success_message(OrderPlacementSteps.java:103)
	at ✽.I should see order success message(file:///E:/Courses/Amalitech%20GTP/Projects/demoblazeProjectPlaywright/src/test/resources/features/OrderPlacement.feature:25)
Caused by: org.openqa.selenium.TimeoutException: Expected condition failed: waiting for alert to be present (tried for 4 second(s) with 200 milliseconds interval)
Build info: version: '4.35.0', revision: '1c58e5028b'
System info: os.name: 'Windows 11', os.arch: 'amd64', os.version: '10.0', java.version: '23.0.2'
Driver info: driver.version: unknown
	at org.openqa.selenium.support.ui.FluentWait.timeoutException(FluentWait.java:265)
	at org.openqa.selenium.support.ui.FluentWait.until(FluentWait.java:228)
	at com.codeborne.selenide.SelenideTargetLocator.alert(SelenideTargetLocator.java:179)
	at com.codeborne.selenide.SelenideTargetLocator.alert(SelenideTargetLocator.java:172)
	at stepDefinitions.OrderPlacementSteps.i_should_see_order_success_message(OrderPlacementSteps.java:103)
	at java.base/jdk.internal.reflect.DirectMethodHandleAccessor.invoke(DirectMethodHandleAccessor.java:103)
	at java.base/java.lang.reflect.Method.invoke(Method.java:580)
	at io.cucumber.java.Invoker.doInvoke(Invoker.java:66)
	at io.cucumber.java.Invoker.invoke(Invoker.java:24)
	at io.cucumber.java.AbstractGlueDefinition.invokeMethod(AbstractGlueDefinition.java:47)
	at io.cucumber.java.JavaStepDefinition.execute(JavaStepDefinition.java:29)
	at io.cucumber.core.runner.CoreStepDefinition.execute(CoreStepDefinition.java:66)
	at io.cucumber.core.runner.PickleStepDefinitionMatch.runStep(PickleStepDefinitionMatch.java:63)
	at io.cucumber.core.runner.ExecutionMode$1.execute(ExecutionMode.java:10)
	at io.cucumber.core.runner.TestStep.executeStep(TestStep.java:84)
	at io.cucumber.core.runner.TestStep.run(TestStep.java:56)
	at io.cucumber.core.runner.PickleStepTestStep.run(PickleStepTestStep.java:51)
	at io.cucumber.core.runner.TestCase.run(TestCase.java:84)
	at io.cucumber.core.runner.Runner.runPickle(Runner.java:75)
	at io.cucumber.junit.PickleRunners$NoStepDescriptions.lambda$run$0(PickleRunners.java:151)
	at io.cucumber.core.runtime.CucumberExecutionContext.lambda$runTestCase$5(CucumberExecutionContext.java:137)
	at io.cucumber.core.runtime.RethrowingThrowableCollector.executeAndThrow(RethrowingThrowableCollector.java:23)
	at io.cucumber.core.runtime.CucumberExecutionContext.runTestCase(CucumberExecutionContext.java:137)
	at io.cucumber.junit.PickleRunners$NoStepDescriptions.run(PickleRunners.java:148)
	at io.cucumber.junit.FeatureRunner.runChild(FeatureRunner.java:144)
	at io.cucumber.junit.FeatureRunner.runChild(FeatureRunner.java:28)
	at org.junit.runners.ParentRunner$4.run(ParentRunner.java:331)
	at org.junit.runners.ParentRunner$1.schedule(ParentRunner.java:79)
	at org.junit.runners.ParentRunner.runChildren(ParentRunner.java:329)
	at org.junit.runners.ParentRunner.access$100(ParentRunner.java:66)
	at org.junit.runners.ParentRunner$2.evaluate(ParentRunner.java:293)
	at org.junit.runners.ParentRunner$3.evaluate(ParentRunner.java:306)
	at org.junit.runners.ParentRunner.run(ParentRunner.java:413)
	at io.cucumber.junit.FeatureRunner.run(FeatureRunner.java:137)
	at io.cucumber.junit.Cucumber.runChild(Cucumber.java:196)
	at io.cucumber.junit.Cucumber.runChild(Cucumber.java:89)
	at org.junit.runners.ParentRunner$4.run(ParentRunner.java:331)
	at org.junit.runners.ParentRunner$1.schedule(ParentRunner.java:79)
	at org.junit.runners.ParentRunner.runChildren(ParentRunner.java:329)
	at org.junit.runners.ParentRunner.access$100(ParentRunner.java:66)
	at org.junit.runners.ParentRunner$2.evaluate(ParentRunner.java:293)
	at io.cucumber.core.runtime.CucumberExecutionContext.lambda$runFeatures$6(CucumberExecutionContext.java:148)
	at io.cucumber.core.runtime.CucumberExecutionContext.execute(CucumberExecutionContext.java:163)
	at io.cucumber.core.runtime.CucumberExecutionContext.runFeatures(CucumberExecutionContext.java:146)
	at io.cucumber.junit.Cucumber$StartAndFinishTestRun.evaluate(Cucumber.java:226)
	at org.junit.runners.ParentRunner$3.evaluate(ParentRunner.java:306)
	at org.junit.runners.ParentRunner.run(ParentRunner.java:413)
	at org.junit.runner.JUnitCore.run(JUnitCore.java:137)
	at org.junit.runner.JUnitCore.run(JUnitCore.java:115)
	at org.junit.vintage.engine.execution.RunnerExecutor.execute(RunnerExecutor.java:42)
	at org.junit.vintage.engine.VintageTestEngine.executeAllChildren(VintageTestEngine.java:80)
	at org.junit.vintage.engine.VintageTestEngine.execute(VintageTestEngine.java:72)
	at org.junit.platform.launcher.core.EngineExecutionOrchestrator.execute(EngineExecutionOrchestrator.java:198)
	at org.junit.platform.launcher.core.EngineExecutionOrchestrator.execute(EngineExecutionOrchestrator.java:169)
	at org.junit.platform.launcher.core.EngineExecutionOrchestrator.execute(EngineExecutionOrchestrator.java:93)
	at org.junit.platform.launcher.core.EngineExecutionOrchestrator.lambda$execute$0(EngineExecutionOrchestrator.java:58)
	at org.junit.platform.launcher.core.EngineExecutionOrchestrator.withInterceptedStreams(EngineExecutionOrchestrator.java:141)
	at org.junit.platform.launcher.core.EngineExecutionOrchestrator.execute(EngineExecutionOrchestrator.java:57)
	at org.junit.platform.launcher.core.DefaultLauncher.execute(DefaultLauncher.java:103)
	at org.junit.platform.launcher.core.DefaultLauncher.execute(DefaultLauncher.java:85)
	at org.junit.platform.launcher.core.DelegatingLauncher.execute(DelegatingLauncher.java:47)
	at org.apache.maven.surefire.junitplatform.LazyLauncher.execute(LazyLauncher.java:55)
	at org.apache.maven.surefire.junitplatform.JUnitPlatformProvider.execute(JUnitPlatformProvider.java:223)
	at org.apache.maven.surefire.junitplatform.JUnitPlatformProvider.invokeAllTests(JUnitPlatformProvider.java:175)
	at org.apache.maven.surefire.junitplatform.JUnitPlatformProvider.invoke(JUnitPlatformProvider.java:139)
	at org.apache.maven.surefire.booter.ForkedBooter.runSuitesInProcess(ForkedBooter.java:456)
	at org.apache.maven.surefire.booter.ForkedBooter.execute(ForkedBooter.java:169)
	at org.apache.maven.surefire.booter.ForkedBooter.run(ForkedBooter.java:595)
	at org.apache.maven.surefire.booter.ForkedBooter.main(ForkedBooter.java:581)

  And I should see order confirmation with details    # stepDefinitions.OrderPlacementSteps.i_should_see_order_confirmation_with_details()
04:48:43.569 [main] INFO  hooks.Hooks - Finishing BDD scenario: Place order successfully with valid details - Status: FAILED
04:48:43.569 [main] ERROR hooks.Hooks - Scenario failed: Place order successfully with valid details
04:48:43.588 [main] INFO  c.c.selenide.impl.AttachmentPrinter - [[ATTACHMENT|E:\Courses\Amalitech GTP\Projects\demoblazeProjectPlaywright\target\screenshots\failed_scenario_1758775723569.html]]
04:48:43.832 [main] INFO  c.c.selenide.impl.AttachmentPrinter - [[ATTACHMENT|E:\Courses\Amalitech GTP\Projects\demoblazeProjectPlaywright\target\screenshots\failed_scenario_1758775723569.png]]
04:48:43.834 [main] ERROR hooks.Hooks - Failed to capture screenshot: Illegal char <:> at index 4: file:/E:/Courses/Amalitech%20GTP/Projects/demoblazeProjectPlaywright/target/screenshots/failed_scenario_1758775723569.png
04:48:46.005 [main] INFO  hooks.Hooks - BDD test cleanup completed for scenario: Place order successfully with valid details
]]></system-out>
    <system-err><![CDATA[Sep 25, 2025 4:48:25 AM org.openqa.selenium.devtools.CdpVersionFinder findNearestMatch
WARNING: Unable to find an exact match for CDP version 140, returning the closest version; found: 139; Please update to a Selenium version that supports CDP version 140
]]></system-err>
  </testcase>
  <testcase name="Validate order form fields" classname="DemoBlaze Order Placement" time="11.875">
    <system-out><![CDATA[
@OrderPlacement @E2E @regression @OrderValidation @Functional
Scenario: Validate order form fields          # src/test/resources/features/OrderPlacement.feature:29
04:48:46.041 [main] INFO  hooks.Hooks - Starting BDD scenario: Validate order form fields
04:48:46.041 [main] INFO  hooks.Hooks - BDD test environment configured for scenario: Validate order form fields
04:48:46.041 [main] INFO  stepDefinitions.HomePageSteps - BDD Step: Navigating to DemoBlaze home page
04:48:46.041 [main] INFO  pages.HomePage - BDD: Opening home page
04:48:46.041 [main] INFO  pages.HomePage - Opening DemoBlaze home page
04:48:46.041 [main] INFO  c.c.s.WebDriverThreadLocalContainer - No webdriver is bound to current thread: 1 - let's create a new webdriver
04:48:47.715 [main] INFO  c.c.s.webdriver.WebDriverFactory - Selenide 7.10.0 / Selenium 4.35.0 / chrome 140.0.7339.185 windows
04:48:50.349 [main] INFO  pages.HomePage - Home page opened successfully
  Given I navigate to the DemoBlaze home page # stepDefinitions.HomePageSteps.i_navigate_to_the_demoblaze_home_page()
04:48:50.352 [main] INFO  stepDefinitions.CartSteps - BDD Step: Adding Nokia lumia 1520 to cart
04:48:50.352 [main] INFO  pages.HomePage - BDD: Clicking on first product: Nokia lumia 1520
04:48:50.352 [main] INFO  pages.HomePage - Clicking on first product: Nokia lumia 1520
04:48:52.468 [main] INFO  pages.HomePage - Successfully clicked on first product: Nokia lumia 1520
04:48:52.468 [main] INFO  pages.ProductDetailsPage - BDD: Adding product to cart
04:48:52.468 [main] INFO  pages.ProductDetailsPage - Clicking 'Add to cart' button
04:48:53.628 [main] INFO  pages.ProductDetailsPage - Successfully clicked 'Add to cart' button
04:48:54.305 [main] INFO  pages.HomePage - BDD: Opening home page
04:48:54.305 [main] INFO  pages.HomePage - Opening DemoBlaze home page
04:48:54.344 [main] INFO  pages.HomePage - Home page opened successfully
  Given I add "Nokia lumia 1520" to cart      # stepDefinitions.CartSteps.i_add_to_cart(java.lang.String)
04:48:54.347 [main] INFO  stepDefinitions.CartSteps - BDD Step: Navigating to cart page
04:48:54.349 [main] INFO  pages.HomePage - BDD: Navigating to cart
04:48:54.349 [main] INFO  pages.HomePage - Navigating to cart page
04:48:55.329 [main] INFO  pages.HomePage - Successfully navigated to cart page
  When I navigate to cart page                # stepDefinitions.CartSteps.i_navigate_to_cart_page()
04:48:55.330 [main] INFO  stepDefinitions.OrderPlacementSteps - BDD Step: Clicking place order button
04:48:55.330 [main] INFO  pages.CartPage - Clicking 'Place Order' button
04:48:55.667 [main] INFO  pages.CartPage - Successfully clicked 'Place Order' button
  And I click place order button              # stepDefinitions.OrderPlacementSteps.i_click_place_order_button()
04:48:55.671 [main] INFO  stepDefinitions.OrderPlacementSteps - BDD Step: Verifying order placement form is displayed
04:48:55.671 [main] INFO  pages.OrderPlacementPage - Verifying order placement form is visible
04:48:56.692 [main] INFO  pages.OrderPlacementPage - Order placement form verified successfully
  Then I should see the order placement form  # stepDefinitions.OrderPlacementSteps.i_should_see_the_order_placement_form()
04:48:56.696 [main] INFO  stepDefinitions.OrderPlacementSteps - BDD Step: Verifying all required order fields
04:48:56.697 [main] INFO  pages.OrderPlacementPage - Verifying order placement form is visible
04:48:57.157 [main] INFO  pages.OrderPlacementPage - Order placement form verified successfully
04:48:57.157 [main] INFO  stepDefinitions.OrderPlacementSteps - BDD Step: All required order fields verified
  And I should see all required order fields: # stepDefinitions.OrderPlacementSteps.i_should_see_all_required_order_fields(io.cucumber.datatable.DataTable)
    | field      |
    | name       |
    | country    |
    | city       |
    | creditCard |
    | month      |
    | year       |
04:48:57.159 [main] INFO  stepDefinitions.OrderPlacementSteps - BDD Step: Verifying purchase button is visible
  And I should see purchase button            # stepDefinitions.OrderPlacementSteps.i_should_see_purchase_button()
04:48:57.160 [main] INFO  stepDefinitions.OrderPlacementSteps - BDD Step: Verifying close button is visible
  And I should see close button               # stepDefinitions.OrderPlacementSteps.i_should_see_close_button()
04:48:57.161 [main] INFO  hooks.Hooks - Finishing BDD scenario: Validate order form fields - Status: PASSED
04:48:57.899 [main] INFO  hooks.Hooks - BDD test cleanup completed for scenario: Validate order form fields
]]></system-out>
    <system-err><![CDATA[Sep 25, 2025 4:48:47 AM org.openqa.selenium.devtools.CdpVersionFinder findNearestMatch
WARNING: Unable to find an exact match for CDP version 140, returning the closest version; found: 139; Please update to a Selenium version that supports CDP version 140
]]></system-err>
  </testcase>
  <testcase name="Validate order form with different data combinations #1" classname="DemoBlaze Order Placement" time="18.925">
    <failure message="Alert not found&#10;Screenshot: file:/E:/Courses/Amalitech%20GTP/Projects/demoblazeProjectPlaywright/target/screenshots/1758775755990.4.png&#10;Page source: file:/E:/Courses/Amalitech%20GTP/Projects/demoblazeProjectPlaywright/target/screenshots/1758775755990.4.html&#10;Timeout: 4 s.&#10;Caused by: TimeoutException: Expected condition failed: waiting for alert to be present (tried for 4 second(s) with 200 milliseconds interval)" type="Alert not found&#10;Screenshot"><![CDATA[Alert not found
Screenshot: file:/E:/Courses/Amalitech%20GTP/Projects/demoblazeProjectPlaywright/target/screenshots/1758775755990.4.png
Page source: file:/E:/Courses/Amalitech%20GTP/Projects/demoblazeProjectPlaywright/target/screenshots/1758775755990.4.html
Timeout: 4 s.
Caused by: TimeoutException: Expected condition failed: waiting for alert to be present (tried for 4 second(s) with 200 milliseconds interval)
	at com.codeborne.selenide.SelenideTargetLocator.alertNotFoundError(SelenideTargetLocator.java:308)
	at com.codeborne.selenide.SelenideTargetLocator.alert(SelenideTargetLocator.java:182)
	at com.codeborne.selenide.SelenideTargetLocator.alert(SelenideTargetLocator.java:172)
	at stepDefinitions.OrderPlacementSteps.i_should_see_appropriate_response_for_order(OrderPlacementSteps.java:162)
	at ✽.I should see appropriate response for order "valid_order"(file:///E:/Courses/Amalitech%20GTP/Projects/demoblazeProjectPlaywright/src/test/resources/features/OrderPlacement.feature:59)
Caused by: org.openqa.selenium.TimeoutException: Expected condition failed: waiting for alert to be present (tried for 4 second(s) with 200 milliseconds interval)
Build info: version: '4.35.0', revision: '1c58e5028b'
System info: os.name: 'Windows 11', os.arch: 'amd64', os.version: '10.0', java.version: '23.0.2'
Driver info: driver.version: unknown
	at org.openqa.selenium.support.ui.FluentWait.timeoutException(FluentWait.java:265)
	at org.openqa.selenium.support.ui.FluentWait.until(FluentWait.java:228)
	at com.codeborne.selenide.SelenideTargetLocator.alert(SelenideTargetLocator.java:179)
	at com.codeborne.selenide.SelenideTargetLocator.alert(SelenideTargetLocator.java:172)
	at stepDefinitions.OrderPlacementSteps.i_should_see_appropriate_response_for_order(OrderPlacementSteps.java:162)
	at java.base/java.lang.reflect.Method.invoke(Method.java:580)
	at io.cucumber.java.Invoker.doInvoke(Invoker.java:66)
	at io.cucumber.java.Invoker.invoke(Invoker.java:24)
	at io.cucumber.java.AbstractGlueDefinition.invokeMethod(AbstractGlueDefinition.java:47)
	at io.cucumber.java.JavaStepDefinition.execute(JavaStepDefinition.java:29)
	at io.cucumber.core.runner.CoreStepDefinition.execute(CoreStepDefinition.java:66)
	at io.cucumber.core.runner.PickleStepDefinitionMatch.runStep(PickleStepDefinitionMatch.java:63)
	at io.cucumber.core.runner.ExecutionMode$1.execute(ExecutionMode.java:10)
	at io.cucumber.core.runner.TestStep.executeStep(TestStep.java:84)
	at io.cucumber.core.runner.TestStep.run(TestStep.java:56)
	at io.cucumber.core.runner.PickleStepTestStep.run(PickleStepTestStep.java:51)
	at io.cucumber.core.runner.TestCase.run(TestCase.java:84)
	at io.cucumber.core.runner.Runner.runPickle(Runner.java:75)
	at io.cucumber.junit.PickleRunners$NoStepDescriptions.lambda$run$0(PickleRunners.java:151)
	at io.cucumber.core.runtime.CucumberExecutionContext.lambda$runTestCase$5(CucumberExecutionContext.java:137)
	at io.cucumber.core.runtime.RethrowingThrowableCollector.executeAndThrow(RethrowingThrowableCollector.java:23)
	at io.cucumber.core.runtime.CucumberExecutionContext.runTestCase(CucumberExecutionContext.java:137)
	at io.cucumber.junit.PickleRunners$NoStepDescriptions.run(PickleRunners.java:148)
	at io.cucumber.junit.FeatureRunner.runChild(FeatureRunner.java:144)
	at io.cucumber.junit.FeatureRunner.runChild(FeatureRunner.java:28)
	at io.cucumber.junit.FeatureRunner.run(FeatureRunner.java:137)
	at io.cucumber.junit.Cucumber.runChild(Cucumber.java:196)
	at io.cucumber.junit.Cucumber.runChild(Cucumber.java:89)
	at io.cucumber.core.runtime.CucumberExecutionContext.lambda$runFeatures$6(CucumberExecutionContext.java:148)
	at io.cucumber.core.runtime.CucumberExecutionContext.execute(CucumberExecutionContext.java:163)
	at io.cucumber.core.runtime.CucumberExecutionContext.runFeatures(CucumberExecutionContext.java:146)
	at io.cucumber.junit.Cucumber$StartAndFinishTestRun.evaluate(Cucumber.java:226)
]]></failure>
    <system-out><![CDATA[
@OrderPlacement @E2E @regression @OrderFormValidation @Edge
Scenario Outline: Validate order form with different data combinations # src/test/resources/features/OrderPlacement.feature:63
04:48:57.922 [main] INFO  hooks.Hooks - Starting BDD scenario: Validate order form with different data combinations
04:48:57.922 [main] INFO  hooks.Hooks - BDD test environment configured for scenario: Validate order form with different data combinations
04:48:57.925 [main] INFO  stepDefinitions.HomePageSteps - BDD Step: Navigating to DemoBlaze home page
04:48:57.925 [main] INFO  pages.HomePage - BDD: Opening home page
04:48:57.926 [main] INFO  pages.HomePage - Opening DemoBlaze home page
04:48:57.926 [main] INFO  c.c.s.WebDriverThreadLocalContainer - No webdriver is bound to current thread: 1 - let's create a new webdriver
04:48:59.145 [main] INFO  c.c.s.webdriver.WebDriverFactory - Selenide 7.10.0 / Selenium 4.35.0 / chrome 140.0.7339.185 windows
04:49:01.817 [main] INFO  pages.HomePage - Home page opened successfully
  Given I navigate to the DemoBlaze home page                          # stepDefinitions.HomePageSteps.i_navigate_to_the_demoblaze_home_page()
04:49:01.822 [main] INFO  stepDefinitions.CartSteps - BDD Step: Adding Nexus 6 to cart
04:49:01.822 [main] INFO  pages.HomePage - BDD: Clicking on first product: Nexus 6
04:49:01.822 [main] INFO  pages.HomePage - Clicking on first product: Nexus 6
04:49:05.161 [main] INFO  pages.HomePage - Successfully clicked on first product: Nexus 6
04:49:05.161 [main] INFO  pages.ProductDetailsPage - BDD: Adding product to cart
04:49:05.161 [main] INFO  pages.ProductDetailsPage - Clicking 'Add to cart' button
04:49:06.243 [main] INFO  pages.ProductDetailsPage - Successfully clicked 'Add to cart' button
04:49:06.908 [main] INFO  pages.HomePage - BDD: Opening home page
04:49:06.908 [main] INFO  pages.HomePage - Opening DemoBlaze home page
04:49:07.030 [main] INFO  pages.HomePage - Home page opened successfully
  Given I add "Nexus 6" to cart                                        # stepDefinitions.CartSteps.i_add_to_cart(java.lang.String)
04:49:07.032 [main] INFO  stepDefinitions.CartSteps - BDD Step: Navigating to cart page
04:49:07.032 [main] INFO  pages.HomePage - BDD: Navigating to cart
04:49:07.032 [main] INFO  pages.HomePage - Navigating to cart page
04:49:08.201 [main] INFO  pages.HomePage - Successfully navigated to cart page
  When I navigate to cart page                                         # stepDefinitions.CartSteps.i_navigate_to_cart_page()
04:49:08.204 [main] INFO  stepDefinitions.OrderPlacementSteps - BDD Step: Clicking place order button
04:49:08.204 [main] INFO  pages.CartPage - Clicking 'Place Order' button
04:49:08.615 [main] INFO  pages.CartPage - Successfully clicked 'Place Order' button
  And I click place order button                                       # stepDefinitions.OrderPlacementSteps.i_click_place_order_button()
04:49:08.623 [main] INFO  stepDefinitions.OrderPlacementSteps - BDD Step: Filling order details with specified data
04:49:08.623 [main] INFO  pages.OrderPlacementPage - Filling complete order details for customer: John Doe
04:49:08.623 [main] INFO  pages.OrderPlacementPage - Filling name field with: John Doe
04:49:09.863 [main] INFO  pages.OrderPlacementPage - Filling country field with: USA
04:49:10.382 [main] INFO  pages.OrderPlacementPage - Filling city field with: New York
04:49:10.631 [main] INFO  pages.OrderPlacementPage - Filling credit card field
04:49:10.916 [main] INFO  pages.OrderPlacementPage - Filling month field with: 12
04:49:11.153 [main] INFO  pages.OrderPlacementPage - Filling year field with: 2025
04:49:11.492 [main] INFO  pages.OrderPlacementPage - Order details filled successfully for customer: John Doe
04:49:11.492 [main] INFO  stepDefinitions.OrderPlacementSteps - BDD Step: Order details filled with specified data
  And I fill order details:                                            # stepDefinitions.OrderPlacementSteps.i_fill_order_details(io.cucumber.datatable.DataTable)
    | field      | value            |
    | name       | John Doe         |
    | country    | USA              |
    | city       | New York         |
    | creditCard | 1234567890123456 |
    | month      | 12               |
    | year       | 2025             |
04:49:11.494 [main] INFO  stepDefinitions.OrderPlacementSteps - BDD Step: Clicking purchase button
04:49:11.494 [main] INFO  pages.OrderPlacementPage - Clicking 'Purchase' button to complete order
04:49:11.878 [main] INFO  pages.OrderPlacementPage - Purchase button clicked successfully
  And I click purchase button                                          # stepDefinitions.OrderPlacementSteps.i_click_purchase_button()
04:49:11.881 [main] INFO  stepDefinitions.OrderPlacementSteps - BDD Step: Verifying response for order scenario: valid_order
04:49:16.011 [main] INFO  c.c.selenide.impl.AttachmentPrinter - [[ATTACHMENT|E:\Courses\Amalitech GTP\Projects\demoblazeProjectPlaywright\target\screenshots\1758775755990.4.html]]
04:49:16.259 [main] INFO  c.c.selenide.impl.AttachmentPrinter - [[ATTACHMENT|E:\Courses\Amalitech GTP\Projects\demoblazeProjectPlaywright\target\screenshots\1758775755990.4.png]]
  Then I should see appropriate response for order "valid_order"       # stepDefinitions.OrderPlacementSteps.i_should_see_appropriate_response_for_order(java.lang.String)
      Alert not found
Screenshot: file:/E:/Courses/Amalitech%20GTP/Projects/demoblazeProjectPlaywright/target/screenshots/1758775755990.4.png
Page source: file:/E:/Courses/Amalitech%20GTP/Projects/demoblazeProjectPlaywright/target/screenshots/1758775755990.4.html
Timeout: 4 s.
Caused by: TimeoutException: Expected condition failed: waiting for alert to be present (tried for 4 second(s) with 200 milliseconds interval)
	at com.codeborne.selenide.SelenideTargetLocator.alertNotFoundError(SelenideTargetLocator.java:308)
	at com.codeborne.selenide.SelenideTargetLocator.alert(SelenideTargetLocator.java:182)
	at com.codeborne.selenide.SelenideTargetLocator.alert(SelenideTargetLocator.java:172)
	at stepDefinitions.OrderPlacementSteps.i_should_see_appropriate_response_for_order(OrderPlacementSteps.java:162)
	at ✽.I should see appropriate response for order "valid_order"(file:///E:/Courses/Amalitech%20GTP/Projects/demoblazeProjectPlaywright/src/test/resources/features/OrderPlacement.feature:59)
Caused by: org.openqa.selenium.TimeoutException: Expected condition failed: waiting for alert to be present (tried for 4 second(s) with 200 milliseconds interval)
Build info: version: '4.35.0', revision: '1c58e5028b'
System info: os.name: 'Windows 11', os.arch: 'amd64', os.version: '10.0', java.version: '23.0.2'
Driver info: driver.version: unknown
	at org.openqa.selenium.support.ui.FluentWait.timeoutException(FluentWait.java:265)
	at org.openqa.selenium.support.ui.FluentWait.until(FluentWait.java:228)
	at com.codeborne.selenide.SelenideTargetLocator.alert(SelenideTargetLocator.java:179)
	at com.codeborne.selenide.SelenideTargetLocator.alert(SelenideTargetLocator.java:172)
	at stepDefinitions.OrderPlacementSteps.i_should_see_appropriate_response_for_order(OrderPlacementSteps.java:162)
	at java.base/jdk.internal.reflect.DirectMethodHandleAccessor.invoke(DirectMethodHandleAccessor.java:103)
	at java.base/java.lang.reflect.Method.invoke(Method.java:580)
	at io.cucumber.java.Invoker.doInvoke(Invoker.java:66)
	at io.cucumber.java.Invoker.invoke(Invoker.java:24)
	at io.cucumber.java.AbstractGlueDefinition.invokeMethod(AbstractGlueDefinition.java:47)
	at io.cucumber.java.JavaStepDefinition.execute(JavaStepDefinition.java:29)
	at io.cucumber.core.runner.CoreStepDefinition.execute(CoreStepDefinition.java:66)
	at io.cucumber.core.runner.PickleStepDefinitionMatch.runStep(PickleStepDefinitionMatch.java:63)
	at io.cucumber.core.runner.ExecutionMode$1.execute(ExecutionMode.java:10)
	at io.cucumber.core.runner.TestStep.executeStep(TestStep.java:84)
	at io.cucumber.core.runner.TestStep.run(TestStep.java:56)
	at io.cucumber.core.runner.PickleStepTestStep.run(PickleStepTestStep.java:51)
	at io.cucumber.core.runner.TestCase.run(TestCase.java:84)
	at io.cucumber.core.runner.Runner.runPickle(Runner.java:75)
	at io.cucumber.junit.PickleRunners$NoStepDescriptions.lambda$run$0(PickleRunners.java:151)
	at io.cucumber.core.runtime.CucumberExecutionContext.lambda$runTestCase$5(CucumberExecutionContext.java:137)
	at io.cucumber.core.runtime.RethrowingThrowableCollector.executeAndThrow(RethrowingThrowableCollector.java:23)
	at io.cucumber.core.runtime.CucumberExecutionContext.runTestCase(CucumberExecutionContext.java:137)
	at io.cucumber.junit.PickleRunners$NoStepDescriptions.run(PickleRunners.java:148)
	at io.cucumber.junit.FeatureRunner.runChild(FeatureRunner.java:144)
	at io.cucumber.junit.FeatureRunner.runChild(FeatureRunner.java:28)
	at org.junit.runners.ParentRunner$4.run(ParentRunner.java:331)
	at org.junit.runners.ParentRunner$1.schedule(ParentRunner.java:79)
	at org.junit.runners.ParentRunner.runChildren(ParentRunner.java:329)
	at org.junit.runners.ParentRunner.access$100(ParentRunner.java:66)
	at org.junit.runners.ParentRunner$2.evaluate(ParentRunner.java:293)
	at org.junit.runners.ParentRunner$3.evaluate(ParentRunner.java:306)
	at org.junit.runners.ParentRunner.run(ParentRunner.java:413)
	at io.cucumber.junit.FeatureRunner.run(FeatureRunner.java:137)
	at io.cucumber.junit.Cucumber.runChild(Cucumber.java:196)
	at io.cucumber.junit.Cucumber.runChild(Cucumber.java:89)
	at org.junit.runners.ParentRunner$4.run(ParentRunner.java:331)
	at org.junit.runners.ParentRunner$1.schedule(ParentRunner.java:79)
	at org.junit.runners.ParentRunner.runChildren(ParentRunner.java:329)
	at org.junit.runners.ParentRunner.access$100(ParentRunner.java:66)
	at org.junit.runners.ParentRunner$2.evaluate(ParentRunner.java:293)
	at io.cucumber.core.runtime.CucumberExecutionContext.lambda$runFeatures$6(CucumberExecutionContext.java:148)
	at io.cucumber.core.runtime.CucumberExecutionContext.execute(CucumberExecutionContext.java:163)
	at io.cucumber.core.runtime.CucumberExecutionContext.runFeatures(CucumberExecutionContext.java:146)
	at io.cucumber.junit.Cucumber$StartAndFinishTestRun.evaluate(Cucumber.java:226)
	at org.junit.runners.ParentRunner$3.evaluate(ParentRunner.java:306)
	at org.junit.runners.ParentRunner.run(ParentRunner.java:413)
	at org.junit.runner.JUnitCore.run(JUnitCore.java:137)
	at org.junit.runner.JUnitCore.run(JUnitCore.java:115)
	at org.junit.vintage.engine.execution.RunnerExecutor.execute(RunnerExecutor.java:42)
	at org.junit.vintage.engine.VintageTestEngine.executeAllChildren(VintageTestEngine.java:80)
	at org.junit.vintage.engine.VintageTestEngine.execute(VintageTestEngine.java:72)
	at org.junit.platform.launcher.core.EngineExecutionOrchestrator.execute(EngineExecutionOrchestrator.java:198)
	at org.junit.platform.launcher.core.EngineExecutionOrchestrator.execute(EngineExecutionOrchestrator.java:169)
	at org.junit.platform.launcher.core.EngineExecutionOrchestrator.execute(EngineExecutionOrchestrator.java:93)
	at org.junit.platform.launcher.core.EngineExecutionOrchestrator.lambda$execute$0(EngineExecutionOrchestrator.java:58)
	at org.junit.platform.launcher.core.EngineExecutionOrchestrator.withInterceptedStreams(EngineExecutionOrchestrator.java:141)
	at org.junit.platform.launcher.core.EngineExecutionOrchestrator.execute(EngineExecutionOrchestrator.java:57)
	at org.junit.platform.launcher.core.DefaultLauncher.execute(DefaultLauncher.java:103)
	at org.junit.platform.launcher.core.DefaultLauncher.execute(DefaultLauncher.java:85)
	at org.junit.platform.launcher.core.DelegatingLauncher.execute(DelegatingLauncher.java:47)
	at org.apache.maven.surefire.junitplatform.LazyLauncher.execute(LazyLauncher.java:55)
	at org.apache.maven.surefire.junitplatform.JUnitPlatformProvider.execute(JUnitPlatformProvider.java:223)
	at org.apache.maven.surefire.junitplatform.JUnitPlatformProvider.invokeAllTests(JUnitPlatformProvider.java:175)
	at org.apache.maven.surefire.junitplatform.JUnitPlatformProvider.invoke(JUnitPlatformProvider.java:139)
	at org.apache.maven.surefire.booter.ForkedBooter.runSuitesInProcess(ForkedBooter.java:456)
	at org.apache.maven.surefire.booter.ForkedBooter.execute(ForkedBooter.java:169)
	at org.apache.maven.surefire.booter.ForkedBooter.run(ForkedBooter.java:595)
	at org.apache.maven.surefire.booter.ForkedBooter.main(ForkedBooter.java:581)

04:49:16.264 [main] INFO  hooks.Hooks - Finishing BDD scenario: Validate order form with different data combinations - Status: FAILED
04:49:16.264 [main] ERROR hooks.Hooks - Scenario failed: Validate order form with different data combinations
04:49:16.285 [main] INFO  c.c.selenide.impl.AttachmentPrinter - [[ATTACHMENT|E:\Courses\Amalitech GTP\Projects\demoblazeProjectPlaywright\target\screenshots\failed_scenario_1758775756264.html]]
04:49:16.512 [main] INFO  c.c.selenide.impl.AttachmentPrinter - [[ATTACHMENT|E:\Courses\Amalitech GTP\Projects\demoblazeProjectPlaywright\target\screenshots\failed_scenario_1758775756264.png]]
04:49:16.515 [main] ERROR hooks.Hooks - Failed to capture screenshot: Illegal char <:> at index 4: file:/E:/Courses/Amalitech%20GTP/Projects/demoblazeProjectPlaywright/target/screenshots/failed_scenario_1758775756264.png
04:49:16.830 [main] INFO  hooks.Hooks - BDD test cleanup completed for scenario: Validate order form with different data combinations
]]></system-out>
    <system-err><![CDATA[Sep 25, 2025 4:48:59 AM org.openqa.selenium.devtools.CdpVersionFinder findNearestMatch
WARNING: Unable to find an exact match for CDP version 140, returning the closest version; found: 139; Please update to a Selenium version that supports CDP version 140
]]></system-err>
  </testcase>
  <testcase name="Validate order form with different data combinations #2" classname="DemoBlaze Order Placement" time="12.968">
    <system-out><![CDATA[
@OrderPlacement @E2E @regression @OrderFormValidation @Edge
Scenario Outline: Validate order form with different data combinations # src/test/resources/features/OrderPlacement.feature:64
04:49:16.846 [main] INFO  hooks.Hooks - Starting BDD scenario: Validate order form with different data combinations
04:49:16.847 [main] INFO  hooks.Hooks - BDD test environment configured for scenario: Validate order form with different data combinations
04:49:16.848 [main] INFO  stepDefinitions.HomePageSteps - BDD Step: Navigating to DemoBlaze home page
04:49:16.848 [main] INFO  pages.HomePage - BDD: Opening home page
04:49:16.848 [main] INFO  pages.HomePage - Opening DemoBlaze home page
04:49:16.848 [main] INFO  c.c.s.WebDriverThreadLocalContainer - No webdriver is bound to current thread: 1 - let's create a new webdriver
04:49:18.358 [main] INFO  c.c.s.webdriver.WebDriverFactory - Selenide 7.10.0 / Selenium 4.35.0 / chrome 140.0.7339.185 windows
04:49:20.780 [main] INFO  pages.HomePage - Home page opened successfully
  Given I navigate to the DemoBlaze home page                          # stepDefinitions.HomePageSteps.i_navigate_to_the_demoblaze_home_page()
04:49:20.781 [main] INFO  stepDefinitions.CartSteps - BDD Step: Adding Nexus 6 to cart
04:49:20.781 [main] INFO  pages.HomePage - BDD: Clicking on first product: Nexus 6
04:49:20.781 [main] INFO  pages.HomePage - Clicking on first product: Nexus 6
04:49:22.572 [main] INFO  pages.HomePage - Successfully clicked on first product: Nexus 6
04:49:22.572 [main] INFO  pages.ProductDetailsPage - BDD: Adding product to cart
04:49:22.572 [main] INFO  pages.ProductDetailsPage - Clicking 'Add to cart' button
04:49:23.746 [main] INFO  pages.ProductDetailsPage - Successfully clicked 'Add to cart' button
04:49:24.449 [main] INFO  pages.HomePage - BDD: Opening home page
04:49:24.449 [main] INFO  pages.HomePage - Opening DemoBlaze home page
04:49:24.680 [main] INFO  pages.HomePage - Home page opened successfully
  Given I add "Nexus 6" to cart                                        # stepDefinitions.CartSteps.i_add_to_cart(java.lang.String)
04:49:24.681 [main] INFO  stepDefinitions.CartSteps - BDD Step: Navigating to cart page
04:49:24.681 [main] INFO  pages.HomePage - BDD: Navigating to cart
04:49:24.681 [main] INFO  pages.HomePage - Navigating to cart page
04:49:25.704 [main] INFO  pages.HomePage - Successfully navigated to cart page
  When I navigate to cart page                                         # stepDefinitions.CartSteps.i_navigate_to_cart_page()
04:49:25.707 [main] INFO  stepDefinitions.OrderPlacementSteps - BDD Step: Clicking place order button
04:49:25.707 [main] INFO  pages.CartPage - Clicking 'Place Order' button
04:49:26.206 [main] INFO  pages.CartPage - Successfully clicked 'Place Order' button
  And I click place order button                                       # stepDefinitions.OrderPlacementSteps.i_click_place_order_button()
04:49:26.207 [main] INFO  stepDefinitions.OrderPlacementSteps - BDD Step: Filling order details with specified data
04:49:26.207 [main] INFO  pages.OrderPlacementPage - Filling complete order details for customer: 
04:49:26.207 [main] INFO  pages.OrderPlacementPage - Filling name field with: 
04:49:27.090 [main] INFO  pages.OrderPlacementPage - Filling country field with: USA
04:49:27.285 [main] INFO  pages.OrderPlacementPage - Filling city field with: New York
04:49:27.567 [main] INFO  pages.OrderPlacementPage - Filling credit card field
04:49:28.060 [main] INFO  pages.OrderPlacementPage - Filling month field with: 12
04:49:28.494 [main] INFO  pages.OrderPlacementPage - Filling year field with: 2025
04:49:29.007 [main] INFO  pages.OrderPlacementPage - Order details filled successfully for customer: 
04:49:29.007 [main] INFO  stepDefinitions.OrderPlacementSteps - BDD Step: Order details filled with specified data
  And I fill order details:                                            # stepDefinitions.OrderPlacementSteps.i_fill_order_details(io.cucumber.datatable.DataTable)
    | field      | value            |
    | name       | [empty]          |
    | country    | USA              |
    | city       | New York         |
    | creditCard | 1234567890123456 |
    | month      | 12               |
    | year       | 2025             |
04:49:29.010 [main] INFO  stepDefinitions.OrderPlacementSteps - BDD Step: Clicking purchase button
04:49:29.010 [main] INFO  pages.OrderPlacementPage - Clicking 'Purchase' button to complete order
04:49:29.369 [main] INFO  pages.OrderPlacementPage - Purchase button clicked successfully
  And I click purchase button                                          # stepDefinitions.OrderPlacementSteps.i_click_purchase_button()
04:49:29.371 [main] INFO  stepDefinitions.OrderPlacementSteps - BDD Step: Verifying response for order scenario: missing_name
04:49:29.382 [main] INFO  stepDefinitions.OrderPlacementSteps - Alert message for scenario missing_name: Please fill out Name and Creditcard.
  Then I should see appropriate response for order "missing_name"      # stepDefinitions.OrderPlacementSteps.i_should_see_appropriate_response_for_order(java.lang.String)
04:49:29.429 [main] INFO  hooks.Hooks - Finishing BDD scenario: Validate order form with different data combinations - Status: PASSED
04:49:29.802 [main] INFO  hooks.Hooks - BDD test cleanup completed for scenario: Validate order form with different data combinations
]]></system-out>
    <system-err><![CDATA[Sep 25, 2025 4:49:18 AM org.openqa.selenium.devtools.CdpVersionFinder findNearestMatch
WARNING: Unable to find an exact match for CDP version 140, returning the closest version; found: 139; Please update to a Selenium version that supports CDP version 140
]]></system-err>
  </testcase>
  <testcase name="Validate order form with different data combinations #3" classname="DemoBlaze Order Placement" time="18.49">
    <failure message="Alert not found&#10;Screenshot: file:/E:/Courses/Amalitech%20GTP/Projects/demoblazeProjectPlaywright/target/screenshots/1758775787269.5.png&#10;Page source: file:/E:/Courses/Amalitech%20GTP/Projects/demoblazeProjectPlaywright/target/screenshots/1758775787269.5.html&#10;Timeout: 4 s.&#10;Caused by: TimeoutException: Expected condition failed: waiting for alert to be present (tried for 4 second(s) with 200 milliseconds interval)" type="Alert not found&#10;Screenshot"><![CDATA[Alert not found
Screenshot: file:/E:/Courses/Amalitech%20GTP/Projects/demoblazeProjectPlaywright/target/screenshots/1758775787269.5.png
Page source: file:/E:/Courses/Amalitech%20GTP/Projects/demoblazeProjectPlaywright/target/screenshots/1758775787269.5.html
Timeout: 4 s.
Caused by: TimeoutException: Expected condition failed: waiting for alert to be present (tried for 4 second(s) with 200 milliseconds interval)
	at com.codeborne.selenide.SelenideTargetLocator.alertNotFoundError(SelenideTargetLocator.java:308)
	at com.codeborne.selenide.SelenideTargetLocator.alert(SelenideTargetLocator.java:182)
	at com.codeborne.selenide.SelenideTargetLocator.alert(SelenideTargetLocator.java:172)
	at stepDefinitions.OrderPlacementSteps.i_should_see_appropriate_response_for_order(OrderPlacementSteps.java:162)
	at ✽.I should see appropriate response for order "missing_country"(file:///E:/Courses/Amalitech%20GTP/Projects/demoblazeProjectPlaywright/src/test/resources/features/OrderPlacement.feature:59)
Caused by: org.openqa.selenium.TimeoutException: Expected condition failed: waiting for alert to be present (tried for 4 second(s) with 200 milliseconds interval)
Build info: version: '4.35.0', revision: '1c58e5028b'
System info: os.name: 'Windows 11', os.arch: 'amd64', os.version: '10.0', java.version: '23.0.2'
Driver info: driver.version: unknown
	at org.openqa.selenium.support.ui.FluentWait.timeoutException(FluentWait.java:265)
	at org.openqa.selenium.support.ui.FluentWait.until(FluentWait.java:228)
	at com.codeborne.selenide.SelenideTargetLocator.alert(SelenideTargetLocator.java:179)
	at com.codeborne.selenide.SelenideTargetLocator.alert(SelenideTargetLocator.java:172)
	at stepDefinitions.OrderPlacementSteps.i_should_see_appropriate_response_for_order(OrderPlacementSteps.java:162)
	at java.base/java.lang.reflect.Method.invoke(Method.java:580)
	at io.cucumber.java.Invoker.doInvoke(Invoker.java:66)
	at io.cucumber.java.Invoker.invoke(Invoker.java:24)
	at io.cucumber.java.AbstractGlueDefinition.invokeMethod(AbstractGlueDefinition.java:47)
	at io.cucumber.java.JavaStepDefinition.execute(JavaStepDefinition.java:29)
	at io.cucumber.core.runner.CoreStepDefinition.execute(CoreStepDefinition.java:66)
	at io.cucumber.core.runner.PickleStepDefinitionMatch.runStep(PickleStepDefinitionMatch.java:63)
	at io.cucumber.core.runner.ExecutionMode$1.execute(ExecutionMode.java:10)
	at io.cucumber.core.runner.TestStep.executeStep(TestStep.java:84)
	at io.cucumber.core.runner.TestStep.run(TestStep.java:56)
	at io.cucumber.core.runner.PickleStepTestStep.run(PickleStepTestStep.java:51)
	at io.cucumber.core.runner.TestCase.run(TestCase.java:84)
	at io.cucumber.core.runner.Runner.runPickle(Runner.java:75)
	at io.cucumber.junit.PickleRunners$NoStepDescriptions.lambda$run$0(PickleRunners.java:151)
	at io.cucumber.core.runtime.CucumberExecutionContext.lambda$runTestCase$5(CucumberExecutionContext.java:137)
	at io.cucumber.core.runtime.RethrowingThrowableCollector.executeAndThrow(RethrowingThrowableCollector.java:23)
	at io.cucumber.core.runtime.CucumberExecutionContext.runTestCase(CucumberExecutionContext.java:137)
	at io.cucumber.junit.PickleRunners$NoStepDescriptions.run(PickleRunners.java:148)
	at io.cucumber.junit.FeatureRunner.runChild(FeatureRunner.java:144)
	at io.cucumber.junit.FeatureRunner.runChild(FeatureRunner.java:28)
	at io.cucumber.junit.FeatureRunner.run(FeatureRunner.java:137)
	at io.cucumber.junit.Cucumber.runChild(Cucumber.java:196)
	at io.cucumber.junit.Cucumber.runChild(Cucumber.java:89)
	at io.cucumber.core.runtime.CucumberExecutionContext.lambda$runFeatures$6(CucumberExecutionContext.java:148)
	at io.cucumber.core.runtime.CucumberExecutionContext.execute(CucumberExecutionContext.java:163)
	at io.cucumber.core.runtime.CucumberExecutionContext.runFeatures(CucumberExecutionContext.java:146)
	at io.cucumber.junit.Cucumber$StartAndFinishTestRun.evaluate(Cucumber.java:226)
]]></failure>
    <system-out><![CDATA[
@OrderPlacement @E2E @regression @OrderFormValidation @Edge
Scenario Outline: Validate order form with different data combinations # src/test/resources/features/OrderPlacement.feature:65
04:49:29.810 [main] INFO  hooks.Hooks - Starting BDD scenario: Validate order form with different data combinations
04:49:29.810 [main] INFO  hooks.Hooks - BDD test environment configured for scenario: Validate order form with different data combinations
04:49:29.817 [main] INFO  stepDefinitions.HomePageSteps - BDD Step: Navigating to DemoBlaze home page
04:49:29.817 [main] INFO  pages.HomePage - BDD: Opening home page
04:49:29.817 [main] INFO  pages.HomePage - Opening DemoBlaze home page
04:49:29.817 [main] INFO  c.c.s.WebDriverThreadLocalContainer - No webdriver is bound to current thread: 1 - let's create a new webdriver
04:49:31.295 [main] INFO  c.c.s.webdriver.WebDriverFactory - Selenide 7.10.0 / Selenium 4.35.0 / chrome 140.0.7339.185 windows
04:49:33.648 [main] INFO  pages.HomePage - Home page opened successfully
  Given I navigate to the DemoBlaze home page                          # stepDefinitions.HomePageSteps.i_navigate_to_the_demoblaze_home_page()
04:49:33.651 [main] INFO  stepDefinitions.CartSteps - BDD Step: Adding Nexus 6 to cart
04:49:33.651 [main] INFO  pages.HomePage - BDD: Clicking on first product: Nexus 6
04:49:33.651 [main] INFO  pages.HomePage - Clicking on first product: Nexus 6
04:49:35.757 [main] INFO  pages.HomePage - Successfully clicked on first product: Nexus 6
04:49:35.757 [main] INFO  pages.ProductDetailsPage - BDD: Adding product to cart
04:49:35.757 [main] INFO  pages.ProductDetailsPage - Clicking 'Add to cart' button
04:49:36.710 [main] INFO  pages.ProductDetailsPage - Successfully clicked 'Add to cart' button
04:49:37.365 [main] INFO  pages.HomePage - BDD: Opening home page
04:49:37.365 [main] INFO  pages.HomePage - Opening DemoBlaze home page
04:49:37.613 [main] INFO  pages.HomePage - Home page opened successfully
  Given I add "Nexus 6" to cart                                        # stepDefinitions.CartSteps.i_add_to_cart(java.lang.String)
04:49:37.613 [main] INFO  stepDefinitions.CartSteps - BDD Step: Navigating to cart page
04:49:37.613 [main] INFO  pages.HomePage - BDD: Navigating to cart
04:49:37.613 [main] INFO  pages.HomePage - Navigating to cart page
04:49:38.924 [main] INFO  pages.HomePage - Successfully navigated to cart page
  When I navigate to cart page                                         # stepDefinitions.CartSteps.i_navigate_to_cart_page()
04:49:38.924 [main] INFO  stepDefinitions.OrderPlacementSteps - BDD Step: Clicking place order button
04:49:38.924 [main] INFO  pages.CartPage - Clicking 'Place Order' button
04:49:39.422 [main] INFO  pages.CartPage - Successfully clicked 'Place Order' button
  And I click place order button                                       # stepDefinitions.OrderPlacementSteps.i_click_place_order_button()
04:49:39.427 [main] INFO  stepDefinitions.OrderPlacementSteps - BDD Step: Filling order details with specified data
04:49:39.430 [main] INFO  pages.OrderPlacementPage - Filling complete order details for customer: John Doe
04:49:39.430 [main] INFO  pages.OrderPlacementPage - Filling name field with: John Doe
04:49:40.613 [main] INFO  pages.OrderPlacementPage - Filling country field with: 
04:49:40.852 [main] INFO  pages.OrderPlacementPage - Filling city field with: New York
04:49:41.454 [main] INFO  pages.OrderPlacementPage - Filling credit card field
04:49:41.993 [main] INFO  pages.OrderPlacementPage - Filling month field with: 12
04:49:42.303 [main] INFO  pages.OrderPlacementPage - Filling year field with: 2025
04:49:42.763 [main] INFO  pages.OrderPlacementPage - Order details filled successfully for customer: John Doe
04:49:42.763 [main] INFO  stepDefinitions.OrderPlacementSteps - BDD Step: Order details filled with specified data
  And I fill order details:                                            # stepDefinitions.OrderPlacementSteps.i_fill_order_details(io.cucumber.datatable.DataTable)
    | field      | value            |
    | name       | John Doe         |
    | country    | [empty]          |
    | city       | New York         |
    | creditCard | 1234567890123456 |
    | month      | 12               |
    | year       | 2025             |
04:49:42.765 [main] INFO  stepDefinitions.OrderPlacementSteps - BDD Step: Clicking purchase button
04:49:42.765 [main] INFO  pages.OrderPlacementPage - Clicking 'Purchase' button to complete order
04:49:43.158 [main] INFO  pages.OrderPlacementPage - Purchase button clicked successfully
  And I click purchase button                                          # stepDefinitions.OrderPlacementSteps.i_click_purchase_button()
04:49:43.161 [main] INFO  stepDefinitions.OrderPlacementSteps - BDD Step: Verifying response for order scenario: missing_country
04:49:47.310 [main] INFO  c.c.selenide.impl.AttachmentPrinter - [[ATTACHMENT|E:\Courses\Amalitech GTP\Projects\demoblazeProjectPlaywright\target\screenshots\1758775787269.5.html]]
04:49:47.642 [main] INFO  c.c.selenide.impl.AttachmentPrinter - [[ATTACHMENT|E:\Courses\Amalitech GTP\Projects\demoblazeProjectPlaywright\target\screenshots\1758775787269.5.png]]
  Then I should see appropriate response for order "missing_country"   # stepDefinitions.OrderPlacementSteps.i_should_see_appropriate_response_for_order(java.lang.String)
      Alert not found
Screenshot: file:/E:/Courses/Amalitech%20GTP/Projects/demoblazeProjectPlaywright/target/screenshots/1758775787269.5.png
Page source: file:/E:/Courses/Amalitech%20GTP/Projects/demoblazeProjectPlaywright/target/screenshots/1758775787269.5.html
Timeout: 4 s.
Caused by: TimeoutException: Expected condition failed: waiting for alert to be present (tried for 4 second(s) with 200 milliseconds interval)
	at com.codeborne.selenide.SelenideTargetLocator.alertNotFoundError(SelenideTargetLocator.java:308)
	at com.codeborne.selenide.SelenideTargetLocator.alert(SelenideTargetLocator.java:182)
	at com.codeborne.selenide.SelenideTargetLocator.alert(SelenideTargetLocator.java:172)
	at stepDefinitions.OrderPlacementSteps.i_should_see_appropriate_response_for_order(OrderPlacementSteps.java:162)
	at ✽.I should see appropriate response for order "missing_country"(file:///E:/Courses/Amalitech%20GTP/Projects/demoblazeProjectPlaywright/src/test/resources/features/OrderPlacement.feature:59)
Caused by: org.openqa.selenium.TimeoutException: Expected condition failed: waiting for alert to be present (tried for 4 second(s) with 200 milliseconds interval)
Build info: version: '4.35.0', revision: '1c58e5028b'
System info: os.name: 'Windows 11', os.arch: 'amd64', os.version: '10.0', java.version: '23.0.2'
Driver info: driver.version: unknown
	at org.openqa.selenium.support.ui.FluentWait.timeoutException(FluentWait.java:265)
	at org.openqa.selenium.support.ui.FluentWait.until(FluentWait.java:228)
	at com.codeborne.selenide.SelenideTargetLocator.alert(SelenideTargetLocator.java:179)
	at com.codeborne.selenide.SelenideTargetLocator.alert(SelenideTargetLocator.java:172)
	at stepDefinitions.OrderPlacementSteps.i_should_see_appropriate_response_for_order(OrderPlacementSteps.java:162)
	at java.base/jdk.internal.reflect.DirectMethodHandleAccessor.invoke(DirectMethodHandleAccessor.java:103)
	at java.base/java.lang.reflect.Method.invoke(Method.java:580)
	at io.cucumber.java.Invoker.doInvoke(Invoker.java:66)
	at io.cucumber.java.Invoker.invoke(Invoker.java:24)
	at io.cucumber.java.AbstractGlueDefinition.invokeMethod(AbstractGlueDefinition.java:47)
	at io.cucumber.java.JavaStepDefinition.execute(JavaStepDefinition.java:29)
	at io.cucumber.core.runner.CoreStepDefinition.execute(CoreStepDefinition.java:66)
	at io.cucumber.core.runner.PickleStepDefinitionMatch.runStep(PickleStepDefinitionMatch.java:63)
	at io.cucumber.core.runner.ExecutionMode$1.execute(ExecutionMode.java:10)
	at io.cucumber.core.runner.TestStep.executeStep(TestStep.java:84)
	at io.cucumber.core.runner.TestStep.run(TestStep.java:56)
	at io.cucumber.core.runner.PickleStepTestStep.run(PickleStepTestStep.java:51)
	at io.cucumber.core.runner.TestCase.run(TestCase.java:84)
	at io.cucumber.core.runner.Runner.runPickle(Runner.java:75)
	at io.cucumber.junit.PickleRunners$NoStepDescriptions.lambda$run$0(PickleRunners.java:151)
	at io.cucumber.core.runtime.CucumberExecutionContext.lambda$runTestCase$5(CucumberExecutionContext.java:137)
	at io.cucumber.core.runtime.RethrowingThrowableCollector.executeAndThrow(RethrowingThrowableCollector.java:23)
	at io.cucumber.core.runtime.CucumberExecutionContext.runTestCase(CucumberExecutionContext.java:137)
	at io.cucumber.junit.PickleRunners$NoStepDescriptions.run(PickleRunners.java:148)
	at io.cucumber.junit.FeatureRunner.runChild(FeatureRunner.java:144)
	at io.cucumber.junit.FeatureRunner.runChild(FeatureRunner.java:28)
	at org.junit.runners.ParentRunner$4.run(ParentRunner.java:331)
	at org.junit.runners.ParentRunner$1.schedule(ParentRunner.java:79)
	at org.junit.runners.ParentRunner.runChildren(ParentRunner.java:329)
	at org.junit.runners.ParentRunner.access$100(ParentRunner.java:66)
	at org.junit.runners.ParentRunner$2.evaluate(ParentRunner.java:293)
	at org.junit.runners.ParentRunner$3.evaluate(ParentRunner.java:306)
	at org.junit.runners.ParentRunner.run(ParentRunner.java:413)
	at io.cucumber.junit.FeatureRunner.run(FeatureRunner.java:137)
	at io.cucumber.junit.Cucumber.runChild(Cucumber.java:196)
	at io.cucumber.junit.Cucumber.runChild(Cucumber.java:89)
	at org.junit.runners.ParentRunner$4.run(ParentRunner.java:331)
	at org.junit.runners.ParentRunner$1.schedule(ParentRunner.java:79)
	at org.junit.runners.ParentRunner.runChildren(ParentRunner.java:329)
	at org.junit.runners.ParentRunner.access$100(ParentRunner.java:66)
	at org.junit.runners.ParentRunner$2.evaluate(ParentRunner.java:293)
	at io.cucumber.core.runtime.CucumberExecutionContext.lambda$runFeatures$6(CucumberExecutionContext.java:148)
	at io.cucumber.core.runtime.CucumberExecutionContext.execute(CucumberExecutionContext.java:163)
	at io.cucumber.core.runtime.CucumberExecutionContext.runFeatures(CucumberExecutionContext.java:146)
	at io.cucumber.junit.Cucumber$StartAndFinishTestRun.evaluate(Cucumber.java:226)
	at org.junit.runners.ParentRunner$3.evaluate(ParentRunner.java:306)
	at org.junit.runners.ParentRunner.run(ParentRunner.java:413)
	at org.junit.runner.JUnitCore.run(JUnitCore.java:137)
	at org.junit.runner.JUnitCore.run(JUnitCore.java:115)
	at org.junit.vintage.engine.execution.RunnerExecutor.execute(RunnerExecutor.java:42)
	at org.junit.vintage.engine.VintageTestEngine.executeAllChildren(VintageTestEngine.java:80)
	at org.junit.vintage.engine.VintageTestEngine.execute(VintageTestEngine.java:72)
	at org.junit.platform.launcher.core.EngineExecutionOrchestrator.execute(EngineExecutionOrchestrator.java:198)
	at org.junit.platform.launcher.core.EngineExecutionOrchestrator.execute(EngineExecutionOrchestrator.java:169)
	at org.junit.platform.launcher.core.EngineExecutionOrchestrator.execute(EngineExecutionOrchestrator.java:93)
	at org.junit.platform.launcher.core.EngineExecutionOrchestrator.lambda$execute$0(EngineExecutionOrchestrator.java:58)
	at org.junit.platform.launcher.core.EngineExecutionOrchestrator.withInterceptedStreams(EngineExecutionOrchestrator.java:141)
	at org.junit.platform.launcher.core.EngineExecutionOrchestrator.execute(EngineExecutionOrchestrator.java:57)
	at org.junit.platform.launcher.core.DefaultLauncher.execute(DefaultLauncher.java:103)
	at org.junit.platform.launcher.core.DefaultLauncher.execute(DefaultLauncher.java:85)
	at org.junit.platform.launcher.core.DelegatingLauncher.execute(DelegatingLauncher.java:47)
	at org.apache.maven.surefire.junitplatform.LazyLauncher.execute(LazyLauncher.java:55)
	at org.apache.maven.surefire.junitplatform.JUnitPlatformProvider.execute(JUnitPlatformProvider.java:223)
	at org.apache.maven.surefire.junitplatform.JUnitPlatformProvider.invokeAllTests(JUnitPlatformProvider.java:175)
	at org.apache.maven.surefire.junitplatform.JUnitPlatformProvider.invoke(JUnitPlatformProvider.java:139)
	at org.apache.maven.surefire.booter.ForkedBooter.runSuitesInProcess(ForkedBooter.java:456)
	at org.apache.maven.surefire.booter.ForkedBooter.execute(ForkedBooter.java:169)
	at org.apache.maven.surefire.booter.ForkedBooter.run(ForkedBooter.java:595)
	at org.apache.maven.surefire.booter.ForkedBooter.main(ForkedBooter.java:581)

04:49:47.646 [main] INFO  hooks.Hooks - Finishing BDD scenario: Validate order form with different data combinations - Status: FAILED
04:49:47.646 [main] ERROR hooks.Hooks - Scenario failed: Validate order form with different data combinations
04:49:47.660 [main] INFO  c.c.selenide.impl.AttachmentPrinter - [[ATTACHMENT|E:\Courses\Amalitech GTP\Projects\demoblazeProjectPlaywright\target\screenshots\failed_scenario_1758775787646.html]]
04:49:47.973 [main] INFO  c.c.selenide.impl.AttachmentPrinter - [[ATTACHMENT|E:\Courses\Amalitech GTP\Projects\demoblazeProjectPlaywright\target\screenshots\failed_scenario_1758775787646.png]]
04:49:47.975 [main] ERROR hooks.Hooks - Failed to capture screenshot: Illegal char <:> at index 4: file:/E:/Courses/Amalitech%20GTP/Projects/demoblazeProjectPlaywright/target/screenshots/failed_scenario_1758775787646.png
04:49:48.288 [main] INFO  hooks.Hooks - BDD test cleanup completed for scenario: Validate order form with different data combinations
]]></system-out>
    <system-err><![CDATA[Sep 25, 2025 4:49:31 AM org.openqa.selenium.devtools.CdpVersionFinder findNearestMatch
WARNING: Unable to find an exact match for CDP version 140, returning the closest version; found: 139; Please update to a Selenium version that supports CDP version 140
]]></system-err>
  </testcase>
  <testcase name="Validate order form with different data combinations #4" classname="DemoBlaze Order Placement" time="18.322">
    <failure message="Alert not found&#10;Screenshot: file:/E:/Courses/Amalitech%20GTP/Projects/demoblazeProjectPlaywright/target/screenshots/1758775805739.6.png&#10;Page source: file:/E:/Courses/Amalitech%20GTP/Projects/demoblazeProjectPlaywright/target/screenshots/1758775805739.6.html&#10;Timeout: 4 s.&#10;Caused by: TimeoutException: Expected condition failed: waiting for alert to be present (tried for 4 second(s) with 200 milliseconds interval)" type="Alert not found&#10;Screenshot"><![CDATA[Alert not found
Screenshot: file:/E:/Courses/Amalitech%20GTP/Projects/demoblazeProjectPlaywright/target/screenshots/1758775805739.6.png
Page source: file:/E:/Courses/Amalitech%20GTP/Projects/demoblazeProjectPlaywright/target/screenshots/1758775805739.6.html
Timeout: 4 s.
Caused by: TimeoutException: Expected condition failed: waiting for alert to be present (tried for 4 second(s) with 200 milliseconds interval)
	at com.codeborne.selenide.SelenideTargetLocator.alertNotFoundError(SelenideTargetLocator.java:308)
	at com.codeborne.selenide.SelenideTargetLocator.alert(SelenideTargetLocator.java:182)
	at com.codeborne.selenide.SelenideTargetLocator.alert(SelenideTargetLocator.java:172)
	at stepDefinitions.OrderPlacementSteps.i_should_see_appropriate_response_for_order(OrderPlacementSteps.java:162)
	at ✽.I should see appropriate response for order "missing_city"(file:///E:/Courses/Amalitech%20GTP/Projects/demoblazeProjectPlaywright/src/test/resources/features/OrderPlacement.feature:59)
Caused by: org.openqa.selenium.TimeoutException: Expected condition failed: waiting for alert to be present (tried for 4 second(s) with 200 milliseconds interval)
Build info: version: '4.35.0', revision: '1c58e5028b'
System info: os.name: 'Windows 11', os.arch: 'amd64', os.version: '10.0', java.version: '23.0.2'
Driver info: driver.version: unknown
	at org.openqa.selenium.support.ui.FluentWait.timeoutException(FluentWait.java:265)
	at org.openqa.selenium.support.ui.FluentWait.until(FluentWait.java:228)
	at com.codeborne.selenide.SelenideTargetLocator.alert(SelenideTargetLocator.java:179)
	at com.codeborne.selenide.SelenideTargetLocator.alert(SelenideTargetLocator.java:172)
	at stepDefinitions.OrderPlacementSteps.i_should_see_appropriate_response_for_order(OrderPlacementSteps.java:162)
	at java.base/java.lang.reflect.Method.invoke(Method.java:580)
	at io.cucumber.java.Invoker.doInvoke(Invoker.java:66)
	at io.cucumber.java.Invoker.invoke(Invoker.java:24)
	at io.cucumber.java.AbstractGlueDefinition.invokeMethod(AbstractGlueDefinition.java:47)
	at io.cucumber.java.JavaStepDefinition.execute(JavaStepDefinition.java:29)
	at io.cucumber.core.runner.CoreStepDefinition.execute(CoreStepDefinition.java:66)
	at io.cucumber.core.runner.PickleStepDefinitionMatch.runStep(PickleStepDefinitionMatch.java:63)
	at io.cucumber.core.runner.ExecutionMode$1.execute(ExecutionMode.java:10)
	at io.cucumber.core.runner.TestStep.executeStep(TestStep.java:84)
	at io.cucumber.core.runner.TestStep.run(TestStep.java:56)
	at io.cucumber.core.runner.PickleStepTestStep.run(PickleStepTestStep.java:51)
	at io.cucumber.core.runner.TestCase.run(TestCase.java:84)
	at io.cucumber.core.runner.Runner.runPickle(Runner.java:75)
	at io.cucumber.junit.PickleRunners$NoStepDescriptions.lambda$run$0(PickleRunners.java:151)
	at io.cucumber.core.runtime.CucumberExecutionContext.lambda$runTestCase$5(CucumberExecutionContext.java:137)
	at io.cucumber.core.runtime.RethrowingThrowableCollector.executeAndThrow(RethrowingThrowableCollector.java:23)
	at io.cucumber.core.runtime.CucumberExecutionContext.runTestCase(CucumberExecutionContext.java:137)
	at io.cucumber.junit.PickleRunners$NoStepDescriptions.run(PickleRunners.java:148)
	at io.cucumber.junit.FeatureRunner.runChild(FeatureRunner.java:144)
	at io.cucumber.junit.FeatureRunner.runChild(FeatureRunner.java:28)
	at io.cucumber.junit.FeatureRunner.run(FeatureRunner.java:137)
	at io.cucumber.junit.Cucumber.runChild(Cucumber.java:196)
	at io.cucumber.junit.Cucumber.runChild(Cucumber.java:89)
	at io.cucumber.core.runtime.CucumberExecutionContext.lambda$runFeatures$6(CucumberExecutionContext.java:148)
	at io.cucumber.core.runtime.CucumberExecutionContext.execute(CucumberExecutionContext.java:163)
	at io.cucumber.core.runtime.CucumberExecutionContext.runFeatures(CucumberExecutionContext.java:146)
	at io.cucumber.junit.Cucumber$StartAndFinishTestRun.evaluate(Cucumber.java:226)
]]></failure>
    <system-out><![CDATA[
@OrderPlacement @E2E @regression @OrderFormValidation @Edge
Scenario Outline: Validate order form with different data combinations # src/test/resources/features/OrderPlacement.feature:66
04:49:48.313 [main] INFO  hooks.Hooks - Starting BDD scenario: Validate order form with different data combinations
04:49:48.313 [main] INFO  hooks.Hooks - BDD test environment configured for scenario: Validate order form with different data combinations
04:49:48.316 [main] INFO  stepDefinitions.HomePageSteps - BDD Step: Navigating to DemoBlaze home page
04:49:48.316 [main] INFO  pages.HomePage - BDD: Opening home page
04:49:48.316 [main] INFO  pages.HomePage - Opening DemoBlaze home page
04:49:48.316 [main] INFO  c.c.s.WebDriverThreadLocalContainer - No webdriver is bound to current thread: 1 - let's create a new webdriver
04:49:49.818 [main] INFO  c.c.s.webdriver.WebDriverFactory - Selenide 7.10.0 / Selenium 4.35.0 / chrome 140.0.7339.185 windows
04:49:52.524 [main] INFO  pages.HomePage - Home page opened successfully
  Given I navigate to the DemoBlaze home page                          # stepDefinitions.HomePageSteps.i_navigate_to_the_demoblaze_home_page()
04:49:52.525 [main] INFO  stepDefinitions.CartSteps - BDD Step: Adding Nexus 6 to cart
04:49:52.525 [main] INFO  pages.HomePage - BDD: Clicking on first product: Nexus 6
04:49:52.525 [main] INFO  pages.HomePage - Clicking on first product: Nexus 6
04:49:55.478 [main] INFO  pages.HomePage - Successfully clicked on first product: Nexus 6
04:49:55.479 [main] INFO  pages.ProductDetailsPage - BDD: Adding product to cart
04:49:55.479 [main] INFO  pages.ProductDetailsPage - Clicking 'Add to cart' button
04:49:56.487 [main] INFO  pages.ProductDetailsPage - Successfully clicked 'Add to cart' button
04:49:57.149 [main] INFO  pages.HomePage - BDD: Opening home page
04:49:57.150 [main] INFO  pages.HomePage - Opening DemoBlaze home page
04:49:57.238 [main] INFO  pages.HomePage - Home page opened successfully
  Given I add "Nexus 6" to cart                                        # stepDefinitions.CartSteps.i_add_to_cart(java.lang.String)
04:49:57.238 [main] INFO  stepDefinitions.CartSteps - BDD Step: Navigating to cart page
04:49:57.238 [main] INFO  pages.HomePage - BDD: Navigating to cart
04:49:57.238 [main] INFO  pages.HomePage - Navigating to cart page
04:49:58.245 [main] INFO  pages.HomePage - Successfully navigated to cart page
  When I navigate to cart page                                         # stepDefinitions.CartSteps.i_navigate_to_cart_page()
04:49:58.249 [main] INFO  stepDefinitions.OrderPlacementSteps - BDD Step: Clicking place order button
04:49:58.249 [main] INFO  pages.CartPage - Clicking 'Place Order' button
04:49:58.664 [main] INFO  pages.CartPage - Successfully clicked 'Place Order' button
  And I click place order button                                       # stepDefinitions.OrderPlacementSteps.i_click_place_order_button()
04:49:58.669 [main] INFO  stepDefinitions.OrderPlacementSteps - BDD Step: Filling order details with specified data
04:49:58.669 [main] INFO  pages.OrderPlacementPage - Filling complete order details for customer: John Doe
04:49:58.669 [main] INFO  pages.OrderPlacementPage - Filling name field with: John Doe
04:49:59.733 [main] INFO  pages.OrderPlacementPage - Filling country field with: USA
04:49:59.994 [main] INFO  pages.OrderPlacementPage - Filling city field with: 
04:50:00.171 [main] INFO  pages.OrderPlacementPage - Filling credit card field
04:50:00.617 [main] INFO  pages.OrderPlacementPage - Filling month field with: 12
04:50:00.950 [main] INFO  pages.OrderPlacementPage - Filling year field with: 2025
04:50:01.349 [main] INFO  pages.OrderPlacementPage - Order details filled successfully for customer: John Doe
04:50:01.350 [main] INFO  stepDefinitions.OrderPlacementSteps - BDD Step: Order details filled with specified data
  And I fill order details:                                            # stepDefinitions.OrderPlacementSteps.i_fill_order_details(io.cucumber.datatable.DataTable)
    | field      | value            |
    | name       | John Doe         |
    | country    | USA              |
    | city       | [empty]          |
    | creditCard | 1234567890123456 |
    | month      | 12               |
    | year       | 2025             |
04:50:01.351 [main] INFO  stepDefinitions.OrderPlacementSteps - BDD Step: Clicking purchase button
04:50:01.351 [main] INFO  pages.OrderPlacementPage - Clicking 'Purchase' button to complete order
04:50:01.679 [main] INFO  pages.OrderPlacementPage - Purchase button clicked successfully
  And I click purchase button                                          # stepDefinitions.OrderPlacementSteps.i_click_purchase_button()
04:50:01.680 [main] INFO  stepDefinitions.OrderPlacementSteps - BDD Step: Verifying response for order scenario: missing_city
04:50:05.772 [main] INFO  c.c.selenide.impl.AttachmentPrinter - [[ATTACHMENT|E:\Courses\Amalitech GTP\Projects\demoblazeProjectPlaywright\target\screenshots\1758775805739.6.html]]
04:50:06.100 [main] INFO  c.c.selenide.impl.AttachmentPrinter - [[ATTACHMENT|E:\Courses\Amalitech GTP\Projects\demoblazeProjectPlaywright\target\screenshots\1758775805739.6.png]]
  Then I should see appropriate response for order "missing_city"      # stepDefinitions.OrderPlacementSteps.i_should_see_appropriate_response_for_order(java.lang.String)
      Alert not found
Screenshot: file:/E:/Courses/Amalitech%20GTP/Projects/demoblazeProjectPlaywright/target/screenshots/1758775805739.6.png
Page source: file:/E:/Courses/Amalitech%20GTP/Projects/demoblazeProjectPlaywright/target/screenshots/1758775805739.6.html
Timeout: 4 s.
Caused by: TimeoutException: Expected condition failed: waiting for alert to be present (tried for 4 second(s) with 200 milliseconds interval)
	at com.codeborne.selenide.SelenideTargetLocator.alertNotFoundError(SelenideTargetLocator.java:308)
	at com.codeborne.selenide.SelenideTargetLocator.alert(SelenideTargetLocator.java:182)
	at com.codeborne.selenide.SelenideTargetLocator.alert(SelenideTargetLocator.java:172)
	at stepDefinitions.OrderPlacementSteps.i_should_see_appropriate_response_for_order(OrderPlacementSteps.java:162)
	at ✽.I should see appropriate response for order "missing_city"(file:///E:/Courses/Amalitech%20GTP/Projects/demoblazeProjectPlaywright/src/test/resources/features/OrderPlacement.feature:59)
Caused by: org.openqa.selenium.TimeoutException: Expected condition failed: waiting for alert to be present (tried for 4 second(s) with 200 milliseconds interval)
Build info: version: '4.35.0', revision: '1c58e5028b'
System info: os.name: 'Windows 11', os.arch: 'amd64', os.version: '10.0', java.version: '23.0.2'
Driver info: driver.version: unknown
	at org.openqa.selenium.support.ui.FluentWait.timeoutException(FluentWait.java:265)
	at org.openqa.selenium.support.ui.FluentWait.until(FluentWait.java:228)
	at com.codeborne.selenide.SelenideTargetLocator.alert(SelenideTargetLocator.java:179)
	at com.codeborne.selenide.SelenideTargetLocator.alert(SelenideTargetLocator.java:172)
	at stepDefinitions.OrderPlacementSteps.i_should_see_appropriate_response_for_order(OrderPlacementSteps.java:162)
	at java.base/jdk.internal.reflect.DirectMethodHandleAccessor.invoke(DirectMethodHandleAccessor.java:103)
	at java.base/java.lang.reflect.Method.invoke(Method.java:580)
	at io.cucumber.java.Invoker.doInvoke(Invoker.java:66)
	at io.cucumber.java.Invoker.invoke(Invoker.java:24)
	at io.cucumber.java.AbstractGlueDefinition.invokeMethod(AbstractGlueDefinition.java:47)
	at io.cucumber.java.JavaStepDefinition.execute(JavaStepDefinition.java:29)
	at io.cucumber.core.runner.CoreStepDefinition.execute(CoreStepDefinition.java:66)
	at io.cucumber.core.runner.PickleStepDefinitionMatch.runStep(PickleStepDefinitionMatch.java:63)
	at io.cucumber.core.runner.ExecutionMode$1.execute(ExecutionMode.java:10)
	at io.cucumber.core.runner.TestStep.executeStep(TestStep.java:84)
	at io.cucumber.core.runner.TestStep.run(TestStep.java:56)
	at io.cucumber.core.runner.PickleStepTestStep.run(PickleStepTestStep.java:51)
	at io.cucumber.core.runner.TestCase.run(TestCase.java:84)
	at io.cucumber.core.runner.Runner.runPickle(Runner.java:75)
	at io.cucumber.junit.PickleRunners$NoStepDescriptions.lambda$run$0(PickleRunners.java:151)
	at io.cucumber.core.runtime.CucumberExecutionContext.lambda$runTestCase$5(CucumberExecutionContext.java:137)
	at io.cucumber.core.runtime.RethrowingThrowableCollector.executeAndThrow(RethrowingThrowableCollector.java:23)
	at io.cucumber.core.runtime.CucumberExecutionContext.runTestCase(CucumberExecutionContext.java:137)
	at io.cucumber.junit.PickleRunners$NoStepDescriptions.run(PickleRunners.java:148)
	at io.cucumber.junit.FeatureRunner.runChild(FeatureRunner.java:144)
	at io.cucumber.junit.FeatureRunner.runChild(FeatureRunner.java:28)
	at org.junit.runners.ParentRunner$4.run(ParentRunner.java:331)
	at org.junit.runners.ParentRunner$1.schedule(ParentRunner.java:79)
	at org.junit.runners.ParentRunner.runChildren(ParentRunner.java:329)
	at org.junit.runners.ParentRunner.access$100(ParentRunner.java:66)
	at org.junit.runners.ParentRunner$2.evaluate(ParentRunner.java:293)
	at org.junit.runners.ParentRunner$3.evaluate(ParentRunner.java:306)
	at org.junit.runners.ParentRunner.run(ParentRunner.java:413)
	at io.cucumber.junit.FeatureRunner.run(FeatureRunner.java:137)
	at io.cucumber.junit.Cucumber.runChild(Cucumber.java:196)
	at io.cucumber.junit.Cucumber.runChild(Cucumber.java:89)
	at org.junit.runners.ParentRunner$4.run(ParentRunner.java:331)
	at org.junit.runners.ParentRunner$1.schedule(ParentRunner.java:79)
	at org.junit.runners.ParentRunner.runChildren(ParentRunner.java:329)
	at org.junit.runners.ParentRunner.access$100(ParentRunner.java:66)
	at org.junit.runners.ParentRunner$2.evaluate(ParentRunner.java:293)
	at io.cucumber.core.runtime.CucumberExecutionContext.lambda$runFeatures$6(CucumberExecutionContext.java:148)
	at io.cucumber.core.runtime.CucumberExecutionContext.execute(CucumberExecutionContext.java:163)
	at io.cucumber.core.runtime.CucumberExecutionContext.runFeatures(CucumberExecutionContext.java:146)
	at io.cucumber.junit.Cucumber$StartAndFinishTestRun.evaluate(Cucumber.java:226)
	at org.junit.runners.ParentRunner$3.evaluate(ParentRunner.java:306)
	at org.junit.runners.ParentRunner.run(ParentRunner.java:413)
	at org.junit.runner.JUnitCore.run(JUnitCore.java:137)
	at org.junit.runner.JUnitCore.run(JUnitCore.java:115)
	at org.junit.vintage.engine.execution.RunnerExecutor.execute(RunnerExecutor.java:42)
	at org.junit.vintage.engine.VintageTestEngine.executeAllChildren(VintageTestEngine.java:80)
	at org.junit.vintage.engine.VintageTestEngine.execute(VintageTestEngine.java:72)
	at org.junit.platform.launcher.core.EngineExecutionOrchestrator.execute(EngineExecutionOrchestrator.java:198)
	at org.junit.platform.launcher.core.EngineExecutionOrchestrator.execute(EngineExecutionOrchestrator.java:169)
	at org.junit.platform.launcher.core.EngineExecutionOrchestrator.execute(EngineExecutionOrchestrator.java:93)
	at org.junit.platform.launcher.core.EngineExecutionOrchestrator.lambda$execute$0(EngineExecutionOrchestrator.java:58)
	at org.junit.platform.launcher.core.EngineExecutionOrchestrator.withInterceptedStreams(EngineExecutionOrchestrator.java:141)
	at org.junit.platform.launcher.core.EngineExecutionOrchestrator.execute(EngineExecutionOrchestrator.java:57)
	at org.junit.platform.launcher.core.DefaultLauncher.execute(DefaultLauncher.java:103)
	at org.junit.platform.launcher.core.DefaultLauncher.execute(DefaultLauncher.java:85)
	at org.junit.platform.launcher.core.DelegatingLauncher.execute(DelegatingLauncher.java:47)
	at org.apache.maven.surefire.junitplatform.LazyLauncher.execute(LazyLauncher.java:55)
	at org.apache.maven.surefire.junitplatform.JUnitPlatformProvider.execute(JUnitPlatformProvider.java:223)
	at org.apache.maven.surefire.junitplatform.JUnitPlatformProvider.invokeAllTests(JUnitPlatformProvider.java:175)
	at org.apache.maven.surefire.junitplatform.JUnitPlatformProvider.invoke(JUnitPlatformProvider.java:139)
	at org.apache.maven.surefire.booter.ForkedBooter.runSuitesInProcess(ForkedBooter.java:456)
	at org.apache.maven.surefire.booter.ForkedBooter.execute(ForkedBooter.java:169)
	at org.apache.maven.surefire.booter.ForkedBooter.run(ForkedBooter.java:595)
	at org.apache.maven.surefire.booter.ForkedBooter.main(ForkedBooter.java:581)

04:50:06.101 [main] INFO  hooks.Hooks - Finishing BDD scenario: Validate order form with different data combinations - Status: FAILED
04:50:06.101 [main] ERROR hooks.Hooks - Scenario failed: Validate order form with different data combinations
04:50:06.117 [main] INFO  c.c.selenide.impl.AttachmentPrinter - [[ATTACHMENT|E:\Courses\Amalitech GTP\Projects\demoblazeProjectPlaywright\target\screenshots\failed_scenario_1758775806101.html]]
04:50:06.348 [main] INFO  c.c.selenide.impl.AttachmentPrinter - [[ATTACHMENT|E:\Courses\Amalitech GTP\Projects\demoblazeProjectPlaywright\target\screenshots\failed_scenario_1758775806101.png]]
04:50:06.354 [main] ERROR hooks.Hooks - Failed to capture screenshot: Illegal char <:> at index 4: file:/E:/Courses/Amalitech%20GTP/Projects/demoblazeProjectPlaywright/target/screenshots/failed_scenario_1758775806101.png
04:50:06.624 [main] INFO  hooks.Hooks - BDD test cleanup completed for scenario: Validate order form with different data combinations
]]></system-out>
    <system-err><![CDATA[Sep 25, 2025 4:49:49 AM org.openqa.selenium.devtools.CdpVersionFinder findNearestMatch
WARNING: Unable to find an exact match for CDP version 140, returning the closest version; found: 139; Please update to a Selenium version that supports CDP version 140
]]></system-err>
  </testcase>
  <testcase name="Validate order form with different data combinations #5" classname="DemoBlaze Order Placement" time="14.458">
    <system-out><![CDATA[
@OrderPlacement @E2E @regression @OrderFormValidation @Edge
Scenario Outline: Validate order form with different data combinations # src/test/resources/features/OrderPlacement.feature:67
04:50:06.635 [main] INFO  hooks.Hooks - Starting BDD scenario: Validate order form with different data combinations
04:50:06.635 [main] INFO  hooks.Hooks - BDD test environment configured for scenario: Validate order form with different data combinations
04:50:06.636 [main] INFO  stepDefinitions.HomePageSteps - BDD Step: Navigating to DemoBlaze home page
04:50:06.636 [main] INFO  pages.HomePage - BDD: Opening home page
04:50:06.636 [main] INFO  pages.HomePage - Opening DemoBlaze home page
04:50:06.636 [main] INFO  c.c.s.WebDriverThreadLocalContainer - No webdriver is bound to current thread: 1 - let's create a new webdriver
04:50:08.211 [main] INFO  c.c.s.webdriver.WebDriverFactory - Selenide 7.10.0 / Selenium 4.35.0 / chrome 140.0.7339.185 windows
04:50:11.453 [main] INFO  pages.HomePage - Home page opened successfully
  Given I navigate to the DemoBlaze home page                          # stepDefinitions.HomePageSteps.i_navigate_to_the_demoblaze_home_page()
04:50:11.455 [main] INFO  stepDefinitions.CartSteps - BDD Step: Adding Nexus 6 to cart
04:50:11.457 [main] INFO  pages.HomePage - BDD: Clicking on first product: Nexus 6
04:50:11.457 [main] INFO  pages.HomePage - Clicking on first product: Nexus 6
04:50:13.428 [main] INFO  pages.HomePage - Successfully clicked on first product: Nexus 6
04:50:13.428 [main] INFO  pages.ProductDetailsPage - BDD: Adding product to cart
04:50:13.428 [main] INFO  pages.ProductDetailsPage - Clicking 'Add to cart' button
04:50:14.442 [main] INFO  pages.ProductDetailsPage - Successfully clicked 'Add to cart' button
04:50:15.107 [main] INFO  pages.HomePage - BDD: Opening home page
04:50:15.107 [main] INFO  pages.HomePage - Opening DemoBlaze home page
04:50:15.312 [main] INFO  pages.HomePage - Home page opened successfully
  Given I add "Nexus 6" to cart                                        # stepDefinitions.CartSteps.i_add_to_cart(java.lang.String)
04:50:15.312 [main] INFO  stepDefinitions.CartSteps - BDD Step: Navigating to cart page
04:50:15.312 [main] INFO  pages.HomePage - BDD: Navigating to cart
04:50:15.312 [main] INFO  pages.HomePage - Navigating to cart page
04:50:16.444 [main] INFO  pages.HomePage - Successfully navigated to cart page
  When I navigate to cart page                                         # stepDefinitions.CartSteps.i_navigate_to_cart_page()
04:50:16.447 [main] INFO  stepDefinitions.OrderPlacementSteps - BDD Step: Clicking place order button
04:50:16.447 [main] INFO  pages.CartPage - Clicking 'Place Order' button
04:50:16.884 [main] INFO  pages.CartPage - Successfully clicked 'Place Order' button
  And I click place order button                                       # stepDefinitions.OrderPlacementSteps.i_click_place_order_button()
04:50:16.889 [main] INFO  stepDefinitions.OrderPlacementSteps - BDD Step: Filling order details with specified data
04:50:16.889 [main] INFO  pages.OrderPlacementPage - Filling complete order details for customer: John Doe
04:50:16.889 [main] INFO  pages.OrderPlacementPage - Filling name field with: John Doe
04:50:18.094 [main] INFO  pages.OrderPlacementPage - Filling country field with: USA
04:50:18.607 [main] INFO  pages.OrderPlacementPage - Filling city field with: New York
04:50:19.220 [main] INFO  pages.OrderPlacementPage - Filling credit card field
04:50:19.483 [main] INFO  pages.OrderPlacementPage - Filling month field with: 12
04:50:19.935 [main] INFO  pages.OrderPlacementPage - Filling year field with: 2025
04:50:20.395 [main] INFO  pages.OrderPlacementPage - Order details filled successfully for customer: John Doe
04:50:20.395 [main] INFO  stepDefinitions.OrderPlacementSteps - BDD Step: Order details filled with specified data
  And I fill order details:                                            # stepDefinitions.OrderPlacementSteps.i_fill_order_details(io.cucumber.datatable.DataTable)
    | field      | value    |
    | name       | John Doe |
    | country    | USA      |
    | city       | New York |
    | creditCard | [empty]  |
    | month      | 12       |
    | year       | 2025     |
04:50:20.397 [main] INFO  stepDefinitions.OrderPlacementSteps - BDD Step: Clicking purchase button
04:50:20.397 [main] INFO  pages.OrderPlacementPage - Clicking 'Purchase' button to complete order
04:50:20.718 [main] INFO  pages.OrderPlacementPage - Purchase button clicked successfully
  And I click purchase button                                          # stepDefinitions.OrderPlacementSteps.i_click_purchase_button()
04:50:20.719 [main] INFO  stepDefinitions.OrderPlacementSteps - BDD Step: Verifying response for order scenario: missing_card
04:50:20.726 [main] INFO  stepDefinitions.OrderPlacementSteps - Alert message for scenario missing_card: Please fill out Name and Creditcard.
  Then I should see appropriate response for order "missing_card"      # stepDefinitions.OrderPlacementSteps.i_should_see_appropriate_response_for_order(java.lang.String)
04:50:20.757 [main] INFO  hooks.Hooks - Finishing BDD scenario: Validate order form with different data combinations - Status: PASSED
04:50:21.083 [main] INFO  hooks.Hooks - BDD test cleanup completed for scenario: Validate order form with different data combinations
]]></system-out>
    <system-err><![CDATA[Sep 25, 2025 4:50:08 AM org.openqa.selenium.devtools.CdpVersionFinder findNearestMatch
WARNING: Unable to find an exact match for CDP version 140, returning the closest version; found: 139; Please update to a Selenium version that supports CDP version 140
]]></system-err>
  </testcase>
  <testcase name="Cancel order placement" classname="DemoBlaze Order Placement" time="15.286">
    <system-out><![CDATA[
@OrderPlacement @E2E @regression @OrderCancel @UI
Scenario: Cancel order placement              # src/test/resources/features/OrderPlacement.feature:70
04:50:21.105 [main] INFO  hooks.Hooks - Starting BDD scenario: Cancel order placement
04:50:21.106 [main] INFO  hooks.Hooks - BDD test environment configured for scenario: Cancel order placement
04:50:21.109 [main] INFO  stepDefinitions.HomePageSteps - BDD Step: Navigating to DemoBlaze home page
04:50:21.109 [main] INFO  pages.HomePage - BDD: Opening home page
04:50:21.109 [main] INFO  pages.HomePage - Opening DemoBlaze home page
04:50:21.109 [main] INFO  c.c.s.WebDriverThreadLocalContainer - No webdriver is bound to current thread: 1 - let's create a new webdriver
04:50:22.542 [main] INFO  c.c.s.webdriver.WebDriverFactory - Selenide 7.10.0 / Selenium 4.35.0 / chrome 140.0.7339.185 windows
04:50:25.447 [main] INFO  pages.HomePage - Home page opened successfully
  Given I navigate to the DemoBlaze home page # stepDefinitions.HomePageSteps.i_navigate_to_the_demoblaze_home_page()
04:50:25.448 [main] INFO  stepDefinitions.CartSteps - BDD Step: Adding Iphone 6 32gb to cart
04:50:25.450 [main] INFO  pages.HomePage - BDD: Clicking on first product: Iphone 6 32gb
04:50:25.450 [main] INFO  pages.HomePage - Clicking on first product: Iphone 6 32gb
04:50:27.644 [main] INFO  pages.HomePage - Successfully clicked on first product: Iphone 6 32gb
04:50:27.644 [main] INFO  pages.ProductDetailsPage - BDD: Adding product to cart
04:50:27.644 [main] INFO  pages.ProductDetailsPage - Clicking 'Add to cart' button
04:50:28.686 [main] INFO  pages.ProductDetailsPage - Successfully clicked 'Add to cart' button
04:50:29.538 [main] INFO  pages.HomePage - BDD: Opening home page
04:50:29.538 [main] INFO  pages.HomePage - Opening DemoBlaze home page
04:50:29.771 [main] INFO  pages.HomePage - Home page opened successfully
  Given I add "Iphone 6 32gb" to cart         # stepDefinitions.CartSteps.i_add_to_cart(java.lang.String)
04:50:29.773 [main] INFO  stepDefinitions.CartSteps - BDD Step: Navigating to cart page
04:50:29.773 [main] INFO  pages.HomePage - BDD: Navigating to cart
04:50:29.773 [main] INFO  pages.HomePage - Navigating to cart page
04:50:30.996 [main] INFO  pages.HomePage - Successfully navigated to cart page
  When I navigate to cart page                # stepDefinitions.CartSteps.i_navigate_to_cart_page()
04:50:30.997 [main] INFO  stepDefinitions.OrderPlacementSteps - BDD Step: Clicking place order button
04:50:30.997 [main] INFO  pages.CartPage - Clicking 'Place Order' button
04:50:31.400 [main] INFO  pages.CartPage - Successfully clicked 'Place Order' button
  And I click place order button              # stepDefinitions.OrderPlacementSteps.i_click_place_order_button()
04:50:31.400 [main] INFO  stepDefinitions.OrderPlacementSteps - BDD Step: Verifying order placement form is displayed
04:50:31.404 [main] INFO  pages.OrderPlacementPage - Verifying order placement form is visible
04:50:32.510 [main] INFO  pages.OrderPlacementPage - Order placement form verified successfully
  Then I should see the order placement form  # stepDefinitions.OrderPlacementSteps.i_should_see_the_order_placement_form()
04:50:32.514 [main] INFO  stepDefinitions.OrderPlacementSteps - BDD Step: Filling order details with sample data
04:50:32.514 [main] INFO  pages.OrderPlacementPage - Filling complete order details for customer: Sample User
04:50:32.514 [main] INFO  pages.OrderPlacementPage - Filling name field with: Sample User
04:50:33.179 [main] INFO  pages.OrderPlacementPage - Filling country field with: Sample Country
04:50:33.877 [main] INFO  pages.OrderPlacementPage - Filling city field with: Sample City
04:50:34.477 [main] INFO  pages.OrderPlacementPage - Filling credit card field
04:50:34.923 [main] INFO  pages.OrderPlacementPage - Filling month field with: 03
04:50:35.107 [main] INFO  pages.OrderPlacementPage - Filling year field with: 2027
04:50:35.298 [main] INFO  pages.OrderPlacementPage - Order details filled successfully for customer: Sample User
  When I fill order details with sample data  # stepDefinitions.OrderPlacementSteps.i_fill_order_details_with_sample_data()
04:50:35.298 [main] INFO  stepDefinitions.OrderPlacementSteps - BDD Step: Clicking close button
04:50:35.298 [main] INFO  pages.OrderPlacementPage - Clicking 'Close' button to cancel order
04:50:35.500 [main] INFO  pages.OrderPlacementPage - Close button clicked successfully
  And I click close button                    # stepDefinitions.OrderPlacementSteps.i_click_close_button()
04:50:35.501 [main] INFO  stepDefinitions.OrderPlacementSteps - BDD Step: Verifying back to cart page
04:50:35.501 [main] INFO  pages.CartPage - Verifying cart page headers and elements
04:50:36.047 [main] INFO  pages.CartPage - Cart headers and elements verified successfully
  Then I should be back to cart page          # stepDefinitions.OrderPlacementSteps.i_should_be_back_to_cart_page()
04:50:36.047 [main] INFO  stepDefinitions.OrderPlacementSteps - BDD Step: Verifying order was not processed
  And the order should not be processed       # stepDefinitions.OrderPlacementSteps.the_order_should_not_be_processed()
04:50:36.047 [main] INFO  hooks.Hooks - Finishing BDD scenario: Cancel order placement - Status: PASSED
04:50:36.376 [main] INFO  hooks.Hooks - BDD test cleanup completed for scenario: Cancel order placement
]]></system-out>
    <system-err><![CDATA[Sep 25, 2025 4:50:22 AM org.openqa.selenium.devtools.CdpVersionFinder findNearestMatch
WARNING: Unable to find an exact match for CDP version 140, returning the closest version; found: 139; Please update to a Selenium version that supports CDP version 140
]]></system-err>
  </testcase>
  <testcase name="Place order with multiple products" classname="DemoBlaze Order Placement" time="21.068">
    <failure message="Element not found {By.xpath: //td[normalize-space()=&apos;Nokia lumia 1520&apos;]}&#10;Expected: visible&#10;Screenshot: file:/E:/Courses/Amalitech%20GTP/Projects/demoblazeProjectPlaywright/target/screenshots/1758775854545.7.png&#10;Page source: file:/E:/Courses/Amalitech%20GTP/Projects/demoblazeProjectPlaywright/target/screenshots/1758775854545.7.html&#10;Timeout: 4 s.&#10;Caused by: NoSuchElementException: no such element: Unable to locate element: {&quot;method&quot;:&quot;xpath&quot;,&quot;selector&quot;:&quot;//td[normalize-space()=&apos;Nokia lumia 1520&apos;]&quot;}" type="Element not found {By.xpath"><![CDATA[Element not found {By.xpath: //td[normalize-space()='Nokia lumia 1520']}
Expected: visible
Screenshot: file:/E:/Courses/Amalitech%20GTP/Projects/demoblazeProjectPlaywright/target/screenshots/1758775854545.7.png
Page source: file:/E:/Courses/Amalitech%20GTP/Projects/demoblazeProjectPlaywright/target/screenshots/1758775854545.7.html
Timeout: 4 s.
Caused by: NoSuchElementException: no such element: Unable to locate element: {"method":"xpath","selector":"//td[normalize-space()='Nokia lumia 1520']"}
	at com.codeborne.selenide.impl.WebElementSource.createElementNotFoundError(WebElementSource.java:89)
	at com.codeborne.selenide.impl.ElementFinder.createElementNotFoundError(ElementFinder.java:129)
	at com.codeborne.selenide.impl.WebElementSource.handleError(WebElementSource.java:140)
	at com.codeborne.selenide.impl.WebElementSource.checkConditionAndReturnElement(WebElementSource.java:123)
	at com.codeborne.selenide.impl.WebElementSource.checkCondition(WebElementSource.java:99)
	at com.codeborne.selenide.commands.Should.execute(Should.java:24)
	at com.codeborne.selenide.FluentCommand.execute(FluentCommand.java:27)
	at com.codeborne.selenide.FluentCommand.execute(FluentCommand.java:19)
	at com.codeborne.selenide.commands.Commands.execute(Commands.java:160)
	at com.codeborne.selenide.impl.SelenideElementProxy.dispatchAndRetry(SelenideElementProxy.java:131)
	at com.codeborne.selenide.impl.SelenideElementProxy.invoke(SelenideElementProxy.java:83)
	at jdk.proxy2/jdk.proxy2.$Proxy25.shouldBe(Unknown Source)
	at pages.CartPage.verifyProductInCart(CartPage.java:74)
	at stepDefinitions.CartSteps.i_should_see_in_the_cart(CartSteps.java:66)
	at ✽.I should see "Nokia lumia 1520" in the cart(file:///E:/Courses/Amalitech%20GTP/Projects/demoblazeProjectPlaywright/src/test/resources/features/OrderPlacement.feature:86)
Caused by: org.openqa.selenium.NoSuchElementException: no such element: Unable to locate element: {"method":"xpath","selector":"//td[normalize-space()='Nokia lumia 1520']"}
  (Session info: chrome=140.0.7339.185)
For documentation on this error, please visit: https://www.selenium.dev/documentation/webdriver/troubleshooting/errors#no-such-element-exception
Build info: version: '4.35.0', revision: '1c58e5028b'
System info: os.name: 'Windows 11', os.arch: 'amd64', os.version: '10.0', java.version: '23.0.2'
Driver info: org.openqa.selenium.chrome.ChromeDriver
Command: [ddac078234387a129de3fd3ef1028e04, findElement {value=//td[normalize-space()='Nokia lumia 1520'], using=xpath}]
Capabilities {acceptInsecureCerts: true, browserName: chrome, browserVersion: 140.0.7339.185, chrome: {chromedriverVersion: 140.0.7339.207 (17230b545fd..., userDataDir: C:\Users\EMMANU~1\AppData\L...}, fedcm:accounts: true, goog:chromeOptions: {debuggerAddress: localhost:4621}, networkConnectionEnabled: false, pageLoadStrategy: normal, platformName: windows, proxy: Proxy(), se:cdp: ws://localhost:4621/devtool..., se:cdpVersion: 140.0.7339.185, setWindowRect: true, strictFileInteractability: false, timeouts: {implicit: 0, pageLoad: 300000, script: 30000}, unhandledPromptBehavior: accept, webauthn:extension:credBlob: true, webauthn:extension:largeBlob: true, webauthn:extension:minPinLength: true, webauthn:extension:prf: true, webauthn:virtualAuthenticators: true}
Session ID: ddac078234387a129de3fd3ef1028e04
	at java.base/java.lang.reflect.Constructor.newInstanceWithCaller(Constructor.java:501)
	at java.base/java.lang.reflect.Constructor.newInstance(Constructor.java:485)
	at org.openqa.selenium.remote.ErrorCodec.decode(ErrorCodec.java:167)
	at org.openqa.selenium.remote.codec.w3c.W3CHttpResponseCodec.decode(W3CHttpResponseCodec.java:138)
	at org.openqa.selenium.remote.codec.w3c.W3CHttpResponseCodec.decode(W3CHttpResponseCodec.java:50)
	at org.openqa.selenium.remote.HttpCommandExecutor.execute(HttpCommandExecutor.java:215)
	at org.openqa.selenium.remote.service.DriverCommandExecutor.invokeExecute(DriverCommandExecutor.java:216)
	at org.openqa.selenium.remote.service.DriverCommandExecutor.execute(DriverCommandExecutor.java:174)
	at org.openqa.selenium.remote.RemoteWebDriver.execute(RemoteWebDriver.java:557)
	at org.openqa.selenium.remote.ElementLocation$ElementFinder$2.findElement(ElementLocation.java:165)
	at org.openqa.selenium.remote.ElementLocation.findElement(ElementLocation.java:59)
	at org.openqa.selenium.remote.RemoteWebDriver.findElement(RemoteWebDriver.java:380)
	at org.openqa.selenium.remote.RemoteWebDriver.findElement(RemoteWebDriver.java:374)
	at com.codeborne.selenide.impl.WebElementSelector.findElement(WebElementSelector.java:67)
	at com.codeborne.selenide.impl.WebElementSelector.findElement(WebElementSelector.java:38)
	at com.codeborne.selenide.impl.WebElementSelector.findElement(WebElementSelector.java:29)
	at com.codeborne.selenide.impl.ElementFinder.getWebElement(ElementFinder.java:113)
	at com.codeborne.selenide.impl.WebElementSource.checkConditionAndReturnElement(WebElementSource.java:112)
	at com.codeborne.selenide.impl.WebElementSource.checkCondition(WebElementSource.java:99)
	at com.codeborne.selenide.commands.Should.execute(Should.java:24)
	at com.codeborne.selenide.FluentCommand.execute(FluentCommand.java:27)
	at com.codeborne.selenide.FluentCommand.execute(FluentCommand.java:19)
	at com.codeborne.selenide.commands.Commands.execute(Commands.java:160)
	at com.codeborne.selenide.impl.SelenideElementProxy.dispatchAndRetry(SelenideElementProxy.java:131)
	at com.codeborne.selenide.impl.SelenideElementProxy.invoke(SelenideElementProxy.java:83)
	at jdk.proxy2/jdk.proxy2.$Proxy25.shouldBe(Unknown Source)
	at pages.CartPage.verifyProductInCart(CartPage.java:74)
	at stepDefinitions.CartSteps.i_should_see_in_the_cart(CartSteps.java:66)
	at java.base/java.lang.reflect.Method.invoke(Method.java:580)
	at io.cucumber.java.Invoker.doInvoke(Invoker.java:66)
	at io.cucumber.java.Invoker.invoke(Invoker.java:24)
	at io.cucumber.java.AbstractGlueDefinition.invokeMethod(AbstractGlueDefinition.java:47)
	at io.cucumber.java.JavaStepDefinition.execute(JavaStepDefinition.java:29)
	at io.cucumber.core.runner.CoreStepDefinition.execute(CoreStepDefinition.java:66)
	at io.cucumber.core.runner.PickleStepDefinitionMatch.runStep(PickleStepDefinitionMatch.java:63)
	at io.cucumber.core.runner.ExecutionMode$1.execute(ExecutionMode.java:10)
	at io.cucumber.core.runner.TestStep.executeStep(TestStep.java:84)
	at io.cucumber.core.runner.TestStep.run(TestStep.java:56)
	at io.cucumber.core.runner.PickleStepTestStep.run(PickleStepTestStep.java:51)
	at io.cucumber.core.runner.TestCase.run(TestCase.java:84)
	at io.cucumber.core.runner.Runner.runPickle(Runner.java:75)
	at io.cucumber.junit.PickleRunners$NoStepDescriptions.lambda$run$0(PickleRunners.java:151)
	at io.cucumber.core.runtime.CucumberExecutionContext.lambda$runTestCase$5(CucumberExecutionContext.java:137)
	at io.cucumber.core.runtime.RethrowingThrowableCollector.executeAndThrow(RethrowingThrowableCollector.java:23)
	at io.cucumber.core.runtime.CucumberExecutionContext.runTestCase(CucumberExecutionContext.java:137)
	at io.cucumber.junit.PickleRunners$NoStepDescriptions.run(PickleRunners.java:148)
	at io.cucumber.junit.FeatureRunner.runChild(FeatureRunner.java:144)
	at io.cucumber.junit.FeatureRunner.runChild(FeatureRunner.java:28)
	at io.cucumber.junit.FeatureRunner.run(FeatureRunner.java:137)
	at io.cucumber.junit.Cucumber.runChild(Cucumber.java:196)
	at io.cucumber.junit.Cucumber.runChild(Cucumber.java:89)
	at io.cucumber.core.runtime.CucumberExecutionContext.lambda$runFeatures$6(CucumberExecutionContext.java:148)
	at io.cucumber.core.runtime.CucumberExecutionContext.execute(CucumberExecutionContext.java:163)
	at io.cucumber.core.runtime.CucumberExecutionContext.runFeatures(CucumberExecutionContext.java:146)
	at io.cucumber.junit.Cucumber$StartAndFinishTestRun.evaluate(Cucumber.java:226)
]]></failure>
    <system-out><![CDATA[
@OrderPlacement @E2E @regression @MultipleProductsOrder @E2E
Scenario: Place order with multiple products        # src/test/resources/features/OrderPlacement.feature:81
04:50:36.387 [main] INFO  hooks.Hooks - Starting BDD scenario: Place order with multiple products
04:50:36.387 [main] INFO  hooks.Hooks - BDD test environment configured for scenario: Place order with multiple products
04:50:36.390 [main] INFO  stepDefinitions.HomePageSteps - BDD Step: Navigating to DemoBlaze home page
04:50:36.390 [main] INFO  pages.HomePage - BDD: Opening home page
04:50:36.390 [main] INFO  pages.HomePage - Opening DemoBlaze home page
04:50:36.390 [main] INFO  c.c.s.WebDriverThreadLocalContainer - No webdriver is bound to current thread: 1 - let's create a new webdriver
04:50:37.701 [main] INFO  c.c.s.webdriver.WebDriverFactory - Selenide 7.10.0 / Selenium 4.35.0 / chrome 140.0.7339.185 windows
04:50:40.628 [main] INFO  pages.HomePage - Home page opened successfully
  Given I navigate to the DemoBlaze home page       # stepDefinitions.HomePageSteps.i_navigate_to_the_demoblaze_home_page()
04:50:40.637 [main] INFO  stepDefinitions.CartSteps - BDD Step: Adding Samsung galaxy s6 to cart
04:50:40.637 [main] INFO  pages.HomePage - BDD: Clicking on first product: Samsung galaxy s6
04:50:40.637 [main] INFO  pages.HomePage - Clicking on first product: Samsung galaxy s6
04:50:43.321 [main] INFO  pages.HomePage - Successfully clicked on first product: Samsung galaxy s6
04:50:43.321 [main] INFO  pages.ProductDetailsPage - BDD: Adding product to cart
04:50:43.321 [main] INFO  pages.ProductDetailsPage - Clicking 'Add to cart' button
04:50:44.327 [main] INFO  pages.ProductDetailsPage - Successfully clicked 'Add to cart' button
04:50:44.987 [main] INFO  pages.HomePage - BDD: Opening home page
04:50:44.987 [main] INFO  pages.HomePage - Opening DemoBlaze home page
04:50:45.173 [main] INFO  pages.HomePage - Home page opened successfully
  Given I add "Samsung galaxy s6" to cart           # stepDefinitions.CartSteps.i_add_to_cart(java.lang.String)
04:50:45.174 [main] INFO  stepDefinitions.CartSteps - BDD Step: Adding Nokia lumia 1520 to cart
04:50:45.174 [main] INFO  pages.HomePage - BDD: Clicking on first product: Nokia lumia 1520
04:50:45.174 [main] INFO  pages.HomePage - Clicking on first product: Nokia lumia 1520
04:50:46.533 [main] INFO  pages.HomePage - Successfully clicked on first product: Nokia lumia 1520
04:50:46.533 [main] INFO  pages.ProductDetailsPage - BDD: Adding product to cart
04:50:46.533 [main] INFO  pages.ProductDetailsPage - Clicking 'Add to cart' button
04:50:47.247 [main] INFO  pages.ProductDetailsPage - Successfully clicked 'Add to cart' button
04:50:47.701 [main] INFO  pages.HomePage - BDD: Opening home page
04:50:47.701 [main] INFO  pages.HomePage - Opening DemoBlaze home page
04:50:47.973 [main] INFO  pages.HomePage - Home page opened successfully
  And I add "Nokia lumia 1520" to cart              # stepDefinitions.CartSteps.i_add_to_cart(java.lang.String)
04:50:47.975 [main] INFO  stepDefinitions.CartSteps - BDD Step: Navigating to cart page
04:50:47.975 [main] INFO  pages.HomePage - BDD: Navigating to cart
04:50:47.975 [main] INFO  pages.HomePage - Navigating to cart page
04:50:49.159 [main] INFO  pages.HomePage - Successfully navigated to cart page
  When I navigate to cart page                      # stepDefinitions.CartSteps.i_navigate_to_cart_page()
04:50:49.162 [main] INFO  stepDefinitions.CartSteps - BDD Step: Verifying Samsung galaxy s6 is in cart
04:50:49.163 [main] INFO  pages.CartPage - Verifying product is in cart: Samsung galaxy s6
04:50:50.541 [main] INFO  pages.CartPage - Product verified in cart: Samsung galaxy s6
  Then I should see "Samsung galaxy s6" in the cart # stepDefinitions.CartSteps.i_should_see_in_the_cart(java.lang.String)
04:50:50.541 [main] INFO  stepDefinitions.CartSteps - BDD Step: Verifying Nokia lumia 1520 is in cart
04:50:50.542 [main] INFO  pages.CartPage - Verifying product is in cart: Nokia lumia 1520
04:50:54.585 [main] INFO  c.c.selenide.impl.AttachmentPrinter - [[ATTACHMENT|E:\Courses\Amalitech GTP\Projects\demoblazeProjectPlaywright\target\screenshots\1758775854545.7.html]]
04:50:54.923 [main] INFO  c.c.selenide.impl.AttachmentPrinter - [[ATTACHMENT|E:\Courses\Amalitech GTP\Projects\demoblazeProjectPlaywright\target\screenshots\1758775854545.7.png]]
  And I should see "Nokia lumia 1520" in the cart   # stepDefinitions.CartSteps.i_should_see_in_the_cart(java.lang.String)
      Element not found {By.xpath: //td[normalize-space()='Nokia lumia 1520']}
Expected: visible
Screenshot: file:/E:/Courses/Amalitech%20GTP/Projects/demoblazeProjectPlaywright/target/screenshots/1758775854545.7.png
Page source: file:/E:/Courses/Amalitech%20GTP/Projects/demoblazeProjectPlaywright/target/screenshots/1758775854545.7.html
Timeout: 4 s.
Caused by: NoSuchElementException: no such element: Unable to locate element: {"method":"xpath","selector":"//td[normalize-space()='Nokia lumia 1520']"}
	at com.codeborne.selenide.impl.WebElementSource.createElementNotFoundError(WebElementSource.java:89)
	at com.codeborne.selenide.impl.ElementFinder.createElementNotFoundError(ElementFinder.java:129)
	at com.codeborne.selenide.impl.WebElementSource.handleError(WebElementSource.java:140)
	at com.codeborne.selenide.impl.WebElementSource.checkConditionAndReturnElement(WebElementSource.java:123)
	at com.codeborne.selenide.impl.WebElementSource.checkCondition(WebElementSource.java:99)
	at com.codeborne.selenide.commands.Should.execute(Should.java:24)
	at com.codeborne.selenide.FluentCommand.execute(FluentCommand.java:27)
	at com.codeborne.selenide.FluentCommand.execute(FluentCommand.java:19)
	at com.codeborne.selenide.commands.Commands.execute(Commands.java:160)
	at com.codeborne.selenide.impl.SelenideElementProxy.dispatchAndRetry(SelenideElementProxy.java:131)
	at com.codeborne.selenide.impl.SelenideElementProxy.invoke(SelenideElementProxy.java:83)
	at jdk.proxy2/jdk.proxy2.$Proxy25.shouldBe(Unknown Source)
	at pages.CartPage.verifyProductInCart(CartPage.java:74)
	at stepDefinitions.CartSteps.i_should_see_in_the_cart(CartSteps.java:66)
	at ✽.I should see "Nokia lumia 1520" in the cart(file:///E:/Courses/Amalitech%20GTP/Projects/demoblazeProjectPlaywright/src/test/resources/features/OrderPlacement.feature:86)
Caused by: org.openqa.selenium.NoSuchElementException: no such element: Unable to locate element: {"method":"xpath","selector":"//td[normalize-space()='Nokia lumia 1520']"}
  (Session info: chrome=140.0.7339.185)
For documentation on this error, please visit: https://www.selenium.dev/documentation/webdriver/troubleshooting/errors#no-such-element-exception
Build info: version: '4.35.0', revision: '1c58e5028b'
System info: os.name: 'Windows 11', os.arch: 'amd64', os.version: '10.0', java.version: '23.0.2'
Driver info: org.openqa.selenium.chrome.ChromeDriver
Command: [ddac078234387a129de3fd3ef1028e04, findElement {value=//td[normalize-space()='Nokia lumia 1520'], using=xpath}]
Capabilities {acceptInsecureCerts: true, browserName: chrome, browserVersion: 140.0.7339.185, chrome: {chromedriverVersion: 140.0.7339.207 (17230b545fd..., userDataDir: C:\Users\EMMANU~1\AppData\L...}, fedcm:accounts: true, goog:chromeOptions: {debuggerAddress: localhost:4621}, networkConnectionEnabled: false, pageLoadStrategy: normal, platformName: windows, proxy: Proxy(), se:cdp: ws://localhost:4621/devtool..., se:cdpVersion: 140.0.7339.185, setWindowRect: true, strictFileInteractability: false, timeouts: {implicit: 0, pageLoad: 300000, script: 30000}, unhandledPromptBehavior: accept, webauthn:extension:credBlob: true, webauthn:extension:largeBlob: true, webauthn:extension:minPinLength: true, webauthn:extension:prf: true, webauthn:virtualAuthenticators: true}
Session ID: ddac078234387a129de3fd3ef1028e04
	at java.base/jdk.internal.reflect.DirectConstructorHandleAccessor.newInstance(DirectConstructorHandleAccessor.java:62)
	at java.base/java.lang.reflect.Constructor.newInstanceWithCaller(Constructor.java:501)
	at java.base/java.lang.reflect.Constructor.newInstance(Constructor.java:485)
	at org.openqa.selenium.remote.ErrorCodec.decode(ErrorCodec.java:167)
	at org.openqa.selenium.remote.codec.w3c.W3CHttpResponseCodec.decode(W3CHttpResponseCodec.java:138)
	at org.openqa.selenium.remote.codec.w3c.W3CHttpResponseCodec.decode(W3CHttpResponseCodec.java:50)
	at org.openqa.selenium.remote.HttpCommandExecutor.execute(HttpCommandExecutor.java:215)
	at org.openqa.selenium.remote.service.DriverCommandExecutor.invokeExecute(DriverCommandExecutor.java:216)
	at org.openqa.selenium.remote.service.DriverCommandExecutor.execute(DriverCommandExecutor.java:174)
	at org.openqa.selenium.remote.RemoteWebDriver.execute(RemoteWebDriver.java:557)
	at org.openqa.selenium.remote.ElementLocation$ElementFinder$2.findElement(ElementLocation.java:165)
	at org.openqa.selenium.remote.ElementLocation.findElement(ElementLocation.java:59)
	at org.openqa.selenium.remote.RemoteWebDriver.findElement(RemoteWebDriver.java:380)
	at org.openqa.selenium.remote.RemoteWebDriver.findElement(RemoteWebDriver.java:374)
	at com.codeborne.selenide.impl.WebElementSelector.findElement(WebElementSelector.java:67)
	at com.codeborne.selenide.impl.WebElementSelector.findElement(WebElementSelector.java:38)
	at com.codeborne.selenide.impl.WebElementSelector.findElement(WebElementSelector.java:29)
	at com.codeborne.selenide.impl.ElementFinder.getWebElement(ElementFinder.java:113)
	at com.codeborne.selenide.impl.WebElementSource.checkConditionAndReturnElement(WebElementSource.java:112)
	at com.codeborne.selenide.impl.WebElementSource.checkCondition(WebElementSource.java:99)
	at com.codeborne.selenide.commands.Should.execute(Should.java:24)
	at com.codeborne.selenide.FluentCommand.execute(FluentCommand.java:27)
	at com.codeborne.selenide.FluentCommand.execute(FluentCommand.java:19)
	at com.codeborne.selenide.commands.Commands.execute(Commands.java:160)
	at com.codeborne.selenide.impl.SelenideElementProxy.dispatchAndRetry(SelenideElementProxy.java:131)
	at com.codeborne.selenide.impl.SelenideElementProxy.invoke(SelenideElementProxy.java:83)
	at jdk.proxy2/jdk.proxy2.$Proxy25.shouldBe(Unknown Source)
	at pages.CartPage.verifyProductInCart(CartPage.java:74)
	at stepDefinitions.CartSteps.i_should_see_in_the_cart(CartSteps.java:66)
	at java.base/jdk.internal.reflect.DirectMethodHandleAccessor.invoke(DirectMethodHandleAccessor.java:103)
	at java.base/java.lang.reflect.Method.invoke(Method.java:580)
	at io.cucumber.java.Invoker.doInvoke(Invoker.java:66)
	at io.cucumber.java.Invoker.invoke(Invoker.java:24)
	at io.cucumber.java.AbstractGlueDefinition.invokeMethod(AbstractGlueDefinition.java:47)
	at io.cucumber.java.JavaStepDefinition.execute(JavaStepDefinition.java:29)
	at io.cucumber.core.runner.CoreStepDefinition.execute(CoreStepDefinition.java:66)
	at io.cucumber.core.runner.PickleStepDefinitionMatch.runStep(PickleStepDefinitionMatch.java:63)
	at io.cucumber.core.runner.ExecutionMode$1.execute(ExecutionMode.java:10)
	at io.cucumber.core.runner.TestStep.executeStep(TestStep.java:84)
	at io.cucumber.core.runner.TestStep.run(TestStep.java:56)
	at io.cucumber.core.runner.PickleStepTestStep.run(PickleStepTestStep.java:51)
	at io.cucumber.core.runner.TestCase.run(TestCase.java:84)
	at io.cucumber.core.runner.Runner.runPickle(Runner.java:75)
	at io.cucumber.junit.PickleRunners$NoStepDescriptions.lambda$run$0(PickleRunners.java:151)
	at io.cucumber.core.runtime.CucumberExecutionContext.lambda$runTestCase$5(CucumberExecutionContext.java:137)
	at io.cucumber.core.runtime.RethrowingThrowableCollector.executeAndThrow(RethrowingThrowableCollector.java:23)
	at io.cucumber.core.runtime.CucumberExecutionContext.runTestCase(CucumberExecutionContext.java:137)
	at io.cucumber.junit.PickleRunners$NoStepDescriptions.run(PickleRunners.java:148)
	at io.cucumber.junit.FeatureRunner.runChild(FeatureRunner.java:144)
	at io.cucumber.junit.FeatureRunner.runChild(FeatureRunner.java:28)
	at org.junit.runners.ParentRunner$4.run(ParentRunner.java:331)
	at org.junit.runners.ParentRunner$1.schedule(ParentRunner.java:79)
	at org.junit.runners.ParentRunner.runChildren(ParentRunner.java:329)
	at org.junit.runners.ParentRunner.access$100(ParentRunner.java:66)
	at org.junit.runners.ParentRunner$2.evaluate(ParentRunner.java:293)
	at org.junit.runners.ParentRunner$3.evaluate(ParentRunner.java:306)
	at org.junit.runners.ParentRunner.run(ParentRunner.java:413)
	at io.cucumber.junit.FeatureRunner.run(FeatureRunner.java:137)
	at io.cucumber.junit.Cucumber.runChild(Cucumber.java:196)
	at io.cucumber.junit.Cucumber.runChild(Cucumber.java:89)
	at org.junit.runners.ParentRunner$4.run(ParentRunner.java:331)
	at org.junit.runners.ParentRunner$1.schedule(ParentRunner.java:79)
	at org.junit.runners.ParentRunner.runChildren(ParentRunner.java:329)
	at org.junit.runners.ParentRunner.access$100(ParentRunner.java:66)
	at org.junit.runners.ParentRunner$2.evaluate(ParentRunner.java:293)
	at io.cucumber.core.runtime.CucumberExecutionContext.lambda$runFeatures$6(CucumberExecutionContext.java:148)
	at io.cucumber.core.runtime.CucumberExecutionContext.execute(CucumberExecutionContext.java:163)
	at io.cucumber.core.runtime.CucumberExecutionContext.runFeatures(CucumberExecutionContext.java:146)
	at io.cucumber.junit.Cucumber$StartAndFinishTestRun.evaluate(Cucumber.java:226)
	at org.junit.runners.ParentRunner$3.evaluate(ParentRunner.java:306)
	at org.junit.runners.ParentRunner.run(ParentRunner.java:413)
	at org.junit.runner.JUnitCore.run(JUnitCore.java:137)
	at org.junit.runner.JUnitCore.run(JUnitCore.java:115)
	at org.junit.vintage.engine.execution.RunnerExecutor.execute(RunnerExecutor.java:42)
	at org.junit.vintage.engine.VintageTestEngine.executeAllChildren(VintageTestEngine.java:80)
	at org.junit.vintage.engine.VintageTestEngine.execute(VintageTestEngine.java:72)
	at org.junit.platform.launcher.core.EngineExecutionOrchestrator.execute(EngineExecutionOrchestrator.java:198)
	at org.junit.platform.launcher.core.EngineExecutionOrchestrator.execute(EngineExecutionOrchestrator.java:169)
	at org.junit.platform.launcher.core.EngineExecutionOrchestrator.execute(EngineExecutionOrchestrator.java:93)
	at org.junit.platform.launcher.core.EngineExecutionOrchestrator.lambda$execute$0(EngineExecutionOrchestrator.java:58)
	at org.junit.platform.launcher.core.EngineExecutionOrchestrator.withInterceptedStreams(EngineExecutionOrchestrator.java:141)
	at org.junit.platform.launcher.core.EngineExecutionOrchestrator.execute(EngineExecutionOrchestrator.java:57)
	at org.junit.platform.launcher.core.DefaultLauncher.execute(DefaultLauncher.java:103)
	at org.junit.platform.launcher.core.DefaultLauncher.execute(DefaultLauncher.java:85)
	at org.junit.platform.launcher.core.DelegatingLauncher.execute(DelegatingLauncher.java:47)
	at org.apache.maven.surefire.junitplatform.LazyLauncher.execute(LazyLauncher.java:55)
	at org.apache.maven.surefire.junitplatform.JUnitPlatformProvider.execute(JUnitPlatformProvider.java:223)
	at org.apache.maven.surefire.junitplatform.JUnitPlatformProvider.invokeAllTests(JUnitPlatformProvider.java:175)
	at org.apache.maven.surefire.junitplatform.JUnitPlatformProvider.invoke(JUnitPlatformProvider.java:139)
	at org.apache.maven.surefire.booter.ForkedBooter.runSuitesInProcess(ForkedBooter.java:456)
	at org.apache.maven.surefire.booter.ForkedBooter.execute(ForkedBooter.java:169)
	at org.apache.maven.surefire.booter.ForkedBooter.run(ForkedBooter.java:595)
	at org.apache.maven.surefire.booter.ForkedBooter.main(ForkedBooter.java:581)

  When I click place order button                   # stepDefinitions.OrderPlacementSteps.i_click_place_order_button()
  And I fill order details with valid information:  # stepDefinitions.OrderPlacementSteps.i_fill_order_details_with_valid_information(io.cucumber.datatable.DataTable)
    | field      | value            |
    | name       | Jane Smith       |
    | country    | Canada           |
    | city       | Toronto          |
    | creditCard | 9876543210987654 |
    | month      | 06               |
    | year       | 2026             |
  And I click purchase button                       # stepDefinitions.OrderPlacementSteps.i_click_purchase_button()
  Then I should see order success message           # stepDefinitions.OrderPlacementSteps.i_should_see_order_success_message()
  And the order should include all products         # stepDefinitions.OrderPlacementSteps.the_order_should_include_all_products()
04:50:55.192 [main] INFO  hooks.Hooks - Finishing BDD scenario: Place order with multiple products - Status: FAILED
04:50:55.192 [main] ERROR hooks.Hooks - Scenario failed: Place order with multiple products
04:50:55.208 [main] INFO  c.c.selenide.impl.AttachmentPrinter - [[ATTACHMENT|E:\Courses\Amalitech GTP\Projects\demoblazeProjectPlaywright\target\screenshots\failed_scenario_1758775855192.html]]
04:50:55.476 [main] INFO  c.c.selenide.impl.AttachmentPrinter - [[ATTACHMENT|E:\Courses\Amalitech GTP\Projects\demoblazeProjectPlaywright\target\screenshots\failed_scenario_1758775855192.png]]
04:50:55.477 [main] ERROR hooks.Hooks - Failed to capture screenshot: Illegal char <:> at index 4: file:/E:/Courses/Amalitech%20GTP/Projects/demoblazeProjectPlaywright/target/screenshots/failed_scenario_1758775855192.png
04:50:57.443 [main] INFO  hooks.Hooks - BDD test cleanup completed for scenario: Place order with multiple products
]]></system-out>
    <system-err><![CDATA[Sep 25, 2025 4:50:37 AM org.openqa.selenium.devtools.CdpVersionFinder findNearestMatch
WARNING: Unable to find an exact match for CDP version 140, returning the closest version; found: 139; Please update to a Selenium version that supports CDP version 140
]]></system-err>
  </testcase>
  <testcase name="Verify order form data persistence during session" classname="DemoBlaze Order Placement" time="12.761">
    <system-out><![CDATA[
@OrderPlacement @E2E @regression @OrderPersistence @Functional
Scenario: Verify order form data persistence during session # src/test/resources/features/OrderPlacement.feature:101
04:50:57.476 [main] INFO  hooks.Hooks - Starting BDD scenario: Verify order form data persistence during session
04:50:57.476 [main] INFO  hooks.Hooks - BDD test environment configured for scenario: Verify order form data persistence during session
04:50:57.482 [main] INFO  stepDefinitions.HomePageSteps - BDD Step: Navigating to DemoBlaze home page
04:50:57.482 [main] INFO  pages.HomePage - BDD: Opening home page
04:50:57.482 [main] INFO  pages.HomePage - Opening DemoBlaze home page
04:50:57.482 [main] INFO  c.c.s.WebDriverThreadLocalContainer - No webdriver is bound to current thread: 1 - let's create a new webdriver
04:50:59.133 [main] INFO  c.c.s.webdriver.WebDriverFactory - Selenide 7.10.0 / Selenium 4.35.0 / chrome 140.0.7339.185 windows
04:51:01.716 [main] INFO  pages.HomePage - Home page opened successfully
  Given I navigate to the DemoBlaze home page               # stepDefinitions.HomePageSteps.i_navigate_to_the_demoblaze_home_page()
04:51:01.717 [main] INFO  stepDefinitions.CartSteps - BDD Step: Adding MacBook air to cart
04:51:01.717 [main] INFO  pages.HomePage - BDD: Clicking on first product: MacBook air
04:51:01.717 [main] INFO  pages.HomePage - Clicking on first product: MacBook air
04:51:03.494 [main] INFO  pages.HomePage - Successfully clicked on first product: MacBook air
04:51:03.494 [main] INFO  pages.ProductDetailsPage - BDD: Adding product to cart
04:51:03.494 [main] INFO  pages.ProductDetailsPage - Clicking 'Add to cart' button
04:51:04.525 [main] INFO  pages.ProductDetailsPage - Successfully clicked 'Add to cart' button
04:51:05.183 [main] INFO  pages.HomePage - BDD: Opening home page
04:51:05.183 [main] INFO  pages.HomePage - Opening DemoBlaze home page
04:51:05.304 [main] INFO  pages.HomePage - Home page opened successfully
  Given I add "MacBook air" to cart                         # stepDefinitions.CartSteps.i_add_to_cart(java.lang.String)
04:51:05.304 [main] INFO  stepDefinitions.CartSteps - BDD Step: Navigating to cart page
04:51:05.305 [main] INFO  pages.HomePage - BDD: Navigating to cart
04:51:05.305 [main] INFO  pages.HomePage - Navigating to cart page
04:51:06.240 [main] INFO  pages.HomePage - Successfully navigated to cart page
  When I navigate to cart page                              # stepDefinitions.CartSteps.i_navigate_to_cart_page()
04:51:06.243 [main] INFO  stepDefinitions.OrderPlacementSteps - BDD Step: Clicking place order button
04:51:06.243 [main] INFO  pages.CartPage - Clicking 'Place Order' button
04:51:06.681 [main] INFO  pages.CartPage - Successfully clicked 'Place Order' button
  And I click place order button                            # stepDefinitions.OrderPlacementSteps.i_click_place_order_button()
04:51:06.687 [main] INFO  stepDefinitions.OrderPlacementSteps - BDD Step: Filling order details partially
04:51:06.688 [main] INFO  pages.OrderPlacementPage - Filling name field with: Test User
04:51:07.851 [main] INFO  pages.OrderPlacementPage - Filling country field with: Test Country
04:51:08.184 [main] INFO  pages.OrderPlacementPage - Filling city field with: Test City
04:51:08.542 [main] INFO  stepDefinitions.OrderPlacementSteps - BDD Step: Order details filled partially
  And I fill order details partially:                       # stepDefinitions.OrderPlacementSteps.i_fill_order_details_partially(io.cucumber.datatable.DataTable)
    | field   | value        |
    | name    | Test User    |
    | country | Test Country |
    | city    | Test City    |
04:51:08.543 [main] INFO  stepDefinitions.OrderPlacementSteps - BDD Step: Clicking close button
04:51:08.543 [main] INFO  pages.OrderPlacementPage - Clicking 'Close' button to cancel order
04:51:08.768 [main] INFO  pages.OrderPlacementPage - Close button clicked successfully
  And I click close button                                  # stepDefinitions.OrderPlacementSteps.i_click_close_button()
04:51:08.769 [main] INFO  stepDefinitions.OrderPlacementSteps - BDD Step: Clicking place order button again
04:51:08.769 [main] INFO  stepDefinitions.OrderPlacementSteps - BDD Step: Clicking place order button
04:51:08.769 [main] INFO  pages.CartPage - Clicking 'Place Order' button
04:51:09.208 [main] INFO  pages.CartPage - Successfully clicked 'Place Order' button
  And I click place order button again                      # stepDefinitions.OrderPlacementSteps.i_click_place_order_button_again()
04:51:09.209 [main] INFO  stepDefinitions.OrderPlacementSteps - BDD Step: Verifying order form is empty
04:51:09.210 [main] INFO  pages.OrderPlacementPage - Verifying order placement form is visible
04:51:09.894 [main] INFO  pages.OrderPlacementPage - Order placement form verified successfully
  Then the order form should be empty                       # stepDefinitions.OrderPlacementSteps.the_order_form_should_be_empty()
04:51:09.895 [main] INFO  hooks.Hooks - Finishing BDD scenario: Verify order form data persistence during session - Status: PASSED
04:51:10.217 [main] INFO  hooks.Hooks - BDD test cleanup completed for scenario: Verify order form data persistence during session
]]></system-out>
    <system-err><![CDATA[Sep 25, 2025 4:50:59 AM org.openqa.selenium.devtools.CdpVersionFinder findNearestMatch
WARNING: Unable to find an exact match for CDP version 140, returning the closest version; found: 139; Please update to a Selenium version that supports CDP version 140
]]></system-err>
  </testcase>
  <testcase name="Attempt to place order with empty cart" classname="DemoBlaze Order Placement" time="6.012">
    <system-out><![CDATA[
@OrderPlacement @E2E @regression @EmptyCartOrder @Edge
Scenario: Attempt to place order with empty cart               # src/test/resources/features/OrderPlacement.feature:115
04:51:10.239 [main] INFO  hooks.Hooks - Starting BDD scenario: Attempt to place order with empty cart
04:51:10.239 [main] INFO  hooks.Hooks - BDD test environment configured for scenario: Attempt to place order with empty cart
04:51:10.239 [main] INFO  stepDefinitions.HomePageSteps - BDD Step: Navigating to DemoBlaze home page
04:51:10.239 [main] INFO  pages.HomePage - BDD: Opening home page
04:51:10.239 [main] INFO  pages.HomePage - Opening DemoBlaze home page
04:51:10.242 [main] INFO  c.c.s.WebDriverThreadLocalContainer - No webdriver is bound to current thread: 1 - let's create a new webdriver
04:51:11.643 [main] INFO  c.c.s.webdriver.WebDriverFactory - Selenide 7.10.0 / Selenium 4.35.0 / chrome 140.0.7339.185 windows
04:51:14.273 [main] INFO  pages.HomePage - Home page opened successfully
  Given I navigate to the DemoBlaze home page                  # stepDefinitions.HomePageSteps.i_navigate_to_the_demoblaze_home_page()
04:51:14.274 [main] INFO  stepDefinitions.CartSteps - BDD Step: Navigating to cart page without adding products
04:51:14.274 [main] INFO  pages.HomePage - BDD: Navigating to cart
04:51:14.274 [main] INFO  pages.HomePage - Navigating to cart page
04:51:15.968 [main] INFO  pages.HomePage - Successfully navigated to cart page
  When I navigate to cart page without adding products         # stepDefinitions.CartSteps.i_navigate_to_cart_page_without_adding_products()
04:51:15.970 [main] INFO  stepDefinitions.CartSteps - BDD Step: Verifying cart is empty
  Then I should see an empty cart                              # stepDefinitions.CartSteps.i_should_see_an_empty_cart()
04:51:15.973 [main] INFO  stepDefinitions.OrderPlacementSteps - BDD Step: Verifying place order button state for empty cart
  And the place order button should be disabled or not visible # stepDefinitions.OrderPlacementSteps.the_place_order_button_should_be_disabled_or_not_visible()
04:51:15.973 [main] INFO  hooks.Hooks - Finishing BDD scenario: Attempt to place order with empty cart - Status: PASSED
04:51:16.239 [main] INFO  hooks.Hooks - BDD test cleanup completed for scenario: Attempt to place order with empty cart
]]></system-out>
    <system-err><![CDATA[Sep 25, 2025 4:51:11 AM org.openqa.selenium.devtools.CdpVersionFinder findNearestMatch
WARNING: Unable to find an exact match for CDP version 140, returning the closest version; found: 139; Please update to a Selenium version that supports CDP version 140
]]></system-err>
  </testcase>
  <testcase name="Verify home page loads" classname="Simple DemoBlaze Test" time="4.802">
    <system-out><![CDATA[
@Simple @Smoke @Navigation
Scenario: Verify home page loads                         # src/test/resources/features/SimpleTest.feature:6
04:51:16.253 [main] INFO  hooks.Hooks - Starting BDD scenario: Verify home page loads
04:51:16.253 [main] INFO  hooks.Hooks - BDD test environment configured for scenario: Verify home page loads
04:51:16.256 [main] INFO  stepDefinitions.HomePageSteps - BDD Step: Navigating to DemoBlaze home page
04:51:16.256 [main] INFO  pages.HomePage - BDD: Opening home page
04:51:16.256 [main] INFO  pages.HomePage - Opening DemoBlaze home page
04:51:16.256 [main] INFO  c.c.s.WebDriverThreadLocalContainer - No webdriver is bound to current thread: 1 - let's create a new webdriver
04:51:17.881 [main] INFO  c.c.s.webdriver.WebDriverFactory - Selenide 7.10.0 / Selenium 4.35.0 / chrome 140.0.7339.185 windows
04:51:20.227 [main] INFO  pages.HomePage - Home page opened successfully
  Given I navigate to the DemoBlaze home page            # stepDefinitions.HomePageSteps.i_navigate_to_the_demoblaze_home_page()
04:51:20.228 [main] INFO  stepDefinitions.HomePageSteps - BDD Step: Viewing home page content
  When I view the home page                              # stepDefinitions.HomePageSteps.i_view_the_home_page()
04:51:20.230 [main] INFO  stepDefinitions.HomePageSteps - BDD Step: Verifying navigation bar elements
04:51:20.230 [main] INFO  pages.HomePage - Verifying navigation elements are visible
04:51:20.785 [main] INFO  pages.HomePage - All navigation elements verified successfully
  Then I should see the navigation bar with all elements # stepDefinitions.HomePageSteps.i_should_see_the_navigation_bar_with_all_elements()
04:51:20.785 [main] INFO  hooks.Hooks - Finishing BDD scenario: Verify home page loads - Status: PASSED
04:51:21.046 [main] INFO  hooks.Hooks - BDD test cleanup completed for scenario: Verify home page loads
]]></system-out>
    <system-err><![CDATA[Sep 25, 2025 4:51:17 AM org.openqa.selenium.devtools.CdpVersionFinder findNearestMatch
WARNING: Unable to find an exact match for CDP version 140, returning the closest version; found: 139; Please update to a Selenium version that supports CDP version 140
]]></system-err>
  </testcase>
</testsuite>