<?xml version="1.0" encoding="UTF-8"?>
<testsuite xmlns:xsi="http://www.w3.org/2001/XMLSchema-instance" xsi:noNamespaceSchemaLocation="https://maven.apache.org/surefire/maven-surefire-plugin/xsd/surefire-test-report-3.0.xsd" version="3.0" name="bdd.BddTestRunner" time="39.742" tests="1" errors="0" skipped="0" failures="0">
  <properties>
    <property name="java.specification.version" value="21"/>
    <property name="sun.jnu.encoding" value="UTF-8"/>
    <property name="java.class.path" value="/mnt/e/Courses/Amalitech GTP/Projects/demoblazeProjectPlaywright/target/test-classes:/mnt/e/Courses/Amalitech GTP/Projects/demoblazeProjectPlaywright/target/classes:/home/arhu/.m2/repository/com/codeborne/selenide/7.10.0/selenide-7.10.0.jar:/home/arhu/.m2/repository/org/seleniumhq/selenium/selenium-java/4.35.0/selenium-java-4.35.0.jar:/home/arhu/.m2/repository/org/seleniumhq/selenium/selenium-api/4.35.0/selenium-api-4.35.0.jar:/home/arhu/.m2/repository/org/seleniumhq/selenium/selenium-chrome-driver/4.35.0/selenium-chrome-driver-4.35.0.jar:/home/arhu/.m2/repository/com/google/auto/service/auto-service-annotations/1.1.1/auto-service-annotations-1.1.1.jar:/home/arhu/.m2/repository/org/seleniumhq/selenium/selenium-chromium-driver/4.35.0/selenium-chromium-driver-4.35.0.jar:/home/arhu/.m2/repository/org/seleniumhq/selenium/selenium-json/4.35.0/selenium-json-4.35.0.jar:/home/arhu/.m2/repository/org/seleniumhq/selenium/selenium-manager/4.35.0/selenium-manager-4.35.0.jar:/home/arhu/.m2/repository/org/seleniumhq/selenium/selenium-devtools-v137/4.35.0/selenium-devtools-v137-4.35.0.jar:/home/arhu/.m2/repository/org/seleniumhq/selenium/selenium-devtools-v138/4.35.0/selenium-devtools-v138-4.35.0.jar:/home/arhu/.m2/repository/org/seleniumhq/selenium/selenium-devtools-v139/4.35.0/selenium-devtools-v139-4.35.0.jar:/home/arhu/.m2/repository/org/seleniumhq/selenium/selenium-edge-driver/4.35.0/selenium-edge-driver-4.35.0.jar:/home/arhu/.m2/repository/org/seleniumhq/selenium/selenium-firefox-driver/4.35.0/selenium-firefox-driver-4.35.0.jar:/home/arhu/.m2/repository/org/seleniumhq/selenium/selenium-http/4.35.0/selenium-http-4.35.0.jar:/home/arhu/.m2/repository/org/seleniumhq/selenium/selenium-ie-driver/4.35.0/selenium-ie-driver-4.35.0.jar:/home/arhu/.m2/repository/org/seleniumhq/selenium/selenium-remote-driver/4.35.0/selenium-remote-driver-4.35.0.jar:/home/arhu/.m2/repository/io/opentelemetry/opentelemetry-api/1.53.0/opentelemetry-api-1.53.0.jar:/home/arhu/.m2/repository/io/opentelemetry/opentelemetry-context/1.53.0/opentelemetry-context-1.53.0.jar:/home/arhu/.m2/repository/io/opentelemetry/opentelemetry-common/1.53.0/opentelemetry-common-1.53.0.jar:/home/arhu/.m2/repository/io/opentelemetry/opentelemetry-exporter-logging/1.53.0/opentelemetry-exporter-logging-1.53.0.jar:/home/arhu/.m2/repository/io/opentelemetry/opentelemetry-sdk-common/1.53.0/opentelemetry-sdk-common-1.53.0.jar:/home/arhu/.m2/repository/io/opentelemetry/opentelemetry-sdk-extension-autoconfigure-spi/1.53.0/opentelemetry-sdk-extension-autoconfigure-spi-1.53.0.jar:/home/arhu/.m2/repository/io/opentelemetry/opentelemetry-sdk-extension-autoconfigure/1.53.0/opentelemetry-sdk-extension-autoconfigure-1.53.0.jar:/home/arhu/.m2/repository/io/opentelemetry/opentelemetry-sdk-trace/1.53.0/opentelemetry-sdk-trace-1.53.0.jar:/home/arhu/.m2/repository/io/opentelemetry/opentelemetry-sdk/1.53.0/opentelemetry-sdk-1.53.0.jar:/home/arhu/.m2/repository/io/opentelemetry/opentelemetry-sdk-metrics/1.53.0/opentelemetry-sdk-metrics-1.53.0.jar:/home/arhu/.m2/repository/io/opentelemetry/opentelemetry-sdk-logs/1.53.0/opentelemetry-sdk-logs-1.53.0.jar:/home/arhu/.m2/repository/net/bytebuddy/byte-buddy/1.17.6/byte-buddy-1.17.6.jar:/home/arhu/.m2/repository/org/seleniumhq/selenium/selenium-os/4.35.0/selenium-os-4.35.0.jar:/home/arhu/.m2/repository/org/apache/commons/commons-exec/1.5.0/commons-exec-1.5.0.jar:/home/arhu/.m2/repository/org/seleniumhq/selenium/selenium-safari-driver/4.35.0/selenium-safari-driver-4.35.0.jar:/home/arhu/.m2/repository/org/seleniumhq/selenium/selenium-support/4.35.0/selenium-support-4.35.0.jar:/home/arhu/.m2/repository/com/codeborne/selenide-core/7.10.0/selenide-core-7.10.0.jar:/home/arhu/.m2/repository/org/opentest4j/opentest4j/1.3.0/opentest4j-1.3.0.jar:/home/arhu/.m2/repository/org/apache/httpcomponents/client5/httpclient5/5.5/httpclient5-5.5.jar:/home/arhu/.m2/repository/org/apache/httpcomponents/core5/httpcore5/5.3.4/httpcore5-5.3.4.jar:/home/arhu/.m2/repository/org/apache/httpcomponents/core5/httpcore5-h2/5.3.4/httpcore5-h2-5.3.4.jar:/home/arhu/.m2/repository/com/github/valfirst/browserup-proxy/browserup-proxy-core/3.2.0/browserup-proxy-core-3.2.0.jar:/home/arhu/.m2/repository/org/jspecify/jspecify/1.0.0/jspecify-1.0.0.jar:/home/arhu/.m2/repository/com/google/errorprone/error_prone_annotations/2.41.0/error_prone_annotations-2.41.0.jar:/home/arhu/.m2/repository/com/google/guava/guava/33.4.8-jre/guava-33.4.8-jre.jar:/home/arhu/.m2/repository/com/google/guava/failureaccess/1.0.3/failureaccess-1.0.3.jar:/home/arhu/.m2/repository/com/google/guava/listenablefuture/9999.0-empty-to-avoid-conflict-with-guava/listenablefuture-9999.0-empty-to-avoid-conflict-with-guava.jar:/home/arhu/.m2/repository/com/google/j2objc/j2objc-annotations/3.0.0/j2objc-annotations-3.0.0.jar:/home/arhu/.m2/repository/org/apache/commons/commons-lang3/3.18.0/commons-lang3-3.18.0.jar:/home/arhu/.m2/repository/commons-io/commons-io/2.20.0/commons-io-2.20.0.jar:/home/arhu/.m2/repository/io/qameta/allure/allure-junit5/2.30.0/allure-junit5-2.30.0.jar:/home/arhu/.m2/repository/io/qameta/allure/allure-junit-platform/2.30.0/allure-junit-platform-2.30.0.jar:/home/arhu/.m2/repository/io/qameta/allure/allure-test-filter/2.30.0/allure-test-filter-2.30.0.jar:/home/arhu/.m2/repository/io/qameta/allure/allure-selenide/2.30.0/allure-selenide-2.30.0.jar:/home/arhu/.m2/repository/io/qameta/allure/allure-java-commons/2.30.0/allure-java-commons-2.30.0.jar:/home/arhu/.m2/repository/io/qameta/allure/allure-model/2.30.0/allure-model-2.30.0.jar:/home/arhu/.m2/repository/org/junit/jupiter/junit-jupiter/5.10.1/junit-jupiter-5.10.1.jar:/home/arhu/.m2/repository/org/junit/jupiter/junit-jupiter-api/5.10.1/junit-jupiter-api-5.10.1.jar:/home/arhu/.m2/repository/org/junit/jupiter/junit-jupiter-params/5.10.1/junit-jupiter-params-5.10.1.jar:/home/arhu/.m2/repository/org/junit/jupiter/junit-jupiter-engine/5.10.1/junit-jupiter-engine-5.10.1.jar:/home/arhu/.m2/repository/org/junit/platform/junit-platform-launcher/1.10.1/junit-platform-launcher-1.10.1.jar:/home/arhu/.m2/repository/org/junit/platform/junit-platform-engine/1.10.1/junit-platform-engine-1.10.1.jar:/home/arhu/.m2/repository/org/apiguardian/apiguardian-api/1.1.2/apiguardian-api-1.1.2.jar:/home/arhu/.m2/repository/org/junit/platform/junit-platform-suite-api/1.10.1/junit-platform-suite-api-1.10.1.jar:/home/arhu/.m2/repository/org/junit/platform/junit-platform-commons/1.10.1/junit-platform-commons-1.10.1.jar:/home/arhu/.m2/repository/org/slf4j/slf4j-api/2.0.9/slf4j-api-2.0.9.jar:/home/arhu/.m2/repository/ch/qos/logback/logback-classic/1.4.14/logback-classic-1.4.14.jar:/home/arhu/.m2/repository/ch/qos/logback/logback-core/1.4.14/logback-core-1.4.14.jar:/home/arhu/.m2/repository/io/cucumber/cucumber-java/7.14.1/cucumber-java-7.14.1.jar:/home/arhu/.m2/repository/io/cucumber/cucumber-core/7.14.1/cucumber-core-7.14.1.jar:/home/arhu/.m2/repository/io/cucumber/cucumber-gherkin/7.14.1/cucumber-gherkin-7.14.1.jar:/home/arhu/.m2/repository/io/cucumber/cucumber-gherkin-messages/7.14.1/cucumber-gherkin-messages-7.14.1.jar:/home/arhu/.m2/repository/io/cucumber/gherkin/26.2.0/gherkin-26.2.0.jar:/home/arhu/.m2/repository/io/cucumber/messages/22.0.0/messages-22.0.0.jar:/home/arhu/.m2/repository/io/cucumber/tag-expressions/6.0.0/tag-expressions-6.0.0.jar:/home/arhu/.m2/repository/io/cucumber/cucumber-expressions/17.0.1/cucumber-expressions-17.0.1.jar:/home/arhu/.m2/repository/io/cucumber/datatable/7.14.1/datatable-7.14.1.jar:/home/arhu/.m2/repository/io/cucumber/cucumber-plugin/7.14.1/cucumber-plugin-7.14.1.jar:/home/arhu/.m2/repository/io/cucumber/docstring/7.14.1/docstring-7.14.1.jar:/home/arhu/.m2/repository/io/cucumber/html-formatter/20.4.0/html-formatter-20.4.0.jar:/home/arhu/.m2/repository/io/cucumber/junit-xml-formatter/0.2.0/junit-xml-formatter-0.2.0.jar:/home/arhu/.m2/repository/io/cucumber/ci-environment/10.0.0/ci-environment-10.0.0.jar:/home/arhu/.m2/repository/io/cucumber/cucumber-junit-platform-engine/7.14.1/cucumber-junit-platform-engine-7.14.1.jar:/home/arhu/.m2/repository/io/cucumber/cucumber-junit/7.14.1/cucumber-junit-7.14.1.jar:/home/arhu/.m2/repository/junit/junit/4.13.2/junit-4.13.2.jar:/home/arhu/.m2/repository/org/hamcrest/hamcrest-core/1.3/hamcrest-core-1.3.jar:/home/arhu/.m2/repository/io/qameta/allure/allure-cucumber7-jvm/2.30.0/allure-cucumber7-jvm-2.30.0.jar:"/>
    <property name="java.vm.vendor" value="Ubuntu"/>
    <property name="sun.arch.data.model" value="64"/>
    <property name="java.vendor.url" value="https://ubuntu.com/"/>
    <property name="user.timezone" value="Atlantic/Reykjavik"/>
    <property name="os.name" value="Linux"/>
    <property name="java.vm.specification.version" value="21"/>
    <property name="sun.java.launcher" value="SUN_STANDARD"/>
    <property name="sun.boot.library.path" value="/usr/lib/jvm/java-21-openjdk-amd64/lib"/>
    <property name="selenide.browser" value="firefox"/>
    <property name="sun.java.command" value="/mnt/e/Courses/Amalitech GTP/Projects/demoblazeProjectPlaywright/target/surefire/surefirebooter-20250925024211724_3.jar /mnt/e/Courses/Amalitech GTP/Projects/demoblazeProjectPlaywright/target/surefire 2025-09-25T02-42-05_938-jvmRun1 surefire-20250925024211724_1tmp surefire_0-20250925024211724_2tmp"/>
    <property name="jdk.debug" value="release"/>
    <property name="surefire.test.class.path" value="/mnt/e/Courses/Amalitech GTP/Projects/demoblazeProjectPlaywright/target/test-classes:/mnt/e/Courses/Amalitech GTP/Projects/demoblazeProjectPlaywright/target/classes:/home/arhu/.m2/repository/com/codeborne/selenide/7.10.0/selenide-7.10.0.jar:/home/arhu/.m2/repository/org/seleniumhq/selenium/selenium-java/4.35.0/selenium-java-4.35.0.jar:/home/arhu/.m2/repository/org/seleniumhq/selenium/selenium-api/4.35.0/selenium-api-4.35.0.jar:/home/arhu/.m2/repository/org/seleniumhq/selenium/selenium-chrome-driver/4.35.0/selenium-chrome-driver-4.35.0.jar:/home/arhu/.m2/repository/com/google/auto/service/auto-service-annotations/1.1.1/auto-service-annotations-1.1.1.jar:/home/arhu/.m2/repository/org/seleniumhq/selenium/selenium-chromium-driver/4.35.0/selenium-chromium-driver-4.35.0.jar:/home/arhu/.m2/repository/org/seleniumhq/selenium/selenium-json/4.35.0/selenium-json-4.35.0.jar:/home/arhu/.m2/repository/org/seleniumhq/selenium/selenium-manager/4.35.0/selenium-manager-4.35.0.jar:/home/arhu/.m2/repository/org/seleniumhq/selenium/selenium-devtools-v137/4.35.0/selenium-devtools-v137-4.35.0.jar:/home/arhu/.m2/repository/org/seleniumhq/selenium/selenium-devtools-v138/4.35.0/selenium-devtools-v138-4.35.0.jar:/home/arhu/.m2/repository/org/seleniumhq/selenium/selenium-devtools-v139/4.35.0/selenium-devtools-v139-4.35.0.jar:/home/arhu/.m2/repository/org/seleniumhq/selenium/selenium-edge-driver/4.35.0/selenium-edge-driver-4.35.0.jar:/home/arhu/.m2/repository/org/seleniumhq/selenium/selenium-firefox-driver/4.35.0/selenium-firefox-driver-4.35.0.jar:/home/arhu/.m2/repository/org/seleniumhq/selenium/selenium-http/4.35.0/selenium-http-4.35.0.jar:/home/arhu/.m2/repository/org/seleniumhq/selenium/selenium-ie-driver/4.35.0/selenium-ie-driver-4.35.0.jar:/home/arhu/.m2/repository/org/seleniumhq/selenium/selenium-remote-driver/4.35.0/selenium-remote-driver-4.35.0.jar:/home/arhu/.m2/repository/io/opentelemetry/opentelemetry-api/1.53.0/opentelemetry-api-1.53.0.jar:/home/arhu/.m2/repository/io/opentelemetry/opentelemetry-context/1.53.0/opentelemetry-context-1.53.0.jar:/home/arhu/.m2/repository/io/opentelemetry/opentelemetry-common/1.53.0/opentelemetry-common-1.53.0.jar:/home/arhu/.m2/repository/io/opentelemetry/opentelemetry-exporter-logging/1.53.0/opentelemetry-exporter-logging-1.53.0.jar:/home/arhu/.m2/repository/io/opentelemetry/opentelemetry-sdk-common/1.53.0/opentelemetry-sdk-common-1.53.0.jar:/home/arhu/.m2/repository/io/opentelemetry/opentelemetry-sdk-extension-autoconfigure-spi/1.53.0/opentelemetry-sdk-extension-autoconfigure-spi-1.53.0.jar:/home/arhu/.m2/repository/io/opentelemetry/opentelemetry-sdk-extension-autoconfigure/1.53.0/opentelemetry-sdk-extension-autoconfigure-1.53.0.jar:/home/arhu/.m2/repository/io/opentelemetry/opentelemetry-sdk-trace/1.53.0/opentelemetry-sdk-trace-1.53.0.jar:/home/arhu/.m2/repository/io/opentelemetry/opentelemetry-sdk/1.53.0/opentelemetry-sdk-1.53.0.jar:/home/arhu/.m2/repository/io/opentelemetry/opentelemetry-sdk-metrics/1.53.0/opentelemetry-sdk-metrics-1.53.0.jar:/home/arhu/.m2/repository/io/opentelemetry/opentelemetry-sdk-logs/1.53.0/opentelemetry-sdk-logs-1.53.0.jar:/home/arhu/.m2/repository/net/bytebuddy/byte-buddy/1.17.6/byte-buddy-1.17.6.jar:/home/arhu/.m2/repository/org/seleniumhq/selenium/selenium-os/4.35.0/selenium-os-4.35.0.jar:/home/arhu/.m2/repository/org/apache/commons/commons-exec/1.5.0/commons-exec-1.5.0.jar:/home/arhu/.m2/repository/org/seleniumhq/selenium/selenium-safari-driver/4.35.0/selenium-safari-driver-4.35.0.jar:/home/arhu/.m2/repository/org/seleniumhq/selenium/selenium-support/4.35.0/selenium-support-4.35.0.jar:/home/arhu/.m2/repository/com/codeborne/selenide-core/7.10.0/selenide-core-7.10.0.jar:/home/arhu/.m2/repository/org/opentest4j/opentest4j/1.3.0/opentest4j-1.3.0.jar:/home/arhu/.m2/repository/org/apache/httpcomponents/client5/httpclient5/5.5/httpclient5-5.5.jar:/home/arhu/.m2/repository/org/apache/httpcomponents/core5/httpcore5/5.3.4/httpcore5-5.3.4.jar:/home/arhu/.m2/repository/org/apache/httpcomponents/core5/httpcore5-h2/5.3.4/httpcore5-h2-5.3.4.jar:/home/arhu/.m2/repository/com/github/valfirst/browserup-proxy/browserup-proxy-core/3.2.0/browserup-proxy-core-3.2.0.jar:/home/arhu/.m2/repository/org/jspecify/jspecify/1.0.0/jspecify-1.0.0.jar:/home/arhu/.m2/repository/com/google/errorprone/error_prone_annotations/2.41.0/error_prone_annotations-2.41.0.jar:/home/arhu/.m2/repository/com/google/guava/guava/33.4.8-jre/guava-33.4.8-jre.jar:/home/arhu/.m2/repository/com/google/guava/failureaccess/1.0.3/failureaccess-1.0.3.jar:/home/arhu/.m2/repository/com/google/guava/listenablefuture/9999.0-empty-to-avoid-conflict-with-guava/listenablefuture-9999.0-empty-to-avoid-conflict-with-guava.jar:/home/arhu/.m2/repository/com/google/j2objc/j2objc-annotations/3.0.0/j2objc-annotations-3.0.0.jar:/home/arhu/.m2/repository/org/apache/commons/commons-lang3/3.18.0/commons-lang3-3.18.0.jar:/home/arhu/.m2/repository/commons-io/commons-io/2.20.0/commons-io-2.20.0.jar:/home/arhu/.m2/repository/io/qameta/allure/allure-junit5/2.30.0/allure-junit5-2.30.0.jar:/home/arhu/.m2/repository/io/qameta/allure/allure-junit-platform/2.30.0/allure-junit-platform-2.30.0.jar:/home/arhu/.m2/repository/io/qameta/allure/allure-test-filter/2.30.0/allure-test-filter-2.30.0.jar:/home/arhu/.m2/repository/io/qameta/allure/allure-selenide/2.30.0/allure-selenide-2.30.0.jar:/home/arhu/.m2/repository/io/qameta/allure/allure-java-commons/2.30.0/allure-java-commons-2.30.0.jar:/home/arhu/.m2/repository/io/qameta/allure/allure-model/2.30.0/allure-model-2.30.0.jar:/home/arhu/.m2/repository/org/junit/jupiter/junit-jupiter/5.10.1/junit-jupiter-5.10.1.jar:/home/arhu/.m2/repository/org/junit/jupiter/junit-jupiter-api/5.10.1/junit-jupiter-api-5.10.1.jar:/home/arhu/.m2/repository/org/junit/jupiter/junit-jupiter-params/5.10.1/junit-jupiter-params-5.10.1.jar:/home/arhu/.m2/repository/org/junit/jupiter/junit-jupiter-engine/5.10.1/junit-jupiter-engine-5.10.1.jar:/home/arhu/.m2/repository/org/junit/platform/junit-platform-launcher/1.10.1/junit-platform-launcher-1.10.1.jar:/home/arhu/.m2/repository/org/junit/platform/junit-platform-engine/1.10.1/junit-platform-engine-1.10.1.jar:/home/arhu/.m2/repository/org/apiguardian/apiguardian-api/1.1.2/apiguardian-api-1.1.2.jar:/home/arhu/.m2/repository/org/junit/platform/junit-platform-suite-api/1.10.1/junit-platform-suite-api-1.10.1.jar:/home/arhu/.m2/repository/org/junit/platform/junit-platform-commons/1.10.1/junit-platform-commons-1.10.1.jar:/home/arhu/.m2/repository/org/slf4j/slf4j-api/2.0.9/slf4j-api-2.0.9.jar:/home/arhu/.m2/repository/ch/qos/logback/logback-classic/1.4.14/logback-classic-1.4.14.jar:/home/arhu/.m2/repository/ch/qos/logback/logback-core/1.4.14/logback-core-1.4.14.jar:/home/arhu/.m2/repository/io/cucumber/cucumber-java/7.14.1/cucumber-java-7.14.1.jar:/home/arhu/.m2/repository/io/cucumber/cucumber-core/7.14.1/cucumber-core-7.14.1.jar:/home/arhu/.m2/repository/io/cucumber/cucumber-gherkin/7.14.1/cucumber-gherkin-7.14.1.jar:/home/arhu/.m2/repository/io/cucumber/cucumber-gherkin-messages/7.14.1/cucumber-gherkin-messages-7.14.1.jar:/home/arhu/.m2/repository/io/cucumber/gherkin/26.2.0/gherkin-26.2.0.jar:/home/arhu/.m2/repository/io/cucumber/messages/22.0.0/messages-22.0.0.jar:/home/arhu/.m2/repository/io/cucumber/tag-expressions/6.0.0/tag-expressions-6.0.0.jar:/home/arhu/.m2/repository/io/cucumber/cucumber-expressions/17.0.1/cucumber-expressions-17.0.1.jar:/home/arhu/.m2/repository/io/cucumber/datatable/7.14.1/datatable-7.14.1.jar:/home/arhu/.m2/repository/io/cucumber/cucumber-plugin/7.14.1/cucumber-plugin-7.14.1.jar:/home/arhu/.m2/repository/io/cucumber/docstring/7.14.1/docstring-7.14.1.jar:/home/arhu/.m2/repository/io/cucumber/html-formatter/20.4.0/html-formatter-20.4.0.jar:/home/arhu/.m2/repository/io/cucumber/junit-xml-formatter/0.2.0/junit-xml-formatter-0.2.0.jar:/home/arhu/.m2/repository/io/cucumber/ci-environment/10.0.0/ci-environment-10.0.0.jar:/home/arhu/.m2/repository/io/cucumber/cucumber-junit-platform-engine/7.14.1/cucumber-junit-platform-engine-7.14.1.jar:/home/arhu/.m2/repository/io/cucumber/cucumber-junit/7.14.1/cucumber-junit-7.14.1.jar:/home/arhu/.m2/repository/junit/junit/4.13.2/junit-4.13.2.jar:/home/arhu/.m2/repository/org/hamcrest/hamcrest-core/1.3/hamcrest-core-1.3.jar:/home/arhu/.m2/repository/io/qameta/allure/allure-cucumber7-jvm/2.30.0/allure-cucumber7-jvm-2.30.0.jar:"/>
    <property name="allure.results.directory" value="/mnt/e/Courses/Amalitech GTP/Projects/demoblazeProjectPlaywright/target/allure-results"/>
    <property name="sun.cpu.endian" value="little"/>
    <property name="user.home" value="/home/arhu"/>
    <property name="user.language" value="en"/>
    <property name="java.specification.vendor" value="Oracle Corporation"/>
    <property name="java.version.date" value="2025-07-15"/>
    <property name="java.home" value="/usr/lib/jvm/java-21-openjdk-amd64"/>
    <property name="file.separator" value="/"/>
    <property name="basedir" value="/mnt/e/Courses/Amalitech GTP/Projects/demoblazeProjectPlaywright"/>
    <property name="java.vm.compressedOopsMode" value="32-bit"/>
    <property name="line.separator" value="&#10;"/>
    <property name="java.specification.name" value="Java Platform API Specification"/>
    <property name="java.vm.specification.vendor" value="Oracle Corporation"/>
    <property name="surefire.real.class.path" value="/mnt/e/Courses/Amalitech GTP/Projects/demoblazeProjectPlaywright/target/surefire/surefirebooter-20250925024211724_3.jar"/>
    <property name="sun.management.compiler" value="HotSpot 64-Bit Tiered Compilers"/>
    <property name="java.runtime.version" value="21.0.8+9-Ubuntu-0ubuntu124.04.1"/>
    <property name="user.name" value="arhu"/>
    <property name="stdout.encoding" value="UTF-8"/>
    <property name="path.separator" value=":"/>
    <property name="os.version" value="6.6.87.2-microsoft-standard-WSL2"/>
    <property name="java.runtime.name" value="OpenJDK Runtime Environment"/>
    <property name="file.encoding" value="UTF-8"/>
    <property name="java.vm.name" value="OpenJDK 64-Bit Server VM"/>
    <property name="localRepository" value="/home/arhu/.m2/repository"/>
    <property name="java.vendor.url.bug" value="https://bugs.launchpad.net/ubuntu/+source/openjdk-21"/>
    <property name="java.io.tmpdir" value="/tmp"/>
    <property name="java.version" value="21.0.8"/>
    <property name="user.dir" value="/mnt/e/Courses/Amalitech GTP/Projects/demoblazeProjectPlaywright"/>
    <property name="os.arch" value="amd64"/>
    <property name="java.vm.specification.name" value="Java Virtual Machine Specification"/>
    <property name="native.encoding" value="UTF-8"/>
    <property name="java.library.path" value="/usr/java/packages/lib:/usr/lib/x86_64-linux-gnu/jni:/lib/x86_64-linux-gnu:/usr/lib/x86_64-linux-gnu:/usr/lib/jni:/lib:/usr/lib"/>
    <property name="java.vm.info" value="mixed mode, sharing"/>
    <property name="stderr.encoding" value="UTF-8"/>
    <property name="java.vendor" value="Ubuntu"/>
    <property name="java.vm.version" value="21.0.8+9-Ubuntu-0ubuntu124.04.1"/>
    <property name="sun.io.unicode.encoding" value="UnicodeLittle"/>
    <property name="java.class.version" value="65.0"/>
  </properties>
  <testcase name="runCucumberTests" classname="bdd.BddTestRunner" time="39.516">
    <system-out><![CDATA[02:42:14,358 |-INFO in ch.qos.logback.classic.LoggerContext[default] - This is logback-classic version 1.4.14
02:42:14,368 |-INFO in ch.qos.logback.classic.util.ContextInitializer@2c95ac9e - No custom configurators were discovered as a service.
02:42:14,368 |-INFO in ch.qos.logback.classic.util.ContextInitializer@2c95ac9e - Trying to configure with ch.qos.logback.classic.joran.SerializedModelConfigurator
02:42:14,378 |-INFO in ch.qos.logback.classic.util.ContextInitializer@2c95ac9e - Constructed configurator of type class ch.qos.logback.classic.joran.SerializedModelConfigurator
02:42:14,384 |-INFO in ch.qos.logback.classic.LoggerContext[default] - Could NOT find resource [logback-test.scmo]
02:42:14,386 |-INFO in ch.qos.logback.classic.LoggerContext[default] - Could NOT find resource [logback.scmo]
02:42:14,399 |-INFO in ch.qos.logback.classic.util.ContextInitializer@2c95ac9e - ch.qos.logback.classic.joran.SerializedModelConfigurator.configure() call lasted 11 milliseconds. ExecutionStatus=INVOKE_NEXT_IF_ANY
02:42:14,399 |-INFO in ch.qos.logback.classic.util.ContextInitializer@2c95ac9e - Trying to configure with ch.qos.logback.classic.util.DefaultJoranConfigurator
02:42:14,403 |-INFO in ch.qos.logback.classic.util.ContextInitializer@2c95ac9e - Constructed configurator of type class ch.qos.logback.classic.util.DefaultJoranConfigurator
02:42:14,410 |-INFO in ch.qos.logback.classic.LoggerContext[default] - Found resource [logback-test.xml] at [file:/mnt/e/Courses/Amalitech%20GTP/Projects/demoblazeProjectPlaywright/target/test-classes/logback-test.xml]
02:42:15,102 |-INFO in ch.qos.logback.core.model.processor.AppenderModelHandler - Processing appender named [CONSOLE]
02:42:15,102 |-INFO in ch.qos.logback.core.model.processor.AppenderModelHandler - About to instantiate appender of type [ch.qos.logback.core.ConsoleAppender]
02:42:15,144 |-INFO in ch.qos.logback.core.model.processor.ImplicitModelHandler - Assuming default type [ch.qos.logback.classic.encoder.PatternLayoutEncoder] for [encoder] property
02:42:15,383 |-INFO in ch.qos.logback.core.model.processor.AppenderModelHandler - Processing appender named [FILE]
02:42:15,383 |-INFO in ch.qos.logback.core.model.processor.AppenderModelHandler - About to instantiate appender of type [ch.qos.logback.core.rolling.RollingFileAppender]
02:42:15,453 |-INFO in c.q.l.core.rolling.TimeBasedRollingPolicy@1313799195 - setting totalSizeCap to 100 MB
02:42:15,474 |-INFO in c.q.l.core.rolling.TimeBasedRollingPolicy@1313799195 - No compression will be used
02:42:15,481 |-INFO in c.q.l.core.rolling.TimeBasedRollingPolicy@1313799195 - Will use the pattern target/logs/test-execution.%d{yyyy-MM-dd}.%i.log for the active file
02:42:15,520 |-INFO in ch.qos.logback.core.rolling.SizeAndTimeBasedFNATP@459f7aa3 - The date pattern is 'yyyy-MM-dd' from file name pattern 'target/logs/test-execution.%d{yyyy-MM-dd}.%i.log'.
02:42:15,520 |-INFO in ch.qos.logback.core.rolling.SizeAndTimeBasedFNATP@459f7aa3 - Roll-over at midnight.
02:42:15,533 |-INFO in ch.qos.logback.core.rolling.SizeAndTimeBasedFNATP@459f7aa3 - Setting initial period to 2025-09-25T02:42:15.532Z
02:42:15,536 |-WARN in ch.qos.logback.core.rolling.SizeAndTimeBasedFNATP@459f7aa3 - SizeAndTimeBasedFNATP is deprecated. Use SizeAndTimeBasedRollingPolicy instead
02:42:15,536 |-WARN in ch.qos.logback.core.rolling.SizeAndTimeBasedFNATP@459f7aa3 - For more information see http://logback.qos.ch/manual/appenders.html#SizeAndTimeBasedRollingPolicy
02:42:15,543 |-INFO in ch.qos.logback.core.model.processor.ImplicitModelHandler - Assuming default type [ch.qos.logback.classic.encoder.PatternLayoutEncoder] for [encoder] property
02:42:15,554 |-INFO in ch.qos.logback.core.rolling.RollingFileAppender[FILE] - Active log file name: target/logs/test-execution.log
02:42:15,555 |-INFO in ch.qos.logback.core.rolling.RollingFileAppender[FILE] - File property is set to [target/logs/test-execution.log]
02:42:15,562 |-INFO in ch.qos.logback.core.model.processor.AppenderModelHandler - Processing appender named [PAGE_ACTIONS]
02:42:15,562 |-INFO in ch.qos.logback.core.model.processor.AppenderModelHandler - About to instantiate appender of type [ch.qos.logback.core.rolling.RollingFileAppender]
02:42:15,562 |-INFO in c.q.l.core.rolling.TimeBasedRollingPolicy@2093319848 - setting totalSizeCap to 100 MB
02:42:15,563 |-INFO in c.q.l.core.rolling.TimeBasedRollingPolicy@2093319848 - No compression will be used
02:42:15,563 |-INFO in c.q.l.core.rolling.TimeBasedRollingPolicy@2093319848 - Will use the pattern target/logs/page-actions.%d{yyyy-MM-dd}.%i.log for the active file
02:42:15,563 |-INFO in ch.qos.logback.core.rolling.SizeAndTimeBasedFNATP@7db534f2 - The date pattern is 'yyyy-MM-dd' from file name pattern 'target/logs/page-actions.%d{yyyy-MM-dd}.%i.log'.
02:42:15,563 |-INFO in ch.qos.logback.core.rolling.SizeAndTimeBasedFNATP@7db534f2 - Roll-over at midnight.
02:42:15,564 |-INFO in ch.qos.logback.core.rolling.SizeAndTimeBasedFNATP@7db534f2 - Setting initial period to 2025-09-25T02:42:15.563Z
02:42:15,564 |-WARN in ch.qos.logback.core.rolling.SizeAndTimeBasedFNATP@7db534f2 - SizeAndTimeBasedFNATP is deprecated. Use SizeAndTimeBasedRollingPolicy instead
02:42:15,564 |-WARN in ch.qos.logback.core.rolling.SizeAndTimeBasedFNATP@7db534f2 - For more information see http://logback.qos.ch/manual/appenders.html#SizeAndTimeBasedRollingPolicy
02:42:15,567 |-INFO in ch.qos.logback.core.model.processor.ImplicitModelHandler - Assuming default type [ch.qos.logback.classic.encoder.PatternLayoutEncoder] for [encoder] property
02:42:15,570 |-INFO in ch.qos.logback.core.rolling.RollingFileAppender[PAGE_ACTIONS] - Active log file name: target/logs/page-actions.log
02:42:15,570 |-INFO in ch.qos.logback.core.rolling.RollingFileAppender[PAGE_ACTIONS] - File property is set to [target/logs/page-actions.log]
02:42:15,573 |-INFO in ch.qos.logback.classic.model.processor.LoggerModelHandler - Setting level of logger [pages] to INFO
02:42:15,576 |-INFO in ch.qos.logback.classic.model.processor.LoggerModelHandler - Setting additivity of logger [pages] to false
02:42:15,577 |-INFO in ch.qos.logback.core.model.processor.AppenderRefModelHandler - Attaching appender named [PAGE_ACTIONS] to Logger[pages]
02:42:15,579 |-INFO in ch.qos.logback.core.model.processor.AppenderRefModelHandler - Attaching appender named [CONSOLE] to Logger[pages]
02:42:15,579 |-INFO in ch.qos.logback.classic.model.processor.LoggerModelHandler - Setting level of logger [tests] to INFO
02:42:15,579 |-INFO in ch.qos.logback.classic.model.processor.LoggerModelHandler - Setting additivity of logger [tests] to false
02:42:15,579 |-INFO in ch.qos.logback.core.model.processor.AppenderRefModelHandler - Attaching appender named [FILE] to Logger[tests]
02:42:15,579 |-INFO in ch.qos.logback.core.model.processor.AppenderRefModelHandler - Attaching appender named [CONSOLE] to Logger[tests]
02:42:15,579 |-INFO in ch.qos.logback.classic.model.processor.LoggerModelHandler - Setting level of logger [com.codeborne.selenide] to INFO
02:42:15,579 |-INFO in ch.qos.logback.classic.model.processor.RootLoggerModelHandler - Setting level of ROOT logger to INFO
02:42:15,579 |-INFO in ch.qos.logback.core.model.processor.AppenderRefModelHandler - Attaching appender named [CONSOLE] to Logger[ROOT]
02:42:15,579 |-INFO in ch.qos.logback.core.model.processor.AppenderRefModelHandler - Attaching appender named [FILE] to Logger[ROOT]
02:42:15,579 |-INFO in ch.qos.logback.core.model.processor.DefaultProcessor@44a2b17b - End of configuration.
02:42:15,582 |-INFO in ch.qos.logback.classic.joran.JoranConfigurator@7a56812e - Registering current configuration as safe fallback point
02:42:15,582 |-INFO in ch.qos.logback.classic.util.ContextInitializer@2c95ac9e - ch.qos.logback.classic.util.DefaultJoranConfigurator.configure() call lasted 1179 milliseconds. ExecutionStatus=DO_NOT_INVOKE_NEXT_IF_ANY

02:42:21.759 [main] INFO  bdd.BddTestRunner - Starting Cucumber BDD tests via CLI

@Simple @Smoke @Navigation
Scenario: Verify home page loads                         &amp#27;[90m# src/test/resources/features/SimpleTest.feature:6&amp#27;[0m
02:42:22.913 [main] INFO  hooks.Hooks - Starting BDD scenario: Verify home page loads
02:42:23.013 [main] INFO  hooks.Hooks - BDD test environment configured for scenario: Verify home page loads
02:42:24.060 [main] INFO  stepDefinitions.HomePageSteps - BDD Step: Navigating to DemoBlaze home page
02:42:24.060 [main] INFO  pages.HomePage - BDD: Opening home page
02:42:24.061 [main] INFO  pages.HomePage - Opening DemoBlaze home page
02:42:24.077 [main] INFO  c.c.s.WebDriverThreadLocalContainer - No webdriver is bound to current thread: 1 - let's create a new webdriver
02:42:53.048 [main] INFO  c.c.s.webdriver.BrowserResizer - Set browser size to 1920x1080
02:42:53.209 [main] INFO  c.c.s.webdriver.WebDriverFactory - Selenide 7.10.0 / Selenium 4.35.0 / firefox 143.0.1 linux
02:42:57.350 [main] INFO  pages.HomePage - Home page opened successfully
  &amp#27;[32mGiven &amp#27;[0m&amp#27;[32mI navigate to the DemoBlaze home page&amp#27;[0m            &amp#27;[90m# stepDefinitions.HomePageSteps.i_navigate_to_the_demoblaze_home_page()&amp#27;[0m
02:42:57.417 [main] INFO  stepDefinitions.HomePageSteps - BDD Step: Viewing home page content
  &amp#27;[32mWhen &amp#27;[0m&amp#27;[32mI view the home page&amp#27;[0m                              &amp#27;[90m# stepDefinitions.HomePageSteps.i_view_the_home_page()&amp#27;[0m
02:42:57.424 [main] INFO  stepDefinitions.HomePageSteps - BDD Step: Verifying navigation bar elements
02:42:57.425 [main] INFO  pages.HomePage - Verifying navigation elements are visible
02:42:59.180 [main] INFO  pages.HomePage - All navigation elements verified successfully
  &amp#27;[32mThen &amp#27;[0m&amp#27;[32mI should see the navigation bar with all elements&amp#27;[0m &amp#27;[90m# stepDefinitions.HomePageSteps.i_should_see_the_navigation_bar_with_all_elements()&amp#27;[0m
02:42:59.190 [main] INFO  hooks.Hooks - Finishing BDD scenario: Verify home page loads - Status: PASSED
02:43:01.124 [main] INFO  hooks.Hooks - BDD test cleanup completed for scenario: Verify home page loads

1 Scenarios (&amp#27;[32m1 passed&amp#27;[0m)
3 Steps (&amp#27;[32m3 passed&amp#27;[0m)
0m39.301s


02:43:01.188 [main] INFO  bdd.BddTestRunner - Cucumber BDD tests completed successfully
]]></system-out>
  </testcase>
</testsuite>