<?xml version="1.0" encoding="UTF-8"?>
<testsuite xmlns:xsi="http://www.w3.org/2001/XMLSchema-instance" xsi:noNamespaceSchemaLocation="https://maven.apache.org/surefire/maven-surefire-plugin/xsd/surefire-test-report-3.0.xsd" version="3.0" name="tests.OrderPlacementTest" time="42.576" tests="3" errors="0" skipped="0" failures="0">
  <properties>
    <property name="java.specification.version" value="21"/>
    <property name="sun.jnu.encoding" value="UTF-8"/>
    <property name="java.class.path" value="/mnt/e/Courses/Amalitech GTP/Projects/demoblazeProjectPlaywright/target/test-classes:/mnt/e/Courses/Amalitech GTP/Projects/demoblazeProjectPlaywright/target/classes:/home/arhu/.m2/repository/com/codeborne/selenide/7.10.0/selenide-7.10.0.jar:/home/arhu/.m2/repository/org/seleniumhq/selenium/selenium-java/4.35.0/selenium-java-4.35.0.jar:/home/arhu/.m2/repository/org/seleniumhq/selenium/selenium-api/4.35.0/selenium-api-4.35.0.jar:/home/arhu/.m2/repository/org/seleniumhq/selenium/selenium-chrome-driver/4.35.0/selenium-chrome-driver-4.35.0.jar:/home/arhu/.m2/repository/com/google/auto/service/auto-service-annotations/1.1.1/auto-service-annotations-1.1.1.jar:/home/arhu/.m2/repository/org/seleniumhq/selenium/selenium-chromium-driver/4.35.0/selenium-chromium-driver-4.35.0.jar:/home/arhu/.m2/repository/org/seleniumhq/selenium/selenium-json/4.35.0/selenium-json-4.35.0.jar:/home/arhu/.m2/repository/org/seleniumhq/selenium/selenium-manager/4.35.0/selenium-manager-4.35.0.jar:/home/arhu/.m2/repository/org/seleniumhq/selenium/selenium-devtools-v137/4.35.0/selenium-devtools-v137-4.35.0.jar:/home/arhu/.m2/repository/org/seleniumhq/selenium/selenium-devtools-v138/4.35.0/selenium-devtools-v138-4.35.0.jar:/home/arhu/.m2/repository/org/seleniumhq/selenium/selenium-devtools-v139/4.35.0/selenium-devtools-v139-4.35.0.jar:/home/arhu/.m2/repository/org/seleniumhq/selenium/selenium-edge-driver/4.35.0/selenium-edge-driver-4.35.0.jar:/home/arhu/.m2/repository/org/seleniumhq/selenium/selenium-firefox-driver/4.35.0/selenium-firefox-driver-4.35.0.jar:/home/arhu/.m2/repository/org/seleniumhq/selenium/selenium-http/4.35.0/selenium-http-4.35.0.jar:/home/arhu/.m2/repository/org/seleniumhq/selenium/selenium-ie-driver/4.35.0/selenium-ie-driver-4.35.0.jar:/home/arhu/.m2/repository/org/seleniumhq/selenium/selenium-remote-driver/4.35.0/selenium-remote-driver-4.35.0.jar:/home/arhu/.m2/repository/io/opentelemetry/opentelemetry-api/1.53.0/opentelemetry-api-1.53.0.jar:/home/arhu/.m2/repository/io/opentelemetry/opentelemetry-context/1.53.0/opentelemetry-context-1.53.0.jar:/home/arhu/.m2/repository/io/opentelemetry/opentelemetry-common/1.53.0/opentelemetry-common-1.53.0.jar:/home/arhu/.m2/repository/io/opentelemetry/opentelemetry-exporter-logging/1.53.0/opentelemetry-exporter-logging-1.53.0.jar:/home/arhu/.m2/repository/io/opentelemetry/opentelemetry-sdk-common/1.53.0/opentelemetry-sdk-common-1.53.0.jar:/home/arhu/.m2/repository/io/opentelemetry/opentelemetry-sdk-extension-autoconfigure-spi/1.53.0/opentelemetry-sdk-extension-autoconfigure-spi-1.53.0.jar:/home/arhu/.m2/repository/io/opentelemetry/opentelemetry-sdk-extension-autoconfigure/1.53.0/opentelemetry-sdk-extension-autoconfigure-1.53.0.jar:/home/arhu/.m2/repository/io/opentelemetry/opentelemetry-sdk-trace/1.53.0/opentelemetry-sdk-trace-1.53.0.jar:/home/arhu/.m2/repository/io/opentelemetry/opentelemetry-sdk/1.53.0/opentelemetry-sdk-1.53.0.jar:/home/arhu/.m2/repository/io/opentelemetry/opentelemetry-sdk-metrics/1.53.0/opentelemetry-sdk-metrics-1.53.0.jar:/home/arhu/.m2/repository/io/opentelemetry/opentelemetry-sdk-logs/1.53.0/opentelemetry-sdk-logs-1.53.0.jar:/home/arhu/.m2/repository/net/bytebuddy/byte-buddy/1.17.6/byte-buddy-1.17.6.jar:/home/arhu/.m2/repository/org/seleniumhq/selenium/selenium-os/4.35.0/selenium-os-4.35.0.jar:/home/arhu/.m2/repository/org/apache/commons/commons-exec/1.5.0/commons-exec-1.5.0.jar:/home/arhu/.m2/repository/org/seleniumhq/selenium/selenium-safari-driver/4.35.0/selenium-safari-driver-4.35.0.jar:/home/arhu/.m2/repository/org/seleniumhq/selenium/selenium-support/4.35.0/selenium-support-4.35.0.jar:/home/arhu/.m2/repository/com/codeborne/selenide-core/7.10.0/selenide-core-7.10.0.jar:/home/arhu/.m2/repository/org/opentest4j/opentest4j/1.3.0/opentest4j-1.3.0.jar:/home/arhu/.m2/repository/org/apache/httpcomponents/client5/httpclient5/5.5/httpclient5-5.5.jar:/home/arhu/.m2/repository/org/apache/httpcomponents/core5/httpcore5/5.3.4/httpcore5-5.3.4.jar:/home/arhu/.m2/repository/org/apache/httpcomponents/core5/httpcore5-h2/5.3.4/httpcore5-h2-5.3.4.jar:/home/arhu/.m2/repository/com/github/valfirst/browserup-proxy/browserup-proxy-core/3.2.0/browserup-proxy-core-3.2.0.jar:/home/arhu/.m2/repository/org/jspecify/jspecify/1.0.0/jspecify-1.0.0.jar:/home/arhu/.m2/repository/com/google/errorprone/error_prone_annotations/2.41.0/error_prone_annotations-2.41.0.jar:/home/arhu/.m2/repository/com/google/guava/guava/33.4.8-jre/guava-33.4.8-jre.jar:/home/arhu/.m2/repository/com/google/guava/failureaccess/1.0.3/failureaccess-1.0.3.jar:/home/arhu/.m2/repository/com/google/guava/listenablefuture/9999.0-empty-to-avoid-conflict-with-guava/listenablefuture-9999.0-empty-to-avoid-conflict-with-guava.jar:/home/arhu/.m2/repository/com/google/j2objc/j2objc-annotations/3.0.0/j2objc-annotations-3.0.0.jar:/home/arhu/.m2/repository/org/apache/commons/commons-lang3/3.18.0/commons-lang3-3.18.0.jar:/home/arhu/.m2/repository/commons-io/commons-io/2.20.0/commons-io-2.20.0.jar:/home/arhu/.m2/repository/io/qameta/allure/allure-junit5/2.30.0/allure-junit5-2.30.0.jar:/home/arhu/.m2/repository/io/qameta/allure/allure-junit-platform/2.30.0/allure-junit-platform-2.30.0.jar:/home/arhu/.m2/repository/io/qameta/allure/allure-test-filter/2.30.0/allure-test-filter-2.30.0.jar:/home/arhu/.m2/repository/io/qameta/allure/allure-selenide/2.30.0/allure-selenide-2.30.0.jar:/home/arhu/.m2/repository/io/qameta/allure/allure-java-commons/2.30.0/allure-java-commons-2.30.0.jar:/home/arhu/.m2/repository/io/qameta/allure/allure-model/2.30.0/allure-model-2.30.0.jar:/home/arhu/.m2/repository/org/junit/jupiter/junit-jupiter/5.10.1/junit-jupiter-5.10.1.jar:/home/arhu/.m2/repository/org/junit/jupiter/junit-jupiter-api/5.10.1/junit-jupiter-api-5.10.1.jar:/home/arhu/.m2/repository/org/junit/jupiter/junit-jupiter-params/5.10.1/junit-jupiter-params-5.10.1.jar:/home/arhu/.m2/repository/org/junit/jupiter/junit-jupiter-engine/5.10.1/junit-jupiter-engine-5.10.1.jar:/home/arhu/.m2/repository/org/junit/platform/junit-platform-launcher/1.10.1/junit-platform-launcher-1.10.1.jar:/home/arhu/.m2/repository/org/junit/platform/junit-platform-engine/1.10.1/junit-platform-engine-1.10.1.jar:/home/arhu/.m2/repository/org/apiguardian/apiguardian-api/1.1.2/apiguardian-api-1.1.2.jar:/home/arhu/.m2/repository/org/junit/platform/junit-platform-suite-api/1.10.1/junit-platform-suite-api-1.10.1.jar:/home/arhu/.m2/repository/org/junit/platform/junit-platform-commons/1.10.1/junit-platform-commons-1.10.1.jar:/home/arhu/.m2/repository/org/slf4j/slf4j-api/2.0.9/slf4j-api-2.0.9.jar:/home/arhu/.m2/repository/ch/qos/logback/logback-classic/1.4.14/logback-classic-1.4.14.jar:/home/arhu/.m2/repository/ch/qos/logback/logback-core/1.4.14/logback-core-1.4.14.jar:/home/arhu/.m2/repository/io/cucumber/cucumber-java/7.14.1/cucumber-java-7.14.1.jar:/home/arhu/.m2/repository/io/cucumber/cucumber-core/7.14.1/cucumber-core-7.14.1.jar:/home/arhu/.m2/repository/io/cucumber/cucumber-gherkin/7.14.1/cucumber-gherkin-7.14.1.jar:/home/arhu/.m2/repository/io/cucumber/cucumber-gherkin-messages/7.14.1/cucumber-gherkin-messages-7.14.1.jar:/home/arhu/.m2/repository/io/cucumber/gherkin/26.2.0/gherkin-26.2.0.jar:/home/arhu/.m2/repository/io/cucumber/messages/22.0.0/messages-22.0.0.jar:/home/arhu/.m2/repository/io/cucumber/tag-expressions/6.0.0/tag-expressions-6.0.0.jar:/home/arhu/.m2/repository/io/cucumber/cucumber-expressions/17.0.1/cucumber-expressions-17.0.1.jar:/home/arhu/.m2/repository/io/cucumber/datatable/7.14.1/datatable-7.14.1.jar:/home/arhu/.m2/repository/io/cucumber/cucumber-plugin/7.14.1/cucumber-plugin-7.14.1.jar:/home/arhu/.m2/repository/io/cucumber/docstring/7.14.1/docstring-7.14.1.jar:/home/arhu/.m2/repository/io/cucumber/html-formatter/20.4.0/html-formatter-20.4.0.jar:/home/arhu/.m2/repository/io/cucumber/junit-xml-formatter/0.2.0/junit-xml-formatter-0.2.0.jar:/home/arhu/.m2/repository/io/cucumber/ci-environment/10.0.0/ci-environment-10.0.0.jar:/home/arhu/.m2/repository/io/cucumber/cucumber-junit-platform-engine/7.14.1/cucumber-junit-platform-engine-7.14.1.jar:/home/arhu/.m2/repository/io/cucumber/cucumber-junit/7.14.1/cucumber-junit-7.14.1.jar:/home/arhu/.m2/repository/junit/junit/4.13.2/junit-4.13.2.jar:/home/arhu/.m2/repository/org/hamcrest/hamcrest-core/1.3/hamcrest-core-1.3.jar:/home/arhu/.m2/repository/io/qameta/allure/allure-cucumber7-jvm/2.30.0/allure-cucumber7-jvm-2.30.0.jar:"/>
    <property name="java.vm.vendor" value="Ubuntu"/>
    <property name="sun.arch.data.model" value="64"/>
    <property name="java.vendor.url" value="https://ubuntu.com/"/>
    <property name="user.timezone" value="Atlantic/Reykjavik"/>
    <property name="os.name" value="Linux"/>
    <property name="java.vm.specification.version" value="21"/>
    <property name="sun.java.launcher" value="SUN_STANDARD"/>
    <property name="sun.boot.library.path" value="/usr/lib/jvm/java-21-openjdk-amd64/lib"/>
    <property name="selenide.browser" value="firefox"/>
    <property name="sun.java.command" value="/mnt/e/Courses/Amalitech GTP/Projects/demoblazeProjectPlaywright/target/surefire/surefirebooter-20250925024211724_3.jar /mnt/e/Courses/Amalitech GTP/Projects/demoblazeProjectPlaywright/target/surefire 2025-09-25T02-42-05_938-jvmRun1 surefire-20250925024211724_1tmp surefire_0-20250925024211724_2tmp"/>
    <property name="jdk.debug" value="release"/>
    <property name="surefire.test.class.path" value="/mnt/e/Courses/Amalitech GTP/Projects/demoblazeProjectPlaywright/target/test-classes:/mnt/e/Courses/Amalitech GTP/Projects/demoblazeProjectPlaywright/target/classes:/home/arhu/.m2/repository/com/codeborne/selenide/7.10.0/selenide-7.10.0.jar:/home/arhu/.m2/repository/org/seleniumhq/selenium/selenium-java/4.35.0/selenium-java-4.35.0.jar:/home/arhu/.m2/repository/org/seleniumhq/selenium/selenium-api/4.35.0/selenium-api-4.35.0.jar:/home/arhu/.m2/repository/org/seleniumhq/selenium/selenium-chrome-driver/4.35.0/selenium-chrome-driver-4.35.0.jar:/home/arhu/.m2/repository/com/google/auto/service/auto-service-annotations/1.1.1/auto-service-annotations-1.1.1.jar:/home/arhu/.m2/repository/org/seleniumhq/selenium/selenium-chromium-driver/4.35.0/selenium-chromium-driver-4.35.0.jar:/home/arhu/.m2/repository/org/seleniumhq/selenium/selenium-json/4.35.0/selenium-json-4.35.0.jar:/home/arhu/.m2/repository/org/seleniumhq/selenium/selenium-manager/4.35.0/selenium-manager-4.35.0.jar:/home/arhu/.m2/repository/org/seleniumhq/selenium/selenium-devtools-v137/4.35.0/selenium-devtools-v137-4.35.0.jar:/home/arhu/.m2/repository/org/seleniumhq/selenium/selenium-devtools-v138/4.35.0/selenium-devtools-v138-4.35.0.jar:/home/arhu/.m2/repository/org/seleniumhq/selenium/selenium-devtools-v139/4.35.0/selenium-devtools-v139-4.35.0.jar:/home/arhu/.m2/repository/org/seleniumhq/selenium/selenium-edge-driver/4.35.0/selenium-edge-driver-4.35.0.jar:/home/arhu/.m2/repository/org/seleniumhq/selenium/selenium-firefox-driver/4.35.0/selenium-firefox-driver-4.35.0.jar:/home/arhu/.m2/repository/org/seleniumhq/selenium/selenium-http/4.35.0/selenium-http-4.35.0.jar:/home/arhu/.m2/repository/org/seleniumhq/selenium/selenium-ie-driver/4.35.0/selenium-ie-driver-4.35.0.jar:/home/arhu/.m2/repository/org/seleniumhq/selenium/selenium-remote-driver/4.35.0/selenium-remote-driver-4.35.0.jar:/home/arhu/.m2/repository/io/opentelemetry/opentelemetry-api/1.53.0/opentelemetry-api-1.53.0.jar:/home/arhu/.m2/repository/io/opentelemetry/opentelemetry-context/1.53.0/opentelemetry-context-1.53.0.jar:/home/arhu/.m2/repository/io/opentelemetry/opentelemetry-common/1.53.0/opentelemetry-common-1.53.0.jar:/home/arhu/.m2/repository/io/opentelemetry/opentelemetry-exporter-logging/1.53.0/opentelemetry-exporter-logging-1.53.0.jar:/home/arhu/.m2/repository/io/opentelemetry/opentelemetry-sdk-common/1.53.0/opentelemetry-sdk-common-1.53.0.jar:/home/arhu/.m2/repository/io/opentelemetry/opentelemetry-sdk-extension-autoconfigure-spi/1.53.0/opentelemetry-sdk-extension-autoconfigure-spi-1.53.0.jar:/home/arhu/.m2/repository/io/opentelemetry/opentelemetry-sdk-extension-autoconfigure/1.53.0/opentelemetry-sdk-extension-autoconfigure-1.53.0.jar:/home/arhu/.m2/repository/io/opentelemetry/opentelemetry-sdk-trace/1.53.0/opentelemetry-sdk-trace-1.53.0.jar:/home/arhu/.m2/repository/io/opentelemetry/opentelemetry-sdk/1.53.0/opentelemetry-sdk-1.53.0.jar:/home/arhu/.m2/repository/io/opentelemetry/opentelemetry-sdk-metrics/1.53.0/opentelemetry-sdk-metrics-1.53.0.jar:/home/arhu/.m2/repository/io/opentelemetry/opentelemetry-sdk-logs/1.53.0/opentelemetry-sdk-logs-1.53.0.jar:/home/arhu/.m2/repository/net/bytebuddy/byte-buddy/1.17.6/byte-buddy-1.17.6.jar:/home/arhu/.m2/repository/org/seleniumhq/selenium/selenium-os/4.35.0/selenium-os-4.35.0.jar:/home/arhu/.m2/repository/org/apache/commons/commons-exec/1.5.0/commons-exec-1.5.0.jar:/home/arhu/.m2/repository/org/seleniumhq/selenium/selenium-safari-driver/4.35.0/selenium-safari-driver-4.35.0.jar:/home/arhu/.m2/repository/org/seleniumhq/selenium/selenium-support/4.35.0/selenium-support-4.35.0.jar:/home/arhu/.m2/repository/com/codeborne/selenide-core/7.10.0/selenide-core-7.10.0.jar:/home/arhu/.m2/repository/org/opentest4j/opentest4j/1.3.0/opentest4j-1.3.0.jar:/home/arhu/.m2/repository/org/apache/httpcomponents/client5/httpclient5/5.5/httpclient5-5.5.jar:/home/arhu/.m2/repository/org/apache/httpcomponents/core5/httpcore5/5.3.4/httpcore5-5.3.4.jar:/home/arhu/.m2/repository/org/apache/httpcomponents/core5/httpcore5-h2/5.3.4/httpcore5-h2-5.3.4.jar:/home/arhu/.m2/repository/com/github/valfirst/browserup-proxy/browserup-proxy-core/3.2.0/browserup-proxy-core-3.2.0.jar:/home/arhu/.m2/repository/org/jspecify/jspecify/1.0.0/jspecify-1.0.0.jar:/home/arhu/.m2/repository/com/google/errorprone/error_prone_annotations/2.41.0/error_prone_annotations-2.41.0.jar:/home/arhu/.m2/repository/com/google/guava/guava/33.4.8-jre/guava-33.4.8-jre.jar:/home/arhu/.m2/repository/com/google/guava/failureaccess/1.0.3/failureaccess-1.0.3.jar:/home/arhu/.m2/repository/com/google/guava/listenablefuture/9999.0-empty-to-avoid-conflict-with-guava/listenablefuture-9999.0-empty-to-avoid-conflict-with-guava.jar:/home/arhu/.m2/repository/com/google/j2objc/j2objc-annotations/3.0.0/j2objc-annotations-3.0.0.jar:/home/arhu/.m2/repository/org/apache/commons/commons-lang3/3.18.0/commons-lang3-3.18.0.jar:/home/arhu/.m2/repository/commons-io/commons-io/2.20.0/commons-io-2.20.0.jar:/home/arhu/.m2/repository/io/qameta/allure/allure-junit5/2.30.0/allure-junit5-2.30.0.jar:/home/arhu/.m2/repository/io/qameta/allure/allure-junit-platform/2.30.0/allure-junit-platform-2.30.0.jar:/home/arhu/.m2/repository/io/qameta/allure/allure-test-filter/2.30.0/allure-test-filter-2.30.0.jar:/home/arhu/.m2/repository/io/qameta/allure/allure-selenide/2.30.0/allure-selenide-2.30.0.jar:/home/arhu/.m2/repository/io/qameta/allure/allure-java-commons/2.30.0/allure-java-commons-2.30.0.jar:/home/arhu/.m2/repository/io/qameta/allure/allure-model/2.30.0/allure-model-2.30.0.jar:/home/arhu/.m2/repository/org/junit/jupiter/junit-jupiter/5.10.1/junit-jupiter-5.10.1.jar:/home/arhu/.m2/repository/org/junit/jupiter/junit-jupiter-api/5.10.1/junit-jupiter-api-5.10.1.jar:/home/arhu/.m2/repository/org/junit/jupiter/junit-jupiter-params/5.10.1/junit-jupiter-params-5.10.1.jar:/home/arhu/.m2/repository/org/junit/jupiter/junit-jupiter-engine/5.10.1/junit-jupiter-engine-5.10.1.jar:/home/arhu/.m2/repository/org/junit/platform/junit-platform-launcher/1.10.1/junit-platform-launcher-1.10.1.jar:/home/arhu/.m2/repository/org/junit/platform/junit-platform-engine/1.10.1/junit-platform-engine-1.10.1.jar:/home/arhu/.m2/repository/org/apiguardian/apiguardian-api/1.1.2/apiguardian-api-1.1.2.jar:/home/arhu/.m2/repository/org/junit/platform/junit-platform-suite-api/1.10.1/junit-platform-suite-api-1.10.1.jar:/home/arhu/.m2/repository/org/junit/platform/junit-platform-commons/1.10.1/junit-platform-commons-1.10.1.jar:/home/arhu/.m2/repository/org/slf4j/slf4j-api/2.0.9/slf4j-api-2.0.9.jar:/home/arhu/.m2/repository/ch/qos/logback/logback-classic/1.4.14/logback-classic-1.4.14.jar:/home/arhu/.m2/repository/ch/qos/logback/logback-core/1.4.14/logback-core-1.4.14.jar:/home/arhu/.m2/repository/io/cucumber/cucumber-java/7.14.1/cucumber-java-7.14.1.jar:/home/arhu/.m2/repository/io/cucumber/cucumber-core/7.14.1/cucumber-core-7.14.1.jar:/home/arhu/.m2/repository/io/cucumber/cucumber-gherkin/7.14.1/cucumber-gherkin-7.14.1.jar:/home/arhu/.m2/repository/io/cucumber/cucumber-gherkin-messages/7.14.1/cucumber-gherkin-messages-7.14.1.jar:/home/arhu/.m2/repository/io/cucumber/gherkin/26.2.0/gherkin-26.2.0.jar:/home/arhu/.m2/repository/io/cucumber/messages/22.0.0/messages-22.0.0.jar:/home/arhu/.m2/repository/io/cucumber/tag-expressions/6.0.0/tag-expressions-6.0.0.jar:/home/arhu/.m2/repository/io/cucumber/cucumber-expressions/17.0.1/cucumber-expressions-17.0.1.jar:/home/arhu/.m2/repository/io/cucumber/datatable/7.14.1/datatable-7.14.1.jar:/home/arhu/.m2/repository/io/cucumber/cucumber-plugin/7.14.1/cucumber-plugin-7.14.1.jar:/home/arhu/.m2/repository/io/cucumber/docstring/7.14.1/docstring-7.14.1.jar:/home/arhu/.m2/repository/io/cucumber/html-formatter/20.4.0/html-formatter-20.4.0.jar:/home/arhu/.m2/repository/io/cucumber/junit-xml-formatter/0.2.0/junit-xml-formatter-0.2.0.jar:/home/arhu/.m2/repository/io/cucumber/ci-environment/10.0.0/ci-environment-10.0.0.jar:/home/arhu/.m2/repository/io/cucumber/cucumber-junit-platform-engine/7.14.1/cucumber-junit-platform-engine-7.14.1.jar:/home/arhu/.m2/repository/io/cucumber/cucumber-junit/7.14.1/cucumber-junit-7.14.1.jar:/home/arhu/.m2/repository/junit/junit/4.13.2/junit-4.13.2.jar:/home/arhu/.m2/repository/org/hamcrest/hamcrest-core/1.3/hamcrest-core-1.3.jar:/home/arhu/.m2/repository/io/qameta/allure/allure-cucumber7-jvm/2.30.0/allure-cucumber7-jvm-2.30.0.jar:"/>
    <property name="allure.results.directory" value="/mnt/e/Courses/Amalitech GTP/Projects/demoblazeProjectPlaywright/target/allure-results"/>
    <property name="sun.cpu.endian" value="little"/>
    <property name="user.home" value="/home/arhu"/>
    <property name="user.language" value="en"/>
    <property name="java.specification.vendor" value="Oracle Corporation"/>
    <property name="java.version.date" value="2025-07-15"/>
    <property name="java.home" value="/usr/lib/jvm/java-21-openjdk-amd64"/>
    <property name="file.separator" value="/"/>
    <property name="basedir" value="/mnt/e/Courses/Amalitech GTP/Projects/demoblazeProjectPlaywright"/>
    <property name="java.vm.compressedOopsMode" value="32-bit"/>
    <property name="line.separator" value="&#10;"/>
    <property name="java.specification.name" value="Java Platform API Specification"/>
    <property name="java.vm.specification.vendor" value="Oracle Corporation"/>
    <property name="surefire.real.class.path" value="/mnt/e/Courses/Amalitech GTP/Projects/demoblazeProjectPlaywright/target/surefire/surefirebooter-20250925024211724_3.jar"/>
    <property name="sun.management.compiler" value="HotSpot 64-Bit Tiered Compilers"/>
    <property name="java.runtime.version" value="21.0.8+9-Ubuntu-0ubuntu124.04.1"/>
    <property name="user.name" value="arhu"/>
    <property name="stdout.encoding" value="UTF-8"/>
    <property name="path.separator" value=":"/>
    <property name="os.version" value="6.6.87.2-microsoft-standard-WSL2"/>
    <property name="java.runtime.name" value="OpenJDK Runtime Environment"/>
    <property name="file.encoding" value="UTF-8"/>
    <property name="java.vm.name" value="OpenJDK 64-Bit Server VM"/>
    <property name="localRepository" value="/home/arhu/.m2/repository"/>
    <property name="java.vendor.url.bug" value="https://bugs.launchpad.net/ubuntu/+source/openjdk-21"/>
    <property name="java.io.tmpdir" value="/tmp"/>
    <property name="java.version" value="21.0.8"/>
    <property name="user.dir" value="/mnt/e/Courses/Amalitech GTP/Projects/demoblazeProjectPlaywright"/>
    <property name="os.arch" value="amd64"/>
    <property name="java.vm.specification.name" value="Java Virtual Machine Specification"/>
    <property name="native.encoding" value="UTF-8"/>
    <property name="java.library.path" value="/usr/java/packages/lib:/usr/lib/x86_64-linux-gnu/jni:/lib/x86_64-linux-gnu:/usr/lib/x86_64-linux-gnu:/usr/lib/jni:/lib:/usr/lib"/>
    <property name="java.vm.info" value="mixed mode, sharing"/>
    <property name="stderr.encoding" value="UTF-8"/>
    <property name="java.vendor" value="Ubuntu"/>
    <property name="java.vm.version" value="21.0.8+9-Ubuntu-0ubuntu124.04.1"/>
    <property name="sun.io.unicode.encoding" value="UnicodeLittle"/>
    <property name="java.class.version" value="65.0"/>
  </properties>
  <testcase name="testOrderPlacementWithValidData" classname="tests.OrderPlacementTest" time="15.555">
    <system-out><![CDATA[02:45:29.171 [main] INFO  base.BaseTest - Setting up base test configuration
02:45:29.171 [main] INFO  base.BaseTest - Base test configuration completed
02:45:29.172 [main] INFO  tests.OrderPlacementTest - Setting up order placement test instances
02:45:29.173 [main] INFO  tests.OrderPlacementTest - Order placement test setup completed
02:45:29.174 [main] INFO  tests.OrderPlacementTest - Starting test: Order placement with valid data
02:45:29.176 [main] INFO  tests.OrderPlacementTest - Adding product to cart for order test
02:45:29.177 [main] INFO  pages.HomePage - Opening DemoBlaze home page
02:45:29.178 [main] INFO  c.c.s.WebDriverThreadLocalContainer - No webdriver is bound to current thread: 1 - let's create a new webdriver
02:45:31.984 [main] INFO  c.c.s.webdriver.BrowserResizer - Set browser size to 1920x1080
02:45:32.018 [main] INFO  c.c.s.webdriver.WebDriverFactory - Selenide 7.10.0 / Selenium 4.35.0 / firefox 143.0.1 linux
02:45:34.378 [main] INFO  pages.HomePage - Home page opened successfully
02:45:34.379 [main] INFO  pages.HomePage - Clicking on first product: Samsung galaxy s6
02:45:36.407 [main] INFO  pages.HomePage - Successfully clicked on first product: Samsung galaxy s6
02:45:36.408 [main] INFO  pages.ProductDetailsPage - Clicking 'Add to cart' button
02:45:37.539 [main] INFO  pages.ProductDetailsPage - Successfully clicked 'Add to cart' button
02:45:38.547 [main] INFO  tests.OrderPlacementTest - Alert message: Product added
02:45:38.567 [main] INFO  pages.ProductDetailsPage - Navigating back to home page
02:45:38.716 [main] INFO  pages.ProductDetailsPage - Successfully navigated to home page
02:45:38.716 [main] INFO  tests.OrderPlacementTest - Product added to cart successfully
02:45:38.717 [main] INFO  pages.HomePage - Navigating to cart page
02:45:39.442 [main] INFO  pages.HomePage - Successfully navigated to cart page
02:45:40.520 [main] INFO  pages.CartPage - Verifying cart page headers and elements
02:45:40.622 [main] INFO  pages.CartPage - Cart headers and elements verified successfully
02:45:40.622 [main] INFO  pages.CartPage - Clicking 'Place Order' button
02:45:40.705 [main] INFO  pages.CartPage - Successfully clicked 'Place Order' button
02:45:40.705 [main] INFO  pages.OrderPlacementPage - Verifying order placement form is visible
02:45:41.100 [main] INFO  pages.OrderPlacementPage - Order placement form verified successfully
02:45:41.101 [main] INFO  pages.OrderPlacementPage - Filling complete order details for customer: Emmanuel Arhu
02:45:41.101 [main] INFO  pages.OrderPlacementPage - Filling name field with: Emmanuel Arhu
02:45:41.191 [main] INFO  pages.OrderPlacementPage - Filling country field with: Ghana
02:45:41.231 [main] INFO  pages.OrderPlacementPage - Filling city field with: Takoradi
02:45:41.277 [main] INFO  pages.OrderPlacementPage - Filling credit card field
02:45:41.320 [main] INFO  pages.OrderPlacementPage - Filling month field with: 12
02:45:41.362 [main] INFO  pages.OrderPlacementPage - Filling year field with: 2030
02:45:41.401 [main] INFO  pages.OrderPlacementPage - Order details filled successfully for customer: Emmanuel Arhu
02:45:41.402 [main] INFO  pages.OrderPlacementPage - Clicking 'Purchase' button to complete order
02:45:41.496 [main] INFO  pages.OrderPlacementPage - Purchase button clicked successfully
02:45:41.595 [main] INFO  pages.OrderPlacementPage - Verifying order placement form is visible
02:45:41.715 [main] INFO  pages.OrderPlacementPage - Order placement form verified successfully
02:45:41.716 [main] INFO  pages.OrderPlacementPage - Clicking 'Close' button to cancel order
02:45:41.800 [main] INFO  pages.OrderPlacementPage - Close button clicked successfully
02:45:41.800 [main] INFO  pages.CartPage - Navigating back to home page from cart
02:45:42.992 [main] INFO  pages.CartPage - Successfully navigated to home page from cart
02:45:42.992 [main] INFO  pages.HomePage - Verifying categories section
02:45:43.497 [main] INFO  pages.HomePage - Categories section verified successfully
02:45:43.497 [main] INFO  tests.OrderPlacementTest - Test completed successfully: Order placement with valid data
02:45:43.498 [main] INFO  base.BaseTest - Cleaning up test resources
02:45:44.495 [main] INFO  base.BaseTest - Test cleanup completed
02:45:44.715 [main] INFO  utils.TestListener - Test passed: Test order placement with valid data
]]></system-out>
  </testcase>
  <testcase name="testOrderPlacementFormClose" classname="tests.OrderPlacementTest" time="14.207">
    <system-out><![CDATA[02:45:44.887 [main] INFO  base.BaseTest - Setting up base test configuration
02:45:44.888 [main] INFO  base.BaseTest - Base test configuration completed
02:45:44.889 [main] INFO  tests.OrderPlacementTest - Setting up order placement test instances
02:45:44.889 [main] INFO  tests.OrderPlacementTest - Order placement test setup completed
02:45:44.890 [main] INFO  tests.OrderPlacementTest - Starting test: Order placement form close
02:45:44.892 [main] INFO  tests.OrderPlacementTest - Adding product to cart for order test
02:45:44.893 [main] INFO  pages.HomePage - Opening DemoBlaze home page
02:45:44.893 [main] INFO  c.c.s.WebDriverThreadLocalContainer - No webdriver is bound to current thread: 1 - let's create a new webdriver
02:45:47.705 [main] INFO  c.c.s.webdriver.BrowserResizer - Set browser size to 1920x1080
02:45:47.762 [main] INFO  c.c.s.webdriver.WebDriverFactory - Selenide 7.10.0 / Selenium 4.35.0 / firefox 143.0.1 linux
02:45:49.485 [main] INFO  pages.HomePage - Home page opened successfully
02:45:49.486 [main] INFO  pages.HomePage - Clicking on first product: Samsung galaxy s6
02:45:51.151 [main] INFO  pages.HomePage - Successfully clicked on first product: Samsung galaxy s6
02:45:51.152 [main] INFO  pages.ProductDetailsPage - Clicking 'Add to cart' button
02:45:52.036 [main] INFO  pages.ProductDetailsPage - Successfully clicked 'Add to cart' button
02:45:53.058 [main] INFO  tests.OrderPlacementTest - Alert message: Product added
02:45:53.081 [main] INFO  pages.ProductDetailsPage - Navigating back to home page
02:45:53.404 [main] INFO  pages.ProductDetailsPage - Successfully navigated to home page
02:45:53.405 [main] INFO  tests.OrderPlacementTest - Product added to cart successfully
02:45:53.405 [main] INFO  pages.HomePage - Navigating to cart page
02:45:56.805 [main] INFO  pages.HomePage - Successfully navigated to cart page
02:45:56.805 [main] INFO  pages.CartPage - Clicking 'Place Order' button
02:45:56.931 [main] INFO  pages.CartPage - Successfully clicked 'Place Order' button
02:45:56.931 [main] INFO  pages.OrderPlacementPage - Verifying order placement form is visible
02:45:57.306 [main] INFO  pages.OrderPlacementPage - Order placement form verified successfully
02:45:57.307 [main] INFO  pages.OrderPlacementPage - Filling name field with: Test User
02:45:57.405 [main] INFO  pages.OrderPlacementPage - Filling country field with: Test Country
02:45:57.453 [main] INFO  pages.OrderPlacementPage - Clicking 'Close' button to cancel order
02:45:57.533 [main] INFO  pages.OrderPlacementPage - Close button clicked successfully
02:45:57.533 [main] INFO  tests.OrderPlacementTest - Test completed successfully: Order placement form close
02:45:57.534 [main] INFO  base.BaseTest - Cleaning up test resources
02:45:58.823 [main] INFO  base.BaseTest - Test cleanup completed
02:45:59.091 [main] INFO  utils.TestListener - Test passed: Test order placement form close
]]></system-out>
  </testcase>
  <testcase name="testOrderPlacementWithInvalidData" classname="tests.OrderPlacementTest" time="12.546">
    <system-out><![CDATA[02:45:59.158 [main] INFO  base.BaseTest - Setting up base test configuration
02:45:59.159 [main] INFO  base.BaseTest - Base test configuration completed
02:45:59.159 [main] INFO  tests.OrderPlacementTest - Setting up order placement test instances
02:45:59.160 [main] INFO  tests.OrderPlacementTest - Order placement test setup completed
02:45:59.162 [main] INFO  tests.OrderPlacementTest - Starting test: Order placement with invalid data
02:45:59.162 [main] INFO  tests.OrderPlacementTest - Adding product to cart for order test
02:45:59.163 [main] INFO  pages.HomePage - Opening DemoBlaze home page
02:45:59.164 [main] INFO  c.c.s.WebDriverThreadLocalContainer - No webdriver is bound to current thread: 1 - let's create a new webdriver
02:46:01.972 [main] INFO  c.c.s.webdriver.BrowserResizer - Set browser size to 1920x1080
02:46:02.000 [main] INFO  c.c.s.webdriver.WebDriverFactory - Selenide 7.10.0 / Selenium 4.35.0 / firefox 143.0.1 linux
02:46:03.830 [main] INFO  pages.HomePage - Home page opened successfully
02:46:03.836 [main] INFO  pages.HomePage - Clicking on first product: Samsung galaxy s6
02:46:05.507 [main] INFO  pages.HomePage - Successfully clicked on first product: Samsung galaxy s6
02:46:05.507 [main] INFO  pages.ProductDetailsPage - Clicking 'Add to cart' button
02:46:06.410 [main] INFO  pages.ProductDetailsPage - Successfully clicked 'Add to cart' button
02:46:07.423 [main] INFO  tests.OrderPlacementTest - Alert message: Product added
02:46:07.447 [main] INFO  pages.ProductDetailsPage - Navigating back to home page
02:46:07.595 [main] INFO  pages.ProductDetailsPage - Successfully navigated to home page
02:46:07.595 [main] INFO  tests.OrderPlacementTest - Product added to cart successfully
02:46:07.596 [main] INFO  pages.HomePage - Navigating to cart page
02:46:08.288 [main] INFO  pages.HomePage - Successfully navigated to cart page
02:46:08.289 [main] INFO  pages.CartPage - Verifying cart page headers and elements
02:46:08.439 [main] INFO  pages.CartPage - Cart headers and elements verified successfully
02:46:08.439 [main] INFO  pages.CartPage - Clicking 'Place Order' button
02:46:08.526 [main] INFO  pages.CartPage - Successfully clicked 'Place Order' button
02:46:08.526 [main] INFO  pages.OrderPlacementPage - Verifying order placement form is visible
02:46:08.906 [main] INFO  pages.OrderPlacementPage - Order placement form verified successfully
02:46:08.907 [main] INFO  pages.OrderPlacementPage - Filling complete order details for customer: 1234567890-
02:46:08.907 [main] INFO  pages.OrderPlacementPage - Filling name field with: 1234567890-
02:46:08.996 [main] INFO  pages.OrderPlacementPage - Filling country field with: 1234567890-
02:46:09.042 [main] INFO  pages.OrderPlacementPage - Filling city field with: 1234567890-
02:46:09.085 [main] INFO  pages.OrderPlacementPage - Filling credit card field
02:46:09.125 [main] INFO  pages.OrderPlacementPage - Filling month field with: 1234567890-
02:46:09.174 [main] INFO  pages.OrderPlacementPage - Filling year field with: 1234567890-
02:46:09.214 [main] INFO  pages.OrderPlacementPage - Order details filled successfully for customer: 1234567890-
02:46:09.214 [main] INFO  pages.OrderPlacementPage - Clicking 'Purchase' button to complete order
02:46:09.300 [main] INFO  pages.OrderPlacementPage - Purchase button clicked successfully
02:46:09.400 [main] INFO  pages.OrderPlacementPage - Verifying order placement form is visible
02:46:09.505 [main] INFO  pages.OrderPlacementPage - Order placement form verified successfully
02:46:09.506 [main] INFO  pages.OrderPlacementPage - Clicking 'Close' button to cancel order
02:46:09.586 [main] INFO  pages.OrderPlacementPage - Close button clicked successfully
02:46:09.587 [main] INFO  pages.CartPage - Navigating back to home page from cart
02:46:10.238 [main] INFO  pages.CartPage - Successfully navigated to home page from cart
02:46:10.239 [main] INFO  pages.HomePage - Verifying categories section
02:46:10.728 [main] INFO  pages.HomePage - Categories section verified successfully
02:46:10.729 [main] INFO  tests.OrderPlacementTest - Test completed successfully: Order placement with invalid data
02:46:10.730 [main] INFO  base.BaseTest - Cleaning up test resources
02:46:11.693 [main] INFO  base.BaseTest - Test cleanup completed
02:46:11.697 [main] INFO  utils.TestListener - Test passed: Test order placement with invalid data
]]></system-out>
  </testcase>
</testsuite>