<?xml version="1.0" encoding="UTF-8"?>
<testsuite xmlns:xsi="http://www.w3.org/2001/XMLSchema-instance" xsi:noNamespaceSchemaLocation="https://maven.apache.org/surefire/maven-surefire-plugin/xsd/surefire-test-report-3.0.xsd" version="3.0" name="runners.CucumberTestRunner" time="213.234" tests="38" errors="0" skipped="0" failures="7">
  <properties>
    <property name="java.specification.version" value="21"/>
    <property name="sun.jnu.encoding" value="UTF-8"/>
    <property name="java.class.path" value="/app/target/test-classes:/app/target/classes:/root/.m2/repository/com/codeborne/selenide/7.10.0/selenide-7.10.0.jar:/root/.m2/repository/org/seleniumhq/selenium/selenium-java/4.35.0/selenium-java-4.35.0.jar:/root/.m2/repository/org/seleniumhq/selenium/selenium-api/4.35.0/selenium-api-4.35.0.jar:/root/.m2/repository/org/seleniumhq/selenium/selenium-chrome-driver/4.35.0/selenium-chrome-driver-4.35.0.jar:/root/.m2/repository/com/google/auto/service/auto-service-annotations/1.1.1/auto-service-annotations-1.1.1.jar:/root/.m2/repository/org/seleniumhq/selenium/selenium-chromium-driver/4.35.0/selenium-chromium-driver-4.35.0.jar:/root/.m2/repository/org/seleniumhq/selenium/selenium-json/4.35.0/selenium-json-4.35.0.jar:/root/.m2/repository/org/seleniumhq/selenium/selenium-manager/4.35.0/selenium-manager-4.35.0.jar:/root/.m2/repository/org/seleniumhq/selenium/selenium-devtools-v137/4.35.0/selenium-devtools-v137-4.35.0.jar:/root/.m2/repository/org/seleniumhq/selenium/selenium-devtools-v138/4.35.0/selenium-devtools-v138-4.35.0.jar:/root/.m2/repository/org/seleniumhq/selenium/selenium-devtools-v139/4.35.0/selenium-devtools-v139-4.35.0.jar:/root/.m2/repository/org/seleniumhq/selenium/selenium-edge-driver/4.35.0/selenium-edge-driver-4.35.0.jar:/root/.m2/repository/org/seleniumhq/selenium/selenium-firefox-driver/4.35.0/selenium-firefox-driver-4.35.0.jar:/root/.m2/repository/org/seleniumhq/selenium/selenium-http/4.35.0/selenium-http-4.35.0.jar:/root/.m2/repository/org/seleniumhq/selenium/selenium-ie-driver/4.35.0/selenium-ie-driver-4.35.0.jar:/root/.m2/repository/org/seleniumhq/selenium/selenium-remote-driver/4.35.0/selenium-remote-driver-4.35.0.jar:/root/.m2/repository/io/opentelemetry/opentelemetry-api/1.53.0/opentelemetry-api-1.53.0.jar:/root/.m2/repository/io/opentelemetry/opentelemetry-context/1.53.0/opentelemetry-context-1.53.0.jar:/root/.m2/repository/io/opentelemetry/opentelemetry-common/1.53.0/opentelemetry-common-1.53.0.jar:/root/.m2/repository/io/opentelemetry/opentelemetry-exporter-logging/1.53.0/opentelemetry-exporter-logging-1.53.0.jar:/root/.m2/repository/io/opentelemetry/opentelemetry-sdk-common/1.53.0/opentelemetry-sdk-common-1.53.0.jar:/root/.m2/repository/io/opentelemetry/opentelemetry-sdk-extension-autoconfigure-spi/1.53.0/opentelemetry-sdk-extension-autoconfigure-spi-1.53.0.jar:/root/.m2/repository/io/opentelemetry/opentelemetry-sdk-extension-autoconfigure/1.53.0/opentelemetry-sdk-extension-autoconfigure-1.53.0.jar:/root/.m2/repository/io/opentelemetry/opentelemetry-sdk-trace/1.53.0/opentelemetry-sdk-trace-1.53.0.jar:/root/.m2/repository/io/opentelemetry/opentelemetry-sdk/1.53.0/opentelemetry-sdk-1.53.0.jar:/root/.m2/repository/io/opentelemetry/opentelemetry-sdk-metrics/1.53.0/opentelemetry-sdk-metrics-1.53.0.jar:/root/.m2/repository/io/opentelemetry/opentelemetry-sdk-logs/1.53.0/opentelemetry-sdk-logs-1.53.0.jar:/root/.m2/repository/net/bytebuddy/byte-buddy/1.17.6/byte-buddy-1.17.6.jar:/root/.m2/repository/org/seleniumhq/selenium/selenium-os/4.35.0/selenium-os-4.35.0.jar:/root/.m2/repository/org/apache/commons/commons-exec/1.5.0/commons-exec-1.5.0.jar:/root/.m2/repository/org/seleniumhq/selenium/selenium-safari-driver/4.35.0/selenium-safari-driver-4.35.0.jar:/root/.m2/repository/org/seleniumhq/selenium/selenium-support/4.35.0/selenium-support-4.35.0.jar:/root/.m2/repository/com/codeborne/selenide-core/7.10.0/selenide-core-7.10.0.jar:/root/.m2/repository/org/opentest4j/opentest4j/1.3.0/opentest4j-1.3.0.jar:/root/.m2/repository/org/apache/httpcomponents/client5/httpclient5/5.5/httpclient5-5.5.jar:/root/.m2/repository/org/apache/httpcomponents/core5/httpcore5/5.3.4/httpcore5-5.3.4.jar:/root/.m2/repository/org/apache/httpcomponents/core5/httpcore5-h2/5.3.4/httpcore5-h2-5.3.4.jar:/root/.m2/repository/com/github/valfirst/browserup-proxy/browserup-proxy-core/3.2.0/browserup-proxy-core-3.2.0.jar:/root/.m2/repository/org/jspecify/jspecify/1.0.0/jspecify-1.0.0.jar:/root/.m2/repository/com/google/errorprone/error_prone_annotations/2.41.0/error_prone_annotations-2.41.0.jar:/root/.m2/repository/com/google/guava/guava/33.4.8-jre/guava-33.4.8-jre.jar:/root/.m2/repository/com/google/guava/failureaccess/1.0.3/failureaccess-1.0.3.jar:/root/.m2/repository/com/google/guava/listenablefuture/9999.0-empty-to-avoid-conflict-with-guava/listenablefuture-9999.0-empty-to-avoid-conflict-with-guava.jar:/root/.m2/repository/com/google/j2objc/j2objc-annotations/3.0.0/j2objc-annotations-3.0.0.jar:/root/.m2/repository/org/apache/commons/commons-lang3/3.18.0/commons-lang3-3.18.0.jar:/root/.m2/repository/commons-io/commons-io/2.20.0/commons-io-2.20.0.jar:/root/.m2/repository/io/qameta/allure/allure-junit5/2.30.0/allure-junit5-2.30.0.jar:/root/.m2/repository/io/qameta/allure/allure-junit-platform/2.30.0/allure-junit-platform-2.30.0.jar:/root/.m2/repository/io/qameta/allure/allure-test-filter/2.30.0/allure-test-filter-2.30.0.jar:/root/.m2/repository/io/qameta/allure/allure-selenide/2.30.0/allure-selenide-2.30.0.jar:/root/.m2/repository/io/qameta/allure/allure-java-commons/2.30.0/allure-java-commons-2.30.0.jar:/root/.m2/repository/io/qameta/allure/allure-model/2.30.0/allure-model-2.30.0.jar:/root/.m2/repository/org/junit/jupiter/junit-jupiter/5.10.1/junit-jupiter-5.10.1.jar:/root/.m2/repository/org/junit/jupiter/junit-jupiter-api/5.10.1/junit-jupiter-api-5.10.1.jar:/root/.m2/repository/org/junit/jupiter/junit-jupiter-params/5.10.1/junit-jupiter-params-5.10.1.jar:/root/.m2/repository/org/junit/jupiter/junit-jupiter-engine/5.10.1/junit-jupiter-engine-5.10.1.jar:/root/.m2/repository/org/junit/platform/junit-platform-launcher/1.10.1/junit-platform-launcher-1.10.1.jar:/root/.m2/repository/org/junit/platform/junit-platform-engine/1.10.1/junit-platform-engine-1.10.1.jar:/root/.m2/repository/org/apiguardian/apiguardian-api/1.1.2/apiguardian-api-1.1.2.jar:/root/.m2/repository/org/junit/platform/junit-platform-suite-api/1.10.1/junit-platform-suite-api-1.10.1.jar:/root/.m2/repository/org/junit/platform/junit-platform-commons/1.10.1/junit-platform-commons-1.10.1.jar:/root/.m2/repository/org/slf4j/slf4j-api/2.0.9/slf4j-api-2.0.9.jar:/root/.m2/repository/ch/qos/logback/logback-classic/1.4.14/logback-classic-1.4.14.jar:/root/.m2/repository/ch/qos/logback/logback-core/1.4.14/logback-core-1.4.14.jar:/root/.m2/repository/io/cucumber/cucumber-java/7.14.1/cucumber-java-7.14.1.jar:/root/.m2/repository/io/cucumber/cucumber-core/7.14.1/cucumber-core-7.14.1.jar:/root/.m2/repository/io/cucumber/cucumber-gherkin/7.14.1/cucumber-gherkin-7.14.1.jar:/root/.m2/repository/io/cucumber/cucumber-gherkin-messages/7.14.1/cucumber-gherkin-messages-7.14.1.jar:/root/.m2/repository/io/cucumber/gherkin/26.2.0/gherkin-26.2.0.jar:/root/.m2/repository/io/cucumber/messages/22.0.0/messages-22.0.0.jar:/root/.m2/repository/io/cucumber/tag-expressions/6.0.0/tag-expressions-6.0.0.jar:/root/.m2/repository/io/cucumber/cucumber-expressions/17.0.1/cucumber-expressions-17.0.1.jar:/root/.m2/repository/io/cucumber/datatable/7.14.1/datatable-7.14.1.jar:/root/.m2/repository/io/cucumber/cucumber-plugin/7.14.1/cucumber-plugin-7.14.1.jar:/root/.m2/repository/io/cucumber/docstring/7.14.1/docstring-7.14.1.jar:/root/.m2/repository/io/cucumber/html-formatter/20.4.0/html-formatter-20.4.0.jar:/root/.m2/repository/io/cucumber/junit-xml-formatter/0.2.0/junit-xml-formatter-0.2.0.jar:/root/.m2/repository/io/cucumber/ci-environment/10.0.0/ci-environment-10.0.0.jar:/root/.m2/repository/io/cucumber/cucumber-junit-platform-engine/7.14.1/cucumber-junit-platform-engine-7.14.1.jar:/root/.m2/repository/io/cucumber/cucumber-junit/7.14.1/cucumber-junit-7.14.1.jar:/root/.m2/repository/junit/junit/4.13.2/junit-4.13.2.jar:/root/.m2/repository/org/hamcrest/hamcrest-core/1.3/hamcrest-core-1.3.jar:/root/.m2/repository/io/qameta/allure/allure-cucumber7-jvm/2.30.0/allure-cucumber7-jvm-2.30.0.jar:"/>
    <property name="java.vm.vendor" value="Oracle Corporation"/>
    <property name="sun.arch.data.model" value="64"/>
    <property name="java.vendor.url" value="https://java.oracle.com/"/>
    <property name="user.timezone" value="Etc/UTC"/>
    <property name="os.name" value="Linux"/>
    <property name="java.vm.specification.version" value="21"/>
    <property name="sun.java.launcher" value="SUN_STANDARD"/>
    <property name="sun.boot.library.path" value="/usr/local/openjdk-21/lib"/>
    <property name="selenide.browser" value="chrome"/>
    <property name="sun.java.command" value="/app/target/surefire/surefirebooter-20250929105803682_3.jar /app/target/surefire 2025-09-29T10-57-59_800-jvmRun1 surefire-20250929105803682_1tmp surefire_0-20250929105803682_2tmp"/>
    <property name="jdk.debug" value="release"/>
    <property name="surefire.test.class.path" value="/app/target/test-classes:/app/target/classes:/root/.m2/repository/com/codeborne/selenide/7.10.0/selenide-7.10.0.jar:/root/.m2/repository/org/seleniumhq/selenium/selenium-java/4.35.0/selenium-java-4.35.0.jar:/root/.m2/repository/org/seleniumhq/selenium/selenium-api/4.35.0/selenium-api-4.35.0.jar:/root/.m2/repository/org/seleniumhq/selenium/selenium-chrome-driver/4.35.0/selenium-chrome-driver-4.35.0.jar:/root/.m2/repository/com/google/auto/service/auto-service-annotations/1.1.1/auto-service-annotations-1.1.1.jar:/root/.m2/repository/org/seleniumhq/selenium/selenium-chromium-driver/4.35.0/selenium-chromium-driver-4.35.0.jar:/root/.m2/repository/org/seleniumhq/selenium/selenium-json/4.35.0/selenium-json-4.35.0.jar:/root/.m2/repository/org/seleniumhq/selenium/selenium-manager/4.35.0/selenium-manager-4.35.0.jar:/root/.m2/repository/org/seleniumhq/selenium/selenium-devtools-v137/4.35.0/selenium-devtools-v137-4.35.0.jar:/root/.m2/repository/org/seleniumhq/selenium/selenium-devtools-v138/4.35.0/selenium-devtools-v138-4.35.0.jar:/root/.m2/repository/org/seleniumhq/selenium/selenium-devtools-v139/4.35.0/selenium-devtools-v139-4.35.0.jar:/root/.m2/repository/org/seleniumhq/selenium/selenium-edge-driver/4.35.0/selenium-edge-driver-4.35.0.jar:/root/.m2/repository/org/seleniumhq/selenium/selenium-firefox-driver/4.35.0/selenium-firefox-driver-4.35.0.jar:/root/.m2/repository/org/seleniumhq/selenium/selenium-http/4.35.0/selenium-http-4.35.0.jar:/root/.m2/repository/org/seleniumhq/selenium/selenium-ie-driver/4.35.0/selenium-ie-driver-4.35.0.jar:/root/.m2/repository/org/seleniumhq/selenium/selenium-remote-driver/4.35.0/selenium-remote-driver-4.35.0.jar:/root/.m2/repository/io/opentelemetry/opentelemetry-api/1.53.0/opentelemetry-api-1.53.0.jar:/root/.m2/repository/io/opentelemetry/opentelemetry-context/1.53.0/opentelemetry-context-1.53.0.jar:/root/.m2/repository/io/opentelemetry/opentelemetry-common/1.53.0/opentelemetry-common-1.53.0.jar:/root/.m2/repository/io/opentelemetry/opentelemetry-exporter-logging/1.53.0/opentelemetry-exporter-logging-1.53.0.jar:/root/.m2/repository/io/opentelemetry/opentelemetry-sdk-common/1.53.0/opentelemetry-sdk-common-1.53.0.jar:/root/.m2/repository/io/opentelemetry/opentelemetry-sdk-extension-autoconfigure-spi/1.53.0/opentelemetry-sdk-extension-autoconfigure-spi-1.53.0.jar:/root/.m2/repository/io/opentelemetry/opentelemetry-sdk-extension-autoconfigure/1.53.0/opentelemetry-sdk-extension-autoconfigure-1.53.0.jar:/root/.m2/repository/io/opentelemetry/opentelemetry-sdk-trace/1.53.0/opentelemetry-sdk-trace-1.53.0.jar:/root/.m2/repository/io/opentelemetry/opentelemetry-sdk/1.53.0/opentelemetry-sdk-1.53.0.jar:/root/.m2/repository/io/opentelemetry/opentelemetry-sdk-metrics/1.53.0/opentelemetry-sdk-metrics-1.53.0.jar:/root/.m2/repository/io/opentelemetry/opentelemetry-sdk-logs/1.53.0/opentelemetry-sdk-logs-1.53.0.jar:/root/.m2/repository/net/bytebuddy/byte-buddy/1.17.6/byte-buddy-1.17.6.jar:/root/.m2/repository/org/seleniumhq/selenium/selenium-os/4.35.0/selenium-os-4.35.0.jar:/root/.m2/repository/org/apache/commons/commons-exec/1.5.0/commons-exec-1.5.0.jar:/root/.m2/repository/org/seleniumhq/selenium/selenium-safari-driver/4.35.0/selenium-safari-driver-4.35.0.jar:/root/.m2/repository/org/seleniumhq/selenium/selenium-support/4.35.0/selenium-support-4.35.0.jar:/root/.m2/repository/com/codeborne/selenide-core/7.10.0/selenide-core-7.10.0.jar:/root/.m2/repository/org/opentest4j/opentest4j/1.3.0/opentest4j-1.3.0.jar:/root/.m2/repository/org/apache/httpcomponents/client5/httpclient5/5.5/httpclient5-5.5.jar:/root/.m2/repository/org/apache/httpcomponents/core5/httpcore5/5.3.4/httpcore5-5.3.4.jar:/root/.m2/repository/org/apache/httpcomponents/core5/httpcore5-h2/5.3.4/httpcore5-h2-5.3.4.jar:/root/.m2/repository/com/github/valfirst/browserup-proxy/browserup-proxy-core/3.2.0/browserup-proxy-core-3.2.0.jar:/root/.m2/repository/org/jspecify/jspecify/1.0.0/jspecify-1.0.0.jar:/root/.m2/repository/com/google/errorprone/error_prone_annotations/2.41.0/error_prone_annotations-2.41.0.jar:/root/.m2/repository/com/google/guava/guava/33.4.8-jre/guava-33.4.8-jre.jar:/root/.m2/repository/com/google/guava/failureaccess/1.0.3/failureaccess-1.0.3.jar:/root/.m2/repository/com/google/guava/listenablefuture/9999.0-empty-to-avoid-conflict-with-guava/listenablefuture-9999.0-empty-to-avoid-conflict-with-guava.jar:/root/.m2/repository/com/google/j2objc/j2objc-annotations/3.0.0/j2objc-annotations-3.0.0.jar:/root/.m2/repository/org/apache/commons/commons-lang3/3.18.0/commons-lang3-3.18.0.jar:/root/.m2/repository/commons-io/commons-io/2.20.0/commons-io-2.20.0.jar:/root/.m2/repository/io/qameta/allure/allure-junit5/2.30.0/allure-junit5-2.30.0.jar:/root/.m2/repository/io/qameta/allure/allure-junit-platform/2.30.0/allure-junit-platform-2.30.0.jar:/root/.m2/repository/io/qameta/allure/allure-test-filter/2.30.0/allure-test-filter-2.30.0.jar:/root/.m2/repository/io/qameta/allure/allure-selenide/2.30.0/allure-selenide-2.30.0.jar:/root/.m2/repository/io/qameta/allure/allure-java-commons/2.30.0/allure-java-commons-2.30.0.jar:/root/.m2/repository/io/qameta/allure/allure-model/2.30.0/allure-model-2.30.0.jar:/root/.m2/repository/org/junit/jupiter/junit-jupiter/5.10.1/junit-jupiter-5.10.1.jar:/root/.m2/repository/org/junit/jupiter/junit-jupiter-api/5.10.1/junit-jupiter-api-5.10.1.jar:/root/.m2/repository/org/junit/jupiter/junit-jupiter-params/5.10.1/junit-jupiter-params-5.10.1.jar:/root/.m2/repository/org/junit/jupiter/junit-jupiter-engine/5.10.1/junit-jupiter-engine-5.10.1.jar:/root/.m2/repository/org/junit/platform/junit-platform-launcher/1.10.1/junit-platform-launcher-1.10.1.jar:/root/.m2/repository/org/junit/platform/junit-platform-engine/1.10.1/junit-platform-engine-1.10.1.jar:/root/.m2/repository/org/apiguardian/apiguardian-api/1.1.2/apiguardian-api-1.1.2.jar:/root/.m2/repository/org/junit/platform/junit-platform-suite-api/1.10.1/junit-platform-suite-api-1.10.1.jar:/root/.m2/repository/org/junit/platform/junit-platform-commons/1.10.1/junit-platform-commons-1.10.1.jar:/root/.m2/repository/org/slf4j/slf4j-api/2.0.9/slf4j-api-2.0.9.jar:/root/.m2/repository/ch/qos/logback/logback-classic/1.4.14/logback-classic-1.4.14.jar:/root/.m2/repository/ch/qos/logback/logback-core/1.4.14/logback-core-1.4.14.jar:/root/.m2/repository/io/cucumber/cucumber-java/7.14.1/cucumber-java-7.14.1.jar:/root/.m2/repository/io/cucumber/cucumber-core/7.14.1/cucumber-core-7.14.1.jar:/root/.m2/repository/io/cucumber/cucumber-gherkin/7.14.1/cucumber-gherkin-7.14.1.jar:/root/.m2/repository/io/cucumber/cucumber-gherkin-messages/7.14.1/cucumber-gherkin-messages-7.14.1.jar:/root/.m2/repository/io/cucumber/gherkin/26.2.0/gherkin-26.2.0.jar:/root/.m2/repository/io/cucumber/messages/22.0.0/messages-22.0.0.jar:/root/.m2/repository/io/cucumber/tag-expressions/6.0.0/tag-expressions-6.0.0.jar:/root/.m2/repository/io/cucumber/cucumber-expressions/17.0.1/cucumber-expressions-17.0.1.jar:/root/.m2/repository/io/cucumber/datatable/7.14.1/datatable-7.14.1.jar:/root/.m2/repository/io/cucumber/cucumber-plugin/7.14.1/cucumber-plugin-7.14.1.jar:/root/.m2/repository/io/cucumber/docstring/7.14.1/docstring-7.14.1.jar:/root/.m2/repository/io/cucumber/html-formatter/20.4.0/html-formatter-20.4.0.jar:/root/.m2/repository/io/cucumber/junit-xml-formatter/0.2.0/junit-xml-formatter-0.2.0.jar:/root/.m2/repository/io/cucumber/ci-environment/10.0.0/ci-environment-10.0.0.jar:/root/.m2/repository/io/cucumber/cucumber-junit-platform-engine/7.14.1/cucumber-junit-platform-engine-7.14.1.jar:/root/.m2/repository/io/cucumber/cucumber-junit/7.14.1/cucumber-junit-7.14.1.jar:/root/.m2/repository/junit/junit/4.13.2/junit-4.13.2.jar:/root/.m2/repository/org/hamcrest/hamcrest-core/1.3/hamcrest-core-1.3.jar:/root/.m2/repository/io/qameta/allure/allure-cucumber7-jvm/2.30.0/allure-cucumber7-jvm-2.30.0.jar:"/>
    <property name="allure.results.directory" value="/app/target/allure-results"/>
    <property name="sun.cpu.endian" value="little"/>
    <property name="user.home" value="/root"/>
    <property name="user.language" value="en"/>
    <property name="java.specification.vendor" value="Oracle Corporation"/>
    <property name="java.version.date" value="2023-09-19"/>
    <property name="java.home" value="/usr/local/openjdk-21"/>
    <property name="file.separator" value="/"/>
    <property name="basedir" value="/app"/>
    <property name="java.vm.compressedOopsMode" value="32-bit"/>
    <property name="line.separator" value="&#10;"/>
    <property name="chromeoptions.args" value="--no-sandbox,--disable-dev-shm-usage,--disable-gpu,--disable-extensions,--user-data-dir=/tmp/chrome-user-data-1759143621597,--remote-debugging-port=9222"/>
    <property name="java.vm.specification.vendor" value="Oracle Corporation"/>
    <property name="java.specification.name" value="Java Platform API Specification"/>
    <property name="surefire.real.class.path" value="/app/target/surefire/surefirebooter-20250929105803682_3.jar"/>
    <property name="sun.management.compiler" value="HotSpot 64-Bit Tiered Compilers"/>
    <property name="java.runtime.version" value="21+35-2513"/>
    <property name="user.name" value="root"/>
    <property name="stdout.encoding" value="UTF-8"/>
    <property name="path.separator" value=":"/>
    <property name="os.version" value="6.6.87.2-microsoft-standard-WSL2"/>
    <property name="java.runtime.name" value="OpenJDK Runtime Environment"/>
    <property name="file.encoding" value="UTF-8"/>
    <property name="java.vm.name" value="OpenJDK 64-Bit Server VM"/>
    <property name="localRepository" value="/root/.m2/repository"/>
    <property name="java.vendor.url.bug" value="https://bugreport.java.com/bugreport/"/>
    <property name="java.io.tmpdir" value="/tmp"/>
    <property name="java.version" value="21"/>
    <property name="user.dir" value="/app"/>
    <property name="os.arch" value="amd64"/>
    <property name="java.vm.specification.name" value="Java Virtual Machine Specification"/>
    <property name="native.encoding" value="UTF-8"/>
    <property name="java.library.path" value="/usr/java/packages/lib:/usr/lib64:/lib64:/lib:/usr/lib"/>
    <property name="java.vm.info" value="mixed mode, sharing"/>
    <property name="stderr.encoding" value="UTF-8"/>
    <property name="java.vendor" value="Oracle Corporation"/>
    <property name="java.vm.version" value="21+35-2513"/>
    <property name="sun.io.unicode.encoding" value="UnicodeLittle"/>
    <property name="selenide.headless" value="true"/>
    <property name="java.class.version" value="65.0"/>
  </properties>
  <testcase name="Add product to cart successfully" classname="DemoBlaze Shopping Cart" time="12.478">
    <system-out><![CDATA[
@Cart @UI @regression @AddToCart @Smoke
Scenario: Add product to cart successfully          # src/test/resources/features/Cart.feature:11
11:00:32.280 [main] INFO  hooks.Hooks - Starting BDD scenario: Add product to cart successfully
11:00:32.280 [main] INFO  hooks.Hooks - BDD test environment configured for scenario: Add product to cart successfully
11:00:32.329 [main] INFO  stepDefinitions.HomePageSteps - BDD Step: Navigating to DemoBlaze home page
11:00:32.329 [main] INFO  pages.HomePage - BDD: Opening home page
11:00:32.330 [main] INFO  pages.HomePage - Opening DemoBlaze home page
11:00:32.330 [main] INFO  c.c.s.WebDriverThreadLocalContainer - No webdriver is bound to current thread: 1 - let's create a new webdriver
11:00:33.059 [main] INFO  c.c.s.webdriver.WebDriverFactory - Selenide 7.10.0 / Selenium 4.35.0 / chrome 140.0.7339.207 linux
11:00:34.576 [main] INFO  pages.HomePage - Home page opened successfully
  Given I navigate to the DemoBlaze home page       # stepDefinitions.HomePageSteps.i_navigate_to_the_demoblaze_home_page()
11:00:34.582 [main] INFO  stepDefinitions.HomePageSteps - BDD Step: Clicking on product Samsung galaxy s6
11:00:34.582 [main] INFO  pages.HomePage - BDD: Clicking on first product: Samsung galaxy s6
11:00:34.582 [main] INFO  pages.HomePage - Clicking on first product: Samsung galaxy s6
11:00:36.022 [main] INFO  pages.HomePage - Successfully clicked on first product: Samsung galaxy s6
  When I click on "Samsung galaxy s6" product       # stepDefinitions.HomePageSteps.i_click_on_product(java.lang.String)
11:00:36.024 [main] INFO  stepDefinitions.CartSteps - BDD Step: Clicking Add to cart cart button
11:00:36.024 [main] INFO  pages.ProductDetailsPage - BDD: Adding product to cart
11:00:36.024 [main] INFO  pages.ProductDetailsPage - Clicking 'Add to cart' button
11:00:36.887 [main] INFO  pages.ProductDetailsPage - Successfully clicked 'Add to cart' button
  And I click "Add to cart" cart button             # stepDefinitions.CartSteps.i_click_cart_button(java.lang.String)
11:00:36.888 [main] INFO  stepDefinitions.CartSteps - BDD Step: Verifying success alert: Product added
  Then I should see success alert "Product added"   # stepDefinitions.CartSteps.i_should_see_success_alert(java.lang.String)
11:00:37.590 [main] INFO  stepDefinitions.CartSteps - BDD Step: Navigating to cart page
11:00:37.590 [main] INFO  pages.HomePage - BDD: Navigating to cart
11:00:37.590 [main] INFO  pages.HomePage - Navigating to cart page
11:00:43.459 [main] INFO  pages.HomePage - Successfully navigated to cart page
  When I navigate to cart page                      # stepDefinitions.CartSteps.i_navigate_to_cart_page()
11:00:43.460 [main] INFO  stepDefinitions.CartSteps - BDD Step: Verifying Samsung galaxy s6 is in cart
11:00:43.461 [main] INFO  pages.CartPage - Verifying product is in cart: Samsung galaxy s6
11:00:44.392 [main] INFO  pages.CartPage - Product verified in cart: Samsung galaxy s6
  Then I should see "Samsung galaxy s6" in the cart # stepDefinitions.CartSteps.i_should_see_in_the_cart(java.lang.String)
11:00:44.393 [main] INFO  stepDefinitions.CartSteps - BDD Step: Verifying cart total price
11:00:44.393 [main] INFO  pages.CartPage - BDD: Verifying cart total is visible
11:00:44.420 [main] INFO  pages.CartPage - BDD: Cart total verified
  And I should see cart total price                 # stepDefinitions.CartSteps.i_should_see_cart_total_price()
11:00:44.423 [main] INFO  hooks.Hooks - Finishing BDD scenario: Add product to cart successfully - Status: PASSED
11:00:44.548 [main] INFO  hooks.Hooks - BDD test cleanup completed for scenario: Add product to cart successfully
]]></system-out>
    <system-err><![CDATA[Sep 29, 2025 11:00:33 AM org.openqa.selenium.devtools.CdpVersionFinder findNearestMatch
WARNING: Unable to find an exact match for CDP version 140, returning the closest version; found: 139; Please update to a Selenium version that supports CDP version 140
]]></system-err>
  </testcase>
  <testcase name="Manage multiple products in cart" classname="DemoBlaze Shopping Cart" time="15.416">
    <failure message="Element not found {By.xpath: //td[normalize-space()=&apos;Nexus 6&apos;]}&#10;Expected: visible&#10;Screenshot: file:/app/target/screenshots/1759143657370.0.png&#10;Page source: file:/app/target/screenshots/1759143657370.0.html&#10;Timeout: 4 s.&#10;Caused by: NoSuchElementException: no such element: Unable to locate element: {&quot;method&quot;:&quot;xpath&quot;,&quot;selector&quot;:&quot;//td[normalize-space()=&apos;Nexus 6&apos;]&quot;}" type="Element not found {By.xpath"><![CDATA[Element not found {By.xpath: //td[normalize-space()='Nexus 6']}
Expected: visible
Screenshot: file:/app/target/screenshots/1759143657370.0.png
Page source: file:/app/target/screenshots/1759143657370.0.html
Timeout: 4 s.
Caused by: NoSuchElementException: no such element: Unable to locate element: {"method":"xpath","selector":"//td[normalize-space()='Nexus 6']"}
	at com.codeborne.selenide.impl.WebElementSource.createElementNotFoundError(WebElementSource.java:89)
	at com.codeborne.selenide.impl.ElementFinder.createElementNotFoundError(ElementFinder.java:129)
	at com.codeborne.selenide.impl.WebElementSource.handleError(WebElementSource.java:140)
	at com.codeborne.selenide.impl.WebElementSource.checkConditionAndReturnElement(WebElementSource.java:123)
	at com.codeborne.selenide.impl.WebElementSource.checkCondition(WebElementSource.java:99)
	at com.codeborne.selenide.commands.Should.execute(Should.java:24)
	at com.codeborne.selenide.FluentCommand.execute(FluentCommand.java:27)
	at com.codeborne.selenide.FluentCommand.execute(FluentCommand.java:19)
	at com.codeborne.selenide.commands.Commands.execute(Commands.java:160)
	at com.codeborne.selenide.impl.SelenideElementProxy.dispatchAndRetry(SelenideElementProxy.java:131)
	at com.codeborne.selenide.impl.SelenideElementProxy.invoke(SelenideElementProxy.java:83)
	at jdk.proxy2/jdk.proxy2.$Proxy23.shouldBe(Unknown Source)
	at pages.CartPage.verifyProductInCart(CartPage.java:74)
	at stepDefinitions.CartSteps.i_should_see_in_the_cart(CartSteps.java:66)
	at ✽.I should see "Nexus 6" in the cart(file:///app/src/test/resources/features/Cart.feature:25)
Caused by: org.openqa.selenium.NoSuchElementException: no such element: Unable to locate element: {"method":"xpath","selector":"//td[normalize-space()='Nexus 6']"}
  (Session info: chrome=140.0.7339.207)
For documentation on this error, please visit: https://www.selenium.dev/documentation/webdriver/troubleshooting/errors#no-such-element-exception
Build info: version: '4.35.0', revision: '1c58e5028b'
System info: os.name: 'Linux', os.arch: 'amd64', os.version: '6.6.87.2-microsoft-standard-WSL2', java.version: '21'
Driver info: org.openqa.selenium.chrome.ChromeDriver
Command: [68f0cb790a34ec6822ada27d476ef91f, findElement {using=xpath, value=//td[normalize-space()='Nexus 6']}]
Capabilities {acceptInsecureCerts: true, browserName: chrome, browserVersion: 140.0.7339.207, chrome: {chromedriverVersion: 140.0.7339.207 (17230b545fd..., userDataDir: /tmp/chrome-user-data-17591...}, fedcm:accounts: true, goog:chromeOptions: {debuggerAddress: localhost:9222}, networkConnectionEnabled: false, pageLoadStrategy: normal, platformName: linux, proxy: Proxy(), se:cdp: ws://localhost:9222/devtool..., se:cdpVersion: 140.0.7339.207, setWindowRect: true, strictFileInteractability: false, timeouts: {implicit: 0, pageLoad: 300000, script: 30000}, unhandledPromptBehavior: accept, webauthn:extension:credBlob: true, webauthn:extension:largeBlob: true, webauthn:extension:minPinLength: true, webauthn:extension:prf: true, webauthn:virtualAuthenticators: true}
Session ID: 68f0cb790a34ec6822ada27d476ef91f
	at java.base/java.lang.reflect.Constructor.newInstanceWithCaller(Constructor.java:502)
	at java.base/java.lang.reflect.Constructor.newInstance(Constructor.java:486)
	at org.openqa.selenium.remote.ErrorCodec.decode(ErrorCodec.java:167)
	at org.openqa.selenium.remote.codec.w3c.W3CHttpResponseCodec.decode(W3CHttpResponseCodec.java:138)
	at org.openqa.selenium.remote.codec.w3c.W3CHttpResponseCodec.decode(W3CHttpResponseCodec.java:50)
	at org.openqa.selenium.remote.HttpCommandExecutor.execute(HttpCommandExecutor.java:215)
	at org.openqa.selenium.remote.service.DriverCommandExecutor.invokeExecute(DriverCommandExecutor.java:216)
	at org.openqa.selenium.remote.service.DriverCommandExecutor.execute(DriverCommandExecutor.java:174)
	at org.openqa.selenium.remote.RemoteWebDriver.execute(RemoteWebDriver.java:557)
	at org.openqa.selenium.remote.ElementLocation$ElementFinder$2.findElement(ElementLocation.java:165)
	at org.openqa.selenium.remote.ElementLocation.findElement(ElementLocation.java:59)
	at org.openqa.selenium.remote.RemoteWebDriver.findElement(RemoteWebDriver.java:380)
	at org.openqa.selenium.remote.RemoteWebDriver.findElement(RemoteWebDriver.java:374)
	at com.codeborne.selenide.impl.WebElementSelector.findElement(WebElementSelector.java:67)
	at com.codeborne.selenide.impl.WebElementSelector.findElement(WebElementSelector.java:38)
	at com.codeborne.selenide.impl.WebElementSelector.findElement(WebElementSelector.java:29)
	at com.codeborne.selenide.impl.ElementFinder.getWebElement(ElementFinder.java:113)
	at com.codeborne.selenide.impl.WebElementSource.checkConditionAndReturnElement(WebElementSource.java:112)
	at com.codeborne.selenide.impl.WebElementSource.checkCondition(WebElementSource.java:99)
	at com.codeborne.selenide.commands.Should.execute(Should.java:24)
	at com.codeborne.selenide.FluentCommand.execute(FluentCommand.java:27)
	at com.codeborne.selenide.FluentCommand.execute(FluentCommand.java:19)
	at com.codeborne.selenide.commands.Commands.execute(Commands.java:160)
	at com.codeborne.selenide.impl.SelenideElementProxy.dispatchAndRetry(SelenideElementProxy.java:131)
	at com.codeborne.selenide.impl.SelenideElementProxy.invoke(SelenideElementProxy.java:83)
	at jdk.proxy2/jdk.proxy2.$Proxy23.shouldBe(Unknown Source)
	at pages.CartPage.verifyProductInCart(CartPage.java:74)
	at stepDefinitions.CartSteps.i_should_see_in_the_cart(CartSteps.java:66)
	at java.base/java.lang.reflect.Method.invoke(Method.java:580)
	at io.cucumber.java.Invoker.doInvoke(Invoker.java:66)
	at io.cucumber.java.Invoker.invoke(Invoker.java:24)
	at io.cucumber.java.AbstractGlueDefinition.invokeMethod(AbstractGlueDefinition.java:47)
	at io.cucumber.java.JavaStepDefinition.execute(JavaStepDefinition.java:29)
	at io.cucumber.core.runner.CoreStepDefinition.execute(CoreStepDefinition.java:66)
	at io.cucumber.core.runner.PickleStepDefinitionMatch.runStep(PickleStepDefinitionMatch.java:63)
	at io.cucumber.core.runner.ExecutionMode$1.execute(ExecutionMode.java:10)
	at io.cucumber.core.runner.TestStep.executeStep(TestStep.java:84)
	at io.cucumber.core.runner.TestStep.run(TestStep.java:56)
	at io.cucumber.core.runner.PickleStepTestStep.run(PickleStepTestStep.java:51)
	at io.cucumber.core.runner.TestCase.run(TestCase.java:84)
	at io.cucumber.core.runner.Runner.runPickle(Runner.java:75)
	at io.cucumber.junit.PickleRunners$NoStepDescriptions.lambda$run$0(PickleRunners.java:151)
	at io.cucumber.core.runtime.CucumberExecutionContext.lambda$runTestCase$5(CucumberExecutionContext.java:137)
	at io.cucumber.core.runtime.RethrowingThrowableCollector.executeAndThrow(RethrowingThrowableCollector.java:23)
	at io.cucumber.core.runtime.CucumberExecutionContext.runTestCase(CucumberExecutionContext.java:137)
	at io.cucumber.junit.PickleRunners$NoStepDescriptions.run(PickleRunners.java:148)
	at io.cucumber.junit.FeatureRunner.runChild(FeatureRunner.java:144)
	at io.cucumber.junit.FeatureRunner.runChild(FeatureRunner.java:28)
	at io.cucumber.junit.FeatureRunner.run(FeatureRunner.java:137)
	at io.cucumber.junit.Cucumber.runChild(Cucumber.java:196)
	at io.cucumber.junit.Cucumber.runChild(Cucumber.java:89)
	at io.cucumber.core.runtime.CucumberExecutionContext.lambda$runFeatures$6(CucumberExecutionContext.java:148)
	at io.cucumber.core.runtime.CucumberExecutionContext.execute(CucumberExecutionContext.java:163)
	at io.cucumber.core.runtime.CucumberExecutionContext.runFeatures(CucumberExecutionContext.java:146)
	at io.cucumber.junit.Cucumber$StartAndFinishTestRun.evaluate(Cucumber.java:226)
]]></failure>
    <system-out><![CDATA[
@Cart @UI @regression @CartManagement @regression
Scenario: Manage multiple products in cart          # src/test/resources/features/Cart.feature:20
11:00:44.562 [main] INFO  hooks.Hooks - Starting BDD scenario: Manage multiple products in cart
11:00:44.562 [main] INFO  hooks.Hooks - BDD test environment configured for scenario: Manage multiple products in cart
11:00:44.563 [main] INFO  stepDefinitions.HomePageSteps - BDD Step: Navigating to DemoBlaze home page
11:00:44.563 [main] INFO  pages.HomePage - BDD: Opening home page
11:00:44.563 [main] INFO  pages.HomePage - Opening DemoBlaze home page
11:00:44.563 [main] INFO  c.c.s.WebDriverThreadLocalContainer - No webdriver is bound to current thread: 1 - let's create a new webdriver
11:00:45.023 [main] INFO  c.c.s.webdriver.WebDriverFactory - Selenide 7.10.0 / Selenium 4.35.0 / chrome 140.0.7339.207 linux
11:00:46.401 [main] INFO  pages.HomePage - Home page opened successfully
  Given I navigate to the DemoBlaze home page       # stepDefinitions.HomePageSteps.i_navigate_to_the_demoblaze_home_page()
11:00:46.403 [main] INFO  stepDefinitions.CartSteps - BDD Step: Adding Samsung galaxy s6 to cart
11:00:46.403 [main] INFO  pages.HomePage - BDD: Clicking on first product: Samsung galaxy s6
11:00:46.403 [main] INFO  pages.HomePage - Clicking on first product: Samsung galaxy s6
11:00:47.883 [main] INFO  pages.HomePage - Successfully clicked on first product: Samsung galaxy s6
11:00:47.883 [main] INFO  pages.ProductDetailsPage - BDD: Adding product to cart
11:00:47.883 [main] INFO  pages.ProductDetailsPage - Clicking 'Add to cart' button
11:00:48.727 [main] INFO  pages.ProductDetailsPage - Successfully clicked 'Add to cart' button
11:00:49.371 [main] INFO  pages.HomePage - BDD: Opening home page
11:00:49.371 [main] INFO  pages.HomePage - Opening DemoBlaze home page
11:00:49.717 [main] INFO  pages.HomePage - Home page opened successfully
  When I add "Samsung galaxy s6" to cart            # stepDefinitions.CartSteps.i_add_to_cart(java.lang.String)
11:00:49.719 [main] INFO  stepDefinitions.CartSteps - BDD Step: Adding Nexus 6 to cart
11:00:49.719 [main] INFO  pages.HomePage - BDD: Clicking on first product: Nexus 6
11:00:49.719 [main] INFO  pages.HomePage - Clicking on first product: Nexus 6
11:00:50.416 [main] INFO  pages.HomePage - Successfully clicked on first product: Nexus 6
11:00:50.416 [main] INFO  pages.ProductDetailsPage - BDD: Adding product to cart
11:00:50.417 [main] INFO  pages.ProductDetailsPage - Clicking 'Add to cart' button
11:00:51.062 [main] INFO  pages.ProductDetailsPage - Successfully clicked 'Add to cart' button
11:00:51.498 [main] INFO  pages.HomePage - BDD: Opening home page
11:00:51.498 [main] INFO  pages.HomePage - Opening DemoBlaze home page
11:00:51.581 [main] INFO  pages.HomePage - Home page opened successfully
  And I add "Nexus 6" to cart                       # stepDefinitions.CartSteps.i_add_to_cart(java.lang.String)
11:00:51.582 [main] INFO  stepDefinitions.CartSteps - BDD Step: Navigating to cart page
11:00:51.582 [main] INFO  pages.HomePage - BDD: Navigating to cart
11:00:51.582 [main] INFO  pages.HomePage - Navigating to cart page
11:00:52.333 [main] INFO  pages.HomePage - Successfully navigated to cart page
  And I navigate to cart page                       # stepDefinitions.CartSteps.i_navigate_to_cart_page()
11:00:52.334 [main] INFO  stepDefinitions.CartSteps - BDD Step: Verifying Samsung galaxy s6 is in cart
11:00:52.334 [main] INFO  pages.CartPage - Verifying product is in cart: Samsung galaxy s6
11:00:53.249 [main] INFO  pages.CartPage - Product verified in cart: Samsung galaxy s6
  Then I should see "Samsung galaxy s6" in the cart # stepDefinitions.CartSteps.i_should_see_in_the_cart(java.lang.String)
11:00:53.250 [main] INFO  stepDefinitions.CartSteps - BDD Step: Verifying Nexus 6 is in cart
11:00:53.250 [main] INFO  pages.CartPage - Verifying product is in cart: Nexus 6
11:00:57.391 [main] INFO  c.c.selenide.impl.AttachmentPrinter - [[ATTACHMENT|/app/target/screenshots/1759143657370.0.html]]
11:00:57.683 [main] INFO  c.c.selenide.impl.AttachmentPrinter - [[ATTACHMENT|/app/target/screenshots/1759143657370.0.png]]
  And I should see "Nexus 6" in the cart            # stepDefinitions.CartSteps.i_should_see_in_the_cart(java.lang.String)
      Element not found {By.xpath: //td[normalize-space()='Nexus 6']}
Expected: visible
Screenshot: file:/app/target/screenshots/1759143657370.0.png
Page source: file:/app/target/screenshots/1759143657370.0.html
Timeout: 4 s.
Caused by: NoSuchElementException: no such element: Unable to locate element: {"method":"xpath","selector":"//td[normalize-space()='Nexus 6']"}
	at com.codeborne.selenide.impl.WebElementSource.createElementNotFoundError(WebElementSource.java:89)
	at com.codeborne.selenide.impl.ElementFinder.createElementNotFoundError(ElementFinder.java:129)
	at com.codeborne.selenide.impl.WebElementSource.handleError(WebElementSource.java:140)
	at com.codeborne.selenide.impl.WebElementSource.checkConditionAndReturnElement(WebElementSource.java:123)
	at com.codeborne.selenide.impl.WebElementSource.checkCondition(WebElementSource.java:99)
	at com.codeborne.selenide.commands.Should.execute(Should.java:24)
	at com.codeborne.selenide.FluentCommand.execute(FluentCommand.java:27)
	at com.codeborne.selenide.FluentCommand.execute(FluentCommand.java:19)
	at com.codeborne.selenide.commands.Commands.execute(Commands.java:160)
	at com.codeborne.selenide.impl.SelenideElementProxy.dispatchAndRetry(SelenideElementProxy.java:131)
	at com.codeborne.selenide.impl.SelenideElementProxy.invoke(SelenideElementProxy.java:83)
	at jdk.proxy2/jdk.proxy2.$Proxy23.shouldBe(Unknown Source)
	at pages.CartPage.verifyProductInCart(CartPage.java:74)
	at stepDefinitions.CartSteps.i_should_see_in_the_cart(CartSteps.java:66)
	at ✽.I should see "Nexus 6" in the cart(file:///app/src/test/resources/features/Cart.feature:25)
Caused by: org.openqa.selenium.NoSuchElementException: no such element: Unable to locate element: {"method":"xpath","selector":"//td[normalize-space()='Nexus 6']"}
  (Session info: chrome=140.0.7339.207)
For documentation on this error, please visit: https://www.selenium.dev/documentation/webdriver/troubleshooting/errors#no-such-element-exception
Build info: version: '4.35.0', revision: '1c58e5028b'
System info: os.name: 'Linux', os.arch: 'amd64', os.version: '6.6.87.2-microsoft-standard-WSL2', java.version: '21'
Driver info: org.openqa.selenium.chrome.ChromeDriver
Command: [68f0cb790a34ec6822ada27d476ef91f, findElement {using=xpath, value=//td[normalize-space()='Nexus 6']}]
Capabilities {acceptInsecureCerts: true, browserName: chrome, browserVersion: 140.0.7339.207, chrome: {chromedriverVersion: 140.0.7339.207 (17230b545fd..., userDataDir: /tmp/chrome-user-data-17591...}, fedcm:accounts: true, goog:chromeOptions: {debuggerAddress: localhost:9222}, networkConnectionEnabled: false, pageLoadStrategy: normal, platformName: linux, proxy: Proxy(), se:cdp: ws://localhost:9222/devtool..., se:cdpVersion: 140.0.7339.207, setWindowRect: true, strictFileInteractability: false, timeouts: {implicit: 0, pageLoad: 300000, script: 30000}, unhandledPromptBehavior: accept, webauthn:extension:credBlob: true, webauthn:extension:largeBlob: true, webauthn:extension:minPinLength: true, webauthn:extension:prf: true, webauthn:virtualAuthenticators: true}
Session ID: 68f0cb790a34ec6822ada27d476ef91f
	at java.base/jdk.internal.reflect.DirectConstructorHandleAccessor.newInstance(DirectConstructorHandleAccessor.java:62)
	at java.base/java.lang.reflect.Constructor.newInstanceWithCaller(Constructor.java:502)
	at java.base/java.lang.reflect.Constructor.newInstance(Constructor.java:486)
	at org.openqa.selenium.remote.ErrorCodec.decode(ErrorCodec.java:167)
	at org.openqa.selenium.remote.codec.w3c.W3CHttpResponseCodec.decode(W3CHttpResponseCodec.java:138)
	at org.openqa.selenium.remote.codec.w3c.W3CHttpResponseCodec.decode(W3CHttpResponseCodec.java:50)
	at org.openqa.selenium.remote.HttpCommandExecutor.execute(HttpCommandExecutor.java:215)
	at org.openqa.selenium.remote.service.DriverCommandExecutor.invokeExecute(DriverCommandExecutor.java:216)
	at org.openqa.selenium.remote.service.DriverCommandExecutor.execute(DriverCommandExecutor.java:174)
	at org.openqa.selenium.remote.RemoteWebDriver.execute(RemoteWebDriver.java:557)
	at org.openqa.selenium.remote.ElementLocation$ElementFinder$2.findElement(ElementLocation.java:165)
	at org.openqa.selenium.remote.ElementLocation.findElement(ElementLocation.java:59)
	at org.openqa.selenium.remote.RemoteWebDriver.findElement(RemoteWebDriver.java:380)
	at org.openqa.selenium.remote.RemoteWebDriver.findElement(RemoteWebDriver.java:374)
	at com.codeborne.selenide.impl.WebElementSelector.findElement(WebElementSelector.java:67)
	at com.codeborne.selenide.impl.WebElementSelector.findElement(WebElementSelector.java:38)
	at com.codeborne.selenide.impl.WebElementSelector.findElement(WebElementSelector.java:29)
	at com.codeborne.selenide.impl.ElementFinder.getWebElement(ElementFinder.java:113)
	at com.codeborne.selenide.impl.WebElementSource.checkConditionAndReturnElement(WebElementSource.java:112)
	at com.codeborne.selenide.impl.WebElementSource.checkCondition(WebElementSource.java:99)
	at com.codeborne.selenide.commands.Should.execute(Should.java:24)
	at com.codeborne.selenide.FluentCommand.execute(FluentCommand.java:27)
	at com.codeborne.selenide.FluentCommand.execute(FluentCommand.java:19)
	at com.codeborne.selenide.commands.Commands.execute(Commands.java:160)
	at com.codeborne.selenide.impl.SelenideElementProxy.dispatchAndRetry(SelenideElementProxy.java:131)
	at com.codeborne.selenide.impl.SelenideElementProxy.invoke(SelenideElementProxy.java:83)
	at jdk.proxy2/jdk.proxy2.$Proxy23.shouldBe(Unknown Source)
	at pages.CartPage.verifyProductInCart(CartPage.java:74)
	at stepDefinitions.CartSteps.i_should_see_in_the_cart(CartSteps.java:66)
	at java.base/jdk.internal.reflect.DirectMethodHandleAccessor.invoke(DirectMethodHandleAccessor.java:103)
	at java.base/java.lang.reflect.Method.invoke(Method.java:580)
	at io.cucumber.java.Invoker.doInvoke(Invoker.java:66)
	at io.cucumber.java.Invoker.invoke(Invoker.java:24)
	at io.cucumber.java.AbstractGlueDefinition.invokeMethod(AbstractGlueDefinition.java:47)
	at io.cucumber.java.JavaStepDefinition.execute(JavaStepDefinition.java:29)
	at io.cucumber.core.runner.CoreStepDefinition.execute(CoreStepDefinition.java:66)
	at io.cucumber.core.runner.PickleStepDefinitionMatch.runStep(PickleStepDefinitionMatch.java:63)
	at io.cucumber.core.runner.ExecutionMode$1.execute(ExecutionMode.java:10)
	at io.cucumber.core.runner.TestStep.executeStep(TestStep.java:84)
	at io.cucumber.core.runner.TestStep.run(TestStep.java:56)
	at io.cucumber.core.runner.PickleStepTestStep.run(PickleStepTestStep.java:51)
	at io.cucumber.core.runner.TestCase.run(TestCase.java:84)
	at io.cucumber.core.runner.Runner.runPickle(Runner.java:75)
	at io.cucumber.junit.PickleRunners$NoStepDescriptions.lambda$run$0(PickleRunners.java:151)
	at io.cucumber.core.runtime.CucumberExecutionContext.lambda$runTestCase$5(CucumberExecutionContext.java:137)
	at io.cucumber.core.runtime.RethrowingThrowableCollector.executeAndThrow(RethrowingThrowableCollector.java:23)
	at io.cucumber.core.runtime.CucumberExecutionContext.runTestCase(CucumberExecutionContext.java:137)
	at io.cucumber.junit.PickleRunners$NoStepDescriptions.run(PickleRunners.java:148)
	at io.cucumber.junit.FeatureRunner.runChild(FeatureRunner.java:144)
	at io.cucumber.junit.FeatureRunner.runChild(FeatureRunner.java:28)
	at org.junit.runners.ParentRunner$4.run(ParentRunner.java:331)
	at org.junit.runners.ParentRunner$1.schedule(ParentRunner.java:79)
	at org.junit.runners.ParentRunner.runChildren(ParentRunner.java:329)
	at org.junit.runners.ParentRunner.access$100(ParentRunner.java:66)
	at org.junit.runners.ParentRunner$2.evaluate(ParentRunner.java:293)
	at org.junit.runners.ParentRunner$3.evaluate(ParentRunner.java:306)
	at org.junit.runners.ParentRunner.run(ParentRunner.java:413)
	at io.cucumber.junit.FeatureRunner.run(FeatureRunner.java:137)
	at io.cucumber.junit.Cucumber.runChild(Cucumber.java:196)
	at io.cucumber.junit.Cucumber.runChild(Cucumber.java:89)
	at org.junit.runners.ParentRunner$4.run(ParentRunner.java:331)
	at org.junit.runners.ParentRunner$1.schedule(ParentRunner.java:79)
	at org.junit.runners.ParentRunner.runChildren(ParentRunner.java:329)
	at org.junit.runners.ParentRunner.access$100(ParentRunner.java:66)
	at org.junit.runners.ParentRunner$2.evaluate(ParentRunner.java:293)
	at io.cucumber.core.runtime.CucumberExecutionContext.lambda$runFeatures$6(CucumberExecutionContext.java:148)
	at io.cucumber.core.runtime.CucumberExecutionContext.execute(CucumberExecutionContext.java:163)
	at io.cucumber.core.runtime.CucumberExecutionContext.runFeatures(CucumberExecutionContext.java:146)
	at io.cucumber.junit.Cucumber$StartAndFinishTestRun.evaluate(Cucumber.java:226)
	at org.junit.runners.ParentRunner$3.evaluate(ParentRunner.java:306)
	at org.junit.runners.ParentRunner.run(ParentRunner.java:413)
	at org.junit.runner.JUnitCore.run(JUnitCore.java:137)
	at org.junit.runner.JUnitCore.run(JUnitCore.java:115)
	at org.junit.vintage.engine.execution.RunnerExecutor.execute(RunnerExecutor.java:42)
	at org.junit.vintage.engine.VintageTestEngine.executeAllChildren(VintageTestEngine.java:80)
	at org.junit.vintage.engine.VintageTestEngine.execute(VintageTestEngine.java:72)
	at org.junit.platform.launcher.core.EngineExecutionOrchestrator.execute(EngineExecutionOrchestrator.java:198)
	at org.junit.platform.launcher.core.EngineExecutionOrchestrator.execute(EngineExecutionOrchestrator.java:169)
	at org.junit.platform.launcher.core.EngineExecutionOrchestrator.execute(EngineExecutionOrchestrator.java:93)
	at org.junit.platform.launcher.core.EngineExecutionOrchestrator.lambda$execute$0(EngineExecutionOrchestrator.java:58)
	at org.junit.platform.launcher.core.EngineExecutionOrchestrator.withInterceptedStreams(EngineExecutionOrchestrator.java:141)
	at org.junit.platform.launcher.core.EngineExecutionOrchestrator.execute(EngineExecutionOrchestrator.java:57)
	at org.junit.platform.launcher.core.DefaultLauncher.execute(DefaultLauncher.java:103)
	at org.junit.platform.launcher.core.DefaultLauncher.execute(DefaultLauncher.java:85)
	at org.junit.platform.launcher.core.DelegatingLauncher.execute(DelegatingLauncher.java:47)
	at org.apache.maven.surefire.junitplatform.LazyLauncher.execute(LazyLauncher.java:55)
	at org.apache.maven.surefire.junitplatform.JUnitPlatformProvider.execute(JUnitPlatformProvider.java:223)
	at org.apache.maven.surefire.junitplatform.JUnitPlatformProvider.invokeAllTests(JUnitPlatformProvider.java:175)
	at org.apache.maven.surefire.junitplatform.JUnitPlatformProvider.invoke(JUnitPlatformProvider.java:139)
	at org.apache.maven.surefire.booter.ForkedBooter.runSuitesInProcess(ForkedBooter.java:456)
	at org.apache.maven.surefire.booter.ForkedBooter.execute(ForkedBooter.java:169)
	at org.apache.maven.surefire.booter.ForkedBooter.run(ForkedBooter.java:595)
	at org.apache.maven.surefire.booter.ForkedBooter.main(ForkedBooter.java:581)

  And the cart total should reflect both products   # stepDefinitions.CartSteps.the_cart_total_should_reflect_both_products()
11:00:55.742 [main] INFO  hooks.Hooks - Finishing BDD scenario: Manage multiple products in cart - Status: FAILED
11:00:55.743 [main] ERROR hooks.Hooks - Scenario failed: Manage multiple products in cart
11:00:55.758 [main] INFO  c.c.selenide.impl.AttachmentPrinter - [[ATTACHMENT|/app/target/screenshots/failed_scenario_1759143655743.html]]
11:00:59.770 [main] INFO  c.c.selenide.impl.AttachmentPrinter - [[ATTACHMENT|/app/target/screenshots/failed_scenario_1759143655743.png]]
11:00:59.771 [main] ERROR hooks.Hooks - Failed to capture screenshot: file:/app/target/screenshots/failed_scenario_1759143655743.png
11:00:59.957 [main] INFO  hooks.Hooks - BDD test cleanup completed for scenario: Manage multiple products in cart
]]></system-out>
    <system-err><![CDATA[Sep 29, 2025 11:00:45 AM org.openqa.selenium.devtools.CdpVersionFinder findNearestMatch
WARNING: Unable to find an exact match for CDP version 140, returning the closest version; found: 139; Please update to a Selenium version that supports CDP version 140
]]></system-err>
  </testcase>
  <testcase name="Remove product from cart" classname="DemoBlaze Shopping Cart" time="6.679">
    <system-out><![CDATA[
@Cart @UI @regression @RemoveFromCart @Functional @Smoke
Scenario: Remove product from cart                   # src/test/resources/features/Cart.feature:29
11:00:59.986 [main] INFO  hooks.Hooks - Starting BDD scenario: Remove product from cart
11:00:59.986 [main] INFO  hooks.Hooks - BDD test environment configured for scenario: Remove product from cart
11:00:59.987 [main] INFO  stepDefinitions.HomePageSteps - BDD Step: Navigating to DemoBlaze home page
11:00:59.988 [main] INFO  pages.HomePage - BDD: Opening home page
11:00:59.988 [main] INFO  pages.HomePage - Opening DemoBlaze home page
11:00:59.988 [main] INFO  c.c.s.WebDriverThreadLocalContainer - No webdriver is bound to current thread: 1 - let's create a new webdriver
11:01:00.456 [main] INFO  c.c.s.webdriver.WebDriverFactory - Selenide 7.10.0 / Selenium 4.35.0 / chrome 140.0.7339.207 linux
11:01:01.799 [main] INFO  pages.HomePage - Home page opened successfully
  Given I navigate to the DemoBlaze home page        # stepDefinitions.HomePageSteps.i_navigate_to_the_demoblaze_home_page()
11:01:01.801 [main] INFO  stepDefinitions.CartSteps - BDD Step: Adding Samsung galaxy s6 to cart as precondition
11:01:01.801 [main] INFO  stepDefinitions.CartSteps - BDD Step: Adding Samsung galaxy s6 to cart
11:01:01.801 [main] INFO  pages.HomePage - BDD: Clicking on first product: Samsung galaxy s6
11:01:01.801 [main] INFO  pages.HomePage - Clicking on first product: Samsung galaxy s6
11:01:03.262 [main] INFO  pages.HomePage - Successfully clicked on first product: Samsung galaxy s6
11:01:03.262 [main] INFO  pages.ProductDetailsPage - BDD: Adding product to cart
11:01:03.262 [main] INFO  pages.ProductDetailsPage - Clicking 'Add to cart' button
11:01:03.954 [main] INFO  pages.ProductDetailsPage - Successfully clicked 'Add to cart' button
11:01:04.595 [main] INFO  pages.HomePage - BDD: Opening home page
11:01:04.595 [main] INFO  pages.HomePage - Opening DemoBlaze home page
11:01:04.652 [main] INFO  pages.HomePage - Home page opened successfully
  Given I have "Samsung galaxy s6" in my cart        # stepDefinitions.CartSteps.i_have_in_my_cart(java.lang.String)
11:01:04.653 [main] INFO  stepDefinitions.CartSteps - BDD Step: Navigating to cart page
11:01:04.653 [main] INFO  pages.HomePage - BDD: Navigating to cart
11:01:04.653 [main] INFO  pages.HomePage - Navigating to cart page
11:01:05.471 [main] INFO  pages.HomePage - Successfully navigated to cart page
  When I navigate to cart page                       # stepDefinitions.CartSteps.i_navigate_to_cart_page()
11:01:05.473 [main] INFO  stepDefinitions.CartSteps - BDD Step: Removing Samsung galaxy s6 from cart
11:01:05.473 [main] INFO  pages.CartPage - BDD: Removing product from cart: Samsung galaxy s6
11:01:05.473 [main] INFO  pages.CartPage - Deleting product from cart: Samsung galaxy s6
11:01:06.528 [main] INFO  pages.CartPage - Successfully deleted product from cart: Samsung galaxy s6
  And I remove "Samsung galaxy s6" from cart         # stepDefinitions.CartSteps.i_remove_from_cart(java.lang.String)
11:01:06.528 [main] INFO  stepDefinitions.CartSteps - BDD Step: Verifying Samsung galaxy s6 is not in cart
  Then "Samsung galaxy s6" should not be in the cart # stepDefinitions.CartSteps.should_not_be_in_the_cart(java.lang.String)
11:01:06.530 [main] INFO  stepDefinitions.CartSteps - BDD Step: Verifying cart is empty or shows updated total
  And the cart should be empty or show updated total # stepDefinitions.CartSteps.the_cart_should_be_empty_or_show_updated_total()
11:01:06.531 [main] INFO  hooks.Hooks - Finishing BDD scenario: Remove product from cart - Status: PASSED
11:01:06.657 [main] INFO  hooks.Hooks - BDD test cleanup completed for scenario: Remove product from cart
]]></system-out>
    <system-err><![CDATA[Sep 29, 2025 11:01:00 AM org.openqa.selenium.devtools.CdpVersionFinder findNearestMatch
WARNING: Unable to find an exact match for CDP version 140, returning the closest version; found: 139; Please update to a Selenium version that supports CDP version 140
]]></system-err>
  </testcase>
  <testcase name="Verify empty cart behavior" classname="DemoBlaze Shopping Cart" time="0.963">
    <system-out><![CDATA[
@Cart @UI @regression @EmptyCart @Edge @Smoke
Scenario: Verify empty cart behavior                    # src/test/resources/features/Cart.feature:37
11:01:06.670 [main] INFO  hooks.Hooks - Starting BDD scenario: Verify empty cart behavior
11:01:06.671 [main] INFO  hooks.Hooks - BDD test environment configured for scenario: Verify empty cart behavior
11:01:06.673 [main] INFO  stepDefinitions.HomePageSteps - BDD Step: Navigating to DemoBlaze home page
11:01:06.673 [main] INFO  pages.HomePage - BDD: Opening home page
11:01:06.673 [main] INFO  pages.HomePage - Opening DemoBlaze home page
11:01:06.673 [main] INFO  c.c.s.WebDriverThreadLocalContainer - No webdriver is bound to current thread: 1 - let's create a new webdriver
11:01:07.082 [main] INFO  c.c.s.webdriver.WebDriverFactory - Selenide 7.10.0 / Selenium 4.35.0 / chrome 140.0.7339.207 linux
11:01:07.308 [main] INFO  pages.HomePage - Home page opened successfully
  Given I navigate to the DemoBlaze home page           # stepDefinitions.HomePageSteps.i_navigate_to_the_demoblaze_home_page()
11:01:07.309 [main] INFO  stepDefinitions.CartSteps - BDD Step: Navigating to cart page without adding products
11:01:07.309 [main] INFO  pages.HomePage - BDD: Navigating to cart
11:01:07.309 [main] INFO  pages.HomePage - Navigating to cart page
11:01:07.510 [main] INFO  pages.HomePage - Successfully navigated to cart page
  When I navigate to cart page without adding products  # stepDefinitions.CartSteps.i_navigate_to_cart_page_without_adding_products()
11:01:07.511 [main] INFO  stepDefinitions.CartSteps - BDD Step: Verifying cart is empty
  Then I should see an empty cart                       # stepDefinitions.CartSteps.i_should_see_an_empty_cart()
11:01:07.512 [main] INFO  stepDefinitions.CartSteps - BDD Step: Verifying cart total for empty cart
  And the total should show appropriate message or zero # stepDefinitions.CartSteps.the_total_should_show_appropriate_message_or_zero()
11:01:07.513 [main] INFO  hooks.Hooks - Finishing BDD scenario: Verify empty cart behavior - Status: PASSED
11:01:07.622 [main] INFO  hooks.Hooks - BDD test cleanup completed for scenario: Verify empty cart behavior
]]></system-out>
    <system-err><![CDATA[Sep 29, 2025 11:01:07 AM org.openqa.selenium.devtools.CdpVersionFinder findNearestMatch
WARNING: Unable to find an exact match for CDP version 140, returning the closest version; found: 139; Please update to a Selenium version that supports CDP version 140
]]></system-err>
  </testcase>
  <testcase name="Verify cart maintains items across navigation" classname="DemoBlaze Shopping Cart" time="9.04">
    <failure message="Element not found {By.xpath: //td[normalize-space()=&apos;Nokia lumia 1520&apos;]}&#10;Expected: visible&#10;Screenshot: file:/app/target/screenshots/1759143675749.1.png&#10;Page source: file:/app/target/screenshots/1759143675749.1.html&#10;Timeout: 4 s.&#10;Caused by: NoSuchElementException: no such element: Unable to locate element: {&quot;method&quot;:&quot;xpath&quot;,&quot;selector&quot;:&quot;//td[normalize-space()=&apos;Nokia lumia 1520&apos;]&quot;}" type="Element not found {By.xpath"><![CDATA[Element not found {By.xpath: //td[normalize-space()='Nokia lumia 1520']}
Expected: visible
Screenshot: file:/app/target/screenshots/1759143675749.1.png
Page source: file:/app/target/screenshots/1759143675749.1.html
Timeout: 4 s.
Caused by: NoSuchElementException: no such element: Unable to locate element: {"method":"xpath","selector":"//td[normalize-space()='Nokia lumia 1520']"}
	at com.codeborne.selenide.impl.WebElementSource.createElementNotFoundError(WebElementSource.java:89)
	at com.codeborne.selenide.impl.ElementFinder.createElementNotFoundError(ElementFinder.java:129)
	at com.codeborne.selenide.impl.WebElementSource.handleError(WebElementSource.java:140)
	at com.codeborne.selenide.impl.WebElementSource.checkConditionAndReturnElement(WebElementSource.java:123)
	at com.codeborne.selenide.impl.WebElementSource.checkCondition(WebElementSource.java:99)
	at com.codeborne.selenide.commands.Should.execute(Should.java:24)
	at com.codeborne.selenide.FluentCommand.execute(FluentCommand.java:27)
	at com.codeborne.selenide.FluentCommand.execute(FluentCommand.java:19)
	at com.codeborne.selenide.commands.Commands.execute(Commands.java:160)
	at com.codeborne.selenide.impl.SelenideElementProxy.dispatchAndRetry(SelenideElementProxy.java:131)
	at com.codeborne.selenide.impl.SelenideElementProxy.invoke(SelenideElementProxy.java:83)
	at jdk.proxy2/jdk.proxy2.$Proxy23.shouldBe(Unknown Source)
	at pages.CartPage.verifyProductInCart(CartPage.java:74)
	at stepDefinitions.CartSteps.should_still_be_in_the_cart(CartSteps.java:172)
	at ✽."Nokia lumia 1520" should still be in the cart(file:///app/src/test/resources/features/Cart.feature:47)
Caused by: org.openqa.selenium.NoSuchElementException: no such element: Unable to locate element: {"method":"xpath","selector":"//td[normalize-space()='Nokia lumia 1520']"}
  (Session info: chrome=140.0.7339.207)
For documentation on this error, please visit: https://www.selenium.dev/documentation/webdriver/troubleshooting/errors#no-such-element-exception
Build info: version: '4.35.0', revision: '1c58e5028b'
System info: os.name: 'Linux', os.arch: 'amd64', os.version: '6.6.87.2-microsoft-standard-WSL2', java.version: '21'
Driver info: org.openqa.selenium.chrome.ChromeDriver
Command: [fc791c114d050eea76c8dbf2af236120, findElement {using=xpath, value=//td[normalize-space()='Nokia lumia 1520']}]
Capabilities {acceptInsecureCerts: true, browserName: chrome, browserVersion: 140.0.7339.207, chrome: {chromedriverVersion: 140.0.7339.207 (17230b545fd..., userDataDir: /tmp/chrome-user-data-17591...}, fedcm:accounts: true, goog:chromeOptions: {debuggerAddress: localhost:9222}, networkConnectionEnabled: false, pageLoadStrategy: normal, platformName: linux, proxy: Proxy(), se:cdp: ws://localhost:9222/devtool..., se:cdpVersion: 140.0.7339.207, setWindowRect: true, strictFileInteractability: false, timeouts: {implicit: 0, pageLoad: 300000, script: 30000}, unhandledPromptBehavior: accept, webauthn:extension:credBlob: true, webauthn:extension:largeBlob: true, webauthn:extension:minPinLength: true, webauthn:extension:prf: true, webauthn:virtualAuthenticators: true}
Session ID: fc791c114d050eea76c8dbf2af236120
	at java.base/java.lang.reflect.Constructor.newInstanceWithCaller(Constructor.java:502)
	at java.base/java.lang.reflect.Constructor.newInstance(Constructor.java:486)
	at org.openqa.selenium.remote.ErrorCodec.decode(ErrorCodec.java:167)
	at org.openqa.selenium.remote.codec.w3c.W3CHttpResponseCodec.decode(W3CHttpResponseCodec.java:138)
	at org.openqa.selenium.remote.codec.w3c.W3CHttpResponseCodec.decode(W3CHttpResponseCodec.java:50)
	at org.openqa.selenium.remote.HttpCommandExecutor.execute(HttpCommandExecutor.java:215)
	at org.openqa.selenium.remote.service.DriverCommandExecutor.invokeExecute(DriverCommandExecutor.java:216)
	at org.openqa.selenium.remote.service.DriverCommandExecutor.execute(DriverCommandExecutor.java:174)
	at org.openqa.selenium.remote.RemoteWebDriver.execute(RemoteWebDriver.java:557)
	at org.openqa.selenium.remote.ElementLocation$ElementFinder$2.findElement(ElementLocation.java:165)
	at org.openqa.selenium.remote.ElementLocation.findElement(ElementLocation.java:59)
	at org.openqa.selenium.remote.RemoteWebDriver.findElement(RemoteWebDriver.java:380)
	at org.openqa.selenium.remote.RemoteWebDriver.findElement(RemoteWebDriver.java:374)
	at com.codeborne.selenide.impl.WebElementSelector.findElement(WebElementSelector.java:67)
	at com.codeborne.selenide.impl.WebElementSelector.findElement(WebElementSelector.java:38)
	at com.codeborne.selenide.impl.WebElementSelector.findElement(WebElementSelector.java:29)
	at com.codeborne.selenide.impl.ElementFinder.getWebElement(ElementFinder.java:113)
	at com.codeborne.selenide.impl.WebElementSource.checkConditionAndReturnElement(WebElementSource.java:112)
	at com.codeborne.selenide.impl.WebElementSource.checkCondition(WebElementSource.java:99)
	at com.codeborne.selenide.commands.Should.execute(Should.java:24)
	at com.codeborne.selenide.FluentCommand.execute(FluentCommand.java:27)
	at com.codeborne.selenide.FluentCommand.execute(FluentCommand.java:19)
	at com.codeborne.selenide.commands.Commands.execute(Commands.java:160)
	at com.codeborne.selenide.impl.SelenideElementProxy.dispatchAndRetry(SelenideElementProxy.java:131)
	at com.codeborne.selenide.impl.SelenideElementProxy.invoke(SelenideElementProxy.java:83)
	at jdk.proxy2/jdk.proxy2.$Proxy23.shouldBe(Unknown Source)
	at pages.CartPage.verifyProductInCart(CartPage.java:74)
	at stepDefinitions.CartSteps.should_still_be_in_the_cart(CartSteps.java:172)
	at java.base/java.lang.reflect.Method.invoke(Method.java:580)
	at io.cucumber.java.Invoker.doInvoke(Invoker.java:66)
	at io.cucumber.java.Invoker.invoke(Invoker.java:24)
	at io.cucumber.java.AbstractGlueDefinition.invokeMethod(AbstractGlueDefinition.java:47)
	at io.cucumber.java.JavaStepDefinition.execute(JavaStepDefinition.java:29)
	at io.cucumber.core.runner.CoreStepDefinition.execute(CoreStepDefinition.java:66)
	at io.cucumber.core.runner.PickleStepDefinitionMatch.runStep(PickleStepDefinitionMatch.java:63)
	at io.cucumber.core.runner.ExecutionMode$1.execute(ExecutionMode.java:10)
	at io.cucumber.core.runner.TestStep.executeStep(TestStep.java:84)
	at io.cucumber.core.runner.TestStep.run(TestStep.java:56)
	at io.cucumber.core.runner.PickleStepTestStep.run(PickleStepTestStep.java:51)
	at io.cucumber.core.runner.TestCase.run(TestCase.java:84)
	at io.cucumber.core.runner.Runner.runPickle(Runner.java:75)
	at io.cucumber.junit.PickleRunners$NoStepDescriptions.lambda$run$0(PickleRunners.java:151)
	at io.cucumber.core.runtime.CucumberExecutionContext.lambda$runTestCase$5(CucumberExecutionContext.java:137)
	at io.cucumber.core.runtime.RethrowingThrowableCollector.executeAndThrow(RethrowingThrowableCollector.java:23)
	at io.cucumber.core.runtime.CucumberExecutionContext.runTestCase(CucumberExecutionContext.java:137)
	at io.cucumber.junit.PickleRunners$NoStepDescriptions.run(PickleRunners.java:148)
	at io.cucumber.junit.FeatureRunner.runChild(FeatureRunner.java:144)
	at io.cucumber.junit.FeatureRunner.runChild(FeatureRunner.java:28)
	at io.cucumber.junit.FeatureRunner.run(FeatureRunner.java:137)
	at io.cucumber.junit.Cucumber.runChild(Cucumber.java:196)
	at io.cucumber.junit.Cucumber.runChild(Cucumber.java:89)
	at io.cucumber.core.runtime.CucumberExecutionContext.lambda$runFeatures$6(CucumberExecutionContext.java:148)
	at io.cucumber.core.runtime.CucumberExecutionContext.execute(CucumberExecutionContext.java:163)
	at io.cucumber.core.runtime.CucumberExecutionContext.runFeatures(CucumberExecutionContext.java:146)
	at io.cucumber.junit.Cucumber$StartAndFinishTestRun.evaluate(Cucumber.java:226)
]]></failure>
    <system-out><![CDATA[
@Cart @UI @regression @CartPersistence @Functional @regression
Scenario: Verify cart maintains items across navigation # src/test/resources/features/Cart.feature:43
11:01:07.631 [main] INFO  hooks.Hooks - Starting BDD scenario: Verify cart maintains items across navigation
11:01:07.631 [main] INFO  hooks.Hooks - BDD test environment configured for scenario: Verify cart maintains items across navigation
11:01:07.632 [main] INFO  stepDefinitions.HomePageSteps - BDD Step: Navigating to DemoBlaze home page
11:01:07.632 [main] INFO  pages.HomePage - BDD: Opening home page
11:01:07.632 [main] INFO  pages.HomePage - Opening DemoBlaze home page
11:01:07.632 [main] INFO  c.c.s.WebDriverThreadLocalContainer - No webdriver is bound to current thread: 1 - let's create a new webdriver
11:01:08.018 [main] INFO  c.c.s.webdriver.WebDriverFactory - Selenide 7.10.0 / Selenium 4.35.0 / chrome 140.0.7339.207 linux
11:01:08.235 [main] INFO  pages.HomePage - Home page opened successfully
  Given I navigate to the DemoBlaze home page           # stepDefinitions.HomePageSteps.i_navigate_to_the_demoblaze_home_page()
11:01:08.236 [main] INFO  stepDefinitions.CartSteps - BDD Step: Adding Nokia lumia 1520 to cart
11:01:08.236 [main] INFO  pages.HomePage - BDD: Clicking on first product: Nokia lumia 1520
11:01:08.237 [main] INFO  pages.HomePage - Clicking on first product: Nokia lumia 1520
11:01:09.159 [main] INFO  pages.HomePage - Successfully clicked on first product: Nokia lumia 1520
11:01:09.159 [main] INFO  pages.ProductDetailsPage - BDD: Adding product to cart
11:01:09.159 [main] INFO  pages.ProductDetailsPage - Clicking 'Add to cart' button
11:01:09.997 [main] INFO  pages.ProductDetailsPage - Successfully clicked 'Add to cart' button
11:01:10.642 [main] INFO  pages.HomePage - BDD: Opening home page
11:01:10.642 [main] INFO  pages.HomePage - Opening DemoBlaze home page
11:01:10.740 [main] INFO  pages.HomePage - Home page opened successfully
  Given I add "Nokia lumia 1520" to cart                # stepDefinitions.CartSteps.i_add_to_cart(java.lang.String)
11:01:10.741 [main] INFO  stepDefinitions.CartSteps - BDD Step: Navigating to different pages
11:01:10.741 [main] INFO  pages.HomePage - BDD: Opening home page
11:01:10.741 [main] INFO  pages.HomePage - Opening DemoBlaze home page
11:01:10.808 [main] INFO  pages.HomePage - Home page opened successfully
  When I navigate to different pages                    # stepDefinitions.CartSteps.i_navigate_to_different_pages()
11:01:10.809 [main] INFO  stepDefinitions.CartSteps - BDD Step: Returning to cart page
11:01:10.810 [main] INFO  pages.HomePage - BDD: Navigating to cart
11:01:10.810 [main] INFO  pages.HomePage - Navigating to cart page
11:01:11.595 [main] INFO  pages.HomePage - Successfully navigated to cart page
  And I return to cart page                             # stepDefinitions.CartSteps.i_return_to_cart_page()
11:01:11.597 [main] INFO  stepDefinitions.CartSteps - BDD Step: Verifying Nokia lumia 1520 still in cart after navigation
11:01:11.597 [main] INFO  pages.CartPage - Verifying product is in cart: Nokia lumia 1520
11:01:15.767 [main] INFO  c.c.selenide.impl.AttachmentPrinter - [[ATTACHMENT|/app/target/screenshots/1759143675749.1.html]]
11:01:15.999 [main] INFO  c.c.selenide.impl.AttachmentPrinter - [[ATTACHMENT|/app/target/screenshots/1759143675749.1.png]]
  Then "Nokia lumia 1520" should still be in the cart   # stepDefinitions.CartSteps.should_still_be_in_the_cart(java.lang.String)
      Element not found {By.xpath: //td[normalize-space()='Nokia lumia 1520']}
Expected: visible
Screenshot: file:/app/target/screenshots/1759143675749.1.png
Page source: file:/app/target/screenshots/1759143675749.1.html
Timeout: 4 s.
Caused by: NoSuchElementException: no such element: Unable to locate element: {"method":"xpath","selector":"//td[normalize-space()='Nokia lumia 1520']"}
	at com.codeborne.selenide.impl.WebElementSource.createElementNotFoundError(WebElementSource.java:89)
	at com.codeborne.selenide.impl.ElementFinder.createElementNotFoundError(ElementFinder.java:129)
	at com.codeborne.selenide.impl.WebElementSource.handleError(WebElementSource.java:140)
	at com.codeborne.selenide.impl.WebElementSource.checkConditionAndReturnElement(WebElementSource.java:123)
	at com.codeborne.selenide.impl.WebElementSource.checkCondition(WebElementSource.java:99)
	at com.codeborne.selenide.commands.Should.execute(Should.java:24)
	at com.codeborne.selenide.FluentCommand.execute(FluentCommand.java:27)
	at com.codeborne.selenide.FluentCommand.execute(FluentCommand.java:19)
	at com.codeborne.selenide.commands.Commands.execute(Commands.java:160)
	at com.codeborne.selenide.impl.SelenideElementProxy.dispatchAndRetry(SelenideElementProxy.java:131)
	at com.codeborne.selenide.impl.SelenideElementProxy.invoke(SelenideElementProxy.java:83)
	at jdk.proxy2/jdk.proxy2.$Proxy23.shouldBe(Unknown Source)
	at pages.CartPage.verifyProductInCart(CartPage.java:74)
	at stepDefinitions.CartSteps.should_still_be_in_the_cart(CartSteps.java:172)
	at ✽."Nokia lumia 1520" should still be in the cart(file:///app/src/test/resources/features/Cart.feature:47)
Caused by: org.openqa.selenium.NoSuchElementException: no such element: Unable to locate element: {"method":"xpath","selector":"//td[normalize-space()='Nokia lumia 1520']"}
  (Session info: chrome=140.0.7339.207)
For documentation on this error, please visit: https://www.selenium.dev/documentation/webdriver/troubleshooting/errors#no-such-element-exception
Build info: version: '4.35.0', revision: '1c58e5028b'
System info: os.name: 'Linux', os.arch: 'amd64', os.version: '6.6.87.2-microsoft-standard-WSL2', java.version: '21'
Driver info: org.openqa.selenium.chrome.ChromeDriver
Command: [fc791c114d050eea76c8dbf2af236120, findElement {using=xpath, value=//td[normalize-space()='Nokia lumia 1520']}]
Capabilities {acceptInsecureCerts: true, browserName: chrome, browserVersion: 140.0.7339.207, chrome: {chromedriverVersion: 140.0.7339.207 (17230b545fd..., userDataDir: /tmp/chrome-user-data-17591...}, fedcm:accounts: true, goog:chromeOptions: {debuggerAddress: localhost:9222}, networkConnectionEnabled: false, pageLoadStrategy: normal, platformName: linux, proxy: Proxy(), se:cdp: ws://localhost:9222/devtool..., se:cdpVersion: 140.0.7339.207, setWindowRect: true, strictFileInteractability: false, timeouts: {implicit: 0, pageLoad: 300000, script: 30000}, unhandledPromptBehavior: accept, webauthn:extension:credBlob: true, webauthn:extension:largeBlob: true, webauthn:extension:minPinLength: true, webauthn:extension:prf: true, webauthn:virtualAuthenticators: true}
Session ID: fc791c114d050eea76c8dbf2af236120
	at java.base/jdk.internal.reflect.DirectConstructorHandleAccessor.newInstance(DirectConstructorHandleAccessor.java:62)
	at java.base/java.lang.reflect.Constructor.newInstanceWithCaller(Constructor.java:502)
	at java.base/java.lang.reflect.Constructor.newInstance(Constructor.java:486)
	at org.openqa.selenium.remote.ErrorCodec.decode(ErrorCodec.java:167)
	at org.openqa.selenium.remote.codec.w3c.W3CHttpResponseCodec.decode(W3CHttpResponseCodec.java:138)
	at org.openqa.selenium.remote.codec.w3c.W3CHttpResponseCodec.decode(W3CHttpResponseCodec.java:50)
	at org.openqa.selenium.remote.HttpCommandExecutor.execute(HttpCommandExecutor.java:215)
	at org.openqa.selenium.remote.service.DriverCommandExecutor.invokeExecute(DriverCommandExecutor.java:216)
	at org.openqa.selenium.remote.service.DriverCommandExecutor.execute(DriverCommandExecutor.java:174)
	at org.openqa.selenium.remote.RemoteWebDriver.execute(RemoteWebDriver.java:557)
	at org.openqa.selenium.remote.ElementLocation$ElementFinder$2.findElement(ElementLocation.java:165)
	at org.openqa.selenium.remote.ElementLocation.findElement(ElementLocation.java:59)
	at org.openqa.selenium.remote.RemoteWebDriver.findElement(RemoteWebDriver.java:380)
	at org.openqa.selenium.remote.RemoteWebDriver.findElement(RemoteWebDriver.java:374)
	at com.codeborne.selenide.impl.WebElementSelector.findElement(WebElementSelector.java:67)
	at com.codeborne.selenide.impl.WebElementSelector.findElement(WebElementSelector.java:38)
	at com.codeborne.selenide.impl.WebElementSelector.findElement(WebElementSelector.java:29)
	at com.codeborne.selenide.impl.ElementFinder.getWebElement(ElementFinder.java:113)
	at com.codeborne.selenide.impl.WebElementSource.checkConditionAndReturnElement(WebElementSource.java:112)
	at com.codeborne.selenide.impl.WebElementSource.checkCondition(WebElementSource.java:99)
	at com.codeborne.selenide.commands.Should.execute(Should.java:24)
	at com.codeborne.selenide.FluentCommand.execute(FluentCommand.java:27)
	at com.codeborne.selenide.FluentCommand.execute(FluentCommand.java:19)
	at com.codeborne.selenide.commands.Commands.execute(Commands.java:160)
	at com.codeborne.selenide.impl.SelenideElementProxy.dispatchAndRetry(SelenideElementProxy.java:131)
	at com.codeborne.selenide.impl.SelenideElementProxy.invoke(SelenideElementProxy.java:83)
	at jdk.proxy2/jdk.proxy2.$Proxy23.shouldBe(Unknown Source)
	at pages.CartPage.verifyProductInCart(CartPage.java:74)
	at stepDefinitions.CartSteps.should_still_be_in_the_cart(CartSteps.java:172)
	at java.base/jdk.internal.reflect.DirectMethodHandleAccessor.invoke(DirectMethodHandleAccessor.java:103)
	at java.base/java.lang.reflect.Method.invoke(Method.java:580)
	at io.cucumber.java.Invoker.doInvoke(Invoker.java:66)
	at io.cucumber.java.Invoker.invoke(Invoker.java:24)
	at io.cucumber.java.AbstractGlueDefinition.invokeMethod(AbstractGlueDefinition.java:47)
	at io.cucumber.java.JavaStepDefinition.execute(JavaStepDefinition.java:29)
	at io.cucumber.core.runner.CoreStepDefinition.execute(CoreStepDefinition.java:66)
	at io.cucumber.core.runner.PickleStepDefinitionMatch.runStep(PickleStepDefinitionMatch.java:63)
	at io.cucumber.core.runner.ExecutionMode$1.execute(ExecutionMode.java:10)
	at io.cucumber.core.runner.TestStep.executeStep(TestStep.java:84)
	at io.cucumber.core.runner.TestStep.run(TestStep.java:56)
	at io.cucumber.core.runner.PickleStepTestStep.run(PickleStepTestStep.java:51)
	at io.cucumber.core.runner.TestCase.run(TestCase.java:84)
	at io.cucumber.core.runner.Runner.runPickle(Runner.java:75)
	at io.cucumber.junit.PickleRunners$NoStepDescriptions.lambda$run$0(PickleRunners.java:151)
	at io.cucumber.core.runtime.CucumberExecutionContext.lambda$runTestCase$5(CucumberExecutionContext.java:137)
	at io.cucumber.core.runtime.RethrowingThrowableCollector.executeAndThrow(RethrowingThrowableCollector.java:23)
	at io.cucumber.core.runtime.CucumberExecutionContext.runTestCase(CucumberExecutionContext.java:137)
	at io.cucumber.junit.PickleRunners$NoStepDescriptions.run(PickleRunners.java:148)
	at io.cucumber.junit.FeatureRunner.runChild(FeatureRunner.java:144)
	at io.cucumber.junit.FeatureRunner.runChild(FeatureRunner.java:28)
	at org.junit.runners.ParentRunner$4.run(ParentRunner.java:331)
	at org.junit.runners.ParentRunner$1.schedule(ParentRunner.java:79)
	at org.junit.runners.ParentRunner.runChildren(ParentRunner.java:329)
	at org.junit.runners.ParentRunner.access$100(ParentRunner.java:66)
	at org.junit.runners.ParentRunner$2.evaluate(ParentRunner.java:293)
	at org.junit.runners.ParentRunner$3.evaluate(ParentRunner.java:306)
	at org.junit.runners.ParentRunner.run(ParentRunner.java:413)
	at io.cucumber.junit.FeatureRunner.run(FeatureRunner.java:137)
	at io.cucumber.junit.Cucumber.runChild(Cucumber.java:196)
	at io.cucumber.junit.Cucumber.runChild(Cucumber.java:89)
	at org.junit.runners.ParentRunner$4.run(ParentRunner.java:331)
	at org.junit.runners.ParentRunner$1.schedule(ParentRunner.java:79)
	at org.junit.runners.ParentRunner.runChildren(ParentRunner.java:329)
	at org.junit.runners.ParentRunner.access$100(ParentRunner.java:66)
	at org.junit.runners.ParentRunner$2.evaluate(ParentRunner.java:293)
	at io.cucumber.core.runtime.CucumberExecutionContext.lambda$runFeatures$6(CucumberExecutionContext.java:148)
	at io.cucumber.core.runtime.CucumberExecutionContext.execute(CucumberExecutionContext.java:163)
	at io.cucumber.core.runtime.CucumberExecutionContext.runFeatures(CucumberExecutionContext.java:146)
	at io.cucumber.junit.Cucumber$StartAndFinishTestRun.evaluate(Cucumber.java:226)
	at org.junit.runners.ParentRunner$3.evaluate(ParentRunner.java:306)
	at org.junit.runners.ParentRunner.run(ParentRunner.java:413)
	at org.junit.runner.JUnitCore.run(JUnitCore.java:137)
	at org.junit.runner.JUnitCore.run(JUnitCore.java:115)
	at org.junit.vintage.engine.execution.RunnerExecutor.execute(RunnerExecutor.java:42)
	at org.junit.vintage.engine.VintageTestEngine.executeAllChildren(VintageTestEngine.java:80)
	at org.junit.vintage.engine.VintageTestEngine.execute(VintageTestEngine.java:72)
	at org.junit.platform.launcher.core.EngineExecutionOrchestrator.execute(EngineExecutionOrchestrator.java:198)
	at org.junit.platform.launcher.core.EngineExecutionOrchestrator.execute(EngineExecutionOrchestrator.java:169)
	at org.junit.platform.launcher.core.EngineExecutionOrchestrator.execute(EngineExecutionOrchestrator.java:93)
	at org.junit.platform.launcher.core.EngineExecutionOrchestrator.lambda$execute$0(EngineExecutionOrchestrator.java:58)
	at org.junit.platform.launcher.core.EngineExecutionOrchestrator.withInterceptedStreams(EngineExecutionOrchestrator.java:141)
	at org.junit.platform.launcher.core.EngineExecutionOrchestrator.execute(EngineExecutionOrchestrator.java:57)
	at org.junit.platform.launcher.core.DefaultLauncher.execute(DefaultLauncher.java:103)
	at org.junit.platform.launcher.core.DefaultLauncher.execute(DefaultLauncher.java:85)
	at org.junit.platform.launcher.core.DelegatingLauncher.execute(DelegatingLauncher.java:47)
	at org.apache.maven.surefire.junitplatform.LazyLauncher.execute(LazyLauncher.java:55)
	at org.apache.maven.surefire.junitplatform.JUnitPlatformProvider.execute(JUnitPlatformProvider.java:223)
	at org.apache.maven.surefire.junitplatform.JUnitPlatformProvider.invokeAllTests(JUnitPlatformProvider.java:175)
	at org.apache.maven.surefire.junitplatform.JUnitPlatformProvider.invoke(JUnitPlatformProvider.java:139)
	at org.apache.maven.surefire.booter.ForkedBooter.runSuitesInProcess(ForkedBooter.java:456)
	at org.apache.maven.surefire.booter.ForkedBooter.execute(ForkedBooter.java:169)
	at org.apache.maven.surefire.booter.ForkedBooter.run(ForkedBooter.java:595)
	at org.apache.maven.surefire.booter.ForkedBooter.main(ForkedBooter.java:581)

11:01:16.257 [main] INFO  hooks.Hooks - Finishing BDD scenario: Verify cart maintains items across navigation - Status: FAILED
11:01:16.257 [main] ERROR hooks.Hooks - Scenario failed: Verify cart maintains items across navigation
11:01:16.272 [main] INFO  c.c.selenide.impl.AttachmentPrinter - [[ATTACHMENT|/app/target/screenshots/failed_scenario_1759143676257.html]]
11:01:16.518 [main] INFO  c.c.selenide.impl.AttachmentPrinter - [[ATTACHMENT|/app/target/screenshots/failed_scenario_1759143676257.png]]
11:01:16.518 [main] ERROR hooks.Hooks - Failed to capture screenshot: file:/app/target/screenshots/failed_scenario_1759143676257.png
11:01:16.662 [main] INFO  hooks.Hooks - BDD test cleanup completed for scenario: Verify cart maintains items across navigation
]]></system-out>
    <system-err><![CDATA[Sep 29, 2025 11:01:08 AM org.openqa.selenium.devtools.CdpVersionFinder findNearestMatch
WARNING: Unable to find an exact match for CDP version 140, returning the closest version; found: 139; Please update to a Selenium version that supports CDP version 140
]]></system-err>
  </testcase>
  <testcase name="Open and close contact modal" classname="DemoBlaze Contact Modal" time="2.464">
    <system-out><![CDATA[
@Contact @UI @Communication @Smoke @ContactModal @Smoke
Scenario: Open and close contact modal        # src/test/resources/features/Contact.feature:11
11:01:16.689 [main] INFO  hooks.Hooks - Starting BDD scenario: Open and close contact modal
11:01:16.689 [main] INFO  hooks.Hooks - BDD test environment configured for scenario: Open and close contact modal
11:01:16.690 [main] INFO  stepDefinitions.HomePageSteps - BDD Step: Navigating to DemoBlaze home page
11:01:16.690 [main] INFO  pages.HomePage - BDD: Opening home page
11:01:16.690 [main] INFO  pages.HomePage - Opening DemoBlaze home page
11:01:16.690 [main] INFO  c.c.s.WebDriverThreadLocalContainer - No webdriver is bound to current thread: 1 - let's create a new webdriver
11:01:17.093 [main] INFO  c.c.s.webdriver.WebDriverFactory - Selenide 7.10.0 / Selenium 4.35.0 / chrome 140.0.7339.207 linux
11:01:18.220 [main] INFO  pages.HomePage - Home page opened successfully
  Given I navigate to the DemoBlaze home page # stepDefinitions.HomePageSteps.i_navigate_to_the_demoblaze_home_page()
11:01:18.226 [main] INFO  stepDefinitions.ContactSteps - BDD Step: Clicking on Contact link
11:01:18.226 [main] INFO  pages.HomePage - BDD: Clicking contact link
11:01:18.352 [main] INFO  pages.HomePage - BDD: Contact link clicked successfully
  When I click on "Contact" link              # stepDefinitions.ContactSteps.i_click_on_link(java.lang.String)
11:01:18.353 [main] INFO  stepDefinitions.ContactSteps - BDD Step: Verifying contact modal is displayed
11:01:18.353 [main] INFO  pages.ContactModal - BDD: Verifying contact modal visibility
11:01:18.353 [main] INFO  pages.ContactModal - Verifying contact modal is visible
11:01:18.744 [main] INFO  pages.ContactModal - Contact form fields verified successfully
  Then the contact modal should be displayed  # stepDefinitions.ContactSteps.the_contact_modal_should_be_displayed()
11:01:18.745 [main] INFO  stepDefinitions.ContactSteps - BDD Step: Verifying contact form fields
11:01:18.745 [main] INFO  pages.ContactModal - BDD: Verifying contact form fields
11:01:18.880 [main] INFO  pages.ContactModal - BDD: All contact form fields verified
  And I should see contact form fields        # stepDefinitions.ContactSteps.i_should_see_contact_form_fields()
11:01:18.881 [main] INFO  stepDefinitions.ContactSteps - BDD Step: Closing contact modal
11:01:18.881 [main] INFO  pages.ContactModal - BDD: Closing contact modal
11:01:18.881 [main] INFO  pages.ContactModal - Clicking 'Close' button to close contact modal
11:01:19.005 [main] INFO  pages.ContactModal - Contact modal closed successfully
  When I close the contact modal              # stepDefinitions.ContactSteps.i_close_the_contact_modal()
11:01:19.006 [main] INFO  stepDefinitions.ContactSteps - BDD Step: Verifying contact modal is hidden
  Then the contact modal should be hidden     # stepDefinitions.ContactSteps.the_contact_modal_should_be_hidden()
11:01:19.009 [main] INFO  hooks.Hooks - Finishing BDD scenario: Open and close contact modal - Status: PASSED
11:01:19.136 [main] INFO  hooks.Hooks - BDD test cleanup completed for scenario: Open and close contact modal
]]></system-out>
    <system-err><![CDATA[Sep 29, 2025 11:01:17 AM org.openqa.selenium.devtools.CdpVersionFinder findNearestMatch
WARNING: Unable to find an exact match for CDP version 140, returning the closest version; found: 139; Please update to a Selenium version that supports CDP version 140
]]></system-err>
  </testcase>
  <testcase name="Send valid contact message" classname="DemoBlaze Contact Modal" time="2.561">
    <system-out><![CDATA[
@Contact @UI @Communication @Smoke @ContactForm @regression
Scenario: Send valid contact message                         # src/test/resources/features/Contact.feature:19
11:01:19.163 [main] INFO  hooks.Hooks - Starting BDD scenario: Send valid contact message
11:01:19.164 [main] INFO  hooks.Hooks - BDD test environment configured for scenario: Send valid contact message
11:01:19.166 [main] INFO  stepDefinitions.HomePageSteps - BDD Step: Navigating to DemoBlaze home page
11:01:19.166 [main] INFO  pages.HomePage - BDD: Opening home page
11:01:19.166 [main] INFO  pages.HomePage - Opening DemoBlaze home page
11:01:19.167 [main] INFO  c.c.s.WebDriverThreadLocalContainer - No webdriver is bound to current thread: 1 - let's create a new webdriver
11:01:19.904 [main] INFO  c.c.s.webdriver.WebDriverFactory - Selenide 7.10.0 / Selenium 4.35.0 / chrome 140.0.7339.207 linux
11:01:20.350 [main] INFO  pages.HomePage - Home page opened successfully
  Given I navigate to the DemoBlaze home page                # stepDefinitions.HomePageSteps.i_navigate_to_the_demoblaze_home_page()
11:01:20.351 [main] INFO  stepDefinitions.ContactSteps - BDD Step: Clicking on Contact link
11:01:20.351 [main] INFO  pages.HomePage - BDD: Clicking contact link
11:01:20.557 [main] INFO  pages.HomePage - BDD: Contact link clicked successfully
  When I click on "Contact" link                             # stepDefinitions.ContactSteps.i_click_on_link(java.lang.String)
11:01:20.566 [main] INFO  stepDefinitions.ContactSteps - BDD Step: Filling contact form with valid data
11:01:20.572 [main] INFO  pages.ContactModal - Filling complete contact form for: Emmanuel Arhu (emmanuel@example.com)
11:01:20.572 [main] INFO  pages.ContactModal - Filling contact email field with: emmanuel@example.com
11:01:21.095 [main] INFO  pages.ContactModal - Filling contact name field with: Emmanuel Arhu
11:01:21.266 [main] INFO  pages.ContactModal - Filling message field
11:01:21.420 [main] INFO  pages.ContactModal - Contact form filled successfully for: Emmanuel Arhu
  And I fill the contact form with valid data:               # stepDefinitions.ContactSteps.i_fill_the_contact_form_with_valid_data(io.cucumber.datatable.DataTable)
    | field   | value                |
    | email   | emmanuel@example.com |
    | name    | Emmanuel Arhu        |
    | message | Test inquiry message |
11:01:21.423 [main] INFO  stepDefinitions.ContactSteps - BDD Step: Clicking Send message contact button
11:01:21.423 [main] INFO  pages.ContactModal - Clicking 'Send message' button
11:01:21.558 [main] INFO  pages.ContactModal - Send message button clicked successfully
  And I click "Send message" contact button                  # stepDefinitions.ContactSteps.i_click_contact_button(java.lang.String)
11:01:21.559 [main] INFO  stepDefinitions.CartSteps - BDD Step: Verifying success alert: Thanks for the message!!
  Then I should see success alert "Thanks for the message!!" # stepDefinitions.CartSteps.i_should_see_success_alert(java.lang.String)
11:01:21.591 [main] INFO  hooks.Hooks - Finishing BDD scenario: Send valid contact message - Status: PASSED
11:01:21.701 [main] INFO  hooks.Hooks - BDD test cleanup completed for scenario: Send valid contact message
]]></system-out>
    <system-err><![CDATA[Sep 29, 2025 11:01:19 AM org.openqa.selenium.devtools.CdpVersionFinder findNearestMatch
WARNING: Unable to find an exact match for CDP version 140, returning the closest version; found: 139; Please update to a Selenium version that supports CDP version 140
]]></system-err>
  </testcase>
  <testcase name="Validate contact form fields #1" classname="DemoBlaze Contact Modal" time="3.412">
    <system-out><![CDATA[
@Contact @UI @Communication @Smoke @ContactValidation @Functional @regression
Scenario Outline: Validate contact form fields            # src/test/resources/features/Contact.feature:42
11:01:21.714 [main] INFO  hooks.Hooks - Starting BDD scenario: Validate contact form fields
11:01:21.714 [main] INFO  hooks.Hooks - BDD test environment configured for scenario: Validate contact form fields
11:01:21.715 [main] INFO  stepDefinitions.HomePageSteps - BDD Step: Navigating to DemoBlaze home page
11:01:21.715 [main] INFO  pages.HomePage - BDD: Opening home page
11:01:21.715 [main] INFO  pages.HomePage - Opening DemoBlaze home page
11:01:21.715 [main] INFO  c.c.s.WebDriverThreadLocalContainer - No webdriver is bound to current thread: 1 - let's create a new webdriver
11:01:22.116 [main] INFO  c.c.s.webdriver.WebDriverFactory - Selenide 7.10.0 / Selenium 4.35.0 / chrome 140.0.7339.207 linux
11:01:23.185 [main] INFO  pages.HomePage - Home page opened successfully
  Given I navigate to the DemoBlaze home page             # stepDefinitions.HomePageSteps.i_navigate_to_the_demoblaze_home_page()
11:01:23.187 [main] INFO  stepDefinitions.ContactSteps - BDD Step: Clicking on Contact link
11:01:23.187 [main] INFO  pages.HomePage - BDD: Clicking contact link
11:01:23.305 [main] INFO  pages.HomePage - BDD: Contact link clicked successfully
  When I click on "Contact" link                          # stepDefinitions.ContactSteps.i_click_on_link(java.lang.String)
11:01:23.307 [main] INFO  stepDefinitions.ContactSteps - BDD Step: Filling contact form with specified data
11:01:23.307 [main] INFO  pages.ContactModal - Filling complete contact form for: Valid Name (valid@email.com)
11:01:23.307 [main] INFO  pages.ContactModal - Filling contact email field with: valid@email.com
11:01:23.835 [main] INFO  pages.ContactModal - Filling contact name field with: Valid Name
11:01:24.002 [main] INFO  pages.ContactModal - Filling message field
11:01:24.364 [main] INFO  pages.ContactModal - Contact form filled successfully for: Valid Name
  And I fill the contact form with:                       # stepDefinitions.ContactSteps.i_fill_the_contact_form_with(io.cucumber.datatable.DataTable)
    | field   | value           |
    | email   | valid@email.com |
    | name    | Valid Name      |
    | message | Valid message   |
11:01:24.365 [main] INFO  stepDefinitions.ContactSteps - BDD Step: Clicking Send message contact button
11:01:24.365 [main] INFO  pages.ContactModal - Clicking 'Send message' button
11:01:24.658 [main] INFO  pages.ContactModal - Send message button clicked successfully
  And I click "Send message" contact button               # stepDefinitions.ContactSteps.i_click_contact_button(java.lang.String)
11:01:24.660 [main] INFO  stepDefinitions.ContactSteps - BDD Step: Verifying response for scenario: valid_data
  Then I should see appropriate response for "valid_data" # stepDefinitions.ContactSteps.i_should_see_appropriate_response_for(java.lang.String)
11:01:24.743 [main] INFO  hooks.Hooks - Finishing BDD scenario: Validate contact form fields - Status: PASSED
11:01:25.098 [main] INFO  hooks.Hooks - BDD test cleanup completed for scenario: Validate contact form fields
]]></system-out>
    <system-err><![CDATA[Sep 29, 2025 11:01:22 AM org.openqa.selenium.devtools.CdpVersionFinder findNearestMatch
WARNING: Unable to find an exact match for CDP version 140, returning the closest version; found: 139; Please update to a Selenium version that supports CDP version 140
]]></system-err>
  </testcase>
  <testcase name="Validate contact form fields #2" classname="DemoBlaze Contact Modal" time="3.452">
    <system-out><![CDATA[
@Contact @UI @Communication @Smoke @ContactValidation @Functional @regression
Scenario Outline: Validate contact form fields               # src/test/resources/features/Contact.feature:43
11:01:25.135 [main] INFO  hooks.Hooks - Starting BDD scenario: Validate contact form fields
11:01:25.135 [main] INFO  hooks.Hooks - BDD test environment configured for scenario: Validate contact form fields
11:01:25.137 [main] INFO  stepDefinitions.HomePageSteps - BDD Step: Navigating to DemoBlaze home page
11:01:25.137 [main] INFO  pages.HomePage - BDD: Opening home page
11:01:25.137 [main] INFO  pages.HomePage - Opening DemoBlaze home page
11:01:25.137 [main] INFO  c.c.s.WebDriverThreadLocalContainer - No webdriver is bound to current thread: 1 - let's create a new webdriver
11:01:26.253 [main] INFO  c.c.s.webdriver.WebDriverFactory - Selenide 7.10.0 / Selenium 4.35.0 / chrome 140.0.7339.207 linux
11:01:27.773 [main] INFO  pages.HomePage - Home page opened successfully
  Given I navigate to the DemoBlaze home page                # stepDefinitions.HomePageSteps.i_navigate_to_the_demoblaze_home_page()
11:01:27.774 [main] INFO  stepDefinitions.ContactSteps - BDD Step: Clicking on Contact link
11:01:27.775 [main] INFO  pages.HomePage - BDD: Clicking contact link
11:01:28.168 [main] INFO  pages.HomePage - BDD: Contact link clicked successfully
  When I click on "Contact" link                             # stepDefinitions.ContactSteps.i_click_on_link(java.lang.String)
11:01:28.171 [main] INFO  stepDefinitions.ContactSteps - BDD Step: Filling contact form with specified data
11:01:28.171 [main] INFO  pages.ContactModal - Filling complete contact form for: Test User (null)
11:01:28.171 [main] INFO  pages.ContactModal - Filling contact email field with: null
11:01:28.787 [main] INFO  pages.ContactModal - Filling contact name field with: Test User
11:01:28.994 [main] INFO  pages.ContactModal - Filling message field
11:01:29.209 [main] INFO  pages.ContactModal - Contact form filled successfully for: Test User
  And I fill the contact form with:                          # stepDefinitions.ContactSteps.i_fill_the_contact_form_with(io.cucumber.datatable.DataTable)
    | field   | value         |
    | email   | [empty]       |
    | name    | Test User     |
    | message | Valid message |
11:01:29.211 [main] INFO  stepDefinitions.ContactSteps - BDD Step: Clicking Send message contact button
11:01:29.211 [main] INFO  pages.ContactModal - Clicking 'Send message' button
11:01:29.430 [main] INFO  pages.ContactModal - Send message button clicked successfully
  And I click "Send message" contact button                  # stepDefinitions.ContactSteps.i_click_contact_button(java.lang.String)
11:01:29.431 [main] INFO  stepDefinitions.ContactSteps - BDD Step: Verifying response for scenario: missing_email
11:01:29.431 [main] INFO  stepDefinitions.ContactSteps - Handling scenario: missing_email
  Then I should see appropriate response for "missing_email" # stepDefinitions.ContactSteps.i_should_see_appropriate_response_for(java.lang.String)
11:01:29.451 [main] INFO  hooks.Hooks - Finishing BDD scenario: Validate contact form fields - Status: PASSED
11:01:28.567 [main] INFO  hooks.Hooks - BDD test cleanup completed for scenario: Validate contact form fields
]]></system-out>
    <system-err><![CDATA[Sep 29, 2025 11:01:26 AM org.openqa.selenium.devtools.CdpVersionFinder findNearestMatch
WARNING: Unable to find an exact match for CDP version 140, returning the closest version; found: 139; Please update to a Selenium version that supports CDP version 140
]]></system-err>
  </testcase>
  <testcase name="Validate contact form fields #3" classname="DemoBlaze Contact Modal" time="9.836">
    <system-out><![CDATA[
@Contact @UI @Communication @Smoke @ContactValidation @Functional @regression
Scenario Outline: Validate contact form fields              # src/test/resources/features/Contact.feature:44
11:01:28.582 [main] INFO  hooks.Hooks - Starting BDD scenario: Validate contact form fields
11:01:28.583 [main] INFO  hooks.Hooks - BDD test environment configured for scenario: Validate contact form fields
11:01:28.584 [main] INFO  stepDefinitions.HomePageSteps - BDD Step: Navigating to DemoBlaze home page
11:01:28.584 [main] INFO  pages.HomePage - BDD: Opening home page
11:01:28.584 [main] INFO  pages.HomePage - Opening DemoBlaze home page
11:01:28.584 [main] INFO  c.c.s.WebDriverThreadLocalContainer - No webdriver is bound to current thread: 1 - let's create a new webdriver
11:01:33.292 [main] INFO  c.c.s.webdriver.WebDriverFactory - Selenide 7.10.0 / Selenium 4.35.0 / chrome 140.0.7339.207 linux
11:01:34.851 [main] INFO  pages.HomePage - Home page opened successfully
  Given I navigate to the DemoBlaze home page               # stepDefinitions.HomePageSteps.i_navigate_to_the_demoblaze_home_page()
11:01:34.852 [main] INFO  stepDefinitions.ContactSteps - BDD Step: Clicking on Contact link
11:01:34.852 [main] INFO  pages.HomePage - BDD: Clicking contact link
11:01:35.149 [main] INFO  pages.HomePage - BDD: Contact link clicked successfully
  When I click on "Contact" link                            # stepDefinitions.ContactSteps.i_click_on_link(java.lang.String)
11:01:35.151 [main] INFO  stepDefinitions.ContactSteps - BDD Step: Filling contact form with specified data
11:01:35.151 [main] INFO  pages.ContactModal - Filling complete contact form for: null (invalid@email.com)
11:01:35.151 [main] INFO  pages.ContactModal - Filling contact email field with: invalid@email.com
11:01:35.958 [main] INFO  pages.ContactModal - Filling contact name field with: null
11:01:36.130 [main] INFO  pages.ContactModal - Filling message field
11:01:36.479 [main] INFO  pages.ContactModal - Contact form filled successfully for: null
  And I fill the contact form with:                         # stepDefinitions.ContactSteps.i_fill_the_contact_form_with(io.cucumber.datatable.DataTable)
    | field   | value             |
    | email   | invalid@email.com |
    | name    | [empty]           |
    | message | Valid message     |
11:01:36.480 [main] INFO  stepDefinitions.ContactSteps - BDD Step: Clicking Send message contact button
11:01:36.480 [main] INFO  pages.ContactModal - Clicking 'Send message' button
11:01:36.798 [main] INFO  pages.ContactModal - Send message button clicked successfully
  And I click "Send message" contact button                 # stepDefinitions.ContactSteps.i_click_contact_button(java.lang.String)
11:01:36.798 [main] INFO  stepDefinitions.ContactSteps - BDD Step: Verifying response for scenario: missing_name
11:01:36.798 [main] INFO  stepDefinitions.ContactSteps - Handling scenario: missing_name
  Then I should see appropriate response for "missing_name" # stepDefinitions.ContactSteps.i_should_see_appropriate_response_for(java.lang.String)
11:01:36.817 [main] INFO  hooks.Hooks - Finishing BDD scenario: Validate contact form fields - Status: PASSED
11:01:38.403 [main] INFO  hooks.Hooks - BDD test cleanup completed for scenario: Validate contact form fields
]]></system-out>
    <system-err><![CDATA[Sep 29, 2025 11:01:33 AM org.openqa.selenium.devtools.CdpVersionFinder findNearestMatch
WARNING: Unable to find an exact match for CDP version 140, returning the closest version; found: 139; Please update to a Selenium version that supports CDP version 140
]]></system-err>
  </testcase>
  <testcase name="Validate contact form fields #4" classname="DemoBlaze Contact Modal" time="5.23">
    <system-out><![CDATA[
@Contact @UI @Communication @Smoke @ContactValidation @Functional @regression
Scenario Outline: Validate contact form fields                 # src/test/resources/features/Contact.feature:45
11:01:38.425 [main] INFO  hooks.Hooks - Starting BDD scenario: Validate contact form fields
11:01:38.425 [main] INFO  hooks.Hooks - BDD test environment configured for scenario: Validate contact form fields
11:01:38.435 [main] INFO  stepDefinitions.HomePageSteps - BDD Step: Navigating to DemoBlaze home page
11:01:38.435 [main] INFO  pages.HomePage - BDD: Opening home page
11:01:38.435 [main] INFO  pages.HomePage - Opening DemoBlaze home page
11:01:38.435 [main] INFO  c.c.s.WebDriverThreadLocalContainer - No webdriver is bound to current thread: 1 - let's create a new webdriver
11:01:39.595 [main] INFO  c.c.s.webdriver.WebDriverFactory - Selenide 7.10.0 / Selenium 4.35.0 / chrome 140.0.7339.207 linux
11:01:41.123 [main] INFO  pages.HomePage - Home page opened successfully
  Given I navigate to the DemoBlaze home page                  # stepDefinitions.HomePageSteps.i_navigate_to_the_demoblaze_home_page()
11:01:41.124 [main] INFO  stepDefinitions.ContactSteps - BDD Step: Clicking on Contact link
11:01:41.124 [main] INFO  pages.HomePage - BDD: Clicking contact link
11:01:41.369 [main] INFO  pages.HomePage - BDD: Contact link clicked successfully
  When I click on "Contact" link                               # stepDefinitions.ContactSteps.i_click_on_link(java.lang.String)
11:01:41.371 [main] INFO  stepDefinitions.ContactSteps - BDD Step: Filling contact form with specified data
11:01:41.371 [main] INFO  pages.ContactModal - Filling complete contact form for: Valid Name (valid@email.com)
11:01:41.371 [main] INFO  pages.ContactModal - Filling contact email field with: valid@email.com
11:01:42.545 [main] INFO  pages.ContactModal - Filling contact name field with: Valid Name
11:01:42.815 [main] INFO  pages.ContactModal - Filling message field
11:01:42.958 [main] INFO  pages.ContactModal - Contact form filled successfully for: Valid Name
  And I fill the contact form with:                            # stepDefinitions.ContactSteps.i_fill_the_contact_form_with(io.cucumber.datatable.DataTable)
    | field   | value           |
    | email   | valid@email.com |
    | name    | Valid Name      |
    | message | [empty]         |
11:01:42.959 [main] INFO  stepDefinitions.ContactSteps - BDD Step: Clicking Send message contact button
11:01:42.959 [main] INFO  pages.ContactModal - Clicking 'Send message' button
11:01:43.289 [main] INFO  pages.ContactModal - Send message button clicked successfully
  And I click "Send message" contact button                    # stepDefinitions.ContactSteps.i_click_contact_button(java.lang.String)
11:01:43.290 [main] INFO  stepDefinitions.ContactSteps - BDD Step: Verifying response for scenario: missing_message
11:01:43.290 [main] INFO  stepDefinitions.ContactSteps - Handling scenario: missing_message
  Then I should see appropriate response for "missing_message" # stepDefinitions.ContactSteps.i_should_see_appropriate_response_for(java.lang.String)
11:01:43.332 [main] INFO  hooks.Hooks - Finishing BDD scenario: Validate contact form fields - Status: PASSED
11:01:43.637 [main] INFO  hooks.Hooks - BDD test cleanup completed for scenario: Validate contact form fields
]]></system-out>
    <system-err><![CDATA[Sep 29, 2025 11:01:39 AM org.openqa.selenium.devtools.CdpVersionFinder findNearestMatch
WARNING: Unable to find an exact match for CDP version 140, returning the closest version; found: 139; Please update to a Selenium version that supports CDP version 140
]]></system-err>
  </testcase>
  <testcase name="Reset contact form" classname="DemoBlaze Contact Modal" time="4.329">
    <system-out><![CDATA[
@Contact @UI @Communication @Smoke @ContactFormReset @UI @regression
Scenario: Reset contact form                  # src/test/resources/features/Contact.feature:48
11:01:43.659 [main] INFO  hooks.Hooks - Starting BDD scenario: Reset contact form
11:01:43.659 [main] INFO  hooks.Hooks - BDD test environment configured for scenario: Reset contact form
11:01:43.670 [main] INFO  stepDefinitions.HomePageSteps - BDD Step: Navigating to DemoBlaze home page
11:01:43.670 [main] INFO  pages.HomePage - BDD: Opening home page
11:01:43.670 [main] INFO  pages.HomePage - Opening DemoBlaze home page
11:01:43.670 [main] INFO  c.c.s.WebDriverThreadLocalContainer - No webdriver is bound to current thread: 1 - let's create a new webdriver
11:01:44.590 [main] INFO  c.c.s.webdriver.WebDriverFactory - Selenide 7.10.0 / Selenium 4.35.0 / chrome 140.0.7339.207 linux
11:01:46.202 [main] INFO  pages.HomePage - Home page opened successfully
  Given I navigate to the DemoBlaze home page # stepDefinitions.HomePageSteps.i_navigate_to_the_demoblaze_home_page()
11:01:46.202 [main] INFO  stepDefinitions.ContactSteps - BDD Step: Clicking on Contact link
11:01:46.203 [main] INFO  pages.HomePage - BDD: Clicking contact link
11:01:46.333 [main] INFO  pages.HomePage - BDD: Contact link clicked successfully
  When I click on "Contact" link              # stepDefinitions.ContactSteps.i_click_on_link(java.lang.String)
11:01:46.334 [main] INFO  stepDefinitions.ContactSteps - BDD Step: Filling contact form with test data
11:01:46.334 [main] INFO  pages.ContactModal - Filling complete contact form for: Test User (test@example.com)
11:01:46.335 [main] INFO  pages.ContactModal - Filling contact email field with: test@example.com
11:01:46.861 [main] INFO  pages.ContactModal - Filling contact name field with: Test User
11:01:47.010 [main] INFO  pages.ContactModal - Filling message field
11:01:47.181 [main] INFO  pages.ContactModal - Contact form filled successfully for: Test User
  And I fill the contact form with test data  # stepDefinitions.ContactSteps.i_fill_the_contact_form_with_test_data()
11:01:47.182 [main] INFO  stepDefinitions.ContactSteps - BDD Step: Closing contact modal
11:01:47.182 [main] INFO  pages.ContactModal - BDD: Closing contact modal
11:01:47.182 [main] INFO  pages.ContactModal - Clicking 'Close' button to close contact modal
11:01:47.413 [main] INFO  pages.ContactModal - Contact modal closed successfully
  And I close the contact modal               # stepDefinitions.ContactSteps.i_close_the_contact_modal()
11:01:47.414 [main] INFO  stepDefinitions.ContactSteps - BDD Step: Clicking on Contact link again
11:01:47.415 [main] INFO  stepDefinitions.ContactSteps - BDD Step: Clicking on Contact link
11:01:47.415 [main] INFO  pages.HomePage - BDD: Clicking contact link
11:01:47.814 [main] INFO  pages.HomePage - BDD: Contact link clicked successfully
  And I click on "Contact" link again         # stepDefinitions.ContactSteps.i_click_on_link_again(java.lang.String)
11:01:47.815 [main] INFO  stepDefinitions.ContactSteps - BDD Step: Verifying contact form is empty
  Then the contact form should be empty       # stepDefinitions.ContactSteps.the_contact_form_should_be_empty()
11:01:47.816 [main] INFO  hooks.Hooks - Finishing BDD scenario: Reset contact form - Status: PASSED
11:01:47.970 [main] INFO  hooks.Hooks - BDD test cleanup completed for scenario: Reset contact form
]]></system-out>
    <system-err><![CDATA[Sep 29, 2025 11:01:44 AM org.openqa.selenium.devtools.CdpVersionFinder findNearestMatch
WARNING: Unable to find an exact match for CDP version 140, returning the closest version; found: 139; Please update to a Selenium version that supports CDP version 140
]]></system-err>
  </testcase>
  <testcase name="Contact form data persistence during session" classname="DemoBlaze Contact Modal" time="2.304">
    <system-out><![CDATA[
@Contact @UI @Communication @Smoke @ContactFormPersistence @Edge @regression
Scenario: Contact form data persistence during session # src/test/resources/features/Contact.feature:56
11:01:47.980 [main] INFO  hooks.Hooks - Starting BDD scenario: Contact form data persistence during session
11:01:47.980 [main] INFO  hooks.Hooks - BDD test environment configured for scenario: Contact form data persistence during session
11:01:47.981 [main] INFO  stepDefinitions.HomePageSteps - BDD Step: Navigating to DemoBlaze home page
11:01:47.981 [main] INFO  pages.HomePage - BDD: Opening home page
11:01:47.981 [main] INFO  pages.HomePage - Opening DemoBlaze home page
11:01:47.981 [main] INFO  c.c.s.WebDriverThreadLocalContainer - No webdriver is bound to current thread: 1 - let's create a new webdriver
11:01:48.373 [main] INFO  c.c.s.webdriver.WebDriverFactory - Selenide 7.10.0 / Selenium 4.35.0 / chrome 140.0.7339.207 linux
11:01:48.626 [main] INFO  pages.HomePage - Home page opened successfully
  Given I navigate to the DemoBlaze home page          # stepDefinitions.HomePageSteps.i_navigate_to_the_demoblaze_home_page()
11:01:48.627 [main] INFO  stepDefinitions.ContactSteps - BDD Step: Clicking on Contact link
11:01:48.627 [main] INFO  pages.HomePage - BDD: Clicking contact link
11:01:48.859 [main] INFO  pages.HomePage - BDD: Contact link clicked successfully
  When I click on "Contact" link                       # stepDefinitions.ContactSteps.i_click_on_link(java.lang.String)
11:01:48.861 [main] INFO  stepDefinitions.ContactSteps - BDD Step: Filling contact form partially
11:01:48.862 [main] INFO  pages.ContactModal - Filling contact email field with: partial@test.com
11:01:49.471 [main] INFO  pages.ContactModal - Filling contact name field with: Partial User
  And I fill the contact form partially                # stepDefinitions.ContactSteps.i_fill_the_contact_form_partially()
11:01:49.625 [main] INFO  stepDefinitions.ContactSteps - BDD Step: Closing contact modal without sending
11:01:49.625 [main] INFO  pages.ContactModal - BDD: Closing contact modal
11:01:49.625 [main] INFO  pages.ContactModal - Clicking 'Close' button to close contact modal
11:01:49.734 [main] INFO  pages.ContactModal - Contact modal closed successfully
  And I close the contact modal without sending        # stepDefinitions.ContactSteps.i_close_the_contact_modal_without_sending()
11:01:49.734 [main] INFO  stepDefinitions.ContactSteps - BDD Step: Clicking on Contact link again
11:01:49.734 [main] INFO  stepDefinitions.ContactSteps - BDD Step: Clicking on Contact link
11:01:49.734 [main] INFO  pages.HomePage - BDD: Clicking contact link
11:01:50.141 [main] INFO  pages.HomePage - BDD: Contact link clicked successfully
  And I click on "Contact" link again                  # stepDefinitions.ContactSteps.i_click_on_link_again(java.lang.String)
11:01:50.142 [main] INFO  stepDefinitions.ContactSteps - BDD Step: Verifying form data is cleared
  Then the form data should be cleared                 # stepDefinitions.ContactSteps.the_form_data_should_be_cleared()
11:01:50.143 [main] INFO  hooks.Hooks - Finishing BDD scenario: Contact form data persistence during session - Status: PASSED
11:01:50.274 [main] INFO  hooks.Hooks - BDD test cleanup completed for scenario: Contact form data persistence during session
]]></system-out>
    <system-err><![CDATA[Sep 29, 2025 11:01:48 AM org.openqa.selenium.devtools.CdpVersionFinder findNearestMatch
WARNING: Unable to find an exact match for CDP version 140, returning the closest version; found: 139; Please update to a Selenium version that supports CDP version 140
]]></system-err>
  </testcase>
  <testcase name="Verify navigation bar elements are visible" classname="DemoBlaze Home Page" time="1.948">
    <system-out><![CDATA[
@HomePage @UI @Navigation @Smoke
Scenario: Verify navigation bar elements are visible     # src/test/resources/features/HomePage.feature:11
11:01:50.299 [main] INFO  hooks.Hooks - Starting BDD scenario: Verify navigation bar elements are visible
11:01:50.299 [main] INFO  hooks.Hooks - BDD test environment configured for scenario: Verify navigation bar elements are visible
11:01:50.300 [main] INFO  stepDefinitions.HomePageSteps - BDD Step: Navigating to DemoBlaze home page
11:01:50.300 [main] INFO  pages.HomePage - BDD: Opening home page
11:01:50.300 [main] INFO  pages.HomePage - Opening DemoBlaze home page
11:01:50.300 [main] INFO  c.c.s.WebDriverThreadLocalContainer - No webdriver is bound to current thread: 1 - let's create a new webdriver
11:01:50.734 [main] INFO  c.c.s.webdriver.WebDriverFactory - Selenide 7.10.0 / Selenium 4.35.0 / chrome 140.0.7339.207 linux
11:01:51.619 [main] INFO  pages.HomePage - Home page opened successfully
  Given I navigate to the DemoBlaze home page            # stepDefinitions.HomePageSteps.i_navigate_to_the_demoblaze_home_page()
11:01:51.621 [main] INFO  stepDefinitions.HomePageSteps - BDD Step: Viewing home page content
  When I view the home page                              # stepDefinitions.HomePageSteps.i_view_the_home_page()
11:01:51.622 [main] INFO  stepDefinitions.HomePageSteps - BDD Step: Verifying navigation bar elements
11:01:51.622 [main] INFO  pages.HomePage - Verifying navigation elements are visible
11:01:52.100 [main] INFO  pages.HomePage - All navigation elements verified successfully
  Then I should see the navigation bar with all elements # stepDefinitions.HomePageSteps.i_should_see_the_navigation_bar_with_all_elements()
11:01:52.101 [main] INFO  stepDefinitions.HomePageSteps - BDD Step: Verifying Home link is visible
  And the "Home" link should be visible                  # stepDefinitions.HomePageSteps.the_link_should_be_visible(java.lang.String)
11:01:52.101 [main] INFO  stepDefinitions.HomePageSteps - BDD Step: Verifying Contact link is visible
  And the "Contact" link should be visible               # stepDefinitions.HomePageSteps.the_link_should_be_visible(java.lang.String)
11:01:52.103 [main] INFO  stepDefinitions.HomePageSteps - BDD Step: Verifying About us link is visible
  And the "About us" link should be visible              # stepDefinitions.HomePageSteps.the_link_should_be_visible(java.lang.String)
11:01:52.104 [main] INFO  stepDefinitions.HomePageSteps - BDD Step: Verifying Cart link is visible
  And the "Cart" link should be visible                  # stepDefinitions.HomePageSteps.the_link_should_be_visible(java.lang.String)
11:01:52.105 [main] INFO  stepDefinitions.HomePageSteps - BDD Step: Verifying Log in link is visible
  And the "Log in" link should be visible                # stepDefinitions.HomePageSteps.the_link_should_be_visible(java.lang.String)
11:01:52.105 [main] INFO  stepDefinitions.HomePageSteps - BDD Step: Verifying Sign up link is visible
  And the "Sign up" link should be visible               # stepDefinitions.HomePageSteps.the_link_should_be_visible(java.lang.String)
11:01:52.106 [main] INFO  hooks.Hooks - Finishing BDD scenario: Verify navigation bar elements are visible - Status: PASSED
11:01:52.232 [main] INFO  hooks.Hooks - BDD test cleanup completed for scenario: Verify navigation bar elements are visible
]]></system-out>
    <system-err><![CDATA[Sep 29, 2025 11:01:50 AM org.openqa.selenium.devtools.CdpVersionFinder findNearestMatch
WARNING: Unable to find an exact match for CDP version 140, returning the closest version; found: 139; Please update to a Selenium version that supports CDP version 140
]]></system-err>
  </testcase>
  <testcase name="Verify product categories section" classname="DemoBlaze Home Page" time="1.212">
    <system-out><![CDATA[
@HomePage @UI @Categories @Smoke
Scenario: Verify product categories section   # src/test/resources/features/HomePage.feature:22
11:01:52.240 [main] INFO  hooks.Hooks - Starting BDD scenario: Verify product categories section
11:01:52.240 [main] INFO  hooks.Hooks - BDD test environment configured for scenario: Verify product categories section
11:01:52.241 [main] INFO  stepDefinitions.HomePageSteps - BDD Step: Navigating to DemoBlaze home page
11:01:52.241 [main] INFO  pages.HomePage - BDD: Opening home page
11:01:52.241 [main] INFO  pages.HomePage - Opening DemoBlaze home page
11:01:52.241 [main] INFO  c.c.s.WebDriverThreadLocalContainer - No webdriver is bound to current thread: 1 - let's create a new webdriver
11:01:52.692 [main] INFO  c.c.s.webdriver.WebDriverFactory - Selenide 7.10.0 / Selenium 4.35.0 / chrome 140.0.7339.207 linux
11:01:52.892 [main] INFO  pages.HomePage - Home page opened successfully
  Given I navigate to the DemoBlaze home page # stepDefinitions.HomePageSteps.i_navigate_to_the_demoblaze_home_page()
11:01:52.893 [main] INFO  stepDefinitions.HomePageSteps - BDD Step: Viewing home page content
  When I view the home page                   # stepDefinitions.HomePageSteps.i_view_the_home_page()
11:01:52.895 [main] INFO  stepDefinitions.HomePageSteps - BDD Step: Verifying categories section
11:01:52.895 [main] INFO  pages.HomePage - Verifying categories section
11:01:53.295 [main] INFO  pages.HomePage - Categories section verified successfully
  Then I should see the categories section    # stepDefinitions.HomePageSteps.i_should_see_the_categories_section()
11:01:53.296 [main] INFO  stepDefinitions.HomePageSteps - BDD Step: Verifying CATEGORIES header
  And I should see "CATEGORIES" header        # stepDefinitions.HomePageSteps.i_should_see_header(java.lang.String)
11:01:53.297 [main] INFO  stepDefinitions.HomePageSteps - BDD Step: Verifying Phones category
  And I should see "Phones" category          # stepDefinitions.HomePageSteps.i_should_see_category(java.lang.String)
11:01:53.297 [main] INFO  stepDefinitions.HomePageSteps - BDD Step: Verifying Laptops category
  And I should see "Laptops" category         # stepDefinitions.HomePageSteps.i_should_see_category(java.lang.String)
11:01:53.298 [main] INFO  stepDefinitions.HomePageSteps - BDD Step: Verifying Monitors category
  And I should see "Monitors" category        # stepDefinitions.HomePageSteps.i_should_see_category(java.lang.String)
11:01:53.298 [main] INFO  hooks.Hooks - Finishing BDD scenario: Verify product categories section - Status: PASSED
11:01:53.444 [main] INFO  hooks.Hooks - BDD test cleanup completed for scenario: Verify product categories section
]]></system-out>
    <system-err><![CDATA[Sep 29, 2025 11:01:52 AM org.openqa.selenium.devtools.CdpVersionFinder findNearestMatch
WARNING: Unable to find an exact match for CDP version 140, returning the closest version; found: 139; Please update to a Selenium version that supports CDP version 140
]]></system-err>
  </testcase>
  <testcase name="Verify product listings on home page #1" classname="DemoBlaze Home Page" time="1.771">
    <system-out><![CDATA[
@HomePage @UI @Products @regression
Scenario Outline: Verify product listings on home page           # src/test/resources/features/HomePage.feature:43
11:01:53.461 [main] INFO  hooks.Hooks - Starting BDD scenario: Verify product listings on home page
11:01:53.462 [main] INFO  hooks.Hooks - BDD test environment configured for scenario: Verify product listings on home page
11:01:53.462 [main] INFO  stepDefinitions.HomePageSteps - BDD Step: Navigating to DemoBlaze home page
11:01:53.463 [main] INFO  pages.HomePage - BDD: Opening home page
11:01:53.463 [main] INFO  pages.HomePage - Opening DemoBlaze home page
11:01:53.463 [main] INFO  c.c.s.WebDriverThreadLocalContainer - No webdriver is bound to current thread: 1 - let's create a new webdriver
11:01:53.870 [main] INFO  c.c.s.webdriver.WebDriverFactory - Selenide 7.10.0 / Selenium 4.35.0 / chrome 140.0.7339.207 linux
11:01:54.048 [main] INFO  pages.HomePage - Home page opened successfully
  Given I navigate to the DemoBlaze home page                    # stepDefinitions.HomePageSteps.i_navigate_to_the_demoblaze_home_page()
11:01:54.049 [main] INFO  stepDefinitions.HomePageSteps - BDD Step: Viewing home page content
  When I view the home page                                      # stepDefinitions.HomePageSteps.i_view_the_home_page()
11:01:54.049 [main] INFO  stepDefinitions.HomePageSteps - BDD Step: Verifying product listings
  Then I should see product listings                             # stepDefinitions.HomePageSteps.i_should_see_product_listings()
11:01:54.051 [main] INFO  stepDefinitions.HomePageSteps - BDD Step: Verifying product Samsung galaxy s6 with price $360
11:01:54.051 [main] INFO  pages.HomePage - BDD: Verifying product details for: Samsung galaxy s6 with price: $360
11:01:54.846 [main] INFO  pages.HomePage - BDD: Product details verified successfully for: Samsung galaxy s6
  And I should see "Samsung galaxy s6" product with price "$360" # stepDefinitions.HomePageSteps.i_should_see_product_with_price(java.lang.String,java.lang.String)
11:01:54.846 [main] INFO  stepDefinitions.HomePageSteps - BDD Step: Verifying product Samsung galaxy s6 with price $360
11:01:54.846 [main] INFO  pages.HomePage - BDD: Verifying product details for: Samsung galaxy s6 with price: $360
11:01:54.891 [main] INFO  pages.HomePage - BDD: Product details verified successfully for: Samsung galaxy s6
  And I should see "Samsung galaxy s6" product with price "$360" # stepDefinitions.HomePageSteps.i_should_see_product_with_price(java.lang.String,java.lang.String)
11:01:54.892 [main] INFO  stepDefinitions.HomePageSteps - BDD Step: Verifying product Samsung galaxy s6 with price $360
11:01:54.892 [main] INFO  pages.HomePage - BDD: Verifying product details for: Samsung galaxy s6 with price: $360
11:01:54.944 [main] INFO  pages.HomePage - BDD: Product details verified successfully for: Samsung galaxy s6
  And I should see "Samsung galaxy s6" product with price "$360" # stepDefinitions.HomePageSteps.i_should_see_product_with_price(java.lang.String,java.lang.String)
11:01:54.945 [main] INFO  stepDefinitions.HomePageSteps - BDD Step: Verifying product Samsung galaxy s6 with price $360
11:01:54.945 [main] INFO  pages.HomePage - BDD: Verifying product details for: Samsung galaxy s6 with price: $360
11:01:54.994 [main] INFO  pages.HomePage - BDD: Product details verified successfully for: Samsung galaxy s6
  And I should see "Samsung galaxy s6" product with price "$360" # stepDefinitions.HomePageSteps.i_should_see_product_with_price(java.lang.String,java.lang.String)
11:01:54.995 [main] INFO  stepDefinitions.HomePageSteps - BDD Step: Verifying product Samsung galaxy s6 with price $360
11:01:54.995 [main] INFO  pages.HomePage - BDD: Verifying product details for: Samsung galaxy s6 with price: $360
11:01:55.043 [main] INFO  pages.HomePage - BDD: Product details verified successfully for: Samsung galaxy s6
  And I should see "Samsung galaxy s6" product with price "$360" # stepDefinitions.HomePageSteps.i_should_see_product_with_price(java.lang.String,java.lang.String)
11:01:55.045 [main] INFO  stepDefinitions.HomePageSteps - BDD Step: Verifying product Samsung galaxy s6 with price $360
11:01:55.045 [main] INFO  pages.HomePage - BDD: Verifying product details for: Samsung galaxy s6 with price: $360
11:01:55.092 [main] INFO  pages.HomePage - BDD: Product details verified successfully for: Samsung galaxy s6
  And I should see "Samsung galaxy s6" product with price "$360" # stepDefinitions.HomePageSteps.i_should_see_product_with_price(java.lang.String,java.lang.String)
11:01:55.094 [main] INFO  hooks.Hooks - Finishing BDD scenario: Verify product listings on home page - Status: PASSED
11:01:55.220 [main] INFO  hooks.Hooks - BDD test cleanup completed for scenario: Verify product listings on home page
]]></system-out>
    <system-err><![CDATA[Sep 29, 2025 11:01:53 AM org.openqa.selenium.devtools.CdpVersionFinder findNearestMatch
WARNING: Unable to find an exact match for CDP version 140, returning the closest version; found: 139; Please update to a Selenium version that supports CDP version 140
]]></system-err>
  </testcase>
  <testcase name="Verify product listings on home page #2" classname="DemoBlaze Home Page" time="3.027">
    <system-out><![CDATA[
@HomePage @UI @Products @regression
Scenario Outline: Verify product listings on home page # src/test/resources/features/HomePage.feature:44
11:01:55.229 [main] INFO  hooks.Hooks - Starting BDD scenario: Verify product listings on home page
11:01:55.229 [main] INFO  hooks.Hooks - BDD test environment configured for scenario: Verify product listings on home page
11:01:55.231 [main] INFO  stepDefinitions.HomePageSteps - BDD Step: Navigating to DemoBlaze home page
11:01:55.231 [main] INFO  pages.HomePage - BDD: Opening home page
11:01:55.231 [main] INFO  pages.HomePage - Opening DemoBlaze home page
11:01:55.231 [main] INFO  c.c.s.WebDriverThreadLocalContainer - No webdriver is bound to current thread: 1 - let's create a new webdriver
11:01:55.892 [main] INFO  c.c.s.webdriver.WebDriverFactory - Selenide 7.10.0 / Selenium 4.35.0 / chrome 140.0.7339.207 linux
11:01:57.297 [main] INFO  pages.HomePage - Home page opened successfully
  Given I navigate to the DemoBlaze home page          # stepDefinitions.HomePageSteps.i_navigate_to_the_demoblaze_home_page()
11:01:57.298 [main] INFO  stepDefinitions.HomePageSteps - BDD Step: Viewing home page content
  When I view the home page                            # stepDefinitions.HomePageSteps.i_view_the_home_page()
11:01:57.298 [main] INFO  stepDefinitions.HomePageSteps - BDD Step: Verifying product listings
  Then I should see product listings                   # stepDefinitions.HomePageSteps.i_should_see_product_listings()
11:01:57.299 [main] INFO  stepDefinitions.HomePageSteps - BDD Step: Verifying product Nexus 6 with price $650
11:01:57.299 [main] INFO  pages.HomePage - BDD: Verifying product details for: Nexus 6 with price: $650
11:01:57.824 [main] INFO  pages.HomePage - BDD: Product details verified successfully for: Nexus 6
  And I should see "Nexus 6" product with price "$650" # stepDefinitions.HomePageSteps.i_should_see_product_with_price(java.lang.String,java.lang.String)
11:01:57.825 [main] INFO  stepDefinitions.HomePageSteps - BDD Step: Verifying product Nexus 6 with price $650
11:01:57.825 [main] INFO  pages.HomePage - BDD: Verifying product details for: Nexus 6 with price: $650
11:01:57.873 [main] INFO  pages.HomePage - BDD: Product details verified successfully for: Nexus 6
  And I should see "Nexus 6" product with price "$650" # stepDefinitions.HomePageSteps.i_should_see_product_with_price(java.lang.String,java.lang.String)
11:01:57.874 [main] INFO  stepDefinitions.HomePageSteps - BDD Step: Verifying product Nexus 6 with price $650
11:01:57.874 [main] INFO  pages.HomePage - BDD: Verifying product details for: Nexus 6 with price: $650
11:01:57.927 [main] INFO  pages.HomePage - BDD: Product details verified successfully for: Nexus 6
  And I should see "Nexus 6" product with price "$650" # stepDefinitions.HomePageSteps.i_should_see_product_with_price(java.lang.String,java.lang.String)
11:01:57.928 [main] INFO  stepDefinitions.HomePageSteps - BDD Step: Verifying product Nexus 6 with price $650
11:01:57.928 [main] INFO  pages.HomePage - BDD: Verifying product details for: Nexus 6 with price: $650
11:01:58.003 [main] INFO  pages.HomePage - BDD: Product details verified successfully for: Nexus 6
  And I should see "Nexus 6" product with price "$650" # stepDefinitions.HomePageSteps.i_should_see_product_with_price(java.lang.String,java.lang.String)
11:01:58.004 [main] INFO  stepDefinitions.HomePageSteps - BDD Step: Verifying product Nexus 6 with price $650
11:01:58.004 [main] INFO  pages.HomePage - BDD: Verifying product details for: Nexus 6 with price: $650
11:01:58.056 [main] INFO  pages.HomePage - BDD: Product details verified successfully for: Nexus 6
  And I should see "Nexus 6" product with price "$650" # stepDefinitions.HomePageSteps.i_should_see_product_with_price(java.lang.String,java.lang.String)
11:01:58.057 [main] INFO  stepDefinitions.HomePageSteps - BDD Step: Verifying product Nexus 6 with price $650
11:01:58.057 [main] INFO  pages.HomePage - BDD: Verifying product details for: Nexus 6 with price: $650
11:01:58.116 [main] INFO  pages.HomePage - BDD: Product details verified successfully for: Nexus 6
  And I should see "Nexus 6" product with price "$650" # stepDefinitions.HomePageSteps.i_should_see_product_with_price(java.lang.String,java.lang.String)
11:01:58.117 [main] INFO  hooks.Hooks - Finishing BDD scenario: Verify product listings on home page - Status: PASSED
11:01:58.247 [main] INFO  hooks.Hooks - BDD test cleanup completed for scenario: Verify product listings on home page
]]></system-out>
    <system-err><![CDATA[Sep 29, 2025 11:01:55 AM org.openqa.selenium.devtools.CdpVersionFinder findNearestMatch
WARNING: Unable to find an exact match for CDP version 140, returning the closest version; found: 139; Please update to a Selenium version that supports CDP version 140
]]></system-err>
  </testcase>
  <testcase name="Verify product listings on home page #3" classname="DemoBlaze Home Page" time="1.986">
    <system-out><![CDATA[
@HomePage @UI @Products @regression
Scenario Outline: Verify product listings on home page           # src/test/resources/features/HomePage.feature:45
11:01:58.269 [main] INFO  hooks.Hooks - Starting BDD scenario: Verify product listings on home page
11:01:58.269 [main] INFO  hooks.Hooks - BDD test environment configured for scenario: Verify product listings on home page
11:01:58.270 [main] INFO  stepDefinitions.HomePageSteps - BDD Step: Navigating to DemoBlaze home page
11:01:58.270 [main] INFO  pages.HomePage - BDD: Opening home page
11:01:58.271 [main] INFO  pages.HomePage - Opening DemoBlaze home page
11:01:58.271 [main] INFO  c.c.s.WebDriverThreadLocalContainer - No webdriver is bound to current thread: 1 - let's create a new webdriver
11:01:58.843 [main] INFO  c.c.s.webdriver.WebDriverFactory - Selenide 7.10.0 / Selenium 4.35.0 / chrome 140.0.7339.207 linux
11:01:59.096 [main] INFO  pages.HomePage - Home page opened successfully
  Given I navigate to the DemoBlaze home page                    # stepDefinitions.HomePageSteps.i_navigate_to_the_demoblaze_home_page()
11:01:59.096 [main] INFO  stepDefinitions.HomePageSteps - BDD Step: Viewing home page content
  When I view the home page                                      # stepDefinitions.HomePageSteps.i_view_the_home_page()
11:01:59.097 [main] INFO  stepDefinitions.HomePageSteps - BDD Step: Verifying product listings
  Then I should see product listings                             # stepDefinitions.HomePageSteps.i_should_see_product_listings()
11:01:59.098 [main] INFO  stepDefinitions.HomePageSteps - BDD Step: Verifying product Samsung galaxy s7 with price $800
11:01:59.098 [main] INFO  pages.HomePage - BDD: Verifying product details for: Samsung galaxy s7 with price: $800
11:01:59.901 [main] INFO  pages.HomePage - BDD: Product details verified successfully for: Samsung galaxy s7
  And I should see "Samsung galaxy s7" product with price "$800" # stepDefinitions.HomePageSteps.i_should_see_product_with_price(java.lang.String,java.lang.String)
11:01:59.902 [main] INFO  stepDefinitions.HomePageSteps - BDD Step: Verifying product Samsung galaxy s7 with price $800
11:01:59.902 [main] INFO  pages.HomePage - BDD: Verifying product details for: Samsung galaxy s7 with price: $800
11:01:59.945 [main] INFO  pages.HomePage - BDD: Product details verified successfully for: Samsung galaxy s7
  And I should see "Samsung galaxy s7" product with price "$800" # stepDefinitions.HomePageSteps.i_should_see_product_with_price(java.lang.String,java.lang.String)
11:01:59.945 [main] INFO  stepDefinitions.HomePageSteps - BDD Step: Verifying product Samsung galaxy s7 with price $800
11:01:59.946 [main] INFO  pages.HomePage - BDD: Verifying product details for: Samsung galaxy s7 with price: $800
11:01:59.986 [main] INFO  pages.HomePage - BDD: Product details verified successfully for: Samsung galaxy s7
  And I should see "Samsung galaxy s7" product with price "$800" # stepDefinitions.HomePageSteps.i_should_see_product_with_price(java.lang.String,java.lang.String)
11:01:59.987 [main] INFO  stepDefinitions.HomePageSteps - BDD Step: Verifying product Samsung galaxy s7 with price $800
11:01:59.987 [main] INFO  pages.HomePage - BDD: Verifying product details for: Samsung galaxy s7 with price: $800
11:02:00.031 [main] INFO  pages.HomePage - BDD: Product details verified successfully for: Samsung galaxy s7
  And I should see "Samsung galaxy s7" product with price "$800" # stepDefinitions.HomePageSteps.i_should_see_product_with_price(java.lang.String,java.lang.String)
11:02:00.031 [main] INFO  stepDefinitions.HomePageSteps - BDD Step: Verifying product Samsung galaxy s7 with price $800
11:02:00.032 [main] INFO  pages.HomePage - BDD: Verifying product details for: Samsung galaxy s7 with price: $800
11:02:00.079 [main] INFO  pages.HomePage - BDD: Product details verified successfully for: Samsung galaxy s7
  And I should see "Samsung galaxy s7" product with price "$800" # stepDefinitions.HomePageSteps.i_should_see_product_with_price(java.lang.String,java.lang.String)
11:02:00.080 [main] INFO  stepDefinitions.HomePageSteps - BDD Step: Verifying product Samsung galaxy s7 with price $800
11:02:00.080 [main] INFO  pages.HomePage - BDD: Verifying product details for: Samsung galaxy s7 with price: $800
11:02:00.115 [main] INFO  pages.HomePage - BDD: Product details verified successfully for: Samsung galaxy s7
  And I should see "Samsung galaxy s7" product with price "$800" # stepDefinitions.HomePageSteps.i_should_see_product_with_price(java.lang.String,java.lang.String)
11:02:00.117 [main] INFO  hooks.Hooks - Finishing BDD scenario: Verify product listings on home page - Status: PASSED
11:02:00.244 [main] INFO  hooks.Hooks - BDD test cleanup completed for scenario: Verify product listings on home page
]]></system-out>
    <system-err><![CDATA[Sep 29, 2025 11:01:58 AM org.openqa.selenium.devtools.CdpVersionFinder findNearestMatch
WARNING: Unable to find an exact match for CDP version 140, returning the closest version; found: 139; Please update to a Selenium version that supports CDP version 140
]]></system-err>
  </testcase>
  <testcase name="Verify product listings on home page #4" classname="DemoBlaze Home Page" time="0.964">
    <system-out><![CDATA[
@HomePage @UI @Products @regression
Scenario Outline: Verify product listings on home page       # src/test/resources/features/HomePage.feature:46
11:02:00.256 [main] INFO  hooks.Hooks - Starting BDD scenario: Verify product listings on home page
11:02:00.256 [main] INFO  hooks.Hooks - BDD test environment configured for scenario: Verify product listings on home page
11:02:00.258 [main] INFO  stepDefinitions.HomePageSteps - BDD Step: Navigating to DemoBlaze home page
11:02:00.258 [main] INFO  pages.HomePage - BDD: Opening home page
11:02:00.258 [main] INFO  pages.HomePage - Opening DemoBlaze home page
11:02:00.258 [main] INFO  c.c.s.WebDriverThreadLocalContainer - No webdriver is bound to current thread: 1 - let's create a new webdriver
11:02:00.748 [main] INFO  c.c.s.webdriver.WebDriverFactory - Selenide 7.10.0 / Selenium 4.35.0 / chrome 140.0.7339.207 linux
11:02:00.993 [main] INFO  pages.HomePage - Home page opened successfully
  Given I navigate to the DemoBlaze home page                # stepDefinitions.HomePageSteps.i_navigate_to_the_demoblaze_home_page()
11:02:00.994 [main] INFO  stepDefinitions.HomePageSteps - BDD Step: Viewing home page content
  When I view the home page                                  # stepDefinitions.HomePageSteps.i_view_the_home_page()
11:02:00.995 [main] INFO  stepDefinitions.HomePageSteps - BDD Step: Verifying product listings
  Then I should see product listings                         # stepDefinitions.HomePageSteps.i_should_see_product_listings()
11:02:00.996 [main] INFO  stepDefinitions.HomePageSteps - BDD Step: Verifying product Iphone 6 32gb with price $790
11:02:00.996 [main] INFO  pages.HomePage - BDD: Verifying product details for: Iphone 6 32gb with price: $790
11:02:01.882 [main] INFO  pages.HomePage - BDD: Product details verified successfully for: Iphone 6 32gb
  And I should see "Iphone 6 32gb" product with price "$790" # stepDefinitions.HomePageSteps.i_should_see_product_with_price(java.lang.String,java.lang.String)
11:02:01.882 [main] INFO  stepDefinitions.HomePageSteps - BDD Step: Verifying product Iphone 6 32gb with price $790
11:02:01.882 [main] INFO  pages.HomePage - BDD: Verifying product details for: Iphone 6 32gb with price: $790
11:02:01.925 [main] INFO  pages.HomePage - BDD: Product details verified successfully for: Iphone 6 32gb
  And I should see "Iphone 6 32gb" product with price "$790" # stepDefinitions.HomePageSteps.i_should_see_product_with_price(java.lang.String,java.lang.String)
11:02:01.925 [main] INFO  stepDefinitions.HomePageSteps - BDD Step: Verifying product Iphone 6 32gb with price $790
11:02:01.925 [main] INFO  pages.HomePage - BDD: Verifying product details for: Iphone 6 32gb with price: $790
11:02:01.965 [main] INFO  pages.HomePage - BDD: Product details verified successfully for: Iphone 6 32gb
  And I should see "Iphone 6 32gb" product with price "$790" # stepDefinitions.HomePageSteps.i_should_see_product_with_price(java.lang.String,java.lang.String)
11:02:01.966 [main] INFO  stepDefinitions.HomePageSteps - BDD Step: Verifying product Iphone 6 32gb with price $790
11:02:01.966 [main] INFO  pages.HomePage - BDD: Verifying product details for: Iphone 6 32gb with price: $790
11:02:02.011 [main] INFO  pages.HomePage - BDD: Product details verified successfully for: Iphone 6 32gb
  And I should see "Iphone 6 32gb" product with price "$790" # stepDefinitions.HomePageSteps.i_should_see_product_with_price(java.lang.String,java.lang.String)
11:02:02.012 [main] INFO  stepDefinitions.HomePageSteps - BDD Step: Verifying product Iphone 6 32gb with price $790
11:02:02.012 [main] INFO  pages.HomePage - BDD: Verifying product details for: Iphone 6 32gb with price: $790
11:02:02.064 [main] INFO  pages.HomePage - BDD: Product details verified successfully for: Iphone 6 32gb
  And I should see "Iphone 6 32gb" product with price "$790" # stepDefinitions.HomePageSteps.i_should_see_product_with_price(java.lang.String,java.lang.String)
11:02:02.065 [main] INFO  stepDefinitions.HomePageSteps - BDD Step: Verifying product Iphone 6 32gb with price $790
11:02:02.065 [main] INFO  pages.HomePage - BDD: Verifying product details for: Iphone 6 32gb with price: $790
11:02:02.111 [main] INFO  pages.HomePage - BDD: Product details verified successfully for: Iphone 6 32gb
  And I should see "Iphone 6 32gb" product with price "$790" # stepDefinitions.HomePageSteps.i_should_see_product_with_price(java.lang.String,java.lang.String)
11:02:02.112 [main] INFO  hooks.Hooks - Finishing BDD scenario: Verify product listings on home page - Status: PASSED
11:02:01.212 [main] INFO  hooks.Hooks - BDD test cleanup completed for scenario: Verify product listings on home page
]]></system-out>
    <system-err><![CDATA[Sep 29, 2025 11:02:00 AM org.openqa.selenium.devtools.CdpVersionFinder findNearestMatch
WARNING: Unable to find an exact match for CDP version 140, returning the closest version; found: 139; Please update to a Selenium version that supports CDP version 140
]]></system-err>
  </testcase>
  <testcase name="Verify product listings on home page #5" classname="DemoBlaze Home Page" time="6.502">
    <system-out><![CDATA[
@HomePage @UI @Products @regression
Scenario Outline: Verify product listings on home page        # src/test/resources/features/HomePage.feature:47
11:02:01.224 [main] INFO  hooks.Hooks - Starting BDD scenario: Verify product listings on home page
11:02:01.224 [main] INFO  hooks.Hooks - BDD test environment configured for scenario: Verify product listings on home page
11:02:01.225 [main] INFO  stepDefinitions.HomePageSteps - BDD Step: Navigating to DemoBlaze home page
11:02:01.225 [main] INFO  pages.HomePage - BDD: Opening home page
11:02:01.225 [main] INFO  pages.HomePage - Opening DemoBlaze home page
11:02:01.225 [main] INFO  c.c.s.WebDriverThreadLocalContainer - No webdriver is bound to current thread: 1 - let's create a new webdriver
11:02:05.429 [main] INFO  c.c.s.webdriver.WebDriverFactory - Selenide 7.10.0 / Selenium 4.35.0 / chrome 140.0.7339.207 linux
11:02:06.253 [main] INFO  pages.HomePage - Home page opened successfully
  Given I navigate to the DemoBlaze home page                 # stepDefinitions.HomePageSteps.i_navigate_to_the_demoblaze_home_page()
11:02:06.254 [main] INFO  stepDefinitions.HomePageSteps - BDD Step: Viewing home page content
  When I view the home page                                   # stepDefinitions.HomePageSteps.i_view_the_home_page()
11:02:06.255 [main] INFO  stepDefinitions.HomePageSteps - BDD Step: Verifying product listings
  Then I should see product listings                          # stepDefinitions.HomePageSteps.i_should_see_product_listings()
11:02:06.256 [main] INFO  stepDefinitions.HomePageSteps - BDD Step: Verifying product Sony xperia z5 with price $320
11:02:06.256 [main] INFO  pages.HomePage - BDD: Verifying product details for: Sony xperia z5 with price: $320
11:02:07.304 [main] INFO  pages.HomePage - BDD: Product details verified successfully for: Sony xperia z5
  And I should see "Sony xperia z5" product with price "$320" # stepDefinitions.HomePageSteps.i_should_see_product_with_price(java.lang.String,java.lang.String)
11:02:07.305 [main] INFO  stepDefinitions.HomePageSteps - BDD Step: Verifying product Sony xperia z5 with price $320
11:02:07.305 [main] INFO  pages.HomePage - BDD: Verifying product details for: Sony xperia z5 with price: $320
11:02:07.358 [main] INFO  pages.HomePage - BDD: Product details verified successfully for: Sony xperia z5
  And I should see "Sony xperia z5" product with price "$320" # stepDefinitions.HomePageSteps.i_should_see_product_with_price(java.lang.String,java.lang.String)
11:02:07.359 [main] INFO  stepDefinitions.HomePageSteps - BDD Step: Verifying product Sony xperia z5 with price $320
11:02:07.359 [main] INFO  pages.HomePage - BDD: Verifying product details for: Sony xperia z5 with price: $320
11:02:07.406 [main] INFO  pages.HomePage - BDD: Product details verified successfully for: Sony xperia z5
  And I should see "Sony xperia z5" product with price "$320" # stepDefinitions.HomePageSteps.i_should_see_product_with_price(java.lang.String,java.lang.String)
11:02:07.406 [main] INFO  stepDefinitions.HomePageSteps - BDD Step: Verifying product Sony xperia z5 with price $320
11:02:07.407 [main] INFO  pages.HomePage - BDD: Verifying product details for: Sony xperia z5 with price: $320
11:02:07.461 [main] INFO  pages.HomePage - BDD: Product details verified successfully for: Sony xperia z5
  And I should see "Sony xperia z5" product with price "$320" # stepDefinitions.HomePageSteps.i_should_see_product_with_price(java.lang.String,java.lang.String)
11:02:07.462 [main] INFO  stepDefinitions.HomePageSteps - BDD Step: Verifying product Sony xperia z5 with price $320
11:02:07.462 [main] INFO  pages.HomePage - BDD: Verifying product details for: Sony xperia z5 with price: $320
11:02:07.515 [main] INFO  pages.HomePage - BDD: Product details verified successfully for: Sony xperia z5
  And I should see "Sony xperia z5" product with price "$320" # stepDefinitions.HomePageSteps.i_should_see_product_with_price(java.lang.String,java.lang.String)
11:02:07.516 [main] INFO  stepDefinitions.HomePageSteps - BDD Step: Verifying product Sony xperia z5 with price $320
11:02:07.516 [main] INFO  pages.HomePage - BDD: Verifying product details for: Sony xperia z5 with price: $320
11:02:07.565 [main] INFO  pages.HomePage - BDD: Product details verified successfully for: Sony xperia z5
  And I should see "Sony xperia z5" product with price "$320" # stepDefinitions.HomePageSteps.i_should_see_product_with_price(java.lang.String,java.lang.String)
11:02:07.565 [main] INFO  hooks.Hooks - Finishing BDD scenario: Verify product listings on home page - Status: PASSED
11:02:07.714 [main] INFO  hooks.Hooks - BDD test cleanup completed for scenario: Verify product listings on home page
]]></system-out>
    <system-err><![CDATA[Sep 29, 2025 11:02:05 AM org.openqa.selenium.devtools.CdpVersionFinder findNearestMatch
WARNING: Unable to find an exact match for CDP version 140, returning the closest version; found: 139; Please update to a Selenium version that supports CDP version 140
]]></system-err>
  </testcase>
  <testcase name="Verify product listings on home page #6" classname="DemoBlaze Home Page" time="2.755">
    <system-out><![CDATA[
@HomePage @UI @Products @regression
Scenario Outline: Verify product listings on home page          # src/test/resources/features/HomePage.feature:48
11:02:07.726 [main] INFO  hooks.Hooks - Starting BDD scenario: Verify product listings on home page
11:02:07.726 [main] INFO  hooks.Hooks - BDD test environment configured for scenario: Verify product listings on home page
11:02:07.728 [main] INFO  stepDefinitions.HomePageSteps - BDD Step: Navigating to DemoBlaze home page
11:02:07.728 [main] INFO  pages.HomePage - BDD: Opening home page
11:02:07.728 [main] INFO  pages.HomePage - Opening DemoBlaze home page
11:02:07.728 [main] INFO  c.c.s.WebDriverThreadLocalContainer - No webdriver is bound to current thread: 1 - let's create a new webdriver
11:02:08.202 [main] INFO  c.c.s.webdriver.WebDriverFactory - Selenide 7.10.0 / Selenium 4.35.0 / chrome 140.0.7339.207 linux
11:02:09.573 [main] INFO  pages.HomePage - Home page opened successfully
  Given I navigate to the DemoBlaze home page                   # stepDefinitions.HomePageSteps.i_navigate_to_the_demoblaze_home_page()
11:02:09.574 [main] INFO  stepDefinitions.HomePageSteps - BDD Step: Viewing home page content
  When I view the home page                                     # stepDefinitions.HomePageSteps.i_view_the_home_page()
11:02:09.574 [main] INFO  stepDefinitions.HomePageSteps - BDD Step: Verifying product listings
  Then I should see product listings                            # stepDefinitions.HomePageSteps.i_should_see_product_listings()
11:02:09.575 [main] INFO  stepDefinitions.HomePageSteps - BDD Step: Verifying product Nokia lumia 1520 with price $820
11:02:09.575 [main] INFO  pages.HomePage - BDD: Verifying product details for: Nokia lumia 1520 with price: $820
11:02:10.101 [main] INFO  pages.HomePage - BDD: Product details verified successfully for: Nokia lumia 1520
  And I should see "Nokia lumia 1520" product with price "$820" # stepDefinitions.HomePageSteps.i_should_see_product_with_price(java.lang.String,java.lang.String)
11:02:10.102 [main] INFO  stepDefinitions.HomePageSteps - BDD Step: Verifying product Nokia lumia 1520 with price $820
11:02:10.102 [main] INFO  pages.HomePage - BDD: Verifying product details for: Nokia lumia 1520 with price: $820
11:02:10.150 [main] INFO  pages.HomePage - BDD: Product details verified successfully for: Nokia lumia 1520
  And I should see "Nokia lumia 1520" product with price "$820" # stepDefinitions.HomePageSteps.i_should_see_product_with_price(java.lang.String,java.lang.String)
11:02:10.151 [main] INFO  stepDefinitions.HomePageSteps - BDD Step: Verifying product Nokia lumia 1520 with price $820
11:02:10.151 [main] INFO  pages.HomePage - BDD: Verifying product details for: Nokia lumia 1520 with price: $820
11:02:10.204 [main] INFO  pages.HomePage - BDD: Product details verified successfully for: Nokia lumia 1520
  And I should see "Nokia lumia 1520" product with price "$820" # stepDefinitions.HomePageSteps.i_should_see_product_with_price(java.lang.String,java.lang.String)
11:02:10.205 [main] INFO  stepDefinitions.HomePageSteps - BDD Step: Verifying product Nokia lumia 1520 with price $820
11:02:10.205 [main] INFO  pages.HomePage - BDD: Verifying product details for: Nokia lumia 1520 with price: $820
11:02:10.247 [main] INFO  pages.HomePage - BDD: Product details verified successfully for: Nokia lumia 1520
  And I should see "Nokia lumia 1520" product with price "$820" # stepDefinitions.HomePageSteps.i_should_see_product_with_price(java.lang.String,java.lang.String)
11:02:10.247 [main] INFO  stepDefinitions.HomePageSteps - BDD Step: Verifying product Nokia lumia 1520 with price $820
11:02:10.247 [main] INFO  pages.HomePage - BDD: Verifying product details for: Nokia lumia 1520 with price: $820
11:02:10.301 [main] INFO  pages.HomePage - BDD: Product details verified successfully for: Nokia lumia 1520
  And I should see "Nokia lumia 1520" product with price "$820" # stepDefinitions.HomePageSteps.i_should_see_product_with_price(java.lang.String,java.lang.String)
11:02:10.302 [main] INFO  stepDefinitions.HomePageSteps - BDD Step: Verifying product Nokia lumia 1520 with price $820
11:02:10.302 [main] INFO  pages.HomePage - BDD: Verifying product details for: Nokia lumia 1520 with price: $820
11:02:10.363 [main] INFO  pages.HomePage - BDD: Product details verified successfully for: Nokia lumia 1520
  And I should see "Nokia lumia 1520" product with price "$820" # stepDefinitions.HomePageSteps.i_should_see_product_with_price(java.lang.String,java.lang.String)
11:02:10.364 [main] INFO  hooks.Hooks - Finishing BDD scenario: Verify product listings on home page - Status: PASSED
11:02:10.474 [main] INFO  hooks.Hooks - BDD test cleanup completed for scenario: Verify product listings on home page
]]></system-out>
    <system-err><![CDATA[Sep 29, 2025 11:02:08 AM org.openqa.selenium.devtools.CdpVersionFinder findNearestMatch
WARNING: Unable to find an exact match for CDP version 140, returning the closest version; found: 139; Please update to a Selenium version that supports CDP version 140
]]></system-err>
  </testcase>
  <testcase name="Verify individual product details #1" classname="DemoBlaze Home Page" time="3.332">
    <system-out><![CDATA[
@HomePage @UI @ProductDetails @regression
Scenario Outline: Verify individual product details      # src/test/resources/features/HomePage.feature:63
11:02:10.479 [main] INFO  hooks.Hooks - Starting BDD scenario: Verify individual product details
11:02:10.479 [main] INFO  hooks.Hooks - BDD test environment configured for scenario: Verify individual product details
11:02:10.480 [main] INFO  stepDefinitions.HomePageSteps - BDD Step: Navigating to DemoBlaze home page
11:02:10.480 [main] INFO  pages.HomePage - BDD: Opening home page
11:02:10.480 [main] INFO  pages.HomePage - Opening DemoBlaze home page
11:02:10.480 [main] INFO  c.c.s.WebDriverThreadLocalContainer - No webdriver is bound to current thread: 1 - let's create a new webdriver
11:02:10.864 [main] INFO  c.c.s.webdriver.WebDriverFactory - Selenide 7.10.0 / Selenium 4.35.0 / chrome 140.0.7339.207 linux
11:02:11.068 [main] INFO  pages.HomePage - Home page opened successfully
  Given I navigate to the DemoBlaze home page            # stepDefinitions.HomePageSteps.i_navigate_to_the_demoblaze_home_page()
11:02:11.069 [main] INFO  stepDefinitions.HomePageSteps - BDD Step: Viewing home page content
  When I view the home page                              # stepDefinitions.HomePageSteps.i_view_the_home_page()
11:02:11.069 [main] INFO  stepDefinitions.HomePageSteps - BDD Step: Clicking on product Samsung galaxy s6
11:02:11.069 [main] INFO  pages.HomePage - BDD: Clicking on first product: Samsung galaxy s6
11:02:11.069 [main] INFO  pages.HomePage - Clicking on first product: Samsung galaxy s6
11:02:12.516 [main] INFO  pages.HomePage - Successfully clicked on first product: Samsung galaxy s6
  And I click on "Samsung galaxy s6" product             # stepDefinitions.HomePageSteps.i_click_on_product(java.lang.String)
11:02:12.517 [main] INFO  stepDefinitions.HomePageSteps - BDD Step: Verifying product details page navigation
11:02:12.517 [main] INFO  pages.ProductDetailsPage - Verifying product image is visible
11:02:13.222 [main] INFO  pages.ProductDetailsPage - Product image verified successfully
  Then I should navigate to the product details page     # stepDefinitions.HomePageSteps.i_should_navigate_to_the_product_details_page()
11:02:13.222 [main] INFO  stepDefinitions.HomePageSteps - BDD Step: Verifying product image
11:02:13.222 [main] INFO  pages.ProductDetailsPage - Verifying product image is visible
11:02:13.248 [main] INFO  pages.ProductDetailsPage - Product image verified successfully
  And I should see the product image                     # stepDefinitions.HomePageSteps.i_should_see_the_product_image()
11:02:13.249 [main] INFO  stepDefinitions.HomePageSteps - BDD Step: Verifying product title as Samsung galaxy s6
  And I should see product title as "Samsung galaxy s6"  # stepDefinitions.HomePageSteps.i_should_see_product_title_as(java.lang.String)
11:02:13.249 [main] INFO  stepDefinitions.HomePageSteps - BDD Step: Verifying product price as $360 *includes tax
  And I should see product price as "$360 *includes tax" # stepDefinitions.HomePageSteps.i_should_see_product_price_as(java.lang.String)
11:02:13.250 [main] INFO  stepDefinitions.HomePageSteps - BDD Step: Navigating back to home page
11:02:13.250 [main] INFO  pages.ProductDetailsPage - BDD: Navigating back to home page
11:02:13.250 [main] INFO  pages.ProductDetailsPage - Navigating back to home page
11:02:13.679 [main] INFO  pages.ProductDetailsPage - Successfully navigated to home page
  When I navigate back to home page                      # stepDefinitions.HomePageSteps.i_navigate_back_to_home_page()
11:02:13.680 [main] INFO  stepDefinitions.HomePageSteps - BDD Step: Verifying user is on home page
  Then I should be on the home page                      # stepDefinitions.HomePageSteps.i_should_be_on_the_home_page()
11:02:13.680 [main] INFO  hooks.Hooks - Finishing BDD scenario: Verify individual product details - Status: PASSED
11:02:13.806 [main] INFO  hooks.Hooks - BDD test cleanup completed for scenario: Verify individual product details
]]></system-out>
    <system-err><![CDATA[Sep 29, 2025 11:02:10 AM org.openqa.selenium.devtools.CdpVersionFinder findNearestMatch
WARNING: Unable to find an exact match for CDP version 140, returning the closest version; found: 139; Please update to a Selenium version that supports CDP version 140
]]></system-err>
  </testcase>
  <testcase name="Verify individual product details #2" classname="DemoBlaze Home Page" time="2.934">
    <system-out><![CDATA[
@HomePage @UI @ProductDetails @regression
Scenario Outline: Verify individual product details      # src/test/resources/features/HomePage.feature:64
11:02:13.814 [main] INFO  hooks.Hooks - Starting BDD scenario: Verify individual product details
11:02:13.814 [main] INFO  hooks.Hooks - BDD test environment configured for scenario: Verify individual product details
11:02:13.815 [main] INFO  stepDefinitions.HomePageSteps - BDD Step: Navigating to DemoBlaze home page
11:02:13.815 [main] INFO  pages.HomePage - BDD: Opening home page
11:02:13.815 [main] INFO  pages.HomePage - Opening DemoBlaze home page
11:02:13.815 [main] INFO  c.c.s.WebDriverThreadLocalContainer - No webdriver is bound to current thread: 1 - let's create a new webdriver
11:02:14.224 [main] INFO  c.c.s.webdriver.WebDriverFactory - Selenide 7.10.0 / Selenium 4.35.0 / chrome 140.0.7339.207 linux
11:02:14.437 [main] INFO  pages.HomePage - Home page opened successfully
  Given I navigate to the DemoBlaze home page            # stepDefinitions.HomePageSteps.i_navigate_to_the_demoblaze_home_page()
11:02:14.438 [main] INFO  stepDefinitions.HomePageSteps - BDD Step: Viewing home page content
  When I view the home page                              # stepDefinitions.HomePageSteps.i_view_the_home_page()
11:02:14.439 [main] INFO  stepDefinitions.HomePageSteps - BDD Step: Clicking on product Nexus 6
11:02:14.439 [main] INFO  pages.HomePage - BDD: Clicking on first product: Nexus 6
11:02:14.439 [main] INFO  pages.HomePage - Clicking on first product: Nexus 6
11:02:15.375 [main] INFO  pages.HomePage - Successfully clicked on first product: Nexus 6
  And I click on "Nexus 6" product                       # stepDefinitions.HomePageSteps.i_click_on_product(java.lang.String)
11:02:15.376 [main] INFO  stepDefinitions.HomePageSteps - BDD Step: Verifying product details page navigation
11:02:15.376 [main] INFO  pages.ProductDetailsPage - Verifying product image is visible
11:02:16.103 [main] INFO  pages.ProductDetailsPage - Product image verified successfully
  Then I should navigate to the product details page     # stepDefinitions.HomePageSteps.i_should_navigate_to_the_product_details_page()
11:02:16.103 [main] INFO  stepDefinitions.HomePageSteps - BDD Step: Verifying product image
11:02:16.104 [main] INFO  pages.ProductDetailsPage - Verifying product image is visible
11:02:16.126 [main] INFO  pages.ProductDetailsPage - Product image verified successfully
  And I should see the product image                     # stepDefinitions.HomePageSteps.i_should_see_the_product_image()
11:02:16.127 [main] INFO  stepDefinitions.HomePageSteps - BDD Step: Verifying product title as Nexus 6
  And I should see product title as "Nexus 6"            # stepDefinitions.HomePageSteps.i_should_see_product_title_as(java.lang.String)
11:02:16.127 [main] INFO  stepDefinitions.HomePageSteps - BDD Step: Verifying product price as $650 *includes tax
  And I should see product price as "$650 *includes tax" # stepDefinitions.HomePageSteps.i_should_see_product_price_as(java.lang.String)
11:02:16.127 [main] INFO  stepDefinitions.HomePageSteps - BDD Step: Navigating back to home page
11:02:16.127 [main] INFO  pages.ProductDetailsPage - BDD: Navigating back to home page
11:02:16.127 [main] INFO  pages.ProductDetailsPage - Navigating back to home page
11:02:16.613 [main] INFO  pages.ProductDetailsPage - Successfully navigated to home page
  When I navigate back to home page                      # stepDefinitions.HomePageSteps.i_navigate_back_to_home_page()
11:02:16.614 [main] INFO  stepDefinitions.HomePageSteps - BDD Step: Verifying user is on home page
  Then I should be on the home page                      # stepDefinitions.HomePageSteps.i_should_be_on_the_home_page()
11:02:16.614 [main] INFO  hooks.Hooks - Finishing BDD scenario: Verify individual product details - Status: PASSED
11:02:16.743 [main] INFO  hooks.Hooks - BDD test cleanup completed for scenario: Verify individual product details
]]></system-out>
    <system-err><![CDATA[Sep 29, 2025 11:02:14 AM org.openqa.selenium.devtools.CdpVersionFinder findNearestMatch
WARNING: Unable to find an exact match for CDP version 140, returning the closest version; found: 139; Please update to a Selenium version that supports CDP version 140
]]></system-err>
  </testcase>
  <testcase name="Verify individual product details #3" classname="DemoBlaze Home Page" time="4.006">
    <system-out><![CDATA[
@HomePage @UI @ProductDetails @regression
Scenario Outline: Verify individual product details      # src/test/resources/features/HomePage.feature:65
11:02:16.749 [main] INFO  hooks.Hooks - Starting BDD scenario: Verify individual product details
11:02:16.749 [main] INFO  hooks.Hooks - BDD test environment configured for scenario: Verify individual product details
11:02:16.750 [main] INFO  stepDefinitions.HomePageSteps - BDD Step: Navigating to DemoBlaze home page
11:02:16.750 [main] INFO  pages.HomePage - BDD: Opening home page
11:02:16.750 [main] INFO  pages.HomePage - Opening DemoBlaze home page
11:02:16.750 [main] INFO  c.c.s.WebDriverThreadLocalContainer - No webdriver is bound to current thread: 1 - let's create a new webdriver
11:02:17.153 [main] INFO  c.c.s.webdriver.WebDriverFactory - Selenide 7.10.0 / Selenium 4.35.0 / chrome 140.0.7339.207 linux
11:02:17.397 [main] INFO  pages.HomePage - Home page opened successfully
  Given I navigate to the DemoBlaze home page            # stepDefinitions.HomePageSteps.i_navigate_to_the_demoblaze_home_page()
11:02:17.398 [main] INFO  stepDefinitions.HomePageSteps - BDD Step: Viewing home page content
  When I view the home page                              # stepDefinitions.HomePageSteps.i_view_the_home_page()
11:02:17.398 [main] INFO  stepDefinitions.HomePageSteps - BDD Step: Clicking on product Nokia lumia 1520
11:02:17.398 [main] INFO  pages.HomePage - BDD: Clicking on first product: Nokia lumia 1520
11:02:17.398 [main] INFO  pages.HomePage - Clicking on first product: Nokia lumia 1520
11:02:18.810 [main] INFO  pages.HomePage - Successfully clicked on first product: Nokia lumia 1520
  And I click on "Nokia lumia 1520" product              # stepDefinitions.HomePageSteps.i_click_on_product(java.lang.String)
11:02:18.810 [main] INFO  stepDefinitions.HomePageSteps - BDD Step: Verifying product details page navigation
11:02:18.811 [main] INFO  pages.ProductDetailsPage - Verifying product image is visible
11:02:19.582 [main] INFO  pages.ProductDetailsPage - Product image verified successfully
  Then I should navigate to the product details page     # stepDefinitions.HomePageSteps.i_should_navigate_to_the_product_details_page()
11:02:19.582 [main] INFO  stepDefinitions.HomePageSteps - BDD Step: Verifying product image
11:02:19.582 [main] INFO  pages.ProductDetailsPage - Verifying product image is visible
11:02:19.604 [main] INFO  pages.ProductDetailsPage - Product image verified successfully
  And I should see the product image                     # stepDefinitions.HomePageSteps.i_should_see_the_product_image()
11:02:19.605 [main] INFO  stepDefinitions.HomePageSteps - BDD Step: Verifying product title as Nokia lumia 1520
  And I should see product title as "Nokia lumia 1520"   # stepDefinitions.HomePageSteps.i_should_see_product_title_as(java.lang.String)
11:02:19.605 [main] INFO  stepDefinitions.HomePageSteps - BDD Step: Verifying product price as $820 *includes tax
  And I should see product price as "$820 *includes tax" # stepDefinitions.HomePageSteps.i_should_see_product_price_as(java.lang.String)
11:02:19.605 [main] INFO  stepDefinitions.HomePageSteps - BDD Step: Navigating back to home page
11:02:19.605 [main] INFO  pages.ProductDetailsPage - BDD: Navigating back to home page
11:02:19.605 [main] INFO  pages.ProductDetailsPage - Navigating back to home page
11:02:20.611 [main] INFO  pages.ProductDetailsPage - Successfully navigated to home page
  When I navigate back to home page                      # stepDefinitions.HomePageSteps.i_navigate_back_to_home_page()
11:02:20.612 [main] INFO  stepDefinitions.HomePageSteps - BDD Step: Verifying user is on home page
  Then I should be on the home page                      # stepDefinitions.HomePageSteps.i_should_be_on_the_home_page()
11:02:20.612 [main] INFO  hooks.Hooks - Finishing BDD scenario: Verify individual product details - Status: PASSED
11:02:20.747 [main] INFO  hooks.Hooks - BDD test cleanup completed for scenario: Verify individual product details
]]></system-out>
    <system-err><![CDATA[Sep 29, 2025 11:02:17 AM org.openqa.selenium.devtools.CdpVersionFinder findNearestMatch
WARNING: Unable to find an exact match for CDP version 140, returning the closest version; found: 139; Please update to a Selenium version that supports CDP version 140
]]></system-err>
  </testcase>
  <testcase name="Verify footer elements" classname="DemoBlaze Home Page" time="1.484">
    <system-out><![CDATA[
@HomePage @UI @Footer @UI @Smoke
Scenario: Verify footer elements                 # src/test/resources/features/HomePage.feature:68
11:02:20.763 [main] INFO  hooks.Hooks - Starting BDD scenario: Verify footer elements
11:02:20.763 [main] INFO  hooks.Hooks - BDD test environment configured for scenario: Verify footer elements
11:02:20.765 [main] INFO  stepDefinitions.HomePageSteps - BDD Step: Navigating to DemoBlaze home page
11:02:20.765 [main] INFO  pages.HomePage - BDD: Opening home page
11:02:20.765 [main] INFO  pages.HomePage - Opening DemoBlaze home page
11:02:20.765 [main] INFO  c.c.s.WebDriverThreadLocalContainer - No webdriver is bound to current thread: 1 - let's create a new webdriver
11:02:21.160 [main] INFO  c.c.s.webdriver.WebDriverFactory - Selenide 7.10.0 / Selenium 4.35.0 / chrome 140.0.7339.207 linux
11:02:21.900 [main] INFO  pages.HomePage - Home page opened successfully
  Given I navigate to the DemoBlaze home page    # stepDefinitions.HomePageSteps.i_navigate_to_the_demoblaze_home_page()
11:02:21.900 [main] INFO  stepDefinitions.HomePageSteps - BDD Step: Viewing home page content
  When I view the home page                      # stepDefinitions.HomePageSteps.i_view_the_home_page()
11:02:21.901 [main] INFO  stepDefinitions.HomePageSteps - BDD Step: Scrolling to footer
  And I scroll to the footer                     # stepDefinitions.HomePageSteps.i_scroll_to_the_footer()
11:02:21.902 [main] INFO  stepDefinitions.HomePageSteps - BDD Step: Verifying footer section
11:02:21.902 [main] INFO  pages.HomePage - Verifying footer elements
11:02:22.111 [main] INFO  pages.HomePage - Footer elements verified successfully
  Then I should see footer section               # stepDefinitions.HomePageSteps.i_should_see_footer_section()
11:02:22.112 [main] INFO  stepDefinitions.HomePageSteps - BDD Step: Verifying About Us in footer
  And I should see "About Us" in footer          # stepDefinitions.HomePageSteps.i_should_see_in_footer(java.lang.String)
11:02:22.112 [main] INFO  stepDefinitions.HomePageSteps - BDD Step: Verifying Get in Touch in footer
  And I should see "Get in Touch" in footer      # stepDefinitions.HomePageSteps.i_should_see_in_footer(java.lang.String)
11:02:22.113 [main] INFO  stepDefinitions.HomePageSteps - BDD Step: Verifying contact information in footer
  And I should see contact information in footer # stepDefinitions.HomePageSteps.i_should_see_contact_information_in_footer()
11:02:22.113 [main] INFO  hooks.Hooks - Finishing BDD scenario: Verify footer elements - Status: PASSED
11:02:22.238 [main] INFO  hooks.Hooks - BDD test cleanup completed for scenario: Verify footer elements
]]></system-out>
    <system-err><![CDATA[Sep 29, 2025 11:02:21 AM org.openqa.selenium.devtools.CdpVersionFinder findNearestMatch
WARNING: Unable to find an exact match for CDP version 140, returning the closest version; found: 139; Please update to a Selenium version that supports CDP version 140
]]></system-err>
  </testcase>
  <testcase name="Verify carousel functionality" classname="DemoBlaze Home Page" time="0.828">
    <system-out><![CDATA[
@HomePage @UI @Carousel @UI @regression
Scenario: Verify carousel functionality       # src/test/resources/features/HomePage.feature:77
11:02:22.243 [main] INFO  hooks.Hooks - Starting BDD scenario: Verify carousel functionality
11:02:22.243 [main] INFO  hooks.Hooks - BDD test environment configured for scenario: Verify carousel functionality
11:02:22.244 [main] INFO  stepDefinitions.HomePageSteps - BDD Step: Navigating to DemoBlaze home page
11:02:22.244 [main] INFO  pages.HomePage - BDD: Opening home page
11:02:22.244 [main] INFO  pages.HomePage - Opening DemoBlaze home page
11:02:22.244 [main] INFO  c.c.s.WebDriverThreadLocalContainer - No webdriver is bound to current thread: 1 - let's create a new webdriver
11:02:22.647 [main] INFO  c.c.s.webdriver.WebDriverFactory - Selenide 7.10.0 / Selenium 4.35.0 / chrome 140.0.7339.207 linux
11:02:22.870 [main] INFO  pages.HomePage - Home page opened successfully
  Given I navigate to the DemoBlaze home page # stepDefinitions.HomePageSteps.i_navigate_to_the_demoblaze_home_page()
11:02:22.871 [main] INFO  stepDefinitions.HomePageSteps - BDD Step: Viewing home page content
  When I view the home page                   # stepDefinitions.HomePageSteps.i_view_the_home_page()
11:02:22.872 [main] INFO  stepDefinitions.HomePageSteps - BDD Step: Verifying product carousel
11:02:22.872 [main] INFO  pages.HomePage - Verifying carousel elements are visible
11:02:22.958 [main] INFO  pages.HomePage - Carousel elements verified successfully
  Then I should see the product carousel      # stepDefinitions.HomePageSteps.i_should_see_the_product_carousel()
11:02:22.959 [main] INFO  stepDefinitions.HomePageSteps - BDD Step: Verifying carousel functionality
  And the carousel should be functional       # stepDefinitions.HomePageSteps.the_carousel_should_be_functional()
11:02:22.959 [main] INFO  hooks.Hooks - Finishing BDD scenario: Verify carousel functionality - Status: PASSED
11:02:23.068 [main] INFO  hooks.Hooks - BDD test cleanup completed for scenario: Verify carousel functionality
]]></system-out>
    <system-err><![CDATA[Sep 29, 2025 11:02:22 AM org.openqa.selenium.devtools.CdpVersionFinder findNearestMatch
WARNING: Unable to find an exact match for CDP version 140, returning the closest version; found: 139; Please update to a Selenium version that supports CDP version 140
]]></system-err>
  </testcase>
  <testcase name="Place order successfully with valid details" classname="DemoBlaze Order Placement" time="15.159">
    <failure message="Alert not found&#10;Screenshot: file:/app/target/screenshots/1759143757806.2.png&#10;Page source: file:/app/target/screenshots/1759143757806.2.html&#10;Timeout: 4 s.&#10;Caused by: TimeoutException: Expected condition failed: waiting for alert to be present (tried for 4 second(s) with 200 milliseconds interval)" type="Alert not found&#10;Screenshot"><![CDATA[Alert not found
Screenshot: file:/app/target/screenshots/1759143757806.2.png
Page source: file:/app/target/screenshots/1759143757806.2.html
Timeout: 4 s.
Caused by: TimeoutException: Expected condition failed: waiting for alert to be present (tried for 4 second(s) with 200 milliseconds interval)
	at com.codeborne.selenide.SelenideTargetLocator.alertNotFoundError(SelenideTargetLocator.java:308)
	at com.codeborne.selenide.SelenideTargetLocator.alert(SelenideTargetLocator.java:182)
	at com.codeborne.selenide.SelenideTargetLocator.alert(SelenideTargetLocator.java:172)
	at stepDefinitions.OrderPlacementSteps.i_should_see_order_success_message(OrderPlacementSteps.java:103)
	at ✽.I should see order success message(file:///app/src/test/resources/features/OrderPlacement.feature:25)
Caused by: org.openqa.selenium.TimeoutException: Expected condition failed: waiting for alert to be present (tried for 4 second(s) with 200 milliseconds interval)
Build info: version: '4.35.0', revision: '1c58e5028b'
System info: os.name: 'Linux', os.arch: 'amd64', os.version: '6.6.87.2-microsoft-standard-WSL2', java.version: '21'
Driver info: driver.version: unknown
	at org.openqa.selenium.support.ui.FluentWait.timeoutException(FluentWait.java:265)
	at org.openqa.selenium.support.ui.FluentWait.until(FluentWait.java:228)
	at com.codeborne.selenide.SelenideTargetLocator.alert(SelenideTargetLocator.java:179)
	at com.codeborne.selenide.SelenideTargetLocator.alert(SelenideTargetLocator.java:172)
	at stepDefinitions.OrderPlacementSteps.i_should_see_order_success_message(OrderPlacementSteps.java:103)
	at java.base/java.lang.reflect.Method.invoke(Method.java:580)
	at io.cucumber.java.Invoker.doInvoke(Invoker.java:66)
	at io.cucumber.java.Invoker.invoke(Invoker.java:24)
	at io.cucumber.java.AbstractGlueDefinition.invokeMethod(AbstractGlueDefinition.java:47)
	at io.cucumber.java.JavaStepDefinition.execute(JavaStepDefinition.java:29)
	at io.cucumber.core.runner.CoreStepDefinition.execute(CoreStepDefinition.java:66)
	at io.cucumber.core.runner.PickleStepDefinitionMatch.runStep(PickleStepDefinitionMatch.java:63)
	at io.cucumber.core.runner.ExecutionMode$1.execute(ExecutionMode.java:10)
	at io.cucumber.core.runner.TestStep.executeStep(TestStep.java:84)
	at io.cucumber.core.runner.TestStep.run(TestStep.java:56)
	at io.cucumber.core.runner.PickleStepTestStep.run(PickleStepTestStep.java:51)
	at io.cucumber.core.runner.TestCase.run(TestCase.java:84)
	at io.cucumber.core.runner.Runner.runPickle(Runner.java:75)
	at io.cucumber.junit.PickleRunners$NoStepDescriptions.lambda$run$0(PickleRunners.java:151)
	at io.cucumber.core.runtime.CucumberExecutionContext.lambda$runTestCase$5(CucumberExecutionContext.java:137)
	at io.cucumber.core.runtime.RethrowingThrowableCollector.executeAndThrow(RethrowingThrowableCollector.java:23)
	at io.cucumber.core.runtime.CucumberExecutionContext.runTestCase(CucumberExecutionContext.java:137)
	at io.cucumber.junit.PickleRunners$NoStepDescriptions.run(PickleRunners.java:148)
	at io.cucumber.junit.FeatureRunner.runChild(FeatureRunner.java:144)
	at io.cucumber.junit.FeatureRunner.runChild(FeatureRunner.java:28)
	at io.cucumber.junit.FeatureRunner.run(FeatureRunner.java:137)
	at io.cucumber.junit.Cucumber.runChild(Cucumber.java:196)
	at io.cucumber.junit.Cucumber.runChild(Cucumber.java:89)
	at io.cucumber.core.runtime.CucumberExecutionContext.lambda$runFeatures$6(CucumberExecutionContext.java:148)
	at io.cucumber.core.runtime.CucumberExecutionContext.execute(CucumberExecutionContext.java:163)
	at io.cucumber.core.runtime.CucumberExecutionContext.runFeatures(CucumberExecutionContext.java:146)
	at io.cucumber.junit.Cucumber$StartAndFinishTestRun.evaluate(Cucumber.java:226)
]]></failure>
    <system-out><![CDATA[
@OrderPlacement @E2E @regression @PlaceOrder @Smoke
Scenario: Place order successfully with valid details # src/test/resources/features/OrderPlacement.feature:11
11:02:23.086 [main] INFO  hooks.Hooks - Starting BDD scenario: Place order successfully with valid details
11:02:23.086 [main] INFO  hooks.Hooks - BDD test environment configured for scenario: Place order successfully with valid details
11:02:23.087 [main] INFO  stepDefinitions.HomePageSteps - BDD Step: Navigating to DemoBlaze home page
11:02:23.087 [main] INFO  pages.HomePage - BDD: Opening home page
11:02:23.087 [main] INFO  pages.HomePage - Opening DemoBlaze home page
11:02:23.087 [main] INFO  c.c.s.WebDriverThreadLocalContainer - No webdriver is bound to current thread: 1 - let's create a new webdriver
11:02:23.616 [main] INFO  c.c.s.webdriver.WebDriverFactory - Selenide 7.10.0 / Selenium 4.35.0 / chrome 140.0.7339.207 linux
11:02:24.618 [main] INFO  pages.HomePage - Home page opened successfully
  Given I navigate to the DemoBlaze home page         # stepDefinitions.HomePageSteps.i_navigate_to_the_demoblaze_home_page()
11:02:24.619 [main] INFO  stepDefinitions.CartSteps - BDD Step: Adding Samsung galaxy s6 to cart
11:02:24.619 [main] INFO  pages.HomePage - BDD: Clicking on first product: Samsung galaxy s6
11:02:24.619 [main] INFO  pages.HomePage - Clicking on first product: Samsung galaxy s6
11:02:26.653 [main] INFO  pages.HomePage - Successfully clicked on first product: Samsung galaxy s6
11:02:26.654 [main] INFO  pages.ProductDetailsPage - BDD: Adding product to cart
11:02:26.654 [main] INFO  pages.ProductDetailsPage - Clicking 'Add to cart' button
11:02:27.523 [main] INFO  pages.ProductDetailsPage - Successfully clicked 'Add to cart' button
11:02:28.167 [main] INFO  pages.HomePage - BDD: Opening home page
11:02:28.167 [main] INFO  pages.HomePage - Opening DemoBlaze home page
11:02:28.502 [main] INFO  pages.HomePage - Home page opened successfully
  Given I add "Samsung galaxy s6" to cart             # stepDefinitions.CartSteps.i_add_to_cart(java.lang.String)
11:02:28.503 [main] INFO  stepDefinitions.CartSteps - BDD Step: Navigating to cart page
11:02:28.503 [main] INFO  pages.HomePage - BDD: Navigating to cart
11:02:28.503 [main] INFO  pages.HomePage - Navigating to cart page
11:02:29.253 [main] INFO  pages.HomePage - Successfully navigated to cart page
  When I navigate to cart page                        # stepDefinitions.CartSteps.i_navigate_to_cart_page()
11:02:29.255 [main] INFO  stepDefinitions.OrderPlacementSteps - BDD Step: Clicking place order button
11:02:29.255 [main] INFO  pages.CartPage - Clicking 'Place Order' button
11:02:29.429 [main] INFO  pages.CartPage - Successfully clicked 'Place Order' button
  And I click place order button                      # stepDefinitions.OrderPlacementSteps.i_click_place_order_button()
11:02:29.430 [main] INFO  stepDefinitions.OrderPlacementSteps - BDD Step: Verifying order placement form is displayed
11:02:29.430 [main] INFO  pages.OrderPlacementPage - Verifying order placement form is visible
11:02:30.162 [main] INFO  pages.OrderPlacementPage - Order placement form verified successfully
  Then I should see the order placement form          # stepDefinitions.OrderPlacementSteps.i_should_see_the_order_placement_form()
11:02:30.170 [main] INFO  stepDefinitions.OrderPlacementSteps - BDD Step: Filling order details with valid information
11:02:30.170 [main] INFO  pages.OrderPlacementPage - Filling complete order details for customer: John Doe
11:02:30.170 [main] INFO  pages.OrderPlacementPage - Filling name field with: John Doe
11:02:30.542 [main] INFO  pages.OrderPlacementPage - Filling country field with: USA
11:02:30.684 [main] INFO  pages.OrderPlacementPage - Filling city field with: New York
11:02:30.842 [main] INFO  pages.OrderPlacementPage - Filling credit card field
11:02:31.083 [main] INFO  pages.OrderPlacementPage - Filling month field with: 12
11:02:31.243 [main] INFO  pages.OrderPlacementPage - Filling year field with: 2025
11:02:31.386 [main] INFO  pages.OrderPlacementPage - Order details filled successfully for customer: John Doe
11:02:31.386 [main] INFO  stepDefinitions.OrderPlacementSteps - BDD Step: Order details filled for customer: John Doe
  When I fill order details with valid information:   # stepDefinitions.OrderPlacementSteps.i_fill_order_details_with_valid_information(io.cucumber.datatable.DataTable)
    | field      | value            |
    | name       | John Doe         |
    | country    | USA              |
    | city       | New York         |
    | creditCard | 1234567890123456 |
    | month      | 12               |
    | year       | 2025             |
11:02:31.387 [main] INFO  stepDefinitions.OrderPlacementSteps - BDD Step: Clicking purchase button
11:02:31.387 [main] INFO  pages.OrderPlacementPage - Clicking 'Purchase' button to complete order
11:02:31.519 [main] INFO  pages.OrderPlacementPage - Purchase button clicked successfully
  And I click purchase button                         # stepDefinitions.OrderPlacementSteps.i_click_purchase_button()
11:02:31.519 [main] INFO  stepDefinitions.OrderPlacementSteps - BDD Step: Verifying order success message
11:02:37.821 [main] INFO  c.c.selenide.impl.AttachmentPrinter - [[ATTACHMENT|/app/target/screenshots/1759143757806.2.html]]
11:02:37.954 [main] INFO  c.c.selenide.impl.AttachmentPrinter - [[ATTACHMENT|/app/target/screenshots/1759143757806.2.png]]
  Then I should see order success message             # stepDefinitions.OrderPlacementSteps.i_should_see_order_success_message()
      Alert not found
Screenshot: file:/app/target/screenshots/1759143757806.2.png
Page source: file:/app/target/screenshots/1759143757806.2.html
Timeout: 4 s.
Caused by: TimeoutException: Expected condition failed: waiting for alert to be present (tried for 4 second(s) with 200 milliseconds interval)
	at com.codeborne.selenide.SelenideTargetLocator.alertNotFoundError(SelenideTargetLocator.java:308)
	at com.codeborne.selenide.SelenideTargetLocator.alert(SelenideTargetLocator.java:182)
	at com.codeborne.selenide.SelenideTargetLocator.alert(SelenideTargetLocator.java:172)
	at stepDefinitions.OrderPlacementSteps.i_should_see_order_success_message(OrderPlacementSteps.java:103)
	at ✽.I should see order success message(file:///app/src/test/resources/features/OrderPlacement.feature:25)
Caused by: org.openqa.selenium.TimeoutException: Expected condition failed: waiting for alert to be present (tried for 4 second(s) with 200 milliseconds interval)
Build info: version: '4.35.0', revision: '1c58e5028b'
System info: os.name: 'Linux', os.arch: 'amd64', os.version: '6.6.87.2-microsoft-standard-WSL2', java.version: '21'
Driver info: driver.version: unknown
	at org.openqa.selenium.support.ui.FluentWait.timeoutException(FluentWait.java:265)
	at org.openqa.selenium.support.ui.FluentWait.until(FluentWait.java:228)
	at com.codeborne.selenide.SelenideTargetLocator.alert(SelenideTargetLocator.java:179)
	at com.codeborne.selenide.SelenideTargetLocator.alert(SelenideTargetLocator.java:172)
	at stepDefinitions.OrderPlacementSteps.i_should_see_order_success_message(OrderPlacementSteps.java:103)
	at java.base/jdk.internal.reflect.DirectMethodHandleAccessor.invoke(DirectMethodHandleAccessor.java:103)
	at java.base/java.lang.reflect.Method.invoke(Method.java:580)
	at io.cucumber.java.Invoker.doInvoke(Invoker.java:66)
	at io.cucumber.java.Invoker.invoke(Invoker.java:24)
	at io.cucumber.java.AbstractGlueDefinition.invokeMethod(AbstractGlueDefinition.java:47)
	at io.cucumber.java.JavaStepDefinition.execute(JavaStepDefinition.java:29)
	at io.cucumber.core.runner.CoreStepDefinition.execute(CoreStepDefinition.java:66)
	at io.cucumber.core.runner.PickleStepDefinitionMatch.runStep(PickleStepDefinitionMatch.java:63)
	at io.cucumber.core.runner.ExecutionMode$1.execute(ExecutionMode.java:10)
	at io.cucumber.core.runner.TestStep.executeStep(TestStep.java:84)
	at io.cucumber.core.runner.TestStep.run(TestStep.java:56)
	at io.cucumber.core.runner.PickleStepTestStep.run(PickleStepTestStep.java:51)
	at io.cucumber.core.runner.TestCase.run(TestCase.java:84)
	at io.cucumber.core.runner.Runner.runPickle(Runner.java:75)
	at io.cucumber.junit.PickleRunners$NoStepDescriptions.lambda$run$0(PickleRunners.java:151)
	at io.cucumber.core.runtime.CucumberExecutionContext.lambda$runTestCase$5(CucumberExecutionContext.java:137)
	at io.cucumber.core.runtime.RethrowingThrowableCollector.executeAndThrow(RethrowingThrowableCollector.java:23)
	at io.cucumber.core.runtime.CucumberExecutionContext.runTestCase(CucumberExecutionContext.java:137)
	at io.cucumber.junit.PickleRunners$NoStepDescriptions.run(PickleRunners.java:148)
	at io.cucumber.junit.FeatureRunner.runChild(FeatureRunner.java:144)
	at io.cucumber.junit.FeatureRunner.runChild(FeatureRunner.java:28)
	at org.junit.runners.ParentRunner$4.run(ParentRunner.java:331)
	at org.junit.runners.ParentRunner$1.schedule(ParentRunner.java:79)
	at org.junit.runners.ParentRunner.runChildren(ParentRunner.java:329)
	at org.junit.runners.ParentRunner.access$100(ParentRunner.java:66)
	at org.junit.runners.ParentRunner$2.evaluate(ParentRunner.java:293)
	at org.junit.runners.ParentRunner$3.evaluate(ParentRunner.java:306)
	at org.junit.runners.ParentRunner.run(ParentRunner.java:413)
	at io.cucumber.junit.FeatureRunner.run(FeatureRunner.java:137)
	at io.cucumber.junit.Cucumber.runChild(Cucumber.java:196)
	at io.cucumber.junit.Cucumber.runChild(Cucumber.java:89)
	at org.junit.runners.ParentRunner$4.run(ParentRunner.java:331)
	at org.junit.runners.ParentRunner$1.schedule(ParentRunner.java:79)
	at org.junit.runners.ParentRunner.runChildren(ParentRunner.java:329)
	at org.junit.runners.ParentRunner.access$100(ParentRunner.java:66)
	at org.junit.runners.ParentRunner$2.evaluate(ParentRunner.java:293)
	at io.cucumber.core.runtime.CucumberExecutionContext.lambda$runFeatures$6(CucumberExecutionContext.java:148)
	at io.cucumber.core.runtime.CucumberExecutionContext.execute(CucumberExecutionContext.java:163)
	at io.cucumber.core.runtime.CucumberExecutionContext.runFeatures(CucumberExecutionContext.java:146)
	at io.cucumber.junit.Cucumber$StartAndFinishTestRun.evaluate(Cucumber.java:226)
	at org.junit.runners.ParentRunner$3.evaluate(ParentRunner.java:306)
	at org.junit.runners.ParentRunner.run(ParentRunner.java:413)
	at org.junit.runner.JUnitCore.run(JUnitCore.java:137)
	at org.junit.runner.JUnitCore.run(JUnitCore.java:115)
	at org.junit.vintage.engine.execution.RunnerExecutor.execute(RunnerExecutor.java:42)
	at org.junit.vintage.engine.VintageTestEngine.executeAllChildren(VintageTestEngine.java:80)
	at org.junit.vintage.engine.VintageTestEngine.execute(VintageTestEngine.java:72)
	at org.junit.platform.launcher.core.EngineExecutionOrchestrator.execute(EngineExecutionOrchestrator.java:198)
	at org.junit.platform.launcher.core.EngineExecutionOrchestrator.execute(EngineExecutionOrchestrator.java:169)
	at org.junit.platform.launcher.core.EngineExecutionOrchestrator.execute(EngineExecutionOrchestrator.java:93)
	at org.junit.platform.launcher.core.EngineExecutionOrchestrator.lambda$execute$0(EngineExecutionOrchestrator.java:58)
	at org.junit.platform.launcher.core.EngineExecutionOrchestrator.withInterceptedStreams(EngineExecutionOrchestrator.java:141)
	at org.junit.platform.launcher.core.EngineExecutionOrchestrator.execute(EngineExecutionOrchestrator.java:57)
	at org.junit.platform.launcher.core.DefaultLauncher.execute(DefaultLauncher.java:103)
	at org.junit.platform.launcher.core.DefaultLauncher.execute(DefaultLauncher.java:85)
	at org.junit.platform.launcher.core.DelegatingLauncher.execute(DelegatingLauncher.java:47)
	at org.apache.maven.surefire.junitplatform.LazyLauncher.execute(LazyLauncher.java:55)
	at org.apache.maven.surefire.junitplatform.JUnitPlatformProvider.execute(JUnitPlatformProvider.java:223)
	at org.apache.maven.surefire.junitplatform.JUnitPlatformProvider.invokeAllTests(JUnitPlatformProvider.java:175)
	at org.apache.maven.surefire.junitplatform.JUnitPlatformProvider.invoke(JUnitPlatformProvider.java:139)
	at org.apache.maven.surefire.booter.ForkedBooter.runSuitesInProcess(ForkedBooter.java:456)
	at org.apache.maven.surefire.booter.ForkedBooter.execute(ForkedBooter.java:169)
	at org.apache.maven.surefire.booter.ForkedBooter.run(ForkedBooter.java:595)
	at org.apache.maven.surefire.booter.ForkedBooter.main(ForkedBooter.java:581)

  And I should see order confirmation with details    # stepDefinitions.OrderPlacementSteps.i_should_see_order_confirmation_with_details()
11:02:37.958 [main] INFO  hooks.Hooks - Finishing BDD scenario: Place order successfully with valid details - Status: FAILED
11:02:37.958 [main] ERROR hooks.Hooks - Scenario failed: Place order successfully with valid details
11:02:37.970 [main] INFO  c.c.selenide.impl.AttachmentPrinter - [[ATTACHMENT|/app/target/screenshots/failed_scenario_1759143757958.html]]
11:02:38.101 [main] INFO  c.c.selenide.impl.AttachmentPrinter - [[ATTACHMENT|/app/target/screenshots/failed_scenario_1759143757958.png]]
11:02:38.101 [main] ERROR hooks.Hooks - Failed to capture screenshot: file:/app/target/screenshots/failed_scenario_1759143757958.png
11:02:38.234 [main] INFO  hooks.Hooks - BDD test cleanup completed for scenario: Place order successfully with valid details
]]></system-out>
    <system-err><![CDATA[Sep 29, 2025 11:02:23 AM org.openqa.selenium.devtools.CdpVersionFinder findNearestMatch
WARNING: Unable to find an exact match for CDP version 140, returning the closest version; found: 139; Please update to a Selenium version that supports CDP version 140
]]></system-err>
  </testcase>
  <testcase name="Validate order form fields" classname="DemoBlaze Order Placement" time="6.907">
    <system-out><![CDATA[
@OrderPlacement @E2E @regression @OrderValidation @Functional @Smoke
Scenario: Validate order form fields          # src/test/resources/features/OrderPlacement.feature:29
11:02:38.246 [main] INFO  hooks.Hooks - Starting BDD scenario: Validate order form fields
11:02:38.246 [main] INFO  hooks.Hooks - BDD test environment configured for scenario: Validate order form fields
11:02:38.247 [main] INFO  stepDefinitions.HomePageSteps - BDD Step: Navigating to DemoBlaze home page
11:02:38.247 [main] INFO  pages.HomePage - BDD: Opening home page
11:02:38.247 [main] INFO  pages.HomePage - Opening DemoBlaze home page
11:02:38.247 [main] INFO  c.c.s.WebDriverThreadLocalContainer - No webdriver is bound to current thread: 1 - let's create a new webdriver
11:02:38.778 [main] INFO  c.c.s.webdriver.WebDriverFactory - Selenide 7.10.0 / Selenium 4.35.0 / chrome 140.0.7339.207 linux
11:02:40.080 [main] INFO  pages.HomePage - Home page opened successfully
  Given I navigate to the DemoBlaze home page # stepDefinitions.HomePageSteps.i_navigate_to_the_demoblaze_home_page()
11:02:40.081 [main] INFO  stepDefinitions.CartSteps - BDD Step: Adding Nokia lumia 1520 to cart
11:02:40.082 [main] INFO  pages.HomePage - BDD: Clicking on first product: Nokia lumia 1520
11:02:40.082 [main] INFO  pages.HomePage - Clicking on first product: Nokia lumia 1520
11:02:41.627 [main] INFO  pages.HomePage - Successfully clicked on first product: Nokia lumia 1520
11:02:41.627 [main] INFO  pages.ProductDetailsPage - BDD: Adding product to cart
11:02:41.627 [main] INFO  pages.ProductDetailsPage - Clicking 'Add to cart' button
11:02:42.472 [main] INFO  pages.ProductDetailsPage - Successfully clicked 'Add to cart' button
11:02:43.135 [main] INFO  pages.HomePage - BDD: Opening home page
11:02:43.135 [main] INFO  pages.HomePage - Opening DemoBlaze home page
11:02:43.441 [main] INFO  pages.HomePage - Home page opened successfully
  Given I add "Nokia lumia 1520" to cart      # stepDefinitions.CartSteps.i_add_to_cart(java.lang.String)
11:02:43.442 [main] INFO  stepDefinitions.CartSteps - BDD Step: Navigating to cart page
11:02:43.443 [main] INFO  pages.HomePage - BDD: Navigating to cart
11:02:43.443 [main] INFO  pages.HomePage - Navigating to cart page
11:02:44.217 [main] INFO  pages.HomePage - Successfully navigated to cart page
  When I navigate to cart page                # stepDefinitions.CartSteps.i_navigate_to_cart_page()
11:02:44.218 [main] INFO  stepDefinitions.OrderPlacementSteps - BDD Step: Clicking place order button
11:02:44.218 [main] INFO  pages.CartPage - Clicking 'Place Order' button
11:02:44.340 [main] INFO  pages.CartPage - Successfully clicked 'Place Order' button
  And I click place order button              # stepDefinitions.OrderPlacementSteps.i_click_place_order_button()
11:02:44.341 [main] INFO  stepDefinitions.OrderPlacementSteps - BDD Step: Verifying order placement form is displayed
11:02:44.341 [main] INFO  pages.OrderPlacementPage - Verifying order placement form is visible
11:02:44.846 [main] INFO  pages.OrderPlacementPage - Order placement form verified successfully
  Then I should see the order placement form  # stepDefinitions.OrderPlacementSteps.i_should_see_the_order_placement_form()
11:02:44.848 [main] INFO  stepDefinitions.OrderPlacementSteps - BDD Step: Verifying all required order fields
11:02:44.848 [main] INFO  pages.OrderPlacementPage - Verifying order placement form is visible
11:02:45.001 [main] INFO  pages.OrderPlacementPage - Order placement form verified successfully
11:02:45.002 [main] INFO  stepDefinitions.OrderPlacementSteps - BDD Step: All required order fields verified
  And I should see all required order fields: # stepDefinitions.OrderPlacementSteps.i_should_see_all_required_order_fields(io.cucumber.datatable.DataTable)
    | field      |
    | name       |
    | country    |
    | city       |
    | creditCard |
    | month      |
    | year       |
11:02:45.002 [main] INFO  stepDefinitions.OrderPlacementSteps - BDD Step: Verifying purchase button is visible
  And I should see purchase button            # stepDefinitions.OrderPlacementSteps.i_should_see_purchase_button()
11:02:45.003 [main] INFO  stepDefinitions.OrderPlacementSteps - BDD Step: Verifying close button is visible
  And I should see close button               # stepDefinitions.OrderPlacementSteps.i_should_see_close_button()
11:02:45.003 [main] INFO  hooks.Hooks - Finishing BDD scenario: Validate order form fields - Status: PASSED
11:02:45.145 [main] INFO  hooks.Hooks - BDD test cleanup completed for scenario: Validate order form fields
]]></system-out>
    <system-err><![CDATA[Sep 29, 2025 11:02:38 AM org.openqa.selenium.devtools.CdpVersionFinder findNearestMatch
WARNING: Unable to find an exact match for CDP version 140, returning the closest version; found: 139; Please update to a Selenium version that supports CDP version 140
]]></system-err>
  </testcase>
  <testcase name="Validate order form with different data combinations #1" classname="DemoBlaze Order Placement" time="9.991">
    <failure message="Alert not found&#10;Screenshot: file:/app/target/screenshots/1759143774631.3.png&#10;Page source: file:/app/target/screenshots/1759143774631.3.html&#10;Timeout: 4 s.&#10;Caused by: TimeoutException: Expected condition failed: waiting for alert to be present (tried for 4 second(s) with 200 milliseconds interval)" type="Alert not found&#10;Screenshot"><![CDATA[Alert not found
Screenshot: file:/app/target/screenshots/1759143774631.3.png
Page source: file:/app/target/screenshots/1759143774631.3.html
Timeout: 4 s.
Caused by: TimeoutException: Expected condition failed: waiting for alert to be present (tried for 4 second(s) with 200 milliseconds interval)
	at com.codeborne.selenide.SelenideTargetLocator.alertNotFoundError(SelenideTargetLocator.java:308)
	at com.codeborne.selenide.SelenideTargetLocator.alert(SelenideTargetLocator.java:182)
	at com.codeborne.selenide.SelenideTargetLocator.alert(SelenideTargetLocator.java:172)
	at stepDefinitions.OrderPlacementSteps.i_should_see_appropriate_response_for_order(OrderPlacementSteps.java:162)
	at ✽.I should see appropriate response for order "valid_order"(file:///app/src/test/resources/features/OrderPlacement.feature:59)
Caused by: org.openqa.selenium.TimeoutException: Expected condition failed: waiting for alert to be present (tried for 4 second(s) with 200 milliseconds interval)
Build info: version: '4.35.0', revision: '1c58e5028b'
System info: os.name: 'Linux', os.arch: 'amd64', os.version: '6.6.87.2-microsoft-standard-WSL2', java.version: '21'
Driver info: driver.version: unknown
	at org.openqa.selenium.support.ui.FluentWait.timeoutException(FluentWait.java:265)
	at org.openqa.selenium.support.ui.FluentWait.until(FluentWait.java:228)
	at com.codeborne.selenide.SelenideTargetLocator.alert(SelenideTargetLocator.java:179)
	at com.codeborne.selenide.SelenideTargetLocator.alert(SelenideTargetLocator.java:172)
	at stepDefinitions.OrderPlacementSteps.i_should_see_appropriate_response_for_order(OrderPlacementSteps.java:162)
	at java.base/java.lang.reflect.Method.invoke(Method.java:580)
	at io.cucumber.java.Invoker.doInvoke(Invoker.java:66)
	at io.cucumber.java.Invoker.invoke(Invoker.java:24)
	at io.cucumber.java.AbstractGlueDefinition.invokeMethod(AbstractGlueDefinition.java:47)
	at io.cucumber.java.JavaStepDefinition.execute(JavaStepDefinition.java:29)
	at io.cucumber.core.runner.CoreStepDefinition.execute(CoreStepDefinition.java:66)
	at io.cucumber.core.runner.PickleStepDefinitionMatch.runStep(PickleStepDefinitionMatch.java:63)
	at io.cucumber.core.runner.ExecutionMode$1.execute(ExecutionMode.java:10)
	at io.cucumber.core.runner.TestStep.executeStep(TestStep.java:84)
	at io.cucumber.core.runner.TestStep.run(TestStep.java:56)
	at io.cucumber.core.runner.PickleStepTestStep.run(PickleStepTestStep.java:51)
	at io.cucumber.core.runner.TestCase.run(TestCase.java:84)
	at io.cucumber.core.runner.Runner.runPickle(Runner.java:75)
	at io.cucumber.junit.PickleRunners$NoStepDescriptions.lambda$run$0(PickleRunners.java:151)
	at io.cucumber.core.runtime.CucumberExecutionContext.lambda$runTestCase$5(CucumberExecutionContext.java:137)
	at io.cucumber.core.runtime.RethrowingThrowableCollector.executeAndThrow(RethrowingThrowableCollector.java:23)
	at io.cucumber.core.runtime.CucumberExecutionContext.runTestCase(CucumberExecutionContext.java:137)
	at io.cucumber.junit.PickleRunners$NoStepDescriptions.run(PickleRunners.java:148)
	at io.cucumber.junit.FeatureRunner.runChild(FeatureRunner.java:144)
	at io.cucumber.junit.FeatureRunner.runChild(FeatureRunner.java:28)
	at io.cucumber.junit.FeatureRunner.run(FeatureRunner.java:137)
	at io.cucumber.junit.Cucumber.runChild(Cucumber.java:196)
	at io.cucumber.junit.Cucumber.runChild(Cucumber.java:89)
	at io.cucumber.core.runtime.CucumberExecutionContext.lambda$runFeatures$6(CucumberExecutionContext.java:148)
	at io.cucumber.core.runtime.CucumberExecutionContext.execute(CucumberExecutionContext.java:163)
	at io.cucumber.core.runtime.CucumberExecutionContext.runFeatures(CucumberExecutionContext.java:146)
	at io.cucumber.junit.Cucumber$StartAndFinishTestRun.evaluate(Cucumber.java:226)
]]></failure>
    <system-out><![CDATA[
@OrderPlacement @E2E @regression @OrderFormValidation @Edge @regression
Scenario Outline: Validate order form with different data combinations # src/test/resources/features/OrderPlacement.feature:63
11:02:45.152 [main] INFO  hooks.Hooks - Starting BDD scenario: Validate order form with different data combinations
11:02:45.152 [main] INFO  hooks.Hooks - BDD test environment configured for scenario: Validate order form with different data combinations
11:02:45.153 [main] INFO  stepDefinitions.HomePageSteps - BDD Step: Navigating to DemoBlaze home page
11:02:45.153 [main] INFO  pages.HomePage - BDD: Opening home page
11:02:45.153 [main] INFO  pages.HomePage - Opening DemoBlaze home page
11:02:45.153 [main] INFO  c.c.s.WebDriverThreadLocalContainer - No webdriver is bound to current thread: 1 - let's create a new webdriver
11:02:45.812 [main] INFO  c.c.s.webdriver.WebDriverFactory - Selenide 7.10.0 / Selenium 4.35.0 / chrome 140.0.7339.207 linux
11:02:46.095 [main] INFO  pages.HomePage - Home page opened successfully
  Given I navigate to the DemoBlaze home page                          # stepDefinitions.HomePageSteps.i_navigate_to_the_demoblaze_home_page()
11:02:46.096 [main] INFO  stepDefinitions.CartSteps - BDD Step: Adding Nexus 6 to cart
11:02:46.096 [main] INFO  pages.HomePage - BDD: Clicking on first product: Nexus 6
11:02:46.096 [main] INFO  pages.HomePage - Clicking on first product: Nexus 6
11:02:47.147 [main] INFO  pages.HomePage - Successfully clicked on first product: Nexus 6
11:02:47.147 [main] INFO  pages.ProductDetailsPage - BDD: Adding product to cart
11:02:47.147 [main] INFO  pages.ProductDetailsPage - Clicking 'Add to cart' button
11:02:47.983 [main] INFO  pages.ProductDetailsPage - Successfully clicked 'Add to cart' button
11:02:48.630 [main] INFO  pages.HomePage - BDD: Opening home page
11:02:48.630 [main] INFO  pages.HomePage - Opening DemoBlaze home page
11:02:48.690 [main] INFO  pages.HomePage - Home page opened successfully
  Given I add "Nexus 6" to cart                                        # stepDefinitions.CartSteps.i_add_to_cart(java.lang.String)
11:02:48.690 [main] INFO  stepDefinitions.CartSteps - BDD Step: Navigating to cart page
11:02:48.690 [main] INFO  pages.HomePage - BDD: Navigating to cart
11:02:48.690 [main] INFO  pages.HomePage - Navigating to cart page
11:02:48.942 [main] INFO  pages.HomePage - Successfully navigated to cart page
  When I navigate to cart page                                         # stepDefinitions.CartSteps.i_navigate_to_cart_page()
11:02:48.943 [main] INFO  stepDefinitions.OrderPlacementSteps - BDD Step: Clicking place order button
11:02:48.943 [main] INFO  pages.CartPage - Clicking 'Place Order' button
11:02:49.063 [main] INFO  pages.CartPage - Successfully clicked 'Place Order' button
  And I click place order button                                       # stepDefinitions.OrderPlacementSteps.i_click_place_order_button()
11:02:49.064 [main] INFO  stepDefinitions.OrderPlacementSteps - BDD Step: Filling order details with specified data
11:02:49.064 [main] INFO  pages.OrderPlacementPage - Filling complete order details for customer: John Doe
11:02:49.065 [main] INFO  pages.OrderPlacementPage - Filling name field with: John Doe
11:02:49.576 [main] INFO  pages.OrderPlacementPage - Filling country field with: USA
11:02:49.718 [main] INFO  pages.OrderPlacementPage - Filling city field with: New York
11:02:49.889 [main] INFO  pages.OrderPlacementPage - Filling credit card field
11:02:50.032 [main] INFO  pages.OrderPlacementPage - Filling month field with: 12
11:02:50.172 [main] INFO  pages.OrderPlacementPage - Filling year field with: 2025
11:02:50.312 [main] INFO  pages.OrderPlacementPage - Order details filled successfully for customer: John Doe
11:02:50.312 [main] INFO  stepDefinitions.OrderPlacementSteps - BDD Step: Order details filled with specified data
  And I fill order details:                                            # stepDefinitions.OrderPlacementSteps.i_fill_order_details(io.cucumber.datatable.DataTable)
    | field      | value            |
    | name       | John Doe         |
    | country    | USA              |
    | city       | New York         |
    | creditCard | 1234567890123456 |
    | month      | 12               |
    | year       | 2025             |
11:02:50.313 [main] INFO  stepDefinitions.OrderPlacementSteps - BDD Step: Clicking purchase button
11:02:50.313 [main] INFO  pages.OrderPlacementPage - Clicking 'Purchase' button to complete order
11:02:50.429 [main] INFO  pages.OrderPlacementPage - Purchase button clicked successfully
  And I click purchase button                                          # stepDefinitions.OrderPlacementSteps.i_click_purchase_button()
11:02:50.429 [main] INFO  stepDefinitions.OrderPlacementSteps - BDD Step: Verifying response for order scenario: valid_order
11:02:54.645 [main] INFO  c.c.selenide.impl.AttachmentPrinter - [[ATTACHMENT|/app/target/screenshots/1759143774631.3.html]]
11:02:54.793 [main] INFO  c.c.selenide.impl.AttachmentPrinter - [[ATTACHMENT|/app/target/screenshots/1759143774631.3.png]]
  Then I should see appropriate response for order "valid_order"       # stepDefinitions.OrderPlacementSteps.i_should_see_appropriate_response_for_order(java.lang.String)
      Alert not found
Screenshot: file:/app/target/screenshots/1759143774631.3.png
Page source: file:/app/target/screenshots/1759143774631.3.html
Timeout: 4 s.
Caused by: TimeoutException: Expected condition failed: waiting for alert to be present (tried for 4 second(s) with 200 milliseconds interval)
	at com.codeborne.selenide.SelenideTargetLocator.alertNotFoundError(SelenideTargetLocator.java:308)
	at com.codeborne.selenide.SelenideTargetLocator.alert(SelenideTargetLocator.java:182)
	at com.codeborne.selenide.SelenideTargetLocator.alert(SelenideTargetLocator.java:172)
	at stepDefinitions.OrderPlacementSteps.i_should_see_appropriate_response_for_order(OrderPlacementSteps.java:162)
	at ✽.I should see appropriate response for order "valid_order"(file:///app/src/test/resources/features/OrderPlacement.feature:59)
Caused by: org.openqa.selenium.TimeoutException: Expected condition failed: waiting for alert to be present (tried for 4 second(s) with 200 milliseconds interval)
Build info: version: '4.35.0', revision: '1c58e5028b'
System info: os.name: 'Linux', os.arch: 'amd64', os.version: '6.6.87.2-microsoft-standard-WSL2', java.version: '21'
Driver info: driver.version: unknown
	at org.openqa.selenium.support.ui.FluentWait.timeoutException(FluentWait.java:265)
	at org.openqa.selenium.support.ui.FluentWait.until(FluentWait.java:228)
	at com.codeborne.selenide.SelenideTargetLocator.alert(SelenideTargetLocator.java:179)
	at com.codeborne.selenide.SelenideTargetLocator.alert(SelenideTargetLocator.java:172)
	at stepDefinitions.OrderPlacementSteps.i_should_see_appropriate_response_for_order(OrderPlacementSteps.java:162)
	at java.base/jdk.internal.reflect.DirectMethodHandleAccessor.invoke(DirectMethodHandleAccessor.java:103)
	at java.base/java.lang.reflect.Method.invoke(Method.java:580)
	at io.cucumber.java.Invoker.doInvoke(Invoker.java:66)
	at io.cucumber.java.Invoker.invoke(Invoker.java:24)
	at io.cucumber.java.AbstractGlueDefinition.invokeMethod(AbstractGlueDefinition.java:47)
	at io.cucumber.java.JavaStepDefinition.execute(JavaStepDefinition.java:29)
	at io.cucumber.core.runner.CoreStepDefinition.execute(CoreStepDefinition.java:66)
	at io.cucumber.core.runner.PickleStepDefinitionMatch.runStep(PickleStepDefinitionMatch.java:63)
	at io.cucumber.core.runner.ExecutionMode$1.execute(ExecutionMode.java:10)
	at io.cucumber.core.runner.TestStep.executeStep(TestStep.java:84)
	at io.cucumber.core.runner.TestStep.run(TestStep.java:56)
	at io.cucumber.core.runner.PickleStepTestStep.run(PickleStepTestStep.java:51)
	at io.cucumber.core.runner.TestCase.run(TestCase.java:84)
	at io.cucumber.core.runner.Runner.runPickle(Runner.java:75)
	at io.cucumber.junit.PickleRunners$NoStepDescriptions.lambda$run$0(PickleRunners.java:151)
	at io.cucumber.core.runtime.CucumberExecutionContext.lambda$runTestCase$5(CucumberExecutionContext.java:137)
	at io.cucumber.core.runtime.RethrowingThrowableCollector.executeAndThrow(RethrowingThrowableCollector.java:23)
	at io.cucumber.core.runtime.CucumberExecutionContext.runTestCase(CucumberExecutionContext.java:137)
	at io.cucumber.junit.PickleRunners$NoStepDescriptions.run(PickleRunners.java:148)
	at io.cucumber.junit.FeatureRunner.runChild(FeatureRunner.java:144)
	at io.cucumber.junit.FeatureRunner.runChild(FeatureRunner.java:28)
	at org.junit.runners.ParentRunner$4.run(ParentRunner.java:331)
	at org.junit.runners.ParentRunner$1.schedule(ParentRunner.java:79)
	at org.junit.runners.ParentRunner.runChildren(ParentRunner.java:329)
	at org.junit.runners.ParentRunner.access$100(ParentRunner.java:66)
	at org.junit.runners.ParentRunner$2.evaluate(ParentRunner.java:293)
	at org.junit.runners.ParentRunner$3.evaluate(ParentRunner.java:306)
	at org.junit.runners.ParentRunner.run(ParentRunner.java:413)
	at io.cucumber.junit.FeatureRunner.run(FeatureRunner.java:137)
	at io.cucumber.junit.Cucumber.runChild(Cucumber.java:196)
	at io.cucumber.junit.Cucumber.runChild(Cucumber.java:89)
	at org.junit.runners.ParentRunner$4.run(ParentRunner.java:331)
	at org.junit.runners.ParentRunner$1.schedule(ParentRunner.java:79)
	at org.junit.runners.ParentRunner.runChildren(ParentRunner.java:329)
	at org.junit.runners.ParentRunner.access$100(ParentRunner.java:66)
	at org.junit.runners.ParentRunner$2.evaluate(ParentRunner.java:293)
	at io.cucumber.core.runtime.CucumberExecutionContext.lambda$runFeatures$6(CucumberExecutionContext.java:148)
	at io.cucumber.core.runtime.CucumberExecutionContext.execute(CucumberExecutionContext.java:163)
	at io.cucumber.core.runtime.CucumberExecutionContext.runFeatures(CucumberExecutionContext.java:146)
	at io.cucumber.junit.Cucumber$StartAndFinishTestRun.evaluate(Cucumber.java:226)
	at org.junit.runners.ParentRunner$3.evaluate(ParentRunner.java:306)
	at org.junit.runners.ParentRunner.run(ParentRunner.java:413)
	at org.junit.runner.JUnitCore.run(JUnitCore.java:137)
	at org.junit.runner.JUnitCore.run(JUnitCore.java:115)
	at org.junit.vintage.engine.execution.RunnerExecutor.execute(RunnerExecutor.java:42)
	at org.junit.vintage.engine.VintageTestEngine.executeAllChildren(VintageTestEngine.java:80)
	at org.junit.vintage.engine.VintageTestEngine.execute(VintageTestEngine.java:72)
	at org.junit.platform.launcher.core.EngineExecutionOrchestrator.execute(EngineExecutionOrchestrator.java:198)
	at org.junit.platform.launcher.core.EngineExecutionOrchestrator.execute(EngineExecutionOrchestrator.java:169)
	at org.junit.platform.launcher.core.EngineExecutionOrchestrator.execute(EngineExecutionOrchestrator.java:93)
	at org.junit.platform.launcher.core.EngineExecutionOrchestrator.lambda$execute$0(EngineExecutionOrchestrator.java:58)
	at org.junit.platform.launcher.core.EngineExecutionOrchestrator.withInterceptedStreams(EngineExecutionOrchestrator.java:141)
	at org.junit.platform.launcher.core.EngineExecutionOrchestrator.execute(EngineExecutionOrchestrator.java:57)
	at org.junit.platform.launcher.core.DefaultLauncher.execute(DefaultLauncher.java:103)
	at org.junit.platform.launcher.core.DefaultLauncher.execute(DefaultLauncher.java:85)
	at org.junit.platform.launcher.core.DelegatingLauncher.execute(DelegatingLauncher.java:47)
	at org.apache.maven.surefire.junitplatform.LazyLauncher.execute(LazyLauncher.java:55)
	at org.apache.maven.surefire.junitplatform.JUnitPlatformProvider.execute(JUnitPlatformProvider.java:223)
	at org.apache.maven.surefire.junitplatform.JUnitPlatformProvider.invokeAllTests(JUnitPlatformProvider.java:175)
	at org.apache.maven.surefire.junitplatform.JUnitPlatformProvider.invoke(JUnitPlatformProvider.java:139)
	at org.apache.maven.surefire.booter.ForkedBooter.runSuitesInProcess(ForkedBooter.java:456)
	at org.apache.maven.surefire.booter.ForkedBooter.execute(ForkedBooter.java:169)
	at org.apache.maven.surefire.booter.ForkedBooter.run(ForkedBooter.java:595)
	at org.apache.maven.surefire.booter.ForkedBooter.main(ForkedBooter.java:581)

11:02:54.795 [main] INFO  hooks.Hooks - Finishing BDD scenario: Validate order form with different data combinations - Status: FAILED
11:02:54.795 [main] ERROR hooks.Hooks - Scenario failed: Validate order form with different data combinations
11:02:54.808 [main] INFO  c.c.selenide.impl.AttachmentPrinter - [[ATTACHMENT|/app/target/screenshots/failed_scenario_1759143774795.html]]
11:02:54.991 [main] INFO  c.c.selenide.impl.AttachmentPrinter - [[ATTACHMENT|/app/target/screenshots/failed_scenario_1759143774795.png]]
11:02:54.992 [main] ERROR hooks.Hooks - Failed to capture screenshot: file:/app/target/screenshots/failed_scenario_1759143774795.png
11:02:55.136 [main] INFO  hooks.Hooks - BDD test cleanup completed for scenario: Validate order form with different data combinations
]]></system-out>
    <system-err><![CDATA[Sep 29, 2025 11:02:45 AM org.openqa.selenium.devtools.CdpVersionFinder findNearestMatch
WARNING: Unable to find an exact match for CDP version 140, returning the closest version; found: 139; Please update to a Selenium version that supports CDP version 140
]]></system-err>
  </testcase>
  <testcase name="Validate order form with different data combinations #2" classname="DemoBlaze Order Placement" time="7.293">
    <system-out><![CDATA[
@OrderPlacement @E2E @regression @OrderFormValidation @Edge @regression
Scenario Outline: Validate order form with different data combinations # src/test/resources/features/OrderPlacement.feature:64
11:02:55.153 [main] INFO  hooks.Hooks - Starting BDD scenario: Validate order form with different data combinations
11:02:55.153 [main] INFO  hooks.Hooks - BDD test environment configured for scenario: Validate order form with different data combinations
11:02:55.155 [main] INFO  stepDefinitions.HomePageSteps - BDD Step: Navigating to DemoBlaze home page
11:02:55.155 [main] INFO  pages.HomePage - BDD: Opening home page
11:02:55.155 [main] INFO  pages.HomePage - Opening DemoBlaze home page
11:02:55.155 [main] INFO  c.c.s.WebDriverThreadLocalContainer - No webdriver is bound to current thread: 1 - let's create a new webdriver
11:02:55.661 [main] INFO  c.c.s.webdriver.WebDriverFactory - Selenide 7.10.0 / Selenium 4.35.0 / chrome 140.0.7339.207 linux
11:02:57.025 [main] INFO  pages.HomePage - Home page opened successfully
  Given I navigate to the DemoBlaze home page                          # stepDefinitions.HomePageSteps.i_navigate_to_the_demoblaze_home_page()
11:02:57.025 [main] INFO  stepDefinitions.CartSteps - BDD Step: Adding Nexus 6 to cart
11:02:57.026 [main] INFO  pages.HomePage - BDD: Clicking on first product: Nexus 6
11:02:57.026 [main] INFO  pages.HomePage - Clicking on first product: Nexus 6
11:02:58.437 [main] INFO  pages.HomePage - Successfully clicked on first product: Nexus 6
11:02:58.437 [main] INFO  pages.ProductDetailsPage - BDD: Adding product to cart
11:02:58.437 [main] INFO  pages.ProductDetailsPage - Clicking 'Add to cart' button
11:02:59.282 [main] INFO  pages.ProductDetailsPage - Successfully clicked 'Add to cart' button
11:02:59.934 [main] INFO  pages.HomePage - BDD: Opening home page
11:02:59.934 [main] INFO  pages.HomePage - Opening DemoBlaze home page
11:03:00.027 [main] INFO  pages.HomePage - Home page opened successfully
  Given I add "Nexus 6" to cart                                        # stepDefinitions.CartSteps.i_add_to_cart(java.lang.String)
11:03:00.028 [main] INFO  stepDefinitions.CartSteps - BDD Step: Navigating to cart page
11:03:00.028 [main] INFO  pages.HomePage - BDD: Navigating to cart
11:03:00.028 [main] INFO  pages.HomePage - Navigating to cart page
11:03:00.857 [main] INFO  pages.HomePage - Successfully navigated to cart page
  When I navigate to cart page                                         # stepDefinitions.CartSteps.i_navigate_to_cart_page()
11:03:00.858 [main] INFO  stepDefinitions.OrderPlacementSteps - BDD Step: Clicking place order button
11:03:00.858 [main] INFO  pages.CartPage - Clicking 'Place Order' button
11:03:00.985 [main] INFO  pages.CartPage - Successfully clicked 'Place Order' button
  And I click place order button                                       # stepDefinitions.OrderPlacementSteps.i_click_place_order_button()
11:03:00.986 [main] INFO  stepDefinitions.OrderPlacementSteps - BDD Step: Filling order details with specified data
11:03:00.986 [main] INFO  pages.OrderPlacementPage - Filling complete order details for customer: 
11:03:00.986 [main] INFO  pages.OrderPlacementPage - Filling name field with: 
11:03:01.407 [main] INFO  pages.OrderPlacementPage - Filling country field with: USA
11:03:01.560 [main] INFO  pages.OrderPlacementPage - Filling city field with: New York
11:03:01.711 [main] INFO  pages.OrderPlacementPage - Filling credit card field
11:03:01.865 [main] INFO  pages.OrderPlacementPage - Filling month field with: 12
11:03:01.999 [main] INFO  pages.OrderPlacementPage - Filling year field with: 2025
11:03:02.125 [main] INFO  pages.OrderPlacementPage - Order details filled successfully for customer: 
11:03:02.125 [main] INFO  stepDefinitions.OrderPlacementSteps - BDD Step: Order details filled with specified data
  And I fill order details:                                            # stepDefinitions.OrderPlacementSteps.i_fill_order_details(io.cucumber.datatable.DataTable)
    | field      | value            |
    | name       | [empty]          |
    | country    | USA              |
    | city       | New York         |
    | creditCard | 1234567890123456 |
    | month      | 12               |
    | year       | 2025             |
11:03:02.125 [main] INFO  stepDefinitions.OrderPlacementSteps - BDD Step: Clicking purchase button
11:03:02.125 [main] INFO  pages.OrderPlacementPage - Clicking 'Purchase' button to complete order
11:03:02.269 [main] INFO  pages.OrderPlacementPage - Purchase button clicked successfully
  And I click purchase button                                          # stepDefinitions.OrderPlacementSteps.i_click_purchase_button()
11:03:02.270 [main] INFO  stepDefinitions.OrderPlacementSteps - BDD Step: Verifying response for order scenario: missing_name
11:03:02.287 [main] INFO  stepDefinitions.OrderPlacementSteps - Alert message for scenario missing_name: Please fill out Name and Creditcard.
  Then I should see appropriate response for order "missing_name"      # stepDefinitions.OrderPlacementSteps.i_should_see_appropriate_response_for_order(java.lang.String)
11:03:02.308 [main] INFO  hooks.Hooks - Finishing BDD scenario: Validate order form with different data combinations - Status: PASSED
11:03:02.433 [main] INFO  hooks.Hooks - BDD test cleanup completed for scenario: Validate order form with different data combinations
]]></system-out>
    <system-err><![CDATA[Sep 29, 2025 11:02:55 AM org.openqa.selenium.devtools.CdpVersionFinder findNearestMatch
WARNING: Unable to find an exact match for CDP version 140, returning the closest version; found: 139; Please update to a Selenium version that supports CDP version 140
]]></system-err>
  </testcase>
  <testcase name="Validate order form with different data combinations #3" classname="DemoBlaze Order Placement" time="9.613">
    <failure message="Alert not found&#10;Screenshot: file:/app/target/screenshots/1759143791591.4.png&#10;Page source: file:/app/target/screenshots/1759143791591.4.html&#10;Timeout: 4 s.&#10;Caused by: TimeoutException: Expected condition failed: waiting for alert to be present (tried for 4 second(s) with 200 milliseconds interval)" type="Alert not found&#10;Screenshot"><![CDATA[Alert not found
Screenshot: file:/app/target/screenshots/1759143791591.4.png
Page source: file:/app/target/screenshots/1759143791591.4.html
Timeout: 4 s.
Caused by: TimeoutException: Expected condition failed: waiting for alert to be present (tried for 4 second(s) with 200 milliseconds interval)
	at com.codeborne.selenide.SelenideTargetLocator.alertNotFoundError(SelenideTargetLocator.java:308)
	at com.codeborne.selenide.SelenideTargetLocator.alert(SelenideTargetLocator.java:182)
	at com.codeborne.selenide.SelenideTargetLocator.alert(SelenideTargetLocator.java:172)
	at stepDefinitions.OrderPlacementSteps.i_should_see_appropriate_response_for_order(OrderPlacementSteps.java:162)
	at ✽.I should see appropriate response for order "missing_country"(file:///app/src/test/resources/features/OrderPlacement.feature:59)
Caused by: org.openqa.selenium.TimeoutException: Expected condition failed: waiting for alert to be present (tried for 4 second(s) with 200 milliseconds interval)
Build info: version: '4.35.0', revision: '1c58e5028b'
System info: os.name: 'Linux', os.arch: 'amd64', os.version: '6.6.87.2-microsoft-standard-WSL2', java.version: '21'
Driver info: driver.version: unknown
	at org.openqa.selenium.support.ui.FluentWait.timeoutException(FluentWait.java:265)
	at org.openqa.selenium.support.ui.FluentWait.until(FluentWait.java:228)
	at com.codeborne.selenide.SelenideTargetLocator.alert(SelenideTargetLocator.java:179)
	at com.codeborne.selenide.SelenideTargetLocator.alert(SelenideTargetLocator.java:172)
	at stepDefinitions.OrderPlacementSteps.i_should_see_appropriate_response_for_order(OrderPlacementSteps.java:162)
	at java.base/java.lang.reflect.Method.invoke(Method.java:580)
	at io.cucumber.java.Invoker.doInvoke(Invoker.java:66)
	at io.cucumber.java.Invoker.invoke(Invoker.java:24)
	at io.cucumber.java.AbstractGlueDefinition.invokeMethod(AbstractGlueDefinition.java:47)
	at io.cucumber.java.JavaStepDefinition.execute(JavaStepDefinition.java:29)
	at io.cucumber.core.runner.CoreStepDefinition.execute(CoreStepDefinition.java:66)
	at io.cucumber.core.runner.PickleStepDefinitionMatch.runStep(PickleStepDefinitionMatch.java:63)
	at io.cucumber.core.runner.ExecutionMode$1.execute(ExecutionMode.java:10)
	at io.cucumber.core.runner.TestStep.executeStep(TestStep.java:84)
	at io.cucumber.core.runner.TestStep.run(TestStep.java:56)
	at io.cucumber.core.runner.PickleStepTestStep.run(PickleStepTestStep.java:51)
	at io.cucumber.core.runner.TestCase.run(TestCase.java:84)
	at io.cucumber.core.runner.Runner.runPickle(Runner.java:75)
	at io.cucumber.junit.PickleRunners$NoStepDescriptions.lambda$run$0(PickleRunners.java:151)
	at io.cucumber.core.runtime.CucumberExecutionContext.lambda$runTestCase$5(CucumberExecutionContext.java:137)
	at io.cucumber.core.runtime.RethrowingThrowableCollector.executeAndThrow(RethrowingThrowableCollector.java:23)
	at io.cucumber.core.runtime.CucumberExecutionContext.runTestCase(CucumberExecutionContext.java:137)
	at io.cucumber.junit.PickleRunners$NoStepDescriptions.run(PickleRunners.java:148)
	at io.cucumber.junit.FeatureRunner.runChild(FeatureRunner.java:144)
	at io.cucumber.junit.FeatureRunner.runChild(FeatureRunner.java:28)
	at io.cucumber.junit.FeatureRunner.run(FeatureRunner.java:137)
	at io.cucumber.junit.Cucumber.runChild(Cucumber.java:196)
	at io.cucumber.junit.Cucumber.runChild(Cucumber.java:89)
	at io.cucumber.core.runtime.CucumberExecutionContext.lambda$runFeatures$6(CucumberExecutionContext.java:148)
	at io.cucumber.core.runtime.CucumberExecutionContext.execute(CucumberExecutionContext.java:163)
	at io.cucumber.core.runtime.CucumberExecutionContext.runFeatures(CucumberExecutionContext.java:146)
	at io.cucumber.junit.Cucumber$StartAndFinishTestRun.evaluate(Cucumber.java:226)
]]></failure>
    <system-out><![CDATA[
@OrderPlacement @E2E @regression @OrderFormValidation @Edge @regression
Scenario Outline: Validate order form with different data combinations # src/test/resources/features/OrderPlacement.feature:65
11:03:02.439 [main] INFO  hooks.Hooks - Starting BDD scenario: Validate order form with different data combinations
11:03:02.439 [main] INFO  hooks.Hooks - BDD test environment configured for scenario: Validate order form with different data combinations
11:03:02.439 [main] INFO  stepDefinitions.HomePageSteps - BDD Step: Navigating to DemoBlaze home page
11:03:02.439 [main] INFO  pages.HomePage - BDD: Opening home page
11:03:02.439 [main] INFO  pages.HomePage - Opening DemoBlaze home page
11:03:02.439 [main] INFO  c.c.s.WebDriverThreadLocalContainer - No webdriver is bound to current thread: 1 - let's create a new webdriver
11:03:02.943 [main] INFO  c.c.s.webdriver.WebDriverFactory - Selenide 7.10.0 / Selenium 4.35.0 / chrome 140.0.7339.207 linux
11:03:03.171 [main] INFO  pages.HomePage - Home page opened successfully
  Given I navigate to the DemoBlaze home page                          # stepDefinitions.HomePageSteps.i_navigate_to_the_demoblaze_home_page()
11:03:03.172 [main] INFO  stepDefinitions.CartSteps - BDD Step: Adding Nexus 6 to cart
11:03:03.172 [main] INFO  pages.HomePage - BDD: Clicking on first product: Nexus 6
11:03:03.172 [main] INFO  pages.HomePage - Clicking on first product: Nexus 6
11:03:04.109 [main] INFO  pages.HomePage - Successfully clicked on first product: Nexus 6
11:03:04.109 [main] INFO  pages.ProductDetailsPage - BDD: Adding product to cart
11:03:04.109 [main] INFO  pages.ProductDetailsPage - Clicking 'Add to cart' button
11:03:04.916 [main] INFO  pages.ProductDetailsPage - Successfully clicked 'Add to cart' button
11:03:05.557 [main] INFO  pages.HomePage - BDD: Opening home page
11:03:05.557 [main] INFO  pages.HomePage - Opening DemoBlaze home page
11:03:05.911 [main] INFO  pages.HomePage - Home page opened successfully
  Given I add "Nexus 6" to cart                                        # stepDefinitions.CartSteps.i_add_to_cart(java.lang.String)
11:03:05.911 [main] INFO  stepDefinitions.CartSteps - BDD Step: Navigating to cart page
11:03:05.911 [main] INFO  pages.HomePage - BDD: Navigating to cart
11:03:05.911 [main] INFO  pages.HomePage - Navigating to cart page
11:03:06.115 [main] INFO  pages.HomePage - Successfully navigated to cart page
  When I navigate to cart page                                         # stepDefinitions.CartSteps.i_navigate_to_cart_page()
11:03:06.116 [main] INFO  stepDefinitions.OrderPlacementSteps - BDD Step: Clicking place order button
11:03:06.116 [main] INFO  pages.CartPage - Clicking 'Place Order' button
11:03:06.278 [main] INFO  pages.CartPage - Successfully clicked 'Place Order' button
  And I click place order button                                       # stepDefinitions.OrderPlacementSteps.i_click_place_order_button()
11:03:06.280 [main] INFO  stepDefinitions.OrderPlacementSteps - BDD Step: Filling order details with specified data
11:03:06.280 [main] INFO  pages.OrderPlacementPage - Filling complete order details for customer: John Doe
11:03:06.280 [main] INFO  pages.OrderPlacementPage - Filling name field with: John Doe
11:03:06.781 [main] INFO  pages.OrderPlacementPage - Filling country field with: 
11:03:06.870 [main] INFO  pages.OrderPlacementPage - Filling city field with: New York
11:03:07.017 [main] INFO  pages.OrderPlacementPage - Filling credit card field
11:03:07.182 [main] INFO  pages.OrderPlacementPage - Filling month field with: 12
11:03:07.333 [main] INFO  pages.OrderPlacementPage - Filling year field with: 2025
11:03:07.464 [main] INFO  pages.OrderPlacementPage - Order details filled successfully for customer: John Doe
11:03:07.464 [main] INFO  stepDefinitions.OrderPlacementSteps - BDD Step: Order details filled with specified data
  And I fill order details:                                            # stepDefinitions.OrderPlacementSteps.i_fill_order_details(io.cucumber.datatable.DataTable)
    | field      | value            |
    | name       | John Doe         |
    | country    | [empty]          |
    | city       | New York         |
    | creditCard | 1234567890123456 |
    | month      | 12               |
    | year       | 2025             |
11:03:07.465 [main] INFO  stepDefinitions.OrderPlacementSteps - BDD Step: Clicking purchase button
11:03:07.465 [main] INFO  pages.OrderPlacementPage - Clicking 'Purchase' button to complete order
11:03:07.581 [main] INFO  pages.OrderPlacementPage - Purchase button clicked successfully
  And I click purchase button                                          # stepDefinitions.OrderPlacementSteps.i_click_purchase_button()
11:03:07.582 [main] INFO  stepDefinitions.OrderPlacementSteps - BDD Step: Verifying response for order scenario: missing_country
11:03:11.606 [main] INFO  c.c.selenide.impl.AttachmentPrinter - [[ATTACHMENT|/app/target/screenshots/1759143791591.4.html]]
11:03:11.744 [main] INFO  c.c.selenide.impl.AttachmentPrinter - [[ATTACHMENT|/app/target/screenshots/1759143791591.4.png]]
  Then I should see appropriate response for order "missing_country"   # stepDefinitions.OrderPlacementSteps.i_should_see_appropriate_response_for_order(java.lang.String)
      Alert not found
Screenshot: file:/app/target/screenshots/1759143791591.4.png
Page source: file:/app/target/screenshots/1759143791591.4.html
Timeout: 4 s.
Caused by: TimeoutException: Expected condition failed: waiting for alert to be present (tried for 4 second(s) with 200 milliseconds interval)
	at com.codeborne.selenide.SelenideTargetLocator.alertNotFoundError(SelenideTargetLocator.java:308)
	at com.codeborne.selenide.SelenideTargetLocator.alert(SelenideTargetLocator.java:182)
	at com.codeborne.selenide.SelenideTargetLocator.alert(SelenideTargetLocator.java:172)
	at stepDefinitions.OrderPlacementSteps.i_should_see_appropriate_response_for_order(OrderPlacementSteps.java:162)
	at ✽.I should see appropriate response for order "missing_country"(file:///app/src/test/resources/features/OrderPlacement.feature:59)
Caused by: org.openqa.selenium.TimeoutException: Expected condition failed: waiting for alert to be present (tried for 4 second(s) with 200 milliseconds interval)
Build info: version: '4.35.0', revision: '1c58e5028b'
System info: os.name: 'Linux', os.arch: 'amd64', os.version: '6.6.87.2-microsoft-standard-WSL2', java.version: '21'
Driver info: driver.version: unknown
	at org.openqa.selenium.support.ui.FluentWait.timeoutException(FluentWait.java:265)
	at org.openqa.selenium.support.ui.FluentWait.until(FluentWait.java:228)
	at com.codeborne.selenide.SelenideTargetLocator.alert(SelenideTargetLocator.java:179)
	at com.codeborne.selenide.SelenideTargetLocator.alert(SelenideTargetLocator.java:172)
	at stepDefinitions.OrderPlacementSteps.i_should_see_appropriate_response_for_order(OrderPlacementSteps.java:162)
	at java.base/jdk.internal.reflect.DirectMethodHandleAccessor.invoke(DirectMethodHandleAccessor.java:103)
	at java.base/java.lang.reflect.Method.invoke(Method.java:580)
	at io.cucumber.java.Invoker.doInvoke(Invoker.java:66)
	at io.cucumber.java.Invoker.invoke(Invoker.java:24)
	at io.cucumber.java.AbstractGlueDefinition.invokeMethod(AbstractGlueDefinition.java:47)
	at io.cucumber.java.JavaStepDefinition.execute(JavaStepDefinition.java:29)
	at io.cucumber.core.runner.CoreStepDefinition.execute(CoreStepDefinition.java:66)
	at io.cucumber.core.runner.PickleStepDefinitionMatch.runStep(PickleStepDefinitionMatch.java:63)
	at io.cucumber.core.runner.ExecutionMode$1.execute(ExecutionMode.java:10)
	at io.cucumber.core.runner.TestStep.executeStep(TestStep.java:84)
	at io.cucumber.core.runner.TestStep.run(TestStep.java:56)
	at io.cucumber.core.runner.PickleStepTestStep.run(PickleStepTestStep.java:51)
	at io.cucumber.core.runner.TestCase.run(TestCase.java:84)
	at io.cucumber.core.runner.Runner.runPickle(Runner.java:75)
	at io.cucumber.junit.PickleRunners$NoStepDescriptions.lambda$run$0(PickleRunners.java:151)
	at io.cucumber.core.runtime.CucumberExecutionContext.lambda$runTestCase$5(CucumberExecutionContext.java:137)
	at io.cucumber.core.runtime.RethrowingThrowableCollector.executeAndThrow(RethrowingThrowableCollector.java:23)
	at io.cucumber.core.runtime.CucumberExecutionContext.runTestCase(CucumberExecutionContext.java:137)
	at io.cucumber.junit.PickleRunners$NoStepDescriptions.run(PickleRunners.java:148)
	at io.cucumber.junit.FeatureRunner.runChild(FeatureRunner.java:144)
	at io.cucumber.junit.FeatureRunner.runChild(FeatureRunner.java:28)
	at org.junit.runners.ParentRunner$4.run(ParentRunner.java:331)
	at org.junit.runners.ParentRunner$1.schedule(ParentRunner.java:79)
	at org.junit.runners.ParentRunner.runChildren(ParentRunner.java:329)
	at org.junit.runners.ParentRunner.access$100(ParentRunner.java:66)
	at org.junit.runners.ParentRunner$2.evaluate(ParentRunner.java:293)
	at org.junit.runners.ParentRunner$3.evaluate(ParentRunner.java:306)
	at org.junit.runners.ParentRunner.run(ParentRunner.java:413)
	at io.cucumber.junit.FeatureRunner.run(FeatureRunner.java:137)
	at io.cucumber.junit.Cucumber.runChild(Cucumber.java:196)
	at io.cucumber.junit.Cucumber.runChild(Cucumber.java:89)
	at org.junit.runners.ParentRunner$4.run(ParentRunner.java:331)
	at org.junit.runners.ParentRunner$1.schedule(ParentRunner.java:79)
	at org.junit.runners.ParentRunner.runChildren(ParentRunner.java:329)
	at org.junit.runners.ParentRunner.access$100(ParentRunner.java:66)
	at org.junit.runners.ParentRunner$2.evaluate(ParentRunner.java:293)
	at io.cucumber.core.runtime.CucumberExecutionContext.lambda$runFeatures$6(CucumberExecutionContext.java:148)
	at io.cucumber.core.runtime.CucumberExecutionContext.execute(CucumberExecutionContext.java:163)
	at io.cucumber.core.runtime.CucumberExecutionContext.runFeatures(CucumberExecutionContext.java:146)
	at io.cucumber.junit.Cucumber$StartAndFinishTestRun.evaluate(Cucumber.java:226)
	at org.junit.runners.ParentRunner$3.evaluate(ParentRunner.java:306)
	at org.junit.runners.ParentRunner.run(ParentRunner.java:413)
	at org.junit.runner.JUnitCore.run(JUnitCore.java:137)
	at org.junit.runner.JUnitCore.run(JUnitCore.java:115)
	at org.junit.vintage.engine.execution.RunnerExecutor.execute(RunnerExecutor.java:42)
	at org.junit.vintage.engine.VintageTestEngine.executeAllChildren(VintageTestEngine.java:80)
	at org.junit.vintage.engine.VintageTestEngine.execute(VintageTestEngine.java:72)
	at org.junit.platform.launcher.core.EngineExecutionOrchestrator.execute(EngineExecutionOrchestrator.java:198)
	at org.junit.platform.launcher.core.EngineExecutionOrchestrator.execute(EngineExecutionOrchestrator.java:169)
	at org.junit.platform.launcher.core.EngineExecutionOrchestrator.execute(EngineExecutionOrchestrator.java:93)
	at org.junit.platform.launcher.core.EngineExecutionOrchestrator.lambda$execute$0(EngineExecutionOrchestrator.java:58)
	at org.junit.platform.launcher.core.EngineExecutionOrchestrator.withInterceptedStreams(EngineExecutionOrchestrator.java:141)
	at org.junit.platform.launcher.core.EngineExecutionOrchestrator.execute(EngineExecutionOrchestrator.java:57)
	at org.junit.platform.launcher.core.DefaultLauncher.execute(DefaultLauncher.java:103)
	at org.junit.platform.launcher.core.DefaultLauncher.execute(DefaultLauncher.java:85)
	at org.junit.platform.launcher.core.DelegatingLauncher.execute(DelegatingLauncher.java:47)
	at org.apache.maven.surefire.junitplatform.LazyLauncher.execute(LazyLauncher.java:55)
	at org.apache.maven.surefire.junitplatform.JUnitPlatformProvider.execute(JUnitPlatformProvider.java:223)
	at org.apache.maven.surefire.junitplatform.JUnitPlatformProvider.invokeAllTests(JUnitPlatformProvider.java:175)
	at org.apache.maven.surefire.junitplatform.JUnitPlatformProvider.invoke(JUnitPlatformProvider.java:139)
	at org.apache.maven.surefire.booter.ForkedBooter.runSuitesInProcess(ForkedBooter.java:456)
	at org.apache.maven.surefire.booter.ForkedBooter.execute(ForkedBooter.java:169)
	at org.apache.maven.surefire.booter.ForkedBooter.run(ForkedBooter.java:595)
	at org.apache.maven.surefire.booter.ForkedBooter.main(ForkedBooter.java:581)

11:03:11.746 [main] INFO  hooks.Hooks - Finishing BDD scenario: Validate order form with different data combinations - Status: FAILED
11:03:11.746 [main] ERROR hooks.Hooks - Scenario failed: Validate order form with different data combinations
11:03:11.759 [main] INFO  c.c.selenide.impl.AttachmentPrinter - [[ATTACHMENT|/app/target/screenshots/failed_scenario_1759143791746.html]]
11:03:11.921 [main] INFO  c.c.selenide.impl.AttachmentPrinter - [[ATTACHMENT|/app/target/screenshots/failed_scenario_1759143791746.png]]
11:03:11.921 [main] ERROR hooks.Hooks - Failed to capture screenshot: file:/app/target/screenshots/failed_scenario_1759143791746.png
11:03:12.046 [main] INFO  hooks.Hooks - BDD test cleanup completed for scenario: Validate order form with different data combinations
]]></system-out>
    <system-err><![CDATA[Sep 29, 2025 11:03:02 AM org.openqa.selenium.devtools.CdpVersionFinder findNearestMatch
WARNING: Unable to find an exact match for CDP version 140, returning the closest version; found: 139; Please update to a Selenium version that supports CDP version 140
]]></system-err>
  </testcase>
  <testcase name="Validate order form with different data combinations #4" classname="DemoBlaze Order Placement" time="12.328">
    <failure message="Alert not found&#10;Screenshot: file:/app/target/screenshots/1759143803905.5.png&#10;Page source: file:/app/target/screenshots/1759143803905.5.html&#10;Timeout: 4 s.&#10;Caused by: TimeoutException: Expected condition failed: waiting for alert to be present (tried for 4 second(s) with 200 milliseconds interval)" type="Alert not found&#10;Screenshot"><![CDATA[Alert not found
Screenshot: file:/app/target/screenshots/1759143803905.5.png
Page source: file:/app/target/screenshots/1759143803905.5.html
Timeout: 4 s.
Caused by: TimeoutException: Expected condition failed: waiting for alert to be present (tried for 4 second(s) with 200 milliseconds interval)
	at com.codeborne.selenide.SelenideTargetLocator.alertNotFoundError(SelenideTargetLocator.java:308)
	at com.codeborne.selenide.SelenideTargetLocator.alert(SelenideTargetLocator.java:182)
	at com.codeborne.selenide.SelenideTargetLocator.alert(SelenideTargetLocator.java:172)
	at stepDefinitions.OrderPlacementSteps.i_should_see_appropriate_response_for_order(OrderPlacementSteps.java:162)
	at ✽.I should see appropriate response for order "missing_city"(file:///app/src/test/resources/features/OrderPlacement.feature:59)
Caused by: org.openqa.selenium.TimeoutException: Expected condition failed: waiting for alert to be present (tried for 4 second(s) with 200 milliseconds interval)
Build info: version: '4.35.0', revision: '1c58e5028b'
System info: os.name: 'Linux', os.arch: 'amd64', os.version: '6.6.87.2-microsoft-standard-WSL2', java.version: '21'
Driver info: driver.version: unknown
	at org.openqa.selenium.support.ui.FluentWait.timeoutException(FluentWait.java:265)
	at org.openqa.selenium.support.ui.FluentWait.until(FluentWait.java:228)
	at com.codeborne.selenide.SelenideTargetLocator.alert(SelenideTargetLocator.java:179)
	at com.codeborne.selenide.SelenideTargetLocator.alert(SelenideTargetLocator.java:172)
	at stepDefinitions.OrderPlacementSteps.i_should_see_appropriate_response_for_order(OrderPlacementSteps.java:162)
	at java.base/java.lang.reflect.Method.invoke(Method.java:580)
	at io.cucumber.java.Invoker.doInvoke(Invoker.java:66)
	at io.cucumber.java.Invoker.invoke(Invoker.java:24)
	at io.cucumber.java.AbstractGlueDefinition.invokeMethod(AbstractGlueDefinition.java:47)
	at io.cucumber.java.JavaStepDefinition.execute(JavaStepDefinition.java:29)
	at io.cucumber.core.runner.CoreStepDefinition.execute(CoreStepDefinition.java:66)
	at io.cucumber.core.runner.PickleStepDefinitionMatch.runStep(PickleStepDefinitionMatch.java:63)
	at io.cucumber.core.runner.ExecutionMode$1.execute(ExecutionMode.java:10)
	at io.cucumber.core.runner.TestStep.executeStep(TestStep.java:84)
	at io.cucumber.core.runner.TestStep.run(TestStep.java:56)
	at io.cucumber.core.runner.PickleStepTestStep.run(PickleStepTestStep.java:51)
	at io.cucumber.core.runner.TestCase.run(TestCase.java:84)
	at io.cucumber.core.runner.Runner.runPickle(Runner.java:75)
	at io.cucumber.junit.PickleRunners$NoStepDescriptions.lambda$run$0(PickleRunners.java:151)
	at io.cucumber.core.runtime.CucumberExecutionContext.lambda$runTestCase$5(CucumberExecutionContext.java:137)
	at io.cucumber.core.runtime.RethrowingThrowableCollector.executeAndThrow(RethrowingThrowableCollector.java:23)
	at io.cucumber.core.runtime.CucumberExecutionContext.runTestCase(CucumberExecutionContext.java:137)
	at io.cucumber.junit.PickleRunners$NoStepDescriptions.run(PickleRunners.java:148)
	at io.cucumber.junit.FeatureRunner.runChild(FeatureRunner.java:144)
	at io.cucumber.junit.FeatureRunner.runChild(FeatureRunner.java:28)
	at io.cucumber.junit.FeatureRunner.run(FeatureRunner.java:137)
	at io.cucumber.junit.Cucumber.runChild(Cucumber.java:196)
	at io.cucumber.junit.Cucumber.runChild(Cucumber.java:89)
	at io.cucumber.core.runtime.CucumberExecutionContext.lambda$runFeatures$6(CucumberExecutionContext.java:148)
	at io.cucumber.core.runtime.CucumberExecutionContext.execute(CucumberExecutionContext.java:163)
	at io.cucumber.core.runtime.CucumberExecutionContext.runFeatures(CucumberExecutionContext.java:146)
	at io.cucumber.junit.Cucumber$StartAndFinishTestRun.evaluate(Cucumber.java:226)
]]></failure>
    <system-out><![CDATA[
@OrderPlacement @E2E @regression @OrderFormValidation @Edge @regression
Scenario Outline: Validate order form with different data combinations # src/test/resources/features/OrderPlacement.feature:66
11:03:12.054 [main] INFO  hooks.Hooks - Starting BDD scenario: Validate order form with different data combinations
11:03:12.054 [main] INFO  hooks.Hooks - BDD test environment configured for scenario: Validate order form with different data combinations
11:03:12.055 [main] INFO  stepDefinitions.HomePageSteps - BDD Step: Navigating to DemoBlaze home page
11:03:12.055 [main] INFO  pages.HomePage - BDD: Opening home page
11:03:12.055 [main] INFO  pages.HomePage - Opening DemoBlaze home page
11:03:12.055 [main] INFO  c.c.s.WebDriverThreadLocalContainer - No webdriver is bound to current thread: 1 - let's create a new webdriver
11:03:12.478 [main] INFO  c.c.s.webdriver.WebDriverFactory - Selenide 7.10.0 / Selenium 4.35.0 / chrome 140.0.7339.207 linux
11:03:13.622 [main] INFO  pages.HomePage - Home page opened successfully
  Given I navigate to the DemoBlaze home page                          # stepDefinitions.HomePageSteps.i_navigate_to_the_demoblaze_home_page()
11:03:13.623 [main] INFO  stepDefinitions.CartSteps - BDD Step: Adding Nexus 6 to cart
11:03:13.623 [main] INFO  pages.HomePage - BDD: Clicking on first product: Nexus 6
11:03:13.623 [main] INFO  pages.HomePage - Clicking on first product: Nexus 6
11:03:15.422 [main] INFO  pages.HomePage - Successfully clicked on first product: Nexus 6
11:03:15.422 [main] INFO  pages.ProductDetailsPage - BDD: Adding product to cart
11:03:15.422 [main] INFO  pages.ProductDetailsPage - Clicking 'Add to cart' button
11:03:16.479 [main] INFO  pages.ProductDetailsPage - Successfully clicked 'Add to cart' button
11:03:17.144 [main] INFO  pages.HomePage - BDD: Opening home page
11:03:17.145 [main] INFO  pages.HomePage - Opening DemoBlaze home page
11:03:17.488 [main] INFO  pages.HomePage - Home page opened successfully
  Given I add "Nexus 6" to cart                                        # stepDefinitions.CartSteps.i_add_to_cart(java.lang.String)
11:03:17.488 [main] INFO  stepDefinitions.CartSteps - BDD Step: Navigating to cart page
11:03:17.488 [main] INFO  pages.HomePage - BDD: Navigating to cart
11:03:17.488 [main] INFO  pages.HomePage - Navigating to cart page
11:03:18.407 [main] INFO  pages.HomePage - Successfully navigated to cart page
  When I navigate to cart page                                         # stepDefinitions.CartSteps.i_navigate_to_cart_page()
11:03:18.408 [main] INFO  stepDefinitions.OrderPlacementSteps - BDD Step: Clicking place order button
11:03:18.408 [main] INFO  pages.CartPage - Clicking 'Place Order' button
11:03:18.577 [main] INFO  pages.CartPage - Successfully clicked 'Place Order' button
  And I click place order button                                       # stepDefinitions.OrderPlacementSteps.i_click_place_order_button()
11:03:18.578 [main] INFO  stepDefinitions.OrderPlacementSteps - BDD Step: Filling order details with specified data
11:03:18.578 [main] INFO  pages.OrderPlacementPage - Filling complete order details for customer: John Doe
11:03:18.579 [main] INFO  pages.OrderPlacementPage - Filling name field with: John Doe
11:03:19.059 [main] INFO  pages.OrderPlacementPage - Filling country field with: USA
11:03:19.201 [main] INFO  pages.OrderPlacementPage - Filling city field with: 
11:03:19.290 [main] INFO  pages.OrderPlacementPage - Filling credit card field
11:03:19.459 [main] INFO  pages.OrderPlacementPage - Filling month field with: 12
11:03:19.599 [main] INFO  pages.OrderPlacementPage - Filling year field with: 2025
11:03:19.763 [main] INFO  pages.OrderPlacementPage - Order details filled successfully for customer: John Doe
11:03:19.763 [main] INFO  stepDefinitions.OrderPlacementSteps - BDD Step: Order details filled with specified data
  And I fill order details:                                            # stepDefinitions.OrderPlacementSteps.i_fill_order_details(io.cucumber.datatable.DataTable)
    | field      | value            |
    | name       | John Doe         |
    | country    | USA              |
    | city       | [empty]          |
    | creditCard | 1234567890123456 |
    | month      | 12               |
    | year       | 2025             |
11:03:19.764 [main] INFO  stepDefinitions.OrderPlacementSteps - BDD Step: Clicking purchase button
11:03:19.764 [main] INFO  pages.OrderPlacementPage - Clicking 'Purchase' button to complete order
11:03:19.900 [main] INFO  pages.OrderPlacementPage - Purchase button clicked successfully
  And I click purchase button                                          # stepDefinitions.OrderPlacementSteps.i_click_purchase_button()
11:03:19.900 [main] INFO  stepDefinitions.OrderPlacementSteps - BDD Step: Verifying response for order scenario: missing_city
11:03:23.918 [main] INFO  c.c.selenide.impl.AttachmentPrinter - [[ATTACHMENT|/app/target/screenshots/1759143803905.5.html]]
11:03:24.065 [main] INFO  c.c.selenide.impl.AttachmentPrinter - [[ATTACHMENT|/app/target/screenshots/1759143803905.5.png]]
  Then I should see appropriate response for order "missing_city"      # stepDefinitions.OrderPlacementSteps.i_should_see_appropriate_response_for_order(java.lang.String)
      Alert not found
Screenshot: file:/app/target/screenshots/1759143803905.5.png
Page source: file:/app/target/screenshots/1759143803905.5.html
Timeout: 4 s.
Caused by: TimeoutException: Expected condition failed: waiting for alert to be present (tried for 4 second(s) with 200 milliseconds interval)
	at com.codeborne.selenide.SelenideTargetLocator.alertNotFoundError(SelenideTargetLocator.java:308)
	at com.codeborne.selenide.SelenideTargetLocator.alert(SelenideTargetLocator.java:182)
	at com.codeborne.selenide.SelenideTargetLocator.alert(SelenideTargetLocator.java:172)
	at stepDefinitions.OrderPlacementSteps.i_should_see_appropriate_response_for_order(OrderPlacementSteps.java:162)
	at ✽.I should see appropriate response for order "missing_city"(file:///app/src/test/resources/features/OrderPlacement.feature:59)
Caused by: org.openqa.selenium.TimeoutException: Expected condition failed: waiting for alert to be present (tried for 4 second(s) with 200 milliseconds interval)
Build info: version: '4.35.0', revision: '1c58e5028b'
System info: os.name: 'Linux', os.arch: 'amd64', os.version: '6.6.87.2-microsoft-standard-WSL2', java.version: '21'
Driver info: driver.version: unknown
	at org.openqa.selenium.support.ui.FluentWait.timeoutException(FluentWait.java:265)
	at org.openqa.selenium.support.ui.FluentWait.until(FluentWait.java:228)
	at com.codeborne.selenide.SelenideTargetLocator.alert(SelenideTargetLocator.java:179)
	at com.codeborne.selenide.SelenideTargetLocator.alert(SelenideTargetLocator.java:172)
	at stepDefinitions.OrderPlacementSteps.i_should_see_appropriate_response_for_order(OrderPlacementSteps.java:162)
	at java.base/jdk.internal.reflect.DirectMethodHandleAccessor.invoke(DirectMethodHandleAccessor.java:103)
	at java.base/java.lang.reflect.Method.invoke(Method.java:580)
	at io.cucumber.java.Invoker.doInvoke(Invoker.java:66)
	at io.cucumber.java.Invoker.invoke(Invoker.java:24)
	at io.cucumber.java.AbstractGlueDefinition.invokeMethod(AbstractGlueDefinition.java:47)
	at io.cucumber.java.JavaStepDefinition.execute(JavaStepDefinition.java:29)
	at io.cucumber.core.runner.CoreStepDefinition.execute(CoreStepDefinition.java:66)
	at io.cucumber.core.runner.PickleStepDefinitionMatch.runStep(PickleStepDefinitionMatch.java:63)
	at io.cucumber.core.runner.ExecutionMode$1.execute(ExecutionMode.java:10)
	at io.cucumber.core.runner.TestStep.executeStep(TestStep.java:84)
	at io.cucumber.core.runner.TestStep.run(TestStep.java:56)
	at io.cucumber.core.runner.PickleStepTestStep.run(PickleStepTestStep.java:51)
	at io.cucumber.core.runner.TestCase.run(TestCase.java:84)
	at io.cucumber.core.runner.Runner.runPickle(Runner.java:75)
	at io.cucumber.junit.PickleRunners$NoStepDescriptions.lambda$run$0(PickleRunners.java:151)
	at io.cucumber.core.runtime.CucumberExecutionContext.lambda$runTestCase$5(CucumberExecutionContext.java:137)
	at io.cucumber.core.runtime.RethrowingThrowableCollector.executeAndThrow(RethrowingThrowableCollector.java:23)
	at io.cucumber.core.runtime.CucumberExecutionContext.runTestCase(CucumberExecutionContext.java:137)
	at io.cucumber.junit.PickleRunners$NoStepDescriptions.run(PickleRunners.java:148)
	at io.cucumber.junit.FeatureRunner.runChild(FeatureRunner.java:144)
	at io.cucumber.junit.FeatureRunner.runChild(FeatureRunner.java:28)
	at org.junit.runners.ParentRunner$4.run(ParentRunner.java:331)
	at org.junit.runners.ParentRunner$1.schedule(ParentRunner.java:79)
	at org.junit.runners.ParentRunner.runChildren(ParentRunner.java:329)
	at org.junit.runners.ParentRunner.access$100(ParentRunner.java:66)
	at org.junit.runners.ParentRunner$2.evaluate(ParentRunner.java:293)
	at org.junit.runners.ParentRunner$3.evaluate(ParentRunner.java:306)
	at org.junit.runners.ParentRunner.run(ParentRunner.java:413)
	at io.cucumber.junit.FeatureRunner.run(FeatureRunner.java:137)
	at io.cucumber.junit.Cucumber.runChild(Cucumber.java:196)
	at io.cucumber.junit.Cucumber.runChild(Cucumber.java:89)
	at org.junit.runners.ParentRunner$4.run(ParentRunner.java:331)
	at org.junit.runners.ParentRunner$1.schedule(ParentRunner.java:79)
	at org.junit.runners.ParentRunner.runChildren(ParentRunner.java:329)
	at org.junit.runners.ParentRunner.access$100(ParentRunner.java:66)
	at org.junit.runners.ParentRunner$2.evaluate(ParentRunner.java:293)
	at io.cucumber.core.runtime.CucumberExecutionContext.lambda$runFeatures$6(CucumberExecutionContext.java:148)
	at io.cucumber.core.runtime.CucumberExecutionContext.execute(CucumberExecutionContext.java:163)
	at io.cucumber.core.runtime.CucumberExecutionContext.runFeatures(CucumberExecutionContext.java:146)
	at io.cucumber.junit.Cucumber$StartAndFinishTestRun.evaluate(Cucumber.java:226)
	at org.junit.runners.ParentRunner$3.evaluate(ParentRunner.java:306)
	at org.junit.runners.ParentRunner.run(ParentRunner.java:413)
	at org.junit.runner.JUnitCore.run(JUnitCore.java:137)
	at org.junit.runner.JUnitCore.run(JUnitCore.java:115)
	at org.junit.vintage.engine.execution.RunnerExecutor.execute(RunnerExecutor.java:42)
	at org.junit.vintage.engine.VintageTestEngine.executeAllChildren(VintageTestEngine.java:80)
	at org.junit.vintage.engine.VintageTestEngine.execute(VintageTestEngine.java:72)
	at org.junit.platform.launcher.core.EngineExecutionOrchestrator.execute(EngineExecutionOrchestrator.java:198)
	at org.junit.platform.launcher.core.EngineExecutionOrchestrator.execute(EngineExecutionOrchestrator.java:169)
	at org.junit.platform.launcher.core.EngineExecutionOrchestrator.execute(EngineExecutionOrchestrator.java:93)
	at org.junit.platform.launcher.core.EngineExecutionOrchestrator.lambda$execute$0(EngineExecutionOrchestrator.java:58)
	at org.junit.platform.launcher.core.EngineExecutionOrchestrator.withInterceptedStreams(EngineExecutionOrchestrator.java:141)
	at org.junit.platform.launcher.core.EngineExecutionOrchestrator.execute(EngineExecutionOrchestrator.java:57)
	at org.junit.platform.launcher.core.DefaultLauncher.execute(DefaultLauncher.java:103)
	at org.junit.platform.launcher.core.DefaultLauncher.execute(DefaultLauncher.java:85)
	at org.junit.platform.launcher.core.DelegatingLauncher.execute(DelegatingLauncher.java:47)
	at org.apache.maven.surefire.junitplatform.LazyLauncher.execute(LazyLauncher.java:55)
	at org.apache.maven.surefire.junitplatform.JUnitPlatformProvider.execute(JUnitPlatformProvider.java:223)
	at org.apache.maven.surefire.junitplatform.JUnitPlatformProvider.invokeAllTests(JUnitPlatformProvider.java:175)
	at org.apache.maven.surefire.junitplatform.JUnitPlatformProvider.invoke(JUnitPlatformProvider.java:139)
	at org.apache.maven.surefire.booter.ForkedBooter.runSuitesInProcess(ForkedBooter.java:456)
	at org.apache.maven.surefire.booter.ForkedBooter.execute(ForkedBooter.java:169)
	at org.apache.maven.surefire.booter.ForkedBooter.run(ForkedBooter.java:595)
	at org.apache.maven.surefire.booter.ForkedBooter.main(ForkedBooter.java:581)

11:03:24.068 [main] INFO  hooks.Hooks - Finishing BDD scenario: Validate order form with different data combinations - Status: FAILED
11:03:24.068 [main] ERROR hooks.Hooks - Scenario failed: Validate order form with different data combinations
11:03:24.082 [main] INFO  c.c.selenide.impl.AttachmentPrinter - [[ATTACHMENT|/app/target/screenshots/failed_scenario_1759143804068.html]]
11:03:24.249 [main] INFO  c.c.selenide.impl.AttachmentPrinter - [[ATTACHMENT|/app/target/screenshots/failed_scenario_1759143804068.png]]
11:03:24.249 [main] ERROR hooks.Hooks - Failed to capture screenshot: file:/app/target/screenshots/failed_scenario_1759143804068.png
11:03:24.375 [main] INFO  hooks.Hooks - BDD test cleanup completed for scenario: Validate order form with different data combinations
]]></system-out>
    <system-err><![CDATA[Sep 29, 2025 11:03:12 AM org.openqa.selenium.devtools.CdpVersionFinder findNearestMatch
WARNING: Unable to find an exact match for CDP version 140, returning the closest version; found: 139; Please update to a Selenium version that supports CDP version 140
]]></system-err>
  </testcase>
  <testcase name="Validate order form with different data combinations #5" classname="DemoBlaze Order Placement" time="7.33">
    <system-out><![CDATA[
@OrderPlacement @E2E @regression @OrderFormValidation @Edge @regression
Scenario Outline: Validate order form with different data combinations # src/test/resources/features/OrderPlacement.feature:67
11:03:24.384 [main] INFO  hooks.Hooks - Starting BDD scenario: Validate order form with different data combinations
11:03:24.384 [main] INFO  hooks.Hooks - BDD test environment configured for scenario: Validate order form with different data combinations
11:03:24.384 [main] INFO  stepDefinitions.HomePageSteps - BDD Step: Navigating to DemoBlaze home page
11:03:24.384 [main] INFO  pages.HomePage - BDD: Opening home page
11:03:24.384 [main] INFO  pages.HomePage - Opening DemoBlaze home page
11:03:24.384 [main] INFO  c.c.s.WebDriverThreadLocalContainer - No webdriver is bound to current thread: 1 - let's create a new webdriver
11:03:24.826 [main] INFO  c.c.s.webdriver.WebDriverFactory - Selenide 7.10.0 / Selenium 4.35.0 / chrome 140.0.7339.207 linux
11:03:25.887 [main] INFO  pages.HomePage - Home page opened successfully
  Given I navigate to the DemoBlaze home page                          # stepDefinitions.HomePageSteps.i_navigate_to_the_demoblaze_home_page()
11:03:25.888 [main] INFO  stepDefinitions.CartSteps - BDD Step: Adding Nexus 6 to cart
11:03:25.888 [main] INFO  pages.HomePage - BDD: Clicking on first product: Nexus 6
11:03:25.888 [main] INFO  pages.HomePage - Clicking on first product: Nexus 6
11:03:27.344 [main] INFO  pages.HomePage - Successfully clicked on first product: Nexus 6
11:03:27.344 [main] INFO  pages.ProductDetailsPage - BDD: Adding product to cart
11:03:27.344 [main] INFO  pages.ProductDetailsPage - Clicking 'Add to cart' button
11:03:28.178 [main] INFO  pages.ProductDetailsPage - Successfully clicked 'Add to cart' button
11:03:28.822 [main] INFO  pages.HomePage - BDD: Opening home page
11:03:28.822 [main] INFO  pages.HomePage - Opening DemoBlaze home page
11:03:29.205 [main] INFO  pages.HomePage - Home page opened successfully
  Given I add "Nexus 6" to cart                                        # stepDefinitions.CartSteps.i_add_to_cart(java.lang.String)
11:03:29.206 [main] INFO  stepDefinitions.CartSteps - BDD Step: Navigating to cart page
11:03:29.206 [main] INFO  pages.HomePage - BDD: Navigating to cart
11:03:29.206 [main] INFO  pages.HomePage - Navigating to cart page
11:03:29.997 [main] INFO  pages.HomePage - Successfully navigated to cart page
  When I navigate to cart page                                         # stepDefinitions.CartSteps.i_navigate_to_cart_page()
11:03:29.997 [main] INFO  stepDefinitions.OrderPlacementSteps - BDD Step: Clicking place order button
11:03:29.997 [main] INFO  pages.CartPage - Clicking 'Place Order' button
11:03:30.135 [main] INFO  pages.CartPage - Successfully clicked 'Place Order' button
  And I click place order button                                       # stepDefinitions.OrderPlacementSteps.i_click_place_order_button()
11:03:30.136 [main] INFO  stepDefinitions.OrderPlacementSteps - BDD Step: Filling order details with specified data
11:03:30.136 [main] INFO  pages.OrderPlacementPage - Filling complete order details for customer: John Doe
11:03:30.137 [main] INFO  pages.OrderPlacementPage - Filling name field with: John Doe
11:03:30.644 [main] INFO  pages.OrderPlacementPage - Filling country field with: USA
11:03:30.816 [main] INFO  pages.OrderPlacementPage - Filling city field with: New York
11:03:30.972 [main] INFO  pages.OrderPlacementPage - Filling credit card field
11:03:31.068 [main] INFO  pages.OrderPlacementPage - Filling month field with: 12
11:03:31.215 [main] INFO  pages.OrderPlacementPage - Filling year field with: 2025
11:03:31.371 [main] INFO  pages.OrderPlacementPage - Order details filled successfully for customer: John Doe
11:03:31.371 [main] INFO  stepDefinitions.OrderPlacementSteps - BDD Step: Order details filled with specified data
  And I fill order details:                                            # stepDefinitions.OrderPlacementSteps.i_fill_order_details(io.cucumber.datatable.DataTable)
    | field      | value    |
    | name       | John Doe |
    | country    | USA      |
    | city       | New York |
    | creditCard | [empty]  |
    | month      | 12       |
    | year       | 2025     |
11:03:31.371 [main] INFO  stepDefinitions.OrderPlacementSteps - BDD Step: Clicking purchase button
11:03:31.371 [main] INFO  pages.OrderPlacementPage - Clicking 'Purchase' button to complete order
11:03:31.517 [main] INFO  pages.OrderPlacementPage - Purchase button clicked successfully
  And I click purchase button                                          # stepDefinitions.OrderPlacementSteps.i_click_purchase_button()
11:03:31.518 [main] INFO  stepDefinitions.OrderPlacementSteps - BDD Step: Verifying response for order scenario: missing_card
11:03:31.537 [main] INFO  stepDefinitions.OrderPlacementSteps - Alert message for scenario missing_card: Please fill out Name and Creditcard.
  Then I should see appropriate response for order "missing_card"      # stepDefinitions.OrderPlacementSteps.i_should_see_appropriate_response_for_order(java.lang.String)
11:03:31.562 [main] INFO  hooks.Hooks - Finishing BDD scenario: Validate order form with different data combinations - Status: PASSED
11:03:31.709 [main] INFO  hooks.Hooks - BDD test cleanup completed for scenario: Validate order form with different data combinations
]]></system-out>
    <system-err><![CDATA[Sep 29, 2025 11:03:24 AM org.openqa.selenium.devtools.CdpVersionFinder findNearestMatch
WARNING: Unable to find an exact match for CDP version 140, returning the closest version; found: 139; Please update to a Selenium version that supports CDP version 140
]]></system-err>
  </testcase>
  <testcase name="Cancel order placement" classname="DemoBlaze Order Placement" time="5.498">
    <system-out><![CDATA[
@OrderPlacement @E2E @regression @OrderCancel @UI
Scenario: Cancel order placement              # src/test/resources/features/OrderPlacement.feature:70
11:03:31.718 [main] INFO  hooks.Hooks - Starting BDD scenario: Cancel order placement
11:03:31.718 [main] INFO  hooks.Hooks - BDD test environment configured for scenario: Cancel order placement
11:03:31.719 [main] INFO  stepDefinitions.HomePageSteps - BDD Step: Navigating to DemoBlaze home page
11:03:31.719 [main] INFO  pages.HomePage - BDD: Opening home page
11:03:31.719 [main] INFO  pages.HomePage - Opening DemoBlaze home page
11:03:31.719 [main] INFO  c.c.s.WebDriverThreadLocalContainer - No webdriver is bound to current thread: 1 - let's create a new webdriver
11:03:32.138 [main] INFO  c.c.s.webdriver.WebDriverFactory - Selenide 7.10.0 / Selenium 4.35.0 / chrome 140.0.7339.207 linux
11:03:32.354 [main] INFO  pages.HomePage - Home page opened successfully
  Given I navigate to the DemoBlaze home page # stepDefinitions.HomePageSteps.i_navigate_to_the_demoblaze_home_page()
11:03:32.355 [main] INFO  stepDefinitions.CartSteps - BDD Step: Adding Iphone 6 32gb to cart
11:03:32.355 [main] INFO  pages.HomePage - BDD: Clicking on first product: Iphone 6 32gb
11:03:32.355 [main] INFO  pages.HomePage - Clicking on first product: Iphone 6 32gb
11:03:33.271 [main] INFO  pages.HomePage - Successfully clicked on first product: Iphone 6 32gb
11:03:33.271 [main] INFO  pages.ProductDetailsPage - BDD: Adding product to cart
11:03:33.272 [main] INFO  pages.ProductDetailsPage - Clicking 'Add to cart' button
11:03:34.129 [main] INFO  pages.ProductDetailsPage - Successfully clicked 'Add to cart' button
11:03:34.792 [main] INFO  pages.HomePage - BDD: Opening home page
11:03:34.792 [main] INFO  pages.HomePage - Opening DemoBlaze home page
11:03:34.883 [main] INFO  pages.HomePage - Home page opened successfully
  Given I add "Iphone 6 32gb" to cart         # stepDefinitions.CartSteps.i_add_to_cart(java.lang.String)
11:03:34.884 [main] INFO  stepDefinitions.CartSteps - BDD Step: Navigating to cart page
11:03:34.884 [main] INFO  pages.HomePage - BDD: Navigating to cart
11:03:34.884 [main] INFO  pages.HomePage - Navigating to cart page
11:03:35.103 [main] INFO  pages.HomePage - Successfully navigated to cart page
  When I navigate to cart page                # stepDefinitions.CartSteps.i_navigate_to_cart_page()
11:03:35.104 [main] INFO  stepDefinitions.OrderPlacementSteps - BDD Step: Clicking place order button
11:03:35.104 [main] INFO  pages.CartPage - Clicking 'Place Order' button
11:03:35.247 [main] INFO  pages.CartPage - Successfully clicked 'Place Order' button
  And I click place order button              # stepDefinitions.OrderPlacementSteps.i_click_place_order_button()
11:03:35.248 [main] INFO  stepDefinitions.OrderPlacementSteps - BDD Step: Verifying order placement form is displayed
11:03:35.248 [main] INFO  pages.OrderPlacementPage - Verifying order placement form is visible
11:03:35.781 [main] INFO  pages.OrderPlacementPage - Order placement form verified successfully
  Then I should see the order placement form  # stepDefinitions.OrderPlacementSteps.i_should_see_the_order_placement_form()
11:03:35.782 [main] INFO  stepDefinitions.OrderPlacementSteps - BDD Step: Filling order details with sample data
11:03:35.782 [main] INFO  pages.OrderPlacementPage - Filling complete order details for customer: Sample User
11:03:35.782 [main] INFO  pages.OrderPlacementPage - Filling name field with: Sample User
11:03:35.962 [main] INFO  pages.OrderPlacementPage - Filling country field with: Sample Country
11:03:36.128 [main] INFO  pages.OrderPlacementPage - Filling city field with: Sample City
11:03:36.282 [main] INFO  pages.OrderPlacementPage - Filling credit card field
11:03:36.452 [main] INFO  pages.OrderPlacementPage - Filling month field with: 03
11:03:36.602 [main] INFO  pages.OrderPlacementPage - Filling year field with: 2027
11:03:36.745 [main] INFO  pages.OrderPlacementPage - Order details filled successfully for customer: Sample User
  When I fill order details with sample data  # stepDefinitions.OrderPlacementSteps.i_fill_order_details_with_sample_data()
11:03:36.746 [main] INFO  stepDefinitions.OrderPlacementSteps - BDD Step: Clicking close button
11:03:36.746 [main] INFO  pages.OrderPlacementPage - Clicking 'Close' button to cancel order
11:03:36.876 [main] INFO  pages.OrderPlacementPage - Close button clicked successfully
  And I click close button                    # stepDefinitions.OrderPlacementSteps.i_click_close_button()
11:03:36.876 [main] INFO  stepDefinitions.OrderPlacementSteps - BDD Step: Verifying back to cart page
11:03:36.876 [main] INFO  pages.CartPage - Verifying cart page headers and elements
11:03:37.084 [main] INFO  pages.CartPage - Cart headers and elements verified successfully
  Then I should be back to cart page          # stepDefinitions.OrderPlacementSteps.i_should_be_back_to_cart_page()
11:03:37.085 [main] INFO  stepDefinitions.OrderPlacementSteps - BDD Step: Verifying order was not processed
  And the order should not be processed       # stepDefinitions.OrderPlacementSteps.the_order_should_not_be_processed()
11:03:37.085 [main] INFO  hooks.Hooks - Finishing BDD scenario: Cancel order placement - Status: PASSED
11:03:37.210 [main] INFO  hooks.Hooks - BDD test cleanup completed for scenario: Cancel order placement
]]></system-out>
    <system-err><![CDATA[Sep 29, 2025 11:03:32 AM org.openqa.selenium.devtools.CdpVersionFinder findNearestMatch
WARNING: Unable to find an exact match for CDP version 140, returning the closest version; found: 139; Please update to a Selenium version that supports CDP version 140
]]></system-err>
  </testcase>
  <testcase name="Place order with multiple products" classname="DemoBlaze Order Placement" time="16.181">
    <failure message="Element not found {By.xpath: //td[normalize-space()=&apos;Nokia lumia 1520&apos;]}&#10;Expected: visible&#10;Screenshot: file:/app/target/screenshots/1759143832511.6.png&#10;Page source: file:/app/target/screenshots/1759143832511.6.html&#10;Timeout: 4 s.&#10;Caused by: NoSuchElementException: no such element: Unable to locate element: {&quot;method&quot;:&quot;xpath&quot;,&quot;selector&quot;:&quot;//td[normalize-space()=&apos;Nokia lumia 1520&apos;]&quot;}" type="Element not found {By.xpath"><![CDATA[Element not found {By.xpath: //td[normalize-space()='Nokia lumia 1520']}
Expected: visible
Screenshot: file:/app/target/screenshots/1759143832511.6.png
Page source: file:/app/target/screenshots/1759143832511.6.html
Timeout: 4 s.
Caused by: NoSuchElementException: no such element: Unable to locate element: {"method":"xpath","selector":"//td[normalize-space()='Nokia lumia 1520']"}
	at com.codeborne.selenide.impl.WebElementSource.createElementNotFoundError(WebElementSource.java:89)
	at com.codeborne.selenide.impl.ElementFinder.createElementNotFoundError(ElementFinder.java:129)
	at com.codeborne.selenide.impl.WebElementSource.handleError(WebElementSource.java:140)
	at com.codeborne.selenide.impl.WebElementSource.checkConditionAndReturnElement(WebElementSource.java:123)
	at com.codeborne.selenide.impl.WebElementSource.checkCondition(WebElementSource.java:99)
	at com.codeborne.selenide.commands.Should.execute(Should.java:24)
	at com.codeborne.selenide.FluentCommand.execute(FluentCommand.java:27)
	at com.codeborne.selenide.FluentCommand.execute(FluentCommand.java:19)
	at com.codeborne.selenide.commands.Commands.execute(Commands.java:160)
	at com.codeborne.selenide.impl.SelenideElementProxy.dispatchAndRetry(SelenideElementProxy.java:131)
	at com.codeborne.selenide.impl.SelenideElementProxy.invoke(SelenideElementProxy.java:83)
	at jdk.proxy2/jdk.proxy2.$Proxy23.shouldBe(Unknown Source)
	at pages.CartPage.verifyProductInCart(CartPage.java:74)
	at stepDefinitions.CartSteps.i_should_see_in_the_cart(CartSteps.java:66)
	at ✽.I should see "Nokia lumia 1520" in the cart(file:///app/src/test/resources/features/OrderPlacement.feature:86)
Caused by: org.openqa.selenium.NoSuchElementException: no such element: Unable to locate element: {"method":"xpath","selector":"//td[normalize-space()='Nokia lumia 1520']"}
  (Session info: chrome=140.0.7339.207)
For documentation on this error, please visit: https://www.selenium.dev/documentation/webdriver/troubleshooting/errors#no-such-element-exception
Build info: version: '4.35.0', revision: '1c58e5028b'
System info: os.name: 'Linux', os.arch: 'amd64', os.version: '6.6.87.2-microsoft-standard-WSL2', java.version: '21'
Driver info: org.openqa.selenium.chrome.ChromeDriver
Command: [db0b276e4a326345b54e781b1b66715f, findElement {using=xpath, value=//td[normalize-space()='Nokia lumia 1520']}]
Capabilities {acceptInsecureCerts: true, browserName: chrome, browserVersion: 140.0.7339.207, chrome: {chromedriverVersion: 140.0.7339.207 (17230b545fd..., userDataDir: /tmp/chrome-user-data-17591...}, fedcm:accounts: true, goog:chromeOptions: {debuggerAddress: localhost:9222}, networkConnectionEnabled: false, pageLoadStrategy: normal, platformName: linux, proxy: Proxy(), se:cdp: ws://localhost:9222/devtool..., se:cdpVersion: 140.0.7339.207, setWindowRect: true, strictFileInteractability: false, timeouts: {implicit: 0, pageLoad: 300000, script: 30000}, unhandledPromptBehavior: accept, webauthn:extension:credBlob: true, webauthn:extension:largeBlob: true, webauthn:extension:minPinLength: true, webauthn:extension:prf: true, webauthn:virtualAuthenticators: true}
Session ID: db0b276e4a326345b54e781b1b66715f
	at java.base/java.lang.reflect.Constructor.newInstanceWithCaller(Constructor.java:502)
	at java.base/java.lang.reflect.Constructor.newInstance(Constructor.java:486)
	at org.openqa.selenium.remote.ErrorCodec.decode(ErrorCodec.java:167)
	at org.openqa.selenium.remote.codec.w3c.W3CHttpResponseCodec.decode(W3CHttpResponseCodec.java:138)
	at org.openqa.selenium.remote.codec.w3c.W3CHttpResponseCodec.decode(W3CHttpResponseCodec.java:50)
	at org.openqa.selenium.remote.HttpCommandExecutor.execute(HttpCommandExecutor.java:215)
	at org.openqa.selenium.remote.service.DriverCommandExecutor.invokeExecute(DriverCommandExecutor.java:216)
	at org.openqa.selenium.remote.service.DriverCommandExecutor.execute(DriverCommandExecutor.java:174)
	at org.openqa.selenium.remote.RemoteWebDriver.execute(RemoteWebDriver.java:557)
	at org.openqa.selenium.remote.ElementLocation$ElementFinder$2.findElement(ElementLocation.java:165)
	at org.openqa.selenium.remote.ElementLocation.findElement(ElementLocation.java:59)
	at org.openqa.selenium.remote.RemoteWebDriver.findElement(RemoteWebDriver.java:380)
	at org.openqa.selenium.remote.RemoteWebDriver.findElement(RemoteWebDriver.java:374)
	at com.codeborne.selenide.impl.WebElementSelector.findElement(WebElementSelector.java:67)
	at com.codeborne.selenide.impl.WebElementSelector.findElement(WebElementSelector.java:38)
	at com.codeborne.selenide.impl.WebElementSelector.findElement(WebElementSelector.java:29)
	at com.codeborne.selenide.impl.ElementFinder.getWebElement(ElementFinder.java:113)
	at com.codeborne.selenide.impl.WebElementSource.checkConditionAndReturnElement(WebElementSource.java:112)
	at com.codeborne.selenide.impl.WebElementSource.checkCondition(WebElementSource.java:99)
	at com.codeborne.selenide.commands.Should.execute(Should.java:24)
	at com.codeborne.selenide.FluentCommand.execute(FluentCommand.java:27)
	at com.codeborne.selenide.FluentCommand.execute(FluentCommand.java:19)
	at com.codeborne.selenide.commands.Commands.execute(Commands.java:160)
	at com.codeborne.selenide.impl.SelenideElementProxy.dispatchAndRetry(SelenideElementProxy.java:131)
	at com.codeborne.selenide.impl.SelenideElementProxy.invoke(SelenideElementProxy.java:83)
	at jdk.proxy2/jdk.proxy2.$Proxy23.shouldBe(Unknown Source)
	at pages.CartPage.verifyProductInCart(CartPage.java:74)
	at stepDefinitions.CartSteps.i_should_see_in_the_cart(CartSteps.java:66)
	at java.base/java.lang.reflect.Method.invoke(Method.java:580)
	at io.cucumber.java.Invoker.doInvoke(Invoker.java:66)
	at io.cucumber.java.Invoker.invoke(Invoker.java:24)
	at io.cucumber.java.AbstractGlueDefinition.invokeMethod(AbstractGlueDefinition.java:47)
	at io.cucumber.java.JavaStepDefinition.execute(JavaStepDefinition.java:29)
	at io.cucumber.core.runner.CoreStepDefinition.execute(CoreStepDefinition.java:66)
	at io.cucumber.core.runner.PickleStepDefinitionMatch.runStep(PickleStepDefinitionMatch.java:63)
	at io.cucumber.core.runner.ExecutionMode$1.execute(ExecutionMode.java:10)
	at io.cucumber.core.runner.TestStep.executeStep(TestStep.java:84)
	at io.cucumber.core.runner.TestStep.run(TestStep.java:56)
	at io.cucumber.core.runner.PickleStepTestStep.run(PickleStepTestStep.java:51)
	at io.cucumber.core.runner.TestCase.run(TestCase.java:84)
	at io.cucumber.core.runner.Runner.runPickle(Runner.java:75)
	at io.cucumber.junit.PickleRunners$NoStepDescriptions.lambda$run$0(PickleRunners.java:151)
	at io.cucumber.core.runtime.CucumberExecutionContext.lambda$runTestCase$5(CucumberExecutionContext.java:137)
	at io.cucumber.core.runtime.RethrowingThrowableCollector.executeAndThrow(RethrowingThrowableCollector.java:23)
	at io.cucumber.core.runtime.CucumberExecutionContext.runTestCase(CucumberExecutionContext.java:137)
	at io.cucumber.junit.PickleRunners$NoStepDescriptions.run(PickleRunners.java:148)
	at io.cucumber.junit.FeatureRunner.runChild(FeatureRunner.java:144)
	at io.cucumber.junit.FeatureRunner.runChild(FeatureRunner.java:28)
	at io.cucumber.junit.FeatureRunner.run(FeatureRunner.java:137)
	at io.cucumber.junit.Cucumber.runChild(Cucumber.java:196)
	at io.cucumber.junit.Cucumber.runChild(Cucumber.java:89)
	at io.cucumber.core.runtime.CucumberExecutionContext.lambda$runFeatures$6(CucumberExecutionContext.java:148)
	at io.cucumber.core.runtime.CucumberExecutionContext.execute(CucumberExecutionContext.java:163)
	at io.cucumber.core.runtime.CucumberExecutionContext.runFeatures(CucumberExecutionContext.java:146)
	at io.cucumber.junit.Cucumber$StartAndFinishTestRun.evaluate(Cucumber.java:226)
]]></failure>
    <system-out><![CDATA[
@OrderPlacement @E2E @regression @MultipleProductsOrder @E2E @regression
Scenario: Place order with multiple products        # src/test/resources/features/OrderPlacement.feature:81
11:03:37.216 [main] INFO  hooks.Hooks - Starting BDD scenario: Place order with multiple products
11:03:37.216 [main] INFO  hooks.Hooks - BDD test environment configured for scenario: Place order with multiple products
11:03:37.216 [main] INFO  stepDefinitions.HomePageSteps - BDD Step: Navigating to DemoBlaze home page
11:03:37.216 [main] INFO  pages.HomePage - BDD: Opening home page
11:03:37.216 [main] INFO  pages.HomePage - Opening DemoBlaze home page
11:03:37.216 [main] INFO  c.c.s.WebDriverThreadLocalContainer - No webdriver is bound to current thread: 1 - let's create a new webdriver
11:03:37.642 [main] INFO  c.c.s.webdriver.WebDriverFactory - Selenide 7.10.0 / Selenium 4.35.0 / chrome 140.0.7339.207 linux
11:03:38.815 [main] INFO  pages.HomePage - Home page opened successfully
  Given I navigate to the DemoBlaze home page       # stepDefinitions.HomePageSteps.i_navigate_to_the_demoblaze_home_page()
11:03:38.816 [main] INFO  stepDefinitions.CartSteps - BDD Step: Adding Samsung galaxy s6 to cart
11:03:38.816 [main] INFO  pages.HomePage - BDD: Clicking on first product: Samsung galaxy s6
11:03:38.817 [main] INFO  pages.HomePage - Clicking on first product: Samsung galaxy s6
11:03:40.263 [main] INFO  pages.HomePage - Successfully clicked on first product: Samsung galaxy s6
11:03:40.263 [main] INFO  pages.ProductDetailsPage - BDD: Adding product to cart
11:03:40.263 [main] INFO  pages.ProductDetailsPage - Clicking 'Add to cart' button
11:03:43.844 [main] INFO  pages.ProductDetailsPage - Successfully clicked 'Add to cart' button
11:03:44.488 [main] INFO  pages.HomePage - BDD: Opening home page
11:03:44.488 [main] INFO  pages.HomePage - Opening DemoBlaze home page
11:03:45.089 [main] INFO  pages.HomePage - Home page opened successfully
  Given I add "Samsung galaxy s6" to cart           # stepDefinitions.CartSteps.i_add_to_cart(java.lang.String)
11:03:45.090 [main] INFO  stepDefinitions.CartSteps - BDD Step: Adding Nokia lumia 1520 to cart
11:03:45.090 [main] INFO  pages.HomePage - BDD: Clicking on first product: Nokia lumia 1520
11:03:45.090 [main] INFO  pages.HomePage - Clicking on first product: Nokia lumia 1520
11:03:45.517 [main] INFO  pages.HomePage - Successfully clicked on first product: Nokia lumia 1520
11:03:45.517 [main] INFO  pages.ProductDetailsPage - BDD: Adding product to cart
11:03:45.517 [main] INFO  pages.ProductDetailsPage - Clicking 'Add to cart' button
11:03:46.142 [main] INFO  pages.ProductDetailsPage - Successfully clicked 'Add to cart' button
11:03:46.590 [main] INFO  pages.HomePage - BDD: Opening home page
11:03:46.590 [main] INFO  pages.HomePage - Opening DemoBlaze home page
11:03:46.676 [main] INFO  pages.HomePage - Home page opened successfully
  And I add "Nokia lumia 1520" to cart              # stepDefinitions.CartSteps.i_add_to_cart(java.lang.String)
11:03:46.677 [main] INFO  stepDefinitions.CartSteps - BDD Step: Navigating to cart page
11:03:46.677 [main] INFO  pages.HomePage - BDD: Navigating to cart
11:03:46.677 [main] INFO  pages.HomePage - Navigating to cart page
11:03:47.393 [main] INFO  pages.HomePage - Successfully navigated to cart page
  When I navigate to cart page                      # stepDefinitions.CartSteps.i_navigate_to_cart_page()
11:03:47.393 [main] INFO  stepDefinitions.CartSteps - BDD Step: Verifying Samsung galaxy s6 is in cart
11:03:47.394 [main] INFO  pages.CartPage - Verifying product is in cart: Samsung galaxy s6
11:03:48.328 [main] INFO  pages.CartPage - Product verified in cart: Samsung galaxy s6
  Then I should see "Samsung galaxy s6" in the cart # stepDefinitions.CartSteps.i_should_see_in_the_cart(java.lang.String)
11:03:48.329 [main] INFO  stepDefinitions.CartSteps - BDD Step: Verifying Nokia lumia 1520 is in cart
11:03:48.329 [main] INFO  pages.CartPage - Verifying product is in cart: Nokia lumia 1520
11:03:52.529 [main] INFO  c.c.selenide.impl.AttachmentPrinter - [[ATTACHMENT|/app/target/screenshots/1759143832511.6.html]]
11:03:52.781 [main] INFO  c.c.selenide.impl.AttachmentPrinter - [[ATTACHMENT|/app/target/screenshots/1759143832511.6.png]]
  And I should see "Nokia lumia 1520" in the cart   # stepDefinitions.CartSteps.i_should_see_in_the_cart(java.lang.String)
      Element not found {By.xpath: //td[normalize-space()='Nokia lumia 1520']}
Expected: visible
Screenshot: file:/app/target/screenshots/1759143832511.6.png
Page source: file:/app/target/screenshots/1759143832511.6.html
Timeout: 4 s.
Caused by: NoSuchElementException: no such element: Unable to locate element: {"method":"xpath","selector":"//td[normalize-space()='Nokia lumia 1520']"}
	at com.codeborne.selenide.impl.WebElementSource.createElementNotFoundError(WebElementSource.java:89)
	at com.codeborne.selenide.impl.ElementFinder.createElementNotFoundError(ElementFinder.java:129)
	at com.codeborne.selenide.impl.WebElementSource.handleError(WebElementSource.java:140)
	at com.codeborne.selenide.impl.WebElementSource.checkConditionAndReturnElement(WebElementSource.java:123)
	at com.codeborne.selenide.impl.WebElementSource.checkCondition(WebElementSource.java:99)
	at com.codeborne.selenide.commands.Should.execute(Should.java:24)
	at com.codeborne.selenide.FluentCommand.execute(FluentCommand.java:27)
	at com.codeborne.selenide.FluentCommand.execute(FluentCommand.java:19)
	at com.codeborne.selenide.commands.Commands.execute(Commands.java:160)
	at com.codeborne.selenide.impl.SelenideElementProxy.dispatchAndRetry(SelenideElementProxy.java:131)
	at com.codeborne.selenide.impl.SelenideElementProxy.invoke(SelenideElementProxy.java:83)
	at jdk.proxy2/jdk.proxy2.$Proxy23.shouldBe(Unknown Source)
	at pages.CartPage.verifyProductInCart(CartPage.java:74)
	at stepDefinitions.CartSteps.i_should_see_in_the_cart(CartSteps.java:66)
	at ✽.I should see "Nokia lumia 1520" in the cart(file:///app/src/test/resources/features/OrderPlacement.feature:86)
Caused by: org.openqa.selenium.NoSuchElementException: no such element: Unable to locate element: {"method":"xpath","selector":"//td[normalize-space()='Nokia lumia 1520']"}
  (Session info: chrome=140.0.7339.207)
For documentation on this error, please visit: https://www.selenium.dev/documentation/webdriver/troubleshooting/errors#no-such-element-exception
Build info: version: '4.35.0', revision: '1c58e5028b'
System info: os.name: 'Linux', os.arch: 'amd64', os.version: '6.6.87.2-microsoft-standard-WSL2', java.version: '21'
Driver info: org.openqa.selenium.chrome.ChromeDriver
Command: [db0b276e4a326345b54e781b1b66715f, findElement {using=xpath, value=//td[normalize-space()='Nokia lumia 1520']}]
Capabilities {acceptInsecureCerts: true, browserName: chrome, browserVersion: 140.0.7339.207, chrome: {chromedriverVersion: 140.0.7339.207 (17230b545fd..., userDataDir: /tmp/chrome-user-data-17591...}, fedcm:accounts: true, goog:chromeOptions: {debuggerAddress: localhost:9222}, networkConnectionEnabled: false, pageLoadStrategy: normal, platformName: linux, proxy: Proxy(), se:cdp: ws://localhost:9222/devtool..., se:cdpVersion: 140.0.7339.207, setWindowRect: true, strictFileInteractability: false, timeouts: {implicit: 0, pageLoad: 300000, script: 30000}, unhandledPromptBehavior: accept, webauthn:extension:credBlob: true, webauthn:extension:largeBlob: true, webauthn:extension:minPinLength: true, webauthn:extension:prf: true, webauthn:virtualAuthenticators: true}
Session ID: db0b276e4a326345b54e781b1b66715f
	at java.base/jdk.internal.reflect.DirectConstructorHandleAccessor.newInstance(DirectConstructorHandleAccessor.java:62)
	at java.base/java.lang.reflect.Constructor.newInstanceWithCaller(Constructor.java:502)
	at java.base/java.lang.reflect.Constructor.newInstance(Constructor.java:486)
	at org.openqa.selenium.remote.ErrorCodec.decode(ErrorCodec.java:167)
	at org.openqa.selenium.remote.codec.w3c.W3CHttpResponseCodec.decode(W3CHttpResponseCodec.java:138)
	at org.openqa.selenium.remote.codec.w3c.W3CHttpResponseCodec.decode(W3CHttpResponseCodec.java:50)
	at org.openqa.selenium.remote.HttpCommandExecutor.execute(HttpCommandExecutor.java:215)
	at org.openqa.selenium.remote.service.DriverCommandExecutor.invokeExecute(DriverCommandExecutor.java:216)
	at org.openqa.selenium.remote.service.DriverCommandExecutor.execute(DriverCommandExecutor.java:174)
	at org.openqa.selenium.remote.RemoteWebDriver.execute(RemoteWebDriver.java:557)
	at org.openqa.selenium.remote.ElementLocation$ElementFinder$2.findElement(ElementLocation.java:165)
	at org.openqa.selenium.remote.ElementLocation.findElement(ElementLocation.java:59)
	at org.openqa.selenium.remote.RemoteWebDriver.findElement(RemoteWebDriver.java:380)
	at org.openqa.selenium.remote.RemoteWebDriver.findElement(RemoteWebDriver.java:374)
	at com.codeborne.selenide.impl.WebElementSelector.findElement(WebElementSelector.java:67)
	at com.codeborne.selenide.impl.WebElementSelector.findElement(WebElementSelector.java:38)
	at com.codeborne.selenide.impl.WebElementSelector.findElement(WebElementSelector.java:29)
	at com.codeborne.selenide.impl.ElementFinder.getWebElement(ElementFinder.java:113)
	at com.codeborne.selenide.impl.WebElementSource.checkConditionAndReturnElement(WebElementSource.java:112)
	at com.codeborne.selenide.impl.WebElementSource.checkCondition(WebElementSource.java:99)
	at com.codeborne.selenide.commands.Should.execute(Should.java:24)
	at com.codeborne.selenide.FluentCommand.execute(FluentCommand.java:27)
	at com.codeborne.selenide.FluentCommand.execute(FluentCommand.java:19)
	at com.codeborne.selenide.commands.Commands.execute(Commands.java:160)
	at com.codeborne.selenide.impl.SelenideElementProxy.dispatchAndRetry(SelenideElementProxy.java:131)
	at com.codeborne.selenide.impl.SelenideElementProxy.invoke(SelenideElementProxy.java:83)
	at jdk.proxy2/jdk.proxy2.$Proxy23.shouldBe(Unknown Source)
	at pages.CartPage.verifyProductInCart(CartPage.java:74)
	at stepDefinitions.CartSteps.i_should_see_in_the_cart(CartSteps.java:66)
	at java.base/jdk.internal.reflect.DirectMethodHandleAccessor.invoke(DirectMethodHandleAccessor.java:103)
	at java.base/java.lang.reflect.Method.invoke(Method.java:580)
	at io.cucumber.java.Invoker.doInvoke(Invoker.java:66)
	at io.cucumber.java.Invoker.invoke(Invoker.java:24)
	at io.cucumber.java.AbstractGlueDefinition.invokeMethod(AbstractGlueDefinition.java:47)
	at io.cucumber.java.JavaStepDefinition.execute(JavaStepDefinition.java:29)
	at io.cucumber.core.runner.CoreStepDefinition.execute(CoreStepDefinition.java:66)
	at io.cucumber.core.runner.PickleStepDefinitionMatch.runStep(PickleStepDefinitionMatch.java:63)
	at io.cucumber.core.runner.ExecutionMode$1.execute(ExecutionMode.java:10)
	at io.cucumber.core.runner.TestStep.executeStep(TestStep.java:84)
	at io.cucumber.core.runner.TestStep.run(TestStep.java:56)
	at io.cucumber.core.runner.PickleStepTestStep.run(PickleStepTestStep.java:51)
	at io.cucumber.core.runner.TestCase.run(TestCase.java:84)
	at io.cucumber.core.runner.Runner.runPickle(Runner.java:75)
	at io.cucumber.junit.PickleRunners$NoStepDescriptions.lambda$run$0(PickleRunners.java:151)
	at io.cucumber.core.runtime.CucumberExecutionContext.lambda$runTestCase$5(CucumberExecutionContext.java:137)
	at io.cucumber.core.runtime.RethrowingThrowableCollector.executeAndThrow(RethrowingThrowableCollector.java:23)
	at io.cucumber.core.runtime.CucumberExecutionContext.runTestCase(CucumberExecutionContext.java:137)
	at io.cucumber.junit.PickleRunners$NoStepDescriptions.run(PickleRunners.java:148)
	at io.cucumber.junit.FeatureRunner.runChild(FeatureRunner.java:144)
	at io.cucumber.junit.FeatureRunner.runChild(FeatureRunner.java:28)
	at org.junit.runners.ParentRunner$4.run(ParentRunner.java:331)
	at org.junit.runners.ParentRunner$1.schedule(ParentRunner.java:79)
	at org.junit.runners.ParentRunner.runChildren(ParentRunner.java:329)
	at org.junit.runners.ParentRunner.access$100(ParentRunner.java:66)
	at org.junit.runners.ParentRunner$2.evaluate(ParentRunner.java:293)
	at org.junit.runners.ParentRunner$3.evaluate(ParentRunner.java:306)
	at org.junit.runners.ParentRunner.run(ParentRunner.java:413)
	at io.cucumber.junit.FeatureRunner.run(FeatureRunner.java:137)
	at io.cucumber.junit.Cucumber.runChild(Cucumber.java:196)
	at io.cucumber.junit.Cucumber.runChild(Cucumber.java:89)
	at org.junit.runners.ParentRunner$4.run(ParentRunner.java:331)
	at org.junit.runners.ParentRunner$1.schedule(ParentRunner.java:79)
	at org.junit.runners.ParentRunner.runChildren(ParentRunner.java:329)
	at org.junit.runners.ParentRunner.access$100(ParentRunner.java:66)
	at org.junit.runners.ParentRunner$2.evaluate(ParentRunner.java:293)
	at io.cucumber.core.runtime.CucumberExecutionContext.lambda$runFeatures$6(CucumberExecutionContext.java:148)
	at io.cucumber.core.runtime.CucumberExecutionContext.execute(CucumberExecutionContext.java:163)
	at io.cucumber.core.runtime.CucumberExecutionContext.runFeatures(CucumberExecutionContext.java:146)
	at io.cucumber.junit.Cucumber$StartAndFinishTestRun.evaluate(Cucumber.java:226)
	at org.junit.runners.ParentRunner$3.evaluate(ParentRunner.java:306)
	at org.junit.runners.ParentRunner.run(ParentRunner.java:413)
	at org.junit.runner.JUnitCore.run(JUnitCore.java:137)
	at org.junit.runner.JUnitCore.run(JUnitCore.java:115)
	at org.junit.vintage.engine.execution.RunnerExecutor.execute(RunnerExecutor.java:42)
	at org.junit.vintage.engine.VintageTestEngine.executeAllChildren(VintageTestEngine.java:80)
	at org.junit.vintage.engine.VintageTestEngine.execute(VintageTestEngine.java:72)
	at org.junit.platform.launcher.core.EngineExecutionOrchestrator.execute(EngineExecutionOrchestrator.java:198)
	at org.junit.platform.launcher.core.EngineExecutionOrchestrator.execute(EngineExecutionOrchestrator.java:169)
	at org.junit.platform.launcher.core.EngineExecutionOrchestrator.execute(EngineExecutionOrchestrator.java:93)
	at org.junit.platform.launcher.core.EngineExecutionOrchestrator.lambda$execute$0(EngineExecutionOrchestrator.java:58)
	at org.junit.platform.launcher.core.EngineExecutionOrchestrator.withInterceptedStreams(EngineExecutionOrchestrator.java:141)
	at org.junit.platform.launcher.core.EngineExecutionOrchestrator.execute(EngineExecutionOrchestrator.java:57)
	at org.junit.platform.launcher.core.DefaultLauncher.execute(DefaultLauncher.java:103)
	at org.junit.platform.launcher.core.DefaultLauncher.execute(DefaultLauncher.java:85)
	at org.junit.platform.launcher.core.DelegatingLauncher.execute(DelegatingLauncher.java:47)
	at org.apache.maven.surefire.junitplatform.LazyLauncher.execute(LazyLauncher.java:55)
	at org.apache.maven.surefire.junitplatform.JUnitPlatformProvider.execute(JUnitPlatformProvider.java:223)
	at org.apache.maven.surefire.junitplatform.JUnitPlatformProvider.invokeAllTests(JUnitPlatformProvider.java:175)
	at org.apache.maven.surefire.junitplatform.JUnitPlatformProvider.invoke(JUnitPlatformProvider.java:139)
	at org.apache.maven.surefire.booter.ForkedBooter.runSuitesInProcess(ForkedBooter.java:456)
	at org.apache.maven.surefire.booter.ForkedBooter.execute(ForkedBooter.java:169)
	at org.apache.maven.surefire.booter.ForkedBooter.run(ForkedBooter.java:595)
	at org.apache.maven.surefire.booter.ForkedBooter.main(ForkedBooter.java:581)

  When I click place order button                   # stepDefinitions.OrderPlacementSteps.i_click_place_order_button()
  And I fill order details with valid information:  # stepDefinitions.OrderPlacementSteps.i_fill_order_details_with_valid_information(io.cucumber.datatable.DataTable)
    | field      | value            |
    | name       | Jane Smith       |
    | country    | Canada           |
    | city       | Toronto          |
    | creditCard | 9876543210987654 |
    | month      | 06               |
    | year       | 2026             |
  And I click purchase button                       # stepDefinitions.OrderPlacementSteps.i_click_purchase_button()
  Then I should see order success message           # stepDefinitions.OrderPlacementSteps.i_should_see_order_success_message()
  And the order should include all products         # stepDefinitions.OrderPlacementSteps.the_order_should_include_all_products()
11:03:53.022 [main] INFO  hooks.Hooks - Finishing BDD scenario: Place order with multiple products - Status: FAILED
11:03:53.022 [main] ERROR hooks.Hooks - Scenario failed: Place order with multiple products
11:03:53.036 [main] INFO  c.c.selenide.impl.AttachmentPrinter - [[ATTACHMENT|/app/target/screenshots/failed_scenario_1759143833022.html]]
11:03:53.248 [main] INFO  c.c.selenide.impl.AttachmentPrinter - [[ATTACHMENT|/app/target/screenshots/failed_scenario_1759143833022.png]]
11:03:53.248 [main] ERROR hooks.Hooks - Failed to capture screenshot: file:/app/target/screenshots/failed_scenario_1759143833022.png
11:03:53.391 [main] INFO  hooks.Hooks - BDD test cleanup completed for scenario: Place order with multiple products
]]></system-out>
    <system-err><![CDATA[Sep 29, 2025 11:03:37 AM org.openqa.selenium.devtools.CdpVersionFinder findNearestMatch
WARNING: Unable to find an exact match for CDP version 140, returning the closest version; found: 139; Please update to a Selenium version that supports CDP version 140
]]></system-err>
  </testcase>
  <testcase name="Verify order form data persistence during session" classname="DemoBlaze Order Placement" time="8.24">
    <system-out><![CDATA[
@OrderPlacement @E2E @regression @OrderPersistence @Functional @regression
Scenario: Verify order form data persistence during session # src/test/resources/features/OrderPlacement.feature:101
11:03:53.401 [main] INFO  hooks.Hooks - Starting BDD scenario: Verify order form data persistence during session
11:03:53.401 [main] INFO  hooks.Hooks - BDD test environment configured for scenario: Verify order form data persistence during session
11:03:53.402 [main] INFO  stepDefinitions.HomePageSteps - BDD Step: Navigating to DemoBlaze home page
11:03:53.402 [main] INFO  pages.HomePage - BDD: Opening home page
11:03:53.402 [main] INFO  pages.HomePage - Opening DemoBlaze home page
11:03:53.403 [main] INFO  c.c.s.WebDriverThreadLocalContainer - No webdriver is bound to current thread: 1 - let's create a new webdriver
11:03:53.898 [main] INFO  c.c.s.webdriver.WebDriverFactory - Selenide 7.10.0 / Selenium 4.35.0 / chrome 140.0.7339.207 linux
11:03:54.970 [main] INFO  pages.HomePage - Home page opened successfully
  Given I navigate to the DemoBlaze home page               # stepDefinitions.HomePageSteps.i_navigate_to_the_demoblaze_home_page()
11:03:54.971 [main] INFO  stepDefinitions.CartSteps - BDD Step: Adding MacBook air to cart
11:03:54.971 [main] INFO  pages.HomePage - BDD: Clicking on first product: MacBook air
11:03:54.971 [main] INFO  pages.HomePage - Clicking on first product: MacBook air
11:03:56.396 [main] INFO  pages.HomePage - Successfully clicked on first product: MacBook air
11:03:56.396 [main] INFO  pages.ProductDetailsPage - BDD: Adding product to cart
11:03:56.396 [main] INFO  pages.ProductDetailsPage - Clicking 'Add to cart' button
11:03:57.318 [main] INFO  pages.ProductDetailsPage - Successfully clicked 'Add to cart' button
11:03:57.957 [main] INFO  pages.HomePage - BDD: Opening home page
11:03:57.957 [main] INFO  pages.HomePage - Opening DemoBlaze home page
11:03:58.557 [main] INFO  pages.HomePage - Home page opened successfully
  Given I add "MacBook air" to cart                         # stepDefinitions.CartSteps.i_add_to_cart(java.lang.String)
11:03:58.558 [main] INFO  stepDefinitions.CartSteps - BDD Step: Navigating to cart page
11:03:58.558 [main] INFO  pages.HomePage - BDD: Navigating to cart
11:03:58.558 [main] INFO  pages.HomePage - Navigating to cart page
11:03:59.369 [main] INFO  pages.HomePage - Successfully navigated to cart page
  When I navigate to cart page                              # stepDefinitions.CartSteps.i_navigate_to_cart_page()
11:03:59.370 [main] INFO  stepDefinitions.OrderPlacementSteps - BDD Step: Clicking place order button
11:03:59.370 [main] INFO  pages.CartPage - Clicking 'Place Order' button
11:03:59.597 [main] INFO  pages.CartPage - Successfully clicked 'Place Order' button
  And I click place order button                            # stepDefinitions.OrderPlacementSteps.i_click_place_order_button()
11:03:59.603 [main] INFO  stepDefinitions.OrderPlacementSteps - BDD Step: Filling order details partially
11:03:59.604 [main] INFO  pages.OrderPlacementPage - Filling name field with: Test User
11:04:00.141 [main] INFO  pages.OrderPlacementPage - Filling country field with: Test Country
11:04:00.279 [main] INFO  pages.OrderPlacementPage - Filling city field with: Test City
11:04:00.437 [main] INFO  stepDefinitions.OrderPlacementSteps - BDD Step: Order details filled partially
  And I fill order details partially:                       # stepDefinitions.OrderPlacementSteps.i_fill_order_details_partially(io.cucumber.datatable.DataTable)
    | field   | value        |
    | name    | Test User    |
    | country | Test Country |
    | city    | Test City    |
11:04:00.438 [main] INFO  stepDefinitions.OrderPlacementSteps - BDD Step: Clicking close button
11:04:00.438 [main] INFO  pages.OrderPlacementPage - Clicking 'Close' button to cancel order
11:04:00.559 [main] INFO  pages.OrderPlacementPage - Close button clicked successfully
  And I click close button                                  # stepDefinitions.OrderPlacementSteps.i_click_close_button()
11:04:00.560 [main] INFO  stepDefinitions.OrderPlacementSteps - BDD Step: Clicking place order button again
11:04:00.560 [main] INFO  stepDefinitions.OrderPlacementSteps - BDD Step: Clicking place order button
11:04:00.560 [main] INFO  pages.CartPage - Clicking 'Place Order' button
11:04:00.972 [main] INFO  pages.CartPage - Successfully clicked 'Place Order' button
  And I click place order button again                      # stepDefinitions.OrderPlacementSteps.i_click_place_order_button_again()
11:04:00.973 [main] INFO  stepDefinitions.OrderPlacementSteps - BDD Step: Verifying order form is empty
11:04:00.973 [main] INFO  pages.OrderPlacementPage - Verifying order placement form is visible
11:04:01.481 [main] INFO  pages.OrderPlacementPage - Order placement form verified successfully
  Then the order form should be empty                       # stepDefinitions.OrderPlacementSteps.the_order_form_should_be_empty()
11:04:01.481 [main] INFO  hooks.Hooks - Finishing BDD scenario: Verify order form data persistence during session - Status: PASSED
11:04:01.632 [main] INFO  hooks.Hooks - BDD test cleanup completed for scenario: Verify order form data persistence during session
]]></system-out>
    <system-err><![CDATA[Sep 29, 2025 11:03:53 AM org.openqa.selenium.devtools.CdpVersionFinder findNearestMatch
WARNING: Unable to find an exact match for CDP version 140, returning the closest version; found: 139; Please update to a Selenium version that supports CDP version 140
]]></system-err>
  </testcase>
  <testcase name="Attempt to place order with empty cart" classname="DemoBlaze Order Placement" time="1.149">
    <system-out><![CDATA[
@OrderPlacement @E2E @regression @EmptyCartOrder @Edge
Scenario: Attempt to place order with empty cart               # src/test/resources/features/OrderPlacement.feature:115
11:04:01.648 [main] INFO  hooks.Hooks - Starting BDD scenario: Attempt to place order with empty cart
11:04:01.649 [main] INFO  hooks.Hooks - BDD test environment configured for scenario: Attempt to place order with empty cart
11:04:01.651 [main] INFO  stepDefinitions.HomePageSteps - BDD Step: Navigating to DemoBlaze home page
11:04:01.651 [main] INFO  pages.HomePage - BDD: Opening home page
11:04:01.651 [main] INFO  pages.HomePage - Opening DemoBlaze home page
11:04:01.651 [main] INFO  c.c.s.WebDriverThreadLocalContainer - No webdriver is bound to current thread: 1 - let's create a new webdriver
11:04:02.070 [main] INFO  c.c.s.webdriver.WebDriverFactory - Selenide 7.10.0 / Selenium 4.35.0 / chrome 140.0.7339.207 linux
11:04:02.344 [main] INFO  pages.HomePage - Home page opened successfully
  Given I navigate to the DemoBlaze home page                  # stepDefinitions.HomePageSteps.i_navigate_to_the_demoblaze_home_page()
11:04:02.345 [main] INFO  stepDefinitions.CartSteps - BDD Step: Navigating to cart page without adding products
11:04:02.345 [main] INFO  pages.HomePage - BDD: Navigating to cart
11:04:02.345 [main] INFO  pages.HomePage - Navigating to cart page
11:04:02.660 [main] INFO  pages.HomePage - Successfully navigated to cart page
  When I navigate to cart page without adding products         # stepDefinitions.CartSteps.i_navigate_to_cart_page_without_adding_products()
11:04:02.661 [main] INFO  stepDefinitions.CartSteps - BDD Step: Verifying cart is empty
  Then I should see an empty cart                              # stepDefinitions.CartSteps.i_should_see_an_empty_cart()
11:04:02.662 [main] INFO  stepDefinitions.OrderPlacementSteps - BDD Step: Verifying place order button state for empty cart
  And the place order button should be disabled or not visible # stepDefinitions.OrderPlacementSteps.the_place_order_button_should_be_disabled_or_not_visible()
11:04:02.663 [main] INFO  hooks.Hooks - Finishing BDD scenario: Attempt to place order with empty cart - Status: PASSED
11:04:02.789 [main] INFO  hooks.Hooks - BDD test cleanup completed for scenario: Attempt to place order with empty cart
]]></system-out>
    <system-err><![CDATA[Sep 29, 2025 11:04:02 AM org.openqa.selenium.devtools.CdpVersionFinder findNearestMatch
WARNING: Unable to find an exact match for CDP version 140, returning the closest version; found: 139; Please update to a Selenium version that supports CDP version 140
]]></system-err>
  </testcase>
  <testcase name="Verify home page loads" classname="Simple DemoBlaze Test" time="1.833">
    <system-out><![CDATA[
@Simple @Smoke @Navigation
Scenario: Verify home page loads                         # src/test/resources/features/SimpleTest.feature:6
11:04:02.796 [main] INFO  hooks.Hooks - Starting BDD scenario: Verify home page loads
11:04:02.796 [main] INFO  hooks.Hooks - BDD test environment configured for scenario: Verify home page loads
11:04:02.796 [main] INFO  stepDefinitions.HomePageSteps - BDD Step: Navigating to DemoBlaze home page
11:04:02.796 [main] INFO  pages.HomePage - BDD: Opening home page
11:04:02.796 [main] INFO  pages.HomePage - Opening DemoBlaze home page
11:04:02.796 [main] INFO  c.c.s.WebDriverThreadLocalContainer - No webdriver is bound to current thread: 1 - let's create a new webdriver
11:04:03.247 [main] INFO  c.c.s.webdriver.WebDriverFactory - Selenide 7.10.0 / Selenium 4.35.0 / chrome 140.0.7339.207 linux
11:04:04.074 [main] INFO  pages.HomePage - Home page opened successfully
  Given I navigate to the DemoBlaze home page            # stepDefinitions.HomePageSteps.i_navigate_to_the_demoblaze_home_page()
11:04:04.075 [main] INFO  stepDefinitions.HomePageSteps - BDD Step: Viewing home page content
  When I view the home page                              # stepDefinitions.HomePageSteps.i_view_the_home_page()
11:04:04.075 [main] INFO  stepDefinitions.HomePageSteps - BDD Step: Verifying navigation bar elements
11:04:04.075 [main] INFO  pages.HomePage - Verifying navigation elements are visible
11:04:04.496 [main] INFO  pages.HomePage - All navigation elements verified successfully
  Then I should see the navigation bar with all elements # stepDefinitions.HomePageSteps.i_should_see_the_navigation_bar_with_all_elements()
11:04:04.497 [main] INFO  hooks.Hooks - Finishing BDD scenario: Verify home page loads - Status: PASSED
11:04:04.623 [main] INFO  hooks.Hooks - BDD test cleanup completed for scenario: Verify home page loads
]]></system-out>
    <system-err><![CDATA[Sep 29, 2025 11:04:03 AM org.openqa.selenium.devtools.CdpVersionFinder findNearestMatch
WARNING: Unable to find an exact match for CDP version 140, returning the closest version; found: 139; Please update to a Selenium version that supports CDP version 140
]]></system-err>
  </testcase>
</testsuite>