<?xml version="1.0" encoding="UTF-8"?>
<testsuite xmlns:xsi="http://www.w3.org/2001/XMLSchema-instance" xsi:noNamespaceSchemaLocation="https://maven.apache.org/surefire/maven-surefire-plugin/xsd/surefire-test-report-3.0.xsd" version="3.0" name="runners.CucumberTestRunner" time="9,768.019" tests="33" errors="0" skipped="0" failures="9">
  <properties>
    <property name="java.specification.version" value="21"/>
    <property name="sun.jnu.encoding" value="UTF-8"/>
    <property name="java.class.path" value="/app/target/test-classes:/app/target/classes:/root/.m2/repository/com/codeborne/selenide/7.10.0/selenide-7.10.0.jar:/root/.m2/repository/org/seleniumhq/selenium/selenium-java/4.35.0/selenium-java-4.35.0.jar:/root/.m2/repository/org/seleniumhq/selenium/selenium-api/4.35.0/selenium-api-4.35.0.jar:/root/.m2/repository/org/seleniumhq/selenium/selenium-chrome-driver/4.35.0/selenium-chrome-driver-4.35.0.jar:/root/.m2/repository/com/google/auto/service/auto-service-annotations/1.1.1/auto-service-annotations-1.1.1.jar:/root/.m2/repository/org/seleniumhq/selenium/selenium-chromium-driver/4.35.0/selenium-chromium-driver-4.35.0.jar:/root/.m2/repository/org/seleniumhq/selenium/selenium-json/4.35.0/selenium-json-4.35.0.jar:/root/.m2/repository/org/seleniumhq/selenium/selenium-manager/4.35.0/selenium-manager-4.35.0.jar:/root/.m2/repository/org/seleniumhq/selenium/selenium-devtools-v137/4.35.0/selenium-devtools-v137-4.35.0.jar:/root/.m2/repository/org/seleniumhq/selenium/selenium-devtools-v138/4.35.0/selenium-devtools-v138-4.35.0.jar:/root/.m2/repository/org/seleniumhq/selenium/selenium-devtools-v139/4.35.0/selenium-devtools-v139-4.35.0.jar:/root/.m2/repository/org/seleniumhq/selenium/selenium-edge-driver/4.35.0/selenium-edge-driver-4.35.0.jar:/root/.m2/repository/org/seleniumhq/selenium/selenium-firefox-driver/4.35.0/selenium-firefox-driver-4.35.0.jar:/root/.m2/repository/org/seleniumhq/selenium/selenium-http/4.35.0/selenium-http-4.35.0.jar:/root/.m2/repository/org/seleniumhq/selenium/selenium-ie-driver/4.35.0/selenium-ie-driver-4.35.0.jar:/root/.m2/repository/org/seleniumhq/selenium/selenium-remote-driver/4.35.0/selenium-remote-driver-4.35.0.jar:/root/.m2/repository/io/opentelemetry/opentelemetry-api/1.53.0/opentelemetry-api-1.53.0.jar:/root/.m2/repository/io/opentelemetry/opentelemetry-context/1.53.0/opentelemetry-context-1.53.0.jar:/root/.m2/repository/io/opentelemetry/opentelemetry-common/1.53.0/opentelemetry-common-1.53.0.jar:/root/.m2/repository/io/opentelemetry/opentelemetry-exporter-logging/1.53.0/opentelemetry-exporter-logging-1.53.0.jar:/root/.m2/repository/io/opentelemetry/opentelemetry-sdk-common/1.53.0/opentelemetry-sdk-common-1.53.0.jar:/root/.m2/repository/io/opentelemetry/opentelemetry-sdk-extension-autoconfigure-spi/1.53.0/opentelemetry-sdk-extension-autoconfigure-spi-1.53.0.jar:/root/.m2/repository/io/opentelemetry/opentelemetry-sdk-extension-autoconfigure/1.53.0/opentelemetry-sdk-extension-autoconfigure-1.53.0.jar:/root/.m2/repository/io/opentelemetry/opentelemetry-sdk-trace/1.53.0/opentelemetry-sdk-trace-1.53.0.jar:/root/.m2/repository/io/opentelemetry/opentelemetry-sdk/1.53.0/opentelemetry-sdk-1.53.0.jar:/root/.m2/repository/io/opentelemetry/opentelemetry-sdk-metrics/1.53.0/opentelemetry-sdk-metrics-1.53.0.jar:/root/.m2/repository/io/opentelemetry/opentelemetry-sdk-logs/1.53.0/opentelemetry-sdk-logs-1.53.0.jar:/root/.m2/repository/net/bytebuddy/byte-buddy/1.17.6/byte-buddy-1.17.6.jar:/root/.m2/repository/org/seleniumhq/selenium/selenium-os/4.35.0/selenium-os-4.35.0.jar:/root/.m2/repository/org/apache/commons/commons-exec/1.5.0/commons-exec-1.5.0.jar:/root/.m2/repository/org/seleniumhq/selenium/selenium-safari-driver/4.35.0/selenium-safari-driver-4.35.0.jar:/root/.m2/repository/org/seleniumhq/selenium/selenium-support/4.35.0/selenium-support-4.35.0.jar:/root/.m2/repository/com/codeborne/selenide-core/7.10.0/selenide-core-7.10.0.jar:/root/.m2/repository/org/opentest4j/opentest4j/1.3.0/opentest4j-1.3.0.jar:/root/.m2/repository/org/apache/httpcomponents/client5/httpclient5/5.5/httpclient5-5.5.jar:/root/.m2/repository/org/apache/httpcomponents/core5/httpcore5/5.3.4/httpcore5-5.3.4.jar:/root/.m2/repository/org/apache/httpcomponents/core5/httpcore5-h2/5.3.4/httpcore5-h2-5.3.4.jar:/root/.m2/repository/com/github/valfirst/browserup-proxy/browserup-proxy-core/3.2.0/browserup-proxy-core-3.2.0.jar:/root/.m2/repository/org/jspecify/jspecify/1.0.0/jspecify-1.0.0.jar:/root/.m2/repository/com/google/errorprone/error_prone_annotations/2.41.0/error_prone_annotations-2.41.0.jar:/root/.m2/repository/com/google/guava/guava/33.4.8-jre/guava-33.4.8-jre.jar:/root/.m2/repository/com/google/guava/failureaccess/1.0.3/failureaccess-1.0.3.jar:/root/.m2/repository/com/google/guava/listenablefuture/9999.0-empty-to-avoid-conflict-with-guava/listenablefuture-9999.0-empty-to-avoid-conflict-with-guava.jar:/root/.m2/repository/com/google/j2objc/j2objc-annotations/3.0.0/j2objc-annotations-3.0.0.jar:/root/.m2/repository/org/apache/commons/commons-lang3/3.18.0/commons-lang3-3.18.0.jar:/root/.m2/repository/commons-io/commons-io/2.20.0/commons-io-2.20.0.jar:/root/.m2/repository/io/qameta/allure/allure-junit5/2.30.0/allure-junit5-2.30.0.jar:/root/.m2/repository/io/qameta/allure/allure-junit-platform/2.30.0/allure-junit-platform-2.30.0.jar:/root/.m2/repository/io/qameta/allure/allure-test-filter/2.30.0/allure-test-filter-2.30.0.jar:/root/.m2/repository/io/qameta/allure/allure-selenide/2.30.0/allure-selenide-2.30.0.jar:/root/.m2/repository/io/qameta/allure/allure-java-commons/2.30.0/allure-java-commons-2.30.0.jar:/root/.m2/repository/io/qameta/allure/allure-model/2.30.0/allure-model-2.30.0.jar:/root/.m2/repository/org/junit/jupiter/junit-jupiter/5.10.1/junit-jupiter-5.10.1.jar:/root/.m2/repository/org/junit/jupiter/junit-jupiter-api/5.10.1/junit-jupiter-api-5.10.1.jar:/root/.m2/repository/org/junit/jupiter/junit-jupiter-params/5.10.1/junit-jupiter-params-5.10.1.jar:/root/.m2/repository/org/junit/jupiter/junit-jupiter-engine/5.10.1/junit-jupiter-engine-5.10.1.jar:/root/.m2/repository/org/junit/platform/junit-platform-launcher/1.10.1/junit-platform-launcher-1.10.1.jar:/root/.m2/repository/org/junit/platform/junit-platform-engine/1.10.1/junit-platform-engine-1.10.1.jar:/root/.m2/repository/org/apiguardian/apiguardian-api/1.1.2/apiguardian-api-1.1.2.jar:/root/.m2/repository/org/junit/platform/junit-platform-suite-api/1.10.1/junit-platform-suite-api-1.10.1.jar:/root/.m2/repository/org/junit/platform/junit-platform-commons/1.10.1/junit-platform-commons-1.10.1.jar:/root/.m2/repository/org/slf4j/slf4j-api/2.0.9/slf4j-api-2.0.9.jar:/root/.m2/repository/ch/qos/logback/logback-classic/1.4.14/logback-classic-1.4.14.jar:/root/.m2/repository/ch/qos/logback/logback-core/1.4.14/logback-core-1.4.14.jar:/root/.m2/repository/io/cucumber/cucumber-java/7.14.1/cucumber-java-7.14.1.jar:/root/.m2/repository/io/cucumber/cucumber-core/7.14.1/cucumber-core-7.14.1.jar:/root/.m2/repository/io/cucumber/cucumber-gherkin/7.14.1/cucumber-gherkin-7.14.1.jar:/root/.m2/repository/io/cucumber/cucumber-gherkin-messages/7.14.1/cucumber-gherkin-messages-7.14.1.jar:/root/.m2/repository/io/cucumber/gherkin/26.2.0/gherkin-26.2.0.jar:/root/.m2/repository/io/cucumber/messages/22.0.0/messages-22.0.0.jar:/root/.m2/repository/io/cucumber/tag-expressions/6.0.0/tag-expressions-6.0.0.jar:/root/.m2/repository/io/cucumber/cucumber-expressions/17.0.1/cucumber-expressions-17.0.1.jar:/root/.m2/repository/io/cucumber/datatable/7.14.1/datatable-7.14.1.jar:/root/.m2/repository/io/cucumber/cucumber-plugin/7.14.1/cucumber-plugin-7.14.1.jar:/root/.m2/repository/io/cucumber/docstring/7.14.1/docstring-7.14.1.jar:/root/.m2/repository/io/cucumber/html-formatter/20.4.0/html-formatter-20.4.0.jar:/root/.m2/repository/io/cucumber/junit-xml-formatter/0.2.0/junit-xml-formatter-0.2.0.jar:/root/.m2/repository/io/cucumber/ci-environment/10.0.0/ci-environment-10.0.0.jar:/root/.m2/repository/io/cucumber/cucumber-junit-platform-engine/7.14.1/cucumber-junit-platform-engine-7.14.1.jar:/root/.m2/repository/io/cucumber/cucumber-junit/7.14.1/cucumber-junit-7.14.1.jar:/root/.m2/repository/junit/junit/4.13.2/junit-4.13.2.jar:/root/.m2/repository/org/hamcrest/hamcrest-core/1.3/hamcrest-core-1.3.jar:/root/.m2/repository/io/qameta/allure/allure-cucumber7-jvm/2.30.0/allure-cucumber7-jvm-2.30.0.jar:"/>
    <property name="java.vm.vendor" value="Oracle Corporation"/>
    <property name="sun.arch.data.model" value="64"/>
    <property name="java.vendor.url" value="https://java.oracle.com/"/>
    <property name="user.timezone" value="Etc/UTC"/>
    <property name="os.name" value="Linux"/>
    <property name="java.vm.specification.version" value="21"/>
    <property name="sun.java.launcher" value="SUN_STANDARD"/>
    <property name="sun.boot.library.path" value="/usr/local/openjdk-21/lib"/>
    <property name="selenide.browser" value="firefox"/>
    <property name="sun.java.command" value="/app/target/surefire/surefirebooter-20250926134801173_3.jar /app/target/surefire 2025-09-26T13-47-56_725-jvmRun1 surefire-20250926134801173_1tmp surefire_0-20250926134801173_2tmp"/>
    <property name="jdk.debug" value="release"/>
    <property name="surefire.test.class.path" value="/app/target/test-classes:/app/target/classes:/root/.m2/repository/com/codeborne/selenide/7.10.0/selenide-7.10.0.jar:/root/.m2/repository/org/seleniumhq/selenium/selenium-java/4.35.0/selenium-java-4.35.0.jar:/root/.m2/repository/org/seleniumhq/selenium/selenium-api/4.35.0/selenium-api-4.35.0.jar:/root/.m2/repository/org/seleniumhq/selenium/selenium-chrome-driver/4.35.0/selenium-chrome-driver-4.35.0.jar:/root/.m2/repository/com/google/auto/service/auto-service-annotations/1.1.1/auto-service-annotations-1.1.1.jar:/root/.m2/repository/org/seleniumhq/selenium/selenium-chromium-driver/4.35.0/selenium-chromium-driver-4.35.0.jar:/root/.m2/repository/org/seleniumhq/selenium/selenium-json/4.35.0/selenium-json-4.35.0.jar:/root/.m2/repository/org/seleniumhq/selenium/selenium-manager/4.35.0/selenium-manager-4.35.0.jar:/root/.m2/repository/org/seleniumhq/selenium/selenium-devtools-v137/4.35.0/selenium-devtools-v137-4.35.0.jar:/root/.m2/repository/org/seleniumhq/selenium/selenium-devtools-v138/4.35.0/selenium-devtools-v138-4.35.0.jar:/root/.m2/repository/org/seleniumhq/selenium/selenium-devtools-v139/4.35.0/selenium-devtools-v139-4.35.0.jar:/root/.m2/repository/org/seleniumhq/selenium/selenium-edge-driver/4.35.0/selenium-edge-driver-4.35.0.jar:/root/.m2/repository/org/seleniumhq/selenium/selenium-firefox-driver/4.35.0/selenium-firefox-driver-4.35.0.jar:/root/.m2/repository/org/seleniumhq/selenium/selenium-http/4.35.0/selenium-http-4.35.0.jar:/root/.m2/repository/org/seleniumhq/selenium/selenium-ie-driver/4.35.0/selenium-ie-driver-4.35.0.jar:/root/.m2/repository/org/seleniumhq/selenium/selenium-remote-driver/4.35.0/selenium-remote-driver-4.35.0.jar:/root/.m2/repository/io/opentelemetry/opentelemetry-api/1.53.0/opentelemetry-api-1.53.0.jar:/root/.m2/repository/io/opentelemetry/opentelemetry-context/1.53.0/opentelemetry-context-1.53.0.jar:/root/.m2/repository/io/opentelemetry/opentelemetry-common/1.53.0/opentelemetry-common-1.53.0.jar:/root/.m2/repository/io/opentelemetry/opentelemetry-exporter-logging/1.53.0/opentelemetry-exporter-logging-1.53.0.jar:/root/.m2/repository/io/opentelemetry/opentelemetry-sdk-common/1.53.0/opentelemetry-sdk-common-1.53.0.jar:/root/.m2/repository/io/opentelemetry/opentelemetry-sdk-extension-autoconfigure-spi/1.53.0/opentelemetry-sdk-extension-autoconfigure-spi-1.53.0.jar:/root/.m2/repository/io/opentelemetry/opentelemetry-sdk-extension-autoconfigure/1.53.0/opentelemetry-sdk-extension-autoconfigure-1.53.0.jar:/root/.m2/repository/io/opentelemetry/opentelemetry-sdk-trace/1.53.0/opentelemetry-sdk-trace-1.53.0.jar:/root/.m2/repository/io/opentelemetry/opentelemetry-sdk/1.53.0/opentelemetry-sdk-1.53.0.jar:/root/.m2/repository/io/opentelemetry/opentelemetry-sdk-metrics/1.53.0/opentelemetry-sdk-metrics-1.53.0.jar:/root/.m2/repository/io/opentelemetry/opentelemetry-sdk-logs/1.53.0/opentelemetry-sdk-logs-1.53.0.jar:/root/.m2/repository/net/bytebuddy/byte-buddy/1.17.6/byte-buddy-1.17.6.jar:/root/.m2/repository/org/seleniumhq/selenium/selenium-os/4.35.0/selenium-os-4.35.0.jar:/root/.m2/repository/org/apache/commons/commons-exec/1.5.0/commons-exec-1.5.0.jar:/root/.m2/repository/org/seleniumhq/selenium/selenium-safari-driver/4.35.0/selenium-safari-driver-4.35.0.jar:/root/.m2/repository/org/seleniumhq/selenium/selenium-support/4.35.0/selenium-support-4.35.0.jar:/root/.m2/repository/com/codeborne/selenide-core/7.10.0/selenide-core-7.10.0.jar:/root/.m2/repository/org/opentest4j/opentest4j/1.3.0/opentest4j-1.3.0.jar:/root/.m2/repository/org/apache/httpcomponents/client5/httpclient5/5.5/httpclient5-5.5.jar:/root/.m2/repository/org/apache/httpcomponents/core5/httpcore5/5.3.4/httpcore5-5.3.4.jar:/root/.m2/repository/org/apache/httpcomponents/core5/httpcore5-h2/5.3.4/httpcore5-h2-5.3.4.jar:/root/.m2/repository/com/github/valfirst/browserup-proxy/browserup-proxy-core/3.2.0/browserup-proxy-core-3.2.0.jar:/root/.m2/repository/org/jspecify/jspecify/1.0.0/jspecify-1.0.0.jar:/root/.m2/repository/com/google/errorprone/error_prone_annotations/2.41.0/error_prone_annotations-2.41.0.jar:/root/.m2/repository/com/google/guava/guava/33.4.8-jre/guava-33.4.8-jre.jar:/root/.m2/repository/com/google/guava/failureaccess/1.0.3/failureaccess-1.0.3.jar:/root/.m2/repository/com/google/guava/listenablefuture/9999.0-empty-to-avoid-conflict-with-guava/listenablefuture-9999.0-empty-to-avoid-conflict-with-guava.jar:/root/.m2/repository/com/google/j2objc/j2objc-annotations/3.0.0/j2objc-annotations-3.0.0.jar:/root/.m2/repository/org/apache/commons/commons-lang3/3.18.0/commons-lang3-3.18.0.jar:/root/.m2/repository/commons-io/commons-io/2.20.0/commons-io-2.20.0.jar:/root/.m2/repository/io/qameta/allure/allure-junit5/2.30.0/allure-junit5-2.30.0.jar:/root/.m2/repository/io/qameta/allure/allure-junit-platform/2.30.0/allure-junit-platform-2.30.0.jar:/root/.m2/repository/io/qameta/allure/allure-test-filter/2.30.0/allure-test-filter-2.30.0.jar:/root/.m2/repository/io/qameta/allure/allure-selenide/2.30.0/allure-selenide-2.30.0.jar:/root/.m2/repository/io/qameta/allure/allure-java-commons/2.30.0/allure-java-commons-2.30.0.jar:/root/.m2/repository/io/qameta/allure/allure-model/2.30.0/allure-model-2.30.0.jar:/root/.m2/repository/org/junit/jupiter/junit-jupiter/5.10.1/junit-jupiter-5.10.1.jar:/root/.m2/repository/org/junit/jupiter/junit-jupiter-api/5.10.1/junit-jupiter-api-5.10.1.jar:/root/.m2/repository/org/junit/jupiter/junit-jupiter-params/5.10.1/junit-jupiter-params-5.10.1.jar:/root/.m2/repository/org/junit/jupiter/junit-jupiter-engine/5.10.1/junit-jupiter-engine-5.10.1.jar:/root/.m2/repository/org/junit/platform/junit-platform-launcher/1.10.1/junit-platform-launcher-1.10.1.jar:/root/.m2/repository/org/junit/platform/junit-platform-engine/1.10.1/junit-platform-engine-1.10.1.jar:/root/.m2/repository/org/apiguardian/apiguardian-api/1.1.2/apiguardian-api-1.1.2.jar:/root/.m2/repository/org/junit/platform/junit-platform-suite-api/1.10.1/junit-platform-suite-api-1.10.1.jar:/root/.m2/repository/org/junit/platform/junit-platform-commons/1.10.1/junit-platform-commons-1.10.1.jar:/root/.m2/repository/org/slf4j/slf4j-api/2.0.9/slf4j-api-2.0.9.jar:/root/.m2/repository/ch/qos/logback/logback-classic/1.4.14/logback-classic-1.4.14.jar:/root/.m2/repository/ch/qos/logback/logback-core/1.4.14/logback-core-1.4.14.jar:/root/.m2/repository/io/cucumber/cucumber-java/7.14.1/cucumber-java-7.14.1.jar:/root/.m2/repository/io/cucumber/cucumber-core/7.14.1/cucumber-core-7.14.1.jar:/root/.m2/repository/io/cucumber/cucumber-gherkin/7.14.1/cucumber-gherkin-7.14.1.jar:/root/.m2/repository/io/cucumber/cucumber-gherkin-messages/7.14.1/cucumber-gherkin-messages-7.14.1.jar:/root/.m2/repository/io/cucumber/gherkin/26.2.0/gherkin-26.2.0.jar:/root/.m2/repository/io/cucumber/messages/22.0.0/messages-22.0.0.jar:/root/.m2/repository/io/cucumber/tag-expressions/6.0.0/tag-expressions-6.0.0.jar:/root/.m2/repository/io/cucumber/cucumber-expressions/17.0.1/cucumber-expressions-17.0.1.jar:/root/.m2/repository/io/cucumber/datatable/7.14.1/datatable-7.14.1.jar:/root/.m2/repository/io/cucumber/cucumber-plugin/7.14.1/cucumber-plugin-7.14.1.jar:/root/.m2/repository/io/cucumber/docstring/7.14.1/docstring-7.14.1.jar:/root/.m2/repository/io/cucumber/html-formatter/20.4.0/html-formatter-20.4.0.jar:/root/.m2/repository/io/cucumber/junit-xml-formatter/0.2.0/junit-xml-formatter-0.2.0.jar:/root/.m2/repository/io/cucumber/ci-environment/10.0.0/ci-environment-10.0.0.jar:/root/.m2/repository/io/cucumber/cucumber-junit-platform-engine/7.14.1/cucumber-junit-platform-engine-7.14.1.jar:/root/.m2/repository/io/cucumber/cucumber-junit/7.14.1/cucumber-junit-7.14.1.jar:/root/.m2/repository/junit/junit/4.13.2/junit-4.13.2.jar:/root/.m2/repository/org/hamcrest/hamcrest-core/1.3/hamcrest-core-1.3.jar:/root/.m2/repository/io/qameta/allure/allure-cucumber7-jvm/2.30.0/allure-cucumber7-jvm-2.30.0.jar:"/>
    <property name="allure.results.directory" value="/app/target/allure-results"/>
    <property name="sun.cpu.endian" value="little"/>
    <property name="user.home" value="/root"/>
    <property name="user.language" value="en"/>
    <property name="java.specification.vendor" value="Oracle Corporation"/>
    <property name="java.version.date" value="2023-09-19"/>
    <property name="java.home" value="/usr/local/openjdk-21"/>
    <property name="file.separator" value="/"/>
    <property name="basedir" value="/app"/>
    <property name="java.vm.compressedOopsMode" value="32-bit"/>
    <property name="line.separator" value="&#10;"/>
    <property name="java.specification.name" value="Java Platform API Specification"/>
    <property name="java.vm.specification.vendor" value="Oracle Corporation"/>
    <property name="surefire.real.class.path" value="/app/target/surefire/surefirebooter-20250926134801173_3.jar"/>
    <property name="sun.management.compiler" value="HotSpot 64-Bit Tiered Compilers"/>
    <property name="java.runtime.version" value="21+35-2513"/>
    <property name="user.name" value="root"/>
    <property name="stdout.encoding" value="UTF-8"/>
    <property name="path.separator" value=":"/>
    <property name="os.version" value="6.6.87.2-microsoft-standard-WSL2"/>
    <property name="java.runtime.name" value="OpenJDK Runtime Environment"/>
    <property name="file.encoding" value="UTF-8"/>
    <property name="java.vm.name" value="OpenJDK 64-Bit Server VM"/>
    <property name="localRepository" value="/root/.m2/repository"/>
    <property name="java.vendor.url.bug" value="https://bugreport.java.com/bugreport/"/>
    <property name="java.io.tmpdir" value="/tmp"/>
    <property name="java.version" value="21"/>
    <property name="user.dir" value="/app"/>
    <property name="os.arch" value="amd64"/>
    <property name="java.vm.specification.name" value="Java Virtual Machine Specification"/>
    <property name="native.encoding" value="UTF-8"/>
    <property name="java.library.path" value="/usr/java/packages/lib:/usr/lib64:/lib64:/lib:/usr/lib"/>
    <property name="java.vm.info" value="mixed mode, sharing"/>
    <property name="stderr.encoding" value="UTF-8"/>
    <property name="java.vendor" value="Oracle Corporation"/>
    <property name="java.vm.version" value="21+35-2513"/>
    <property name="sun.io.unicode.encoding" value="UnicodeLittle"/>
    <property name="selenide.headless" value="true"/>
    <property name="java.class.version" value="65.0"/>
  </properties>
  <testcase name="Add product to cart successfully" classname="DemoBlaze Shopping Cart" time="12.921">
    <system-out><![CDATA[
@Cart @UI @regression @AddToCart @Smoke
Scenario: Add product to cart successfully          # src/test/resources/features/Cart.feature:11
13:52:00.376 [main] INFO  hooks.Hooks - Starting BDD scenario: Add product to cart successfully
13:52:00.376 [main] INFO  hooks.Hooks - BDD test environment configured for scenario: Add product to cart successfully
13:52:00.380 [main] INFO  stepDefinitions.HomePageSteps - BDD Step: Navigating to DemoBlaze home page
13:52:00.380 [main] INFO  pages.HomePage - BDD: Opening home page
13:52:00.381 [main] INFO  pages.HomePage - Opening DemoBlaze home page
13:52:00.381 [main] INFO  c.c.s.WebDriverThreadLocalContainer - No webdriver is bound to current thread: 1 - let's create a new webdriver
13:52:03.550 [main] INFO  c.c.s.webdriver.BrowserResizer - Set browser size to 1920x1080
13:52:03.837 [main] INFO  c.c.s.webdriver.WebDriverFactory - Selenide 7.10.0 / Selenium 4.35.0 / firefox 140.3.0 linux
13:52:06.372 [main] INFO  pages.HomePage - Home page opened successfully
  Given I navigate to the DemoBlaze home page       # stepDefinitions.HomePageSteps.i_navigate_to_the_demoblaze_home_page()
13:52:06.378 [main] INFO  stepDefinitions.HomePageSteps - BDD Step: Clicking on product Samsung galaxy s6
13:52:06.378 [main] INFO  pages.HomePage - BDD: Clicking on first product: Samsung galaxy s6
13:52:06.378 [main] INFO  pages.HomePage - Clicking on first product: Samsung galaxy s6
13:52:08.476 [main] INFO  pages.HomePage - Successfully clicked on first product: Samsung galaxy s6
  When I click on "Samsung galaxy s6" product       # stepDefinitions.HomePageSteps.i_click_on_product(java.lang.String)
13:52:08.479 [main] INFO  stepDefinitions.CartSteps - BDD Step: Clicking Add to cart cart button
13:52:08.479 [main] INFO  pages.ProductDetailsPage - BDD: Adding product to cart
13:52:08.479 [main] INFO  pages.ProductDetailsPage - Clicking 'Add to cart' button
13:52:09.672 [main] INFO  pages.ProductDetailsPage - Successfully clicked 'Add to cart' button
  And I click "Add to cart" cart button             # stepDefinitions.CartSteps.i_click_cart_button(java.lang.String)
13:52:09.673 [main] INFO  stepDefinitions.CartSteps - BDD Step: Verifying success alert: Product added
  Then I should see success alert "Product added"   # stepDefinitions.CartSteps.i_should_see_success_alert(java.lang.String)
13:52:10.363 [main] INFO  stepDefinitions.CartSteps - BDD Step: Navigating to cart page
13:52:10.363 [main] INFO  pages.HomePage - BDD: Navigating to cart
13:52:10.363 [main] INFO  pages.HomePage - Navigating to cart page
13:52:11.115 [main] INFO  pages.HomePage - Successfully navigated to cart page
  When I navigate to cart page                      # stepDefinitions.CartSteps.i_navigate_to_cart_page()
13:52:11.117 [main] INFO  stepDefinitions.CartSteps - BDD Step: Verifying Samsung galaxy s6 is in cart
13:52:11.117 [main] INFO  pages.CartPage - Verifying product is in cart: Samsung galaxy s6
13:52:12.223 [main] INFO  pages.CartPage - Product verified in cart: Samsung galaxy s6
  Then I should see "Samsung galaxy s6" in the cart # stepDefinitions.CartSteps.i_should_see_in_the_cart(java.lang.String)
13:52:12.224 [main] INFO  stepDefinitions.CartSteps - BDD Step: Verifying cart total price
13:52:12.225 [main] INFO  pages.CartPage - BDD: Verifying cart total is visible
13:52:12.244 [main] INFO  pages.CartPage - BDD: Cart total verified
  And I should see cart total price                 # stepDefinitions.CartSteps.i_should_see_cart_total_price()
13:52:12.245 [main] INFO  hooks.Hooks - Finishing BDD scenario: Add product to cart successfully - Status: PASSED
13:52:13.241 [main] INFO  hooks.Hooks - BDD test cleanup completed for scenario: Add product to cart successfully
]]></system-out>
  </testcase>
  <testcase name="Manage multiple products in cart" classname="DemoBlaze Shopping Cart" time="20.009">
    <failure message="Element not found {By.xpath: //td[normalize-space()=&apos;Nexus 6&apos;]}&#10;Expected: visible&#10;Screenshot: file:/app/target/screenshots/1758894751337.0.png&#10;Page source: file:/app/target/screenshots/1758894751337.0.html&#10;Timeout: 4 s.&#10;Caused by: NoSuchElementException: Unable to locate element: //td[normalize-space()=&apos;Nexus 6&apos;]" type="Element not found {By.xpath"><![CDATA[Element not found {By.xpath: //td[normalize-space()='Nexus 6']}
Expected: visible
Screenshot: file:/app/target/screenshots/1758894751337.0.png
Page source: file:/app/target/screenshots/1758894751337.0.html
Timeout: 4 s.
Caused by: NoSuchElementException: Unable to locate element: //td[normalize-space()='Nexus 6']
	at com.codeborne.selenide.impl.WebElementSource.createElementNotFoundError(WebElementSource.java:89)
	at com.codeborne.selenide.impl.ElementFinder.createElementNotFoundError(ElementFinder.java:129)
	at com.codeborne.selenide.impl.WebElementSource.handleError(WebElementSource.java:140)
	at com.codeborne.selenide.impl.WebElementSource.checkConditionAndReturnElement(WebElementSource.java:123)
	at com.codeborne.selenide.impl.WebElementSource.checkCondition(WebElementSource.java:99)
	at com.codeborne.selenide.commands.Should.execute(Should.java:24)
	at com.codeborne.selenide.FluentCommand.execute(FluentCommand.java:27)
	at com.codeborne.selenide.FluentCommand.execute(FluentCommand.java:19)
	at com.codeborne.selenide.commands.Commands.execute(Commands.java:160)
	at com.codeborne.selenide.impl.SelenideElementProxy.dispatchAndRetry(SelenideElementProxy.java:131)
	at com.codeborne.selenide.impl.SelenideElementProxy.invoke(SelenideElementProxy.java:83)
	at jdk.proxy2/jdk.proxy2.$Proxy32.shouldBe(Unknown Source)
	at pages.CartPage.verifyProductInCart(CartPage.java:74)
	at stepDefinitions.CartSteps.i_should_see_in_the_cart(CartSteps.java:66)
	at ✽.I should see "Nexus 6" in the cart(file:///app/src/test/resources/features/Cart.feature:25)
Caused by: org.openqa.selenium.NoSuchElementException: Unable to locate element: //td[normalize-space()='Nexus 6']
For documentation on this error, please visit: https://www.selenium.dev/documentation/webdriver/troubleshooting/errors#no-such-element-exception
Build info: version: '4.35.0', revision: '1c58e5028b'
System info: os.name: 'Linux', os.arch: 'amd64', os.version: '6.6.87.2-microsoft-standard-WSL2', java.version: '21'
Driver info: org.openqa.selenium.firefox.FirefoxDriver
Command: [3a9d49b5-cabf-46f5-b759-baa94cf3d8cc, findElement {value=//td[normalize-space()='Nexus 6'], using=xpath}]
Capabilities {acceptInsecureCerts: true, browserName: firefox, browserVersion: 140.3.0, moz:accessibilityChecks: false, moz:buildID: 20250908182512, moz:geckodriverVersion: 0.36.0, moz:headless: true, moz:platformVersion: 6.6.87.2-microsoft-standard..., moz:processID: 6687, moz:profile: /tmp/rust_mozprofilex22wbs, moz:shutdownTimeout: 60000, moz:webdriverClick: true, moz:windowless: false, pageLoadStrategy: normal, platformName: linux, proxy: Proxy(), setWindowRect: true, strictFileInteractability: false, timeouts: {implicit: 0, pageLoad: 300000, script: 30000}, unhandledPromptBehavior: accept, userAgent: Mozilla/5.0 (X11; Linux x86..., webSocketUrl: ws://127.0.0.1:34235/sessio...}
Session ID: 3a9d49b5-cabf-46f5-b759-baa94cf3d8cc
	at java.base/java.lang.reflect.Constructor.newInstanceWithCaller(Constructor.java:502)
	at java.base/java.lang.reflect.Constructor.newInstance(Constructor.java:486)
	at org.openqa.selenium.remote.ErrorCodec.decode(ErrorCodec.java:167)
	at org.openqa.selenium.remote.codec.w3c.W3CHttpResponseCodec.decode(W3CHttpResponseCodec.java:138)
	at org.openqa.selenium.remote.codec.w3c.W3CHttpResponseCodec.decode(W3CHttpResponseCodec.java:50)
	at org.openqa.selenium.remote.HttpCommandExecutor.execute(HttpCommandExecutor.java:215)
	at org.openqa.selenium.remote.service.DriverCommandExecutor.invokeExecute(DriverCommandExecutor.java:216)
	at org.openqa.selenium.remote.service.DriverCommandExecutor.execute(DriverCommandExecutor.java:174)
	at org.openqa.selenium.remote.RemoteWebDriver.execute(RemoteWebDriver.java:557)
	at org.openqa.selenium.remote.ElementLocation$ElementFinder$2.findElement(ElementLocation.java:165)
	at org.openqa.selenium.remote.ElementLocation.findElement(ElementLocation.java:59)
	at org.openqa.selenium.remote.RemoteWebDriver.findElement(RemoteWebDriver.java:380)
	at org.openqa.selenium.remote.RemoteWebDriver.findElement(RemoteWebDriver.java:374)
	at com.codeborne.selenide.impl.WebElementSelector.findElement(WebElementSelector.java:67)
	at com.codeborne.selenide.impl.WebElementSelector.findElement(WebElementSelector.java:38)
	at com.codeborne.selenide.impl.WebElementSelector.findElement(WebElementSelector.java:29)
	at com.codeborne.selenide.impl.ElementFinder.getWebElement(ElementFinder.java:113)
	at com.codeborne.selenide.impl.WebElementSource.checkConditionAndReturnElement(WebElementSource.java:112)
	at com.codeborne.selenide.impl.WebElementSource.checkCondition(WebElementSource.java:99)
	at com.codeborne.selenide.commands.Should.execute(Should.java:24)
	at com.codeborne.selenide.FluentCommand.execute(FluentCommand.java:27)
	at com.codeborne.selenide.FluentCommand.execute(FluentCommand.java:19)
	at com.codeborne.selenide.commands.Commands.execute(Commands.java:160)
	at com.codeborne.selenide.impl.SelenideElementProxy.dispatchAndRetry(SelenideElementProxy.java:131)
	at com.codeborne.selenide.impl.SelenideElementProxy.invoke(SelenideElementProxy.java:83)
	at jdk.proxy2/jdk.proxy2.$Proxy32.shouldBe(Unknown Source)
	at pages.CartPage.verifyProductInCart(CartPage.java:74)
	at stepDefinitions.CartSteps.i_should_see_in_the_cart(CartSteps.java:66)
	at java.base/java.lang.reflect.Method.invoke(Method.java:580)
	at io.cucumber.java.Invoker.doInvoke(Invoker.java:66)
	at io.cucumber.java.Invoker.invoke(Invoker.java:24)
	at io.cucumber.java.AbstractGlueDefinition.invokeMethod(AbstractGlueDefinition.java:47)
	at io.cucumber.java.JavaStepDefinition.execute(JavaStepDefinition.java:29)
	at io.cucumber.core.runner.CoreStepDefinition.execute(CoreStepDefinition.java:66)
	at io.cucumber.core.runner.PickleStepDefinitionMatch.runStep(PickleStepDefinitionMatch.java:63)
	at io.cucumber.core.runner.ExecutionMode$1.execute(ExecutionMode.java:10)
	at io.cucumber.core.runner.TestStep.executeStep(TestStep.java:84)
	at io.cucumber.core.runner.TestStep.run(TestStep.java:56)
	at io.cucumber.core.runner.PickleStepTestStep.run(PickleStepTestStep.java:51)
	at io.cucumber.core.runner.TestCase.run(TestCase.java:84)
	at io.cucumber.core.runner.Runner.runPickle(Runner.java:75)
	at io.cucumber.junit.PickleRunners$NoStepDescriptions.lambda$run$0(PickleRunners.java:151)
	at io.cucumber.core.runtime.CucumberExecutionContext.lambda$runTestCase$5(CucumberExecutionContext.java:137)
	at io.cucumber.core.runtime.RethrowingThrowableCollector.executeAndThrow(RethrowingThrowableCollector.java:23)
	at io.cucumber.core.runtime.CucumberExecutionContext.runTestCase(CucumberExecutionContext.java:137)
	at io.cucumber.junit.PickleRunners$NoStepDescriptions.run(PickleRunners.java:148)
	at io.cucumber.junit.FeatureRunner.runChild(FeatureRunner.java:144)
	at io.cucumber.junit.FeatureRunner.runChild(FeatureRunner.java:28)
	at io.cucumber.junit.FeatureRunner.run(FeatureRunner.java:137)
	at io.cucumber.junit.Cucumber.runChild(Cucumber.java:196)
	at io.cucumber.junit.Cucumber.runChild(Cucumber.java:89)
	at io.cucumber.core.runtime.CucumberExecutionContext.lambda$runFeatures$6(CucumberExecutionContext.java:148)
	at io.cucumber.core.runtime.CucumberExecutionContext.execute(CucumberExecutionContext.java:163)
	at io.cucumber.core.runtime.CucumberExecutionContext.runFeatures(CucumberExecutionContext.java:146)
	at io.cucumber.junit.Cucumber$StartAndFinishTestRun.evaluate(Cucumber.java:226)
]]></failure>
    <system-out><![CDATA[
@Cart @UI @regression @CartManagement @regression
Scenario: Manage multiple products in cart          # src/test/resources/features/Cart.feature:20
13:52:13.261 [main] INFO  hooks.Hooks - Starting BDD scenario: Manage multiple products in cart
13:52:13.261 [main] INFO  hooks.Hooks - BDD test environment configured for scenario: Manage multiple products in cart
13:52:13.262 [main] INFO  stepDefinitions.HomePageSteps - BDD Step: Navigating to DemoBlaze home page
13:52:13.262 [main] INFO  pages.HomePage - BDD: Opening home page
13:52:13.262 [main] INFO  pages.HomePage - Opening DemoBlaze home page
13:52:13.262 [main] INFO  c.c.s.WebDriverThreadLocalContainer - No webdriver is bound to current thread: 1 - let's create a new webdriver
13:52:16.385 [main] INFO  c.c.s.webdriver.BrowserResizer - Set browser size to 1920x1080
13:52:16.672 [main] INFO  c.c.s.webdriver.WebDriverFactory - Selenide 7.10.0 / Selenium 4.35.0 / firefox 140.3.0 linux
13:52:19.428 [main] INFO  pages.HomePage - Home page opened successfully
  Given I navigate to the DemoBlaze home page       # stepDefinitions.HomePageSteps.i_navigate_to_the_demoblaze_home_page()
13:52:19.429 [main] INFO  stepDefinitions.CartSteps - BDD Step: Adding Samsung galaxy s6 to cart
13:52:19.430 [main] INFO  pages.HomePage - BDD: Clicking on first product: Samsung galaxy s6
13:52:19.430 [main] INFO  pages.HomePage - Clicking on first product: Samsung galaxy s6
13:52:21.537 [main] INFO  pages.HomePage - Successfully clicked on first product: Samsung galaxy s6
13:52:21.537 [main] INFO  pages.ProductDetailsPage - BDD: Adding product to cart
13:52:21.537 [main] INFO  pages.ProductDetailsPage - Clicking 'Add to cart' button
13:52:22.689 [main] INFO  pages.ProductDetailsPage - Successfully clicked 'Add to cart' button
13:52:23.333 [main] INFO  pages.HomePage - BDD: Opening home page
13:52:23.333 [main] INFO  pages.HomePage - Opening DemoBlaze home page
13:52:23.528 [main] INFO  pages.HomePage - Home page opened successfully
  When I add "Samsung galaxy s6" to cart            # stepDefinitions.CartSteps.i_add_to_cart(java.lang.String)
13:52:23.530 [main] INFO  stepDefinitions.CartSteps - BDD Step: Adding Nexus 6 to cart
13:52:23.530 [main] INFO  pages.HomePage - BDD: Clicking on first product: Nexus 6
13:52:23.530 [main] INFO  pages.HomePage - Clicking on first product: Nexus 6
13:52:24.210 [main] INFO  pages.HomePage - Successfully clicked on first product: Nexus 6
13:52:24.210 [main] INFO  pages.ProductDetailsPage - BDD: Adding product to cart
13:52:24.210 [main] INFO  pages.ProductDetailsPage - Clicking 'Add to cart' button
13:52:24.969 [main] INFO  pages.ProductDetailsPage - Successfully clicked 'Add to cart' button
13:52:25.214 [main] INFO  pages.HomePage - BDD: Opening home page
13:52:25.214 [main] INFO  pages.HomePage - Opening DemoBlaze home page
13:52:25.335 [main] INFO  pages.HomePage - Home page opened successfully
  And I add "Nexus 6" to cart                       # stepDefinitions.CartSteps.i_add_to_cart(java.lang.String)
13:52:25.336 [main] INFO  stepDefinitions.CartSteps - BDD Step: Navigating to cart page
13:52:25.336 [main] INFO  pages.HomePage - BDD: Navigating to cart
13:52:25.336 [main] INFO  pages.HomePage - Navigating to cart page
13:52:26.128 [main] INFO  pages.HomePage - Successfully navigated to cart page
  And I navigate to cart page                       # stepDefinitions.CartSteps.i_navigate_to_cart_page()
13:52:26.129 [main] INFO  stepDefinitions.CartSteps - BDD Step: Verifying Samsung galaxy s6 is in cart
13:52:26.129 [main] INFO  pages.CartPage - Verifying product is in cart: Samsung galaxy s6
13:52:27.210 [main] INFO  pages.CartPage - Product verified in cart: Samsung galaxy s6
  Then I should see "Samsung galaxy s6" in the cart # stepDefinitions.CartSteps.i_should_see_in_the_cart(java.lang.String)
13:52:27.210 [main] INFO  stepDefinitions.CartSteps - BDD Step: Verifying Nexus 6 is in cart
13:52:27.210 [main] INFO  pages.CartPage - Verifying product is in cart: Nexus 6
13:52:31.353 [main] INFO  c.c.selenide.impl.AttachmentPrinter - [[ATTACHMENT|/app/target/screenshots/1758894751337.0.html]]
13:52:31.501 [main] INFO  c.c.selenide.impl.AttachmentPrinter - [[ATTACHMENT|/app/target/screenshots/1758894751337.0.png]]
  And I should see "Nexus 6" in the cart            # stepDefinitions.CartSteps.i_should_see_in_the_cart(java.lang.String)
      Element not found {By.xpath: //td[normalize-space()='Nexus 6']}
Expected: visible
Screenshot: file:/app/target/screenshots/1758894751337.0.png
Page source: file:/app/target/screenshots/1758894751337.0.html
Timeout: 4 s.
Caused by: NoSuchElementException: Unable to locate element: //td[normalize-space()='Nexus 6']
	at com.codeborne.selenide.impl.WebElementSource.createElementNotFoundError(WebElementSource.java:89)
	at com.codeborne.selenide.impl.ElementFinder.createElementNotFoundError(ElementFinder.java:129)
	at com.codeborne.selenide.impl.WebElementSource.handleError(WebElementSource.java:140)
	at com.codeborne.selenide.impl.WebElementSource.checkConditionAndReturnElement(WebElementSource.java:123)
	at com.codeborne.selenide.impl.WebElementSource.checkCondition(WebElementSource.java:99)
	at com.codeborne.selenide.commands.Should.execute(Should.java:24)
	at com.codeborne.selenide.FluentCommand.execute(FluentCommand.java:27)
	at com.codeborne.selenide.FluentCommand.execute(FluentCommand.java:19)
	at com.codeborne.selenide.commands.Commands.execute(Commands.java:160)
	at com.codeborne.selenide.impl.SelenideElementProxy.dispatchAndRetry(SelenideElementProxy.java:131)
	at com.codeborne.selenide.impl.SelenideElementProxy.invoke(SelenideElementProxy.java:83)
	at jdk.proxy2/jdk.proxy2.$Proxy32.shouldBe(Unknown Source)
	at pages.CartPage.verifyProductInCart(CartPage.java:74)
	at stepDefinitions.CartSteps.i_should_see_in_the_cart(CartSteps.java:66)
	at ✽.I should see "Nexus 6" in the cart(file:///app/src/test/resources/features/Cart.feature:25)
Caused by: org.openqa.selenium.NoSuchElementException: Unable to locate element: //td[normalize-space()='Nexus 6']
For documentation on this error, please visit: https://www.selenium.dev/documentation/webdriver/troubleshooting/errors#no-such-element-exception
Build info: version: '4.35.0', revision: '1c58e5028b'
System info: os.name: 'Linux', os.arch: 'amd64', os.version: '6.6.87.2-microsoft-standard-WSL2', java.version: '21'
Driver info: org.openqa.selenium.firefox.FirefoxDriver
Command: [3a9d49b5-cabf-46f5-b759-baa94cf3d8cc, findElement {value=//td[normalize-space()='Nexus 6'], using=xpath}]
Capabilities {acceptInsecureCerts: true, browserName: firefox, browserVersion: 140.3.0, moz:accessibilityChecks: false, moz:buildID: 20250908182512, moz:geckodriverVersion: 0.36.0, moz:headless: true, moz:platformVersion: 6.6.87.2-microsoft-standard..., moz:processID: 6687, moz:profile: /tmp/rust_mozprofilex22wbs, moz:shutdownTimeout: 60000, moz:webdriverClick: true, moz:windowless: false, pageLoadStrategy: normal, platformName: linux, proxy: Proxy(), setWindowRect: true, strictFileInteractability: false, timeouts: {implicit: 0, pageLoad: 300000, script: 30000}, unhandledPromptBehavior: accept, userAgent: Mozilla/5.0 (X11; Linux x86..., webSocketUrl: ws://127.0.0.1:34235/sessio...}
Session ID: 3a9d49b5-cabf-46f5-b759-baa94cf3d8cc
	at java.base/jdk.internal.reflect.DirectConstructorHandleAccessor.newInstance(DirectConstructorHandleAccessor.java:62)
	at java.base/java.lang.reflect.Constructor.newInstanceWithCaller(Constructor.java:502)
	at java.base/java.lang.reflect.Constructor.newInstance(Constructor.java:486)
	at org.openqa.selenium.remote.ErrorCodec.decode(ErrorCodec.java:167)
	at org.openqa.selenium.remote.codec.w3c.W3CHttpResponseCodec.decode(W3CHttpResponseCodec.java:138)
	at org.openqa.selenium.remote.codec.w3c.W3CHttpResponseCodec.decode(W3CHttpResponseCodec.java:50)
	at org.openqa.selenium.remote.HttpCommandExecutor.execute(HttpCommandExecutor.java:215)
	at org.openqa.selenium.remote.service.DriverCommandExecutor.invokeExecute(DriverCommandExecutor.java:216)
	at org.openqa.selenium.remote.service.DriverCommandExecutor.execute(DriverCommandExecutor.java:174)
	at org.openqa.selenium.remote.RemoteWebDriver.execute(RemoteWebDriver.java:557)
	at org.openqa.selenium.remote.ElementLocation$ElementFinder$2.findElement(ElementLocation.java:165)
	at org.openqa.selenium.remote.ElementLocation.findElement(ElementLocation.java:59)
	at org.openqa.selenium.remote.RemoteWebDriver.findElement(RemoteWebDriver.java:380)
	at org.openqa.selenium.remote.RemoteWebDriver.findElement(RemoteWebDriver.java:374)
	at com.codeborne.selenide.impl.WebElementSelector.findElement(WebElementSelector.java:67)
	at com.codeborne.selenide.impl.WebElementSelector.findElement(WebElementSelector.java:38)
	at com.codeborne.selenide.impl.WebElementSelector.findElement(WebElementSelector.java:29)
	at com.codeborne.selenide.impl.ElementFinder.getWebElement(ElementFinder.java:113)
	at com.codeborne.selenide.impl.WebElementSource.checkConditionAndReturnElement(WebElementSource.java:112)
	at com.codeborne.selenide.impl.WebElementSource.checkCondition(WebElementSource.java:99)
	at com.codeborne.selenide.commands.Should.execute(Should.java:24)
	at com.codeborne.selenide.FluentCommand.execute(FluentCommand.java:27)
	at com.codeborne.selenide.FluentCommand.execute(FluentCommand.java:19)
	at com.codeborne.selenide.commands.Commands.execute(Commands.java:160)
	at com.codeborne.selenide.impl.SelenideElementProxy.dispatchAndRetry(SelenideElementProxy.java:131)
	at com.codeborne.selenide.impl.SelenideElementProxy.invoke(SelenideElementProxy.java:83)
	at jdk.proxy2/jdk.proxy2.$Proxy32.shouldBe(Unknown Source)
	at pages.CartPage.verifyProductInCart(CartPage.java:74)
	at stepDefinitions.CartSteps.i_should_see_in_the_cart(CartSteps.java:66)
	at java.base/jdk.internal.reflect.DirectMethodHandleAccessor.invoke(DirectMethodHandleAccessor.java:103)
	at java.base/java.lang.reflect.Method.invoke(Method.java:580)
	at io.cucumber.java.Invoker.doInvoke(Invoker.java:66)
	at io.cucumber.java.Invoker.invoke(Invoker.java:24)
	at io.cucumber.java.AbstractGlueDefinition.invokeMethod(AbstractGlueDefinition.java:47)
	at io.cucumber.java.JavaStepDefinition.execute(JavaStepDefinition.java:29)
	at io.cucumber.core.runner.CoreStepDefinition.execute(CoreStepDefinition.java:66)
	at io.cucumber.core.runner.PickleStepDefinitionMatch.runStep(PickleStepDefinitionMatch.java:63)
	at io.cucumber.core.runner.ExecutionMode$1.execute(ExecutionMode.java:10)
	at io.cucumber.core.runner.TestStep.executeStep(TestStep.java:84)
	at io.cucumber.core.runner.TestStep.run(TestStep.java:56)
	at io.cucumber.core.runner.PickleStepTestStep.run(PickleStepTestStep.java:51)
	at io.cucumber.core.runner.TestCase.run(TestCase.java:84)
	at io.cucumber.core.runner.Runner.runPickle(Runner.java:75)
	at io.cucumber.junit.PickleRunners$NoStepDescriptions.lambda$run$0(PickleRunners.java:151)
	at io.cucumber.core.runtime.CucumberExecutionContext.lambda$runTestCase$5(CucumberExecutionContext.java:137)
	at io.cucumber.core.runtime.RethrowingThrowableCollector.executeAndThrow(RethrowingThrowableCollector.java:23)
	at io.cucumber.core.runtime.CucumberExecutionContext.runTestCase(CucumberExecutionContext.java:137)
	at io.cucumber.junit.PickleRunners$NoStepDescriptions.run(PickleRunners.java:148)
	at io.cucumber.junit.FeatureRunner.runChild(FeatureRunner.java:144)
	at io.cucumber.junit.FeatureRunner.runChild(FeatureRunner.java:28)
	at org.junit.runners.ParentRunner$4.run(ParentRunner.java:331)
	at org.junit.runners.ParentRunner$1.schedule(ParentRunner.java:79)
	at org.junit.runners.ParentRunner.runChildren(ParentRunner.java:329)
	at org.junit.runners.ParentRunner.access$100(ParentRunner.java:66)
	at org.junit.runners.ParentRunner$2.evaluate(ParentRunner.java:293)
	at org.junit.runners.ParentRunner$3.evaluate(ParentRunner.java:306)
	at org.junit.runners.ParentRunner.run(ParentRunner.java:413)
	at io.cucumber.junit.FeatureRunner.run(FeatureRunner.java:137)
	at io.cucumber.junit.Cucumber.runChild(Cucumber.java:196)
	at io.cucumber.junit.Cucumber.runChild(Cucumber.java:89)
	at org.junit.runners.ParentRunner$4.run(ParentRunner.java:331)
	at org.junit.runners.ParentRunner$1.schedule(ParentRunner.java:79)
	at org.junit.runners.ParentRunner.runChildren(ParentRunner.java:329)
	at org.junit.runners.ParentRunner.access$100(ParentRunner.java:66)
	at org.junit.runners.ParentRunner$2.evaluate(ParentRunner.java:293)
	at io.cucumber.core.runtime.CucumberExecutionContext.lambda$runFeatures$6(CucumberExecutionContext.java:148)
	at io.cucumber.core.runtime.CucumberExecutionContext.execute(CucumberExecutionContext.java:163)
	at io.cucumber.core.runtime.CucumberExecutionContext.runFeatures(CucumberExecutionContext.java:146)
	at io.cucumber.junit.Cucumber$StartAndFinishTestRun.evaluate(Cucumber.java:226)
	at org.junit.runners.ParentRunner$3.evaluate(ParentRunner.java:306)
	at org.junit.runners.ParentRunner.run(ParentRunner.java:413)
	at org.junit.runner.JUnitCore.run(JUnitCore.java:137)
	at org.junit.runner.JUnitCore.run(JUnitCore.java:115)
	at org.junit.vintage.engine.execution.RunnerExecutor.execute(RunnerExecutor.java:42)
	at org.junit.vintage.engine.VintageTestEngine.executeAllChildren(VintageTestEngine.java:80)
	at org.junit.vintage.engine.VintageTestEngine.execute(VintageTestEngine.java:72)
	at org.junit.platform.launcher.core.EngineExecutionOrchestrator.execute(EngineExecutionOrchestrator.java:198)
	at org.junit.platform.launcher.core.EngineExecutionOrchestrator.execute(EngineExecutionOrchestrator.java:169)
	at org.junit.platform.launcher.core.EngineExecutionOrchestrator.execute(EngineExecutionOrchestrator.java:93)
	at org.junit.platform.launcher.core.EngineExecutionOrchestrator.lambda$execute$0(EngineExecutionOrchestrator.java:58)
	at org.junit.platform.launcher.core.EngineExecutionOrchestrator.withInterceptedStreams(EngineExecutionOrchestrator.java:141)
	at org.junit.platform.launcher.core.EngineExecutionOrchestrator.execute(EngineExecutionOrchestrator.java:57)
	at org.junit.platform.launcher.core.DefaultLauncher.execute(DefaultLauncher.java:103)
	at org.junit.platform.launcher.core.DefaultLauncher.execute(DefaultLauncher.java:85)
	at org.junit.platform.launcher.core.DelegatingLauncher.execute(DelegatingLauncher.java:47)
	at org.apache.maven.surefire.junitplatform.LazyLauncher.execute(LazyLauncher.java:55)
	at org.apache.maven.surefire.junitplatform.JUnitPlatformProvider.execute(JUnitPlatformProvider.java:223)
	at org.apache.maven.surefire.junitplatform.JUnitPlatformProvider.invokeAllTests(JUnitPlatformProvider.java:175)
	at org.apache.maven.surefire.junitplatform.JUnitPlatformProvider.invoke(JUnitPlatformProvider.java:139)
	at org.apache.maven.surefire.booter.ForkedBooter.runSuitesInProcess(ForkedBooter.java:456)
	at org.apache.maven.surefire.booter.ForkedBooter.execute(ForkedBooter.java:169)
	at org.apache.maven.surefire.booter.ForkedBooter.run(ForkedBooter.java:595)
	at org.apache.maven.surefire.booter.ForkedBooter.main(ForkedBooter.java:581)

  And the cart total should reflect both products   # stepDefinitions.CartSteps.the_cart_total_should_reflect_both_products()
13:52:31.791 [main] INFO  hooks.Hooks - Finishing BDD scenario: Manage multiple products in cart - Status: FAILED
13:52:31.791 [main] ERROR hooks.Hooks - Scenario failed: Manage multiple products in cart
13:52:31.805 [main] INFO  c.c.selenide.impl.AttachmentPrinter - [[ATTACHMENT|/app/target/screenshots/failed_scenario_1758894751791.html]]
13:52:31.962 [main] INFO  c.c.selenide.impl.AttachmentPrinter - [[ATTACHMENT|/app/target/screenshots/failed_scenario_1758894751791.png]]
13:52:31.963 [main] ERROR hooks.Hooks - Failed to capture screenshot: file:/app/target/screenshots/failed_scenario_1758894751791.png
13:52:33.237 [main] INFO  hooks.Hooks - BDD test cleanup completed for scenario: Manage multiple products in cart
]]></system-out>
  </testcase>
  <testcase name="Remove product from cart" classname="DemoBlaze Shopping Cart" time="14.291">
    <system-out><![CDATA[
@Cart @UI @regression @RemoveFromCart @Functional
Scenario: Remove product from cart                   # src/test/resources/features/Cart.feature:29
13:52:33.330 [main] INFO  hooks.Hooks - Starting BDD scenario: Remove product from cart
13:52:33.330 [main] INFO  hooks.Hooks - BDD test environment configured for scenario: Remove product from cart
13:52:33.331 [main] INFO  stepDefinitions.HomePageSteps - BDD Step: Navigating to DemoBlaze home page
13:52:33.332 [main] INFO  pages.HomePage - BDD: Opening home page
13:52:33.332 [main] INFO  pages.HomePage - Opening DemoBlaze home page
13:52:33.332 [main] INFO  c.c.s.WebDriverThreadLocalContainer - No webdriver is bound to current thread: 1 - let's create a new webdriver
13:52:36.740 [main] INFO  c.c.s.webdriver.BrowserResizer - Set browser size to 1920x1080
13:52:37.025 [main] INFO  c.c.s.webdriver.WebDriverFactory - Selenide 7.10.0 / Selenium 4.35.0 / firefox 140.3.0 linux
13:52:39.601 [main] INFO  pages.HomePage - Home page opened successfully
  Given I navigate to the DemoBlaze home page        # stepDefinitions.HomePageSteps.i_navigate_to_the_demoblaze_home_page()
13:52:39.603 [main] INFO  stepDefinitions.CartSteps - BDD Step: Adding Samsung galaxy s6 to cart as precondition
13:52:39.603 [main] INFO  stepDefinitions.CartSteps - BDD Step: Adding Samsung galaxy s6 to cart
13:52:39.603 [main] INFO  pages.HomePage - BDD: Clicking on first product: Samsung galaxy s6
13:52:39.603 [main] INFO  pages.HomePage - Clicking on first product: Samsung galaxy s6
13:52:42.031 [main] INFO  pages.HomePage - Successfully clicked on first product: Samsung galaxy s6
13:52:42.032 [main] INFO  pages.ProductDetailsPage - BDD: Adding product to cart
13:52:42.032 [main] INFO  pages.ProductDetailsPage - Clicking 'Add to cart' button
13:52:43.107 [main] INFO  pages.ProductDetailsPage - Successfully clicked 'Add to cart' button
13:52:43.737 [main] INFO  pages.HomePage - BDD: Opening home page
13:52:43.737 [main] INFO  pages.HomePage - Opening DemoBlaze home page
13:52:44.200 [main] INFO  pages.HomePage - Home page opened successfully
  Given I have "Samsung galaxy s6" in my cart        # stepDefinitions.CartSteps.i_have_in_my_cart(java.lang.String)
13:52:44.201 [main] INFO  stepDefinitions.CartSteps - BDD Step: Navigating to cart page
13:52:44.201 [main] INFO  pages.HomePage - BDD: Navigating to cart
13:52:44.201 [main] INFO  pages.HomePage - Navigating to cart page
13:52:44.993 [main] INFO  pages.HomePage - Successfully navigated to cart page
  When I navigate to cart page                       # stepDefinitions.CartSteps.i_navigate_to_cart_page()
13:52:44.995 [main] INFO  stepDefinitions.CartSteps - BDD Step: Removing Samsung galaxy s6 from cart
13:52:44.995 [main] INFO  pages.CartPage - BDD: Removing product from cart: Samsung galaxy s6
13:52:44.995 [main] INFO  pages.CartPage - Deleting product from cart: Samsung galaxy s6
13:52:46.333 [main] INFO  pages.CartPage - Successfully deleted product from cart: Samsung galaxy s6
  And I remove "Samsung galaxy s6" from cart         # stepDefinitions.CartSteps.i_remove_from_cart(java.lang.String)
13:52:46.335 [main] INFO  stepDefinitions.CartSteps - BDD Step: Verifying Samsung galaxy s6 is not in cart
  Then "Samsung galaxy s6" should not be in the cart # stepDefinitions.CartSteps.should_not_be_in_the_cart(java.lang.String)
13:52:46.336 [main] INFO  stepDefinitions.CartSteps - BDD Step: Verifying cart is empty or shows updated total
  And the cart should be empty or show updated total # stepDefinitions.CartSteps.the_cart_should_be_empty_or_show_updated_total()
13:52:46.337 [main] INFO  hooks.Hooks - Finishing BDD scenario: Remove product from cart - Status: PASSED
13:52:47.583 [main] INFO  hooks.Hooks - BDD test cleanup completed for scenario: Remove product from cart
]]></system-out>
  </testcase>
  <testcase name="Verify empty cart behavior" classname="DemoBlaze Shopping Cart" time="7.97">
    <system-out><![CDATA[
@Cart @UI @regression @EmptyCart @Edge
Scenario: Verify empty cart behavior                    # src/test/resources/features/Cart.feature:37
13:52:47.599 [main] INFO  hooks.Hooks - Starting BDD scenario: Verify empty cart behavior
13:52:47.599 [main] INFO  hooks.Hooks - BDD test environment configured for scenario: Verify empty cart behavior
13:52:47.600 [main] INFO  stepDefinitions.HomePageSteps - BDD Step: Navigating to DemoBlaze home page
13:52:47.600 [main] INFO  pages.HomePage - BDD: Opening home page
13:52:47.600 [main] INFO  pages.HomePage - Opening DemoBlaze home page
13:52:47.600 [main] INFO  c.c.s.WebDriverThreadLocalContainer - No webdriver is bound to current thread: 1 - let's create a new webdriver
13:52:50.650 [main] INFO  c.c.s.webdriver.BrowserResizer - Set browser size to 1920x1080
13:52:50.976 [main] INFO  c.c.s.webdriver.WebDriverFactory - Selenide 7.10.0 / Selenium 4.35.0 / firefox 140.3.0 linux
13:52:53.647 [main] INFO  pages.HomePage - Home page opened successfully
  Given I navigate to the DemoBlaze home page           # stepDefinitions.HomePageSteps.i_navigate_to_the_demoblaze_home_page()
13:52:53.648 [main] INFO  stepDefinitions.CartSteps - BDD Step: Navigating to cart page without adding products
13:52:53.648 [main] INFO  pages.HomePage - BDD: Navigating to cart
13:52:53.648 [main] INFO  pages.HomePage - Navigating to cart page
13:52:54.439 [main] INFO  pages.HomePage - Successfully navigated to cart page
  When I navigate to cart page without adding products  # stepDefinitions.CartSteps.i_navigate_to_cart_page_without_adding_products()
13:52:54.440 [main] INFO  stepDefinitions.CartSteps - BDD Step: Verifying cart is empty
  Then I should see an empty cart                       # stepDefinitions.CartSteps.i_should_see_an_empty_cart()
13:52:54.442 [main] INFO  stepDefinitions.CartSteps - BDD Step: Verifying cart total for empty cart
  And the total should show appropriate message or zero # stepDefinitions.CartSteps.the_total_should_show_appropriate_message_or_zero()
13:52:54.443 [main] INFO  hooks.Hooks - Finishing BDD scenario: Verify empty cart behavior - Status: PASSED
13:52:55.556 [main] INFO  hooks.Hooks - BDD test cleanup completed for scenario: Verify empty cart behavior
]]></system-out>
  </testcase>
  <testcase name="Verify cart maintains items across navigation" classname="DemoBlaze Shopping Cart" time="17.403">
    <failure message="Element not found {By.xpath: //td[normalize-space()=&apos;Nokia lumia 1520&apos;]}&#10;Expected: visible&#10;Screenshot: file:/app/target/screenshots/1758894791177.1.png&#10;Page source: file:/app/target/screenshots/1758894791177.1.html&#10;Timeout: 4 s.&#10;Caused by: NoSuchElementException: Unable to locate element: //td[normalize-space()=&apos;Nokia lumia 1520&apos;]" type="Element not found {By.xpath"><![CDATA[Element not found {By.xpath: //td[normalize-space()='Nokia lumia 1520']}
Expected: visible
Screenshot: file:/app/target/screenshots/1758894791177.1.png
Page source: file:/app/target/screenshots/1758894791177.1.html
Timeout: 4 s.
Caused by: NoSuchElementException: Unable to locate element: //td[normalize-space()='Nokia lumia 1520']
	at com.codeborne.selenide.impl.WebElementSource.createElementNotFoundError(WebElementSource.java:89)
	at com.codeborne.selenide.impl.ElementFinder.createElementNotFoundError(ElementFinder.java:129)
	at com.codeborne.selenide.impl.WebElementSource.handleError(WebElementSource.java:140)
	at com.codeborne.selenide.impl.WebElementSource.checkConditionAndReturnElement(WebElementSource.java:123)
	at com.codeborne.selenide.impl.WebElementSource.checkCondition(WebElementSource.java:99)
	at com.codeborne.selenide.commands.Should.execute(Should.java:24)
	at com.codeborne.selenide.FluentCommand.execute(FluentCommand.java:27)
	at com.codeborne.selenide.FluentCommand.execute(FluentCommand.java:19)
	at com.codeborne.selenide.commands.Commands.execute(Commands.java:160)
	at com.codeborne.selenide.impl.SelenideElementProxy.dispatchAndRetry(SelenideElementProxy.java:131)
	at com.codeborne.selenide.impl.SelenideElementProxy.invoke(SelenideElementProxy.java:83)
	at jdk.proxy2/jdk.proxy2.$Proxy32.shouldBe(Unknown Source)
	at pages.CartPage.verifyProductInCart(CartPage.java:74)
	at stepDefinitions.CartSteps.should_still_be_in_the_cart(CartSteps.java:172)
	at ✽."Nokia lumia 1520" should still be in the cart(file:///app/src/test/resources/features/Cart.feature:47)
Caused by: org.openqa.selenium.NoSuchElementException: Unable to locate element: //td[normalize-space()='Nokia lumia 1520']
For documentation on this error, please visit: https://www.selenium.dev/documentation/webdriver/troubleshooting/errors#no-such-element-exception
Build info: version: '4.35.0', revision: '1c58e5028b'
System info: os.name: 'Linux', os.arch: 'amd64', os.version: '6.6.87.2-microsoft-standard-WSL2', java.version: '21'
Driver info: org.openqa.selenium.firefox.FirefoxDriver
Command: [18861be5-a91a-4810-a4be-6873061ec49c, findElement {value=//td[normalize-space()='Nokia lumia 1520'], using=xpath}]
Capabilities {acceptInsecureCerts: true, browserName: firefox, browserVersion: 140.3.0, moz:accessibilityChecks: false, moz:buildID: 20250908182512, moz:geckodriverVersion: 0.36.0, moz:headless: true, moz:platformVersion: 6.6.87.2-microsoft-standard..., moz:processID: 7770, moz:profile: /tmp/rust_mozprofile7lvKrF, moz:shutdownTimeout: 60000, moz:webdriverClick: true, moz:windowless: false, pageLoadStrategy: normal, platformName: linux, proxy: Proxy(), setWindowRect: true, strictFileInteractability: false, timeouts: {implicit: 0, pageLoad: 300000, script: 30000}, unhandledPromptBehavior: accept, userAgent: Mozilla/5.0 (X11; Linux x86..., webSocketUrl: ws://127.0.0.1:37803/sessio...}
Session ID: 18861be5-a91a-4810-a4be-6873061ec49c
	at java.base/java.lang.reflect.Constructor.newInstanceWithCaller(Constructor.java:502)
	at java.base/java.lang.reflect.Constructor.newInstance(Constructor.java:486)
	at org.openqa.selenium.remote.ErrorCodec.decode(ErrorCodec.java:167)
	at org.openqa.selenium.remote.codec.w3c.W3CHttpResponseCodec.decode(W3CHttpResponseCodec.java:138)
	at org.openqa.selenium.remote.codec.w3c.W3CHttpResponseCodec.decode(W3CHttpResponseCodec.java:50)
	at org.openqa.selenium.remote.HttpCommandExecutor.execute(HttpCommandExecutor.java:215)
	at org.openqa.selenium.remote.service.DriverCommandExecutor.invokeExecute(DriverCommandExecutor.java:216)
	at org.openqa.selenium.remote.service.DriverCommandExecutor.execute(DriverCommandExecutor.java:174)
	at org.openqa.selenium.remote.RemoteWebDriver.execute(RemoteWebDriver.java:557)
	at org.openqa.selenium.remote.ElementLocation$ElementFinder$2.findElement(ElementLocation.java:165)
	at org.openqa.selenium.remote.ElementLocation.findElement(ElementLocation.java:59)
	at org.openqa.selenium.remote.RemoteWebDriver.findElement(RemoteWebDriver.java:380)
	at org.openqa.selenium.remote.RemoteWebDriver.findElement(RemoteWebDriver.java:374)
	at com.codeborne.selenide.impl.WebElementSelector.findElement(WebElementSelector.java:67)
	at com.codeborne.selenide.impl.WebElementSelector.findElement(WebElementSelector.java:38)
	at com.codeborne.selenide.impl.WebElementSelector.findElement(WebElementSelector.java:29)
	at com.codeborne.selenide.impl.ElementFinder.getWebElement(ElementFinder.java:113)
	at com.codeborne.selenide.impl.WebElementSource.checkConditionAndReturnElement(WebElementSource.java:112)
	at com.codeborne.selenide.impl.WebElementSource.checkCondition(WebElementSource.java:99)
	at com.codeborne.selenide.commands.Should.execute(Should.java:24)
	at com.codeborne.selenide.FluentCommand.execute(FluentCommand.java:27)
	at com.codeborne.selenide.FluentCommand.execute(FluentCommand.java:19)
	at com.codeborne.selenide.commands.Commands.execute(Commands.java:160)
	at com.codeborne.selenide.impl.SelenideElementProxy.dispatchAndRetry(SelenideElementProxy.java:131)
	at com.codeborne.selenide.impl.SelenideElementProxy.invoke(SelenideElementProxy.java:83)
	at jdk.proxy2/jdk.proxy2.$Proxy32.shouldBe(Unknown Source)
	at pages.CartPage.verifyProductInCart(CartPage.java:74)
	at stepDefinitions.CartSteps.should_still_be_in_the_cart(CartSteps.java:172)
	at java.base/java.lang.reflect.Method.invoke(Method.java:580)
	at io.cucumber.java.Invoker.doInvoke(Invoker.java:66)
	at io.cucumber.java.Invoker.invoke(Invoker.java:24)
	at io.cucumber.java.AbstractGlueDefinition.invokeMethod(AbstractGlueDefinition.java:47)
	at io.cucumber.java.JavaStepDefinition.execute(JavaStepDefinition.java:29)
	at io.cucumber.core.runner.CoreStepDefinition.execute(CoreStepDefinition.java:66)
	at io.cucumber.core.runner.PickleStepDefinitionMatch.runStep(PickleStepDefinitionMatch.java:63)
	at io.cucumber.core.runner.ExecutionMode$1.execute(ExecutionMode.java:10)
	at io.cucumber.core.runner.TestStep.executeStep(TestStep.java:84)
	at io.cucumber.core.runner.TestStep.run(TestStep.java:56)
	at io.cucumber.core.runner.PickleStepTestStep.run(PickleStepTestStep.java:51)
	at io.cucumber.core.runner.TestCase.run(TestCase.java:84)
	at io.cucumber.core.runner.Runner.runPickle(Runner.java:75)
	at io.cucumber.junit.PickleRunners$NoStepDescriptions.lambda$run$0(PickleRunners.java:151)
	at io.cucumber.core.runtime.CucumberExecutionContext.lambda$runTestCase$5(CucumberExecutionContext.java:137)
	at io.cucumber.core.runtime.RethrowingThrowableCollector.executeAndThrow(RethrowingThrowableCollector.java:23)
	at io.cucumber.core.runtime.CucumberExecutionContext.runTestCase(CucumberExecutionContext.java:137)
	at io.cucumber.junit.PickleRunners$NoStepDescriptions.run(PickleRunners.java:148)
	at io.cucumber.junit.FeatureRunner.runChild(FeatureRunner.java:144)
	at io.cucumber.junit.FeatureRunner.runChild(FeatureRunner.java:28)
	at io.cucumber.junit.FeatureRunner.run(FeatureRunner.java:137)
	at io.cucumber.junit.Cucumber.runChild(Cucumber.java:196)
	at io.cucumber.junit.Cucumber.runChild(Cucumber.java:89)
	at io.cucumber.core.runtime.CucumberExecutionContext.lambda$runFeatures$6(CucumberExecutionContext.java:148)
	at io.cucumber.core.runtime.CucumberExecutionContext.execute(CucumberExecutionContext.java:163)
	at io.cucumber.core.runtime.CucumberExecutionContext.runFeatures(CucumberExecutionContext.java:146)
	at io.cucumber.junit.Cucumber$StartAndFinishTestRun.evaluate(Cucumber.java:226)
]]></failure>
    <system-out><![CDATA[
@Cart @UI @regression @CartPersistence @Functional
Scenario: Verify cart maintains items across navigation # src/test/resources/features/Cart.feature:43
13:52:55.571 [main] INFO  hooks.Hooks - Starting BDD scenario: Verify cart maintains items across navigation
13:52:55.572 [main] INFO  hooks.Hooks - BDD test environment configured for scenario: Verify cart maintains items across navigation
13:52:55.573 [main] INFO  stepDefinitions.HomePageSteps - BDD Step: Navigating to DemoBlaze home page
13:52:55.573 [main] INFO  pages.HomePage - BDD: Opening home page
13:52:55.573 [main] INFO  pages.HomePage - Opening DemoBlaze home page
13:52:55.573 [main] INFO  c.c.s.WebDriverThreadLocalContainer - No webdriver is bound to current thread: 1 - let's create a new webdriver
13:52:58.566 [main] INFO  c.c.s.webdriver.BrowserResizer - Set browser size to 1920x1080
13:52:58.871 [main] INFO  c.c.s.webdriver.WebDriverFactory - Selenide 7.10.0 / Selenium 4.35.0 / firefox 140.3.0 linux
13:53:01.514 [main] INFO  pages.HomePage - Home page opened successfully
  Given I navigate to the DemoBlaze home page           # stepDefinitions.HomePageSteps.i_navigate_to_the_demoblaze_home_page()
13:53:01.515 [main] INFO  stepDefinitions.CartSteps - BDD Step: Adding Nokia lumia 1520 to cart
13:53:01.516 [main] INFO  pages.HomePage - BDD: Clicking on first product: Nokia lumia 1520
13:53:01.516 [main] INFO  pages.HomePage - Clicking on first product: Nokia lumia 1520
13:53:03.647 [main] INFO  pages.HomePage - Successfully clicked on first product: Nokia lumia 1520
13:53:03.647 [main] INFO  pages.ProductDetailsPage - BDD: Adding product to cart
13:53:03.647 [main] INFO  pages.ProductDetailsPage - Clicking 'Add to cart' button
13:53:04.853 [main] INFO  pages.ProductDetailsPage - Successfully clicked 'Add to cart' button
13:53:05.506 [main] INFO  pages.HomePage - BDD: Opening home page
13:53:05.506 [main] INFO  pages.HomePage - Opening DemoBlaze home page
13:53:05.961 [main] INFO  pages.HomePage - Home page opened successfully
  Given I add "Nokia lumia 1520" to cart                # stepDefinitions.CartSteps.i_add_to_cart(java.lang.String)
13:53:05.963 [main] INFO  stepDefinitions.CartSteps - BDD Step: Navigating to different pages
13:53:05.963 [main] INFO  pages.HomePage - BDD: Opening home page
13:53:05.963 [main] INFO  pages.HomePage - Opening DemoBlaze home page
13:53:06.168 [main] INFO  pages.HomePage - Home page opened successfully
  When I navigate to different pages                    # stepDefinitions.CartSteps.i_navigate_to_different_pages()
13:53:06.169 [main] INFO  stepDefinitions.CartSteps - BDD Step: Returning to cart page
13:53:06.170 [main] INFO  pages.HomePage - BDD: Navigating to cart
13:53:06.170 [main] INFO  pages.HomePage - Navigating to cart page
13:53:07.072 [main] INFO  pages.HomePage - Successfully navigated to cart page
  And I return to cart page                             # stepDefinitions.CartSteps.i_return_to_cart_page()
13:53:07.074 [main] INFO  stepDefinitions.CartSteps - BDD Step: Verifying Nokia lumia 1520 still in cart after navigation
13:53:07.074 [main] INFO  pages.CartPage - Verifying product is in cart: Nokia lumia 1520
13:53:11.187 [main] INFO  c.c.selenide.impl.AttachmentPrinter - [[ATTACHMENT|/app/target/screenshots/1758894791177.1.html]]
13:53:11.294 [main] INFO  c.c.selenide.impl.AttachmentPrinter - [[ATTACHMENT|/app/target/screenshots/1758894791177.1.png]]
  Then "Nokia lumia 1520" should still be in the cart   # stepDefinitions.CartSteps.should_still_be_in_the_cart(java.lang.String)
      Element not found {By.xpath: //td[normalize-space()='Nokia lumia 1520']}
Expected: visible
Screenshot: file:/app/target/screenshots/1758894791177.1.png
Page source: file:/app/target/screenshots/1758894791177.1.html
Timeout: 4 s.
Caused by: NoSuchElementException: Unable to locate element: //td[normalize-space()='Nokia lumia 1520']
	at com.codeborne.selenide.impl.WebElementSource.createElementNotFoundError(WebElementSource.java:89)
	at com.codeborne.selenide.impl.ElementFinder.createElementNotFoundError(ElementFinder.java:129)
	at com.codeborne.selenide.impl.WebElementSource.handleError(WebElementSource.java:140)
	at com.codeborne.selenide.impl.WebElementSource.checkConditionAndReturnElement(WebElementSource.java:123)
	at com.codeborne.selenide.impl.WebElementSource.checkCondition(WebElementSource.java:99)
	at com.codeborne.selenide.commands.Should.execute(Should.java:24)
	at com.codeborne.selenide.FluentCommand.execute(FluentCommand.java:27)
	at com.codeborne.selenide.FluentCommand.execute(FluentCommand.java:19)
	at com.codeborne.selenide.commands.Commands.execute(Commands.java:160)
	at com.codeborne.selenide.impl.SelenideElementProxy.dispatchAndRetry(SelenideElementProxy.java:131)
	at com.codeborne.selenide.impl.SelenideElementProxy.invoke(SelenideElementProxy.java:83)
	at jdk.proxy2/jdk.proxy2.$Proxy32.shouldBe(Unknown Source)
	at pages.CartPage.verifyProductInCart(CartPage.java:74)
	at stepDefinitions.CartSteps.should_still_be_in_the_cart(CartSteps.java:172)
	at ✽."Nokia lumia 1520" should still be in the cart(file:///app/src/test/resources/features/Cart.feature:47)
Caused by: org.openqa.selenium.NoSuchElementException: Unable to locate element: //td[normalize-space()='Nokia lumia 1520']
For documentation on this error, please visit: https://www.selenium.dev/documentation/webdriver/troubleshooting/errors#no-such-element-exception
Build info: version: '4.35.0', revision: '1c58e5028b'
System info: os.name: 'Linux', os.arch: 'amd64', os.version: '6.6.87.2-microsoft-standard-WSL2', java.version: '21'
Driver info: org.openqa.selenium.firefox.FirefoxDriver
Command: [18861be5-a91a-4810-a4be-6873061ec49c, findElement {value=//td[normalize-space()='Nokia lumia 1520'], using=xpath}]
Capabilities {acceptInsecureCerts: true, browserName: firefox, browserVersion: 140.3.0, moz:accessibilityChecks: false, moz:buildID: 20250908182512, moz:geckodriverVersion: 0.36.0, moz:headless: true, moz:platformVersion: 6.6.87.2-microsoft-standard..., moz:processID: 7770, moz:profile: /tmp/rust_mozprofile7lvKrF, moz:shutdownTimeout: 60000, moz:webdriverClick: true, moz:windowless: false, pageLoadStrategy: normal, platformName: linux, proxy: Proxy(), setWindowRect: true, strictFileInteractability: false, timeouts: {implicit: 0, pageLoad: 300000, script: 30000}, unhandledPromptBehavior: accept, userAgent: Mozilla/5.0 (X11; Linux x86..., webSocketUrl: ws://127.0.0.1:37803/sessio...}
Session ID: 18861be5-a91a-4810-a4be-6873061ec49c
	at java.base/jdk.internal.reflect.DirectConstructorHandleAccessor.newInstance(DirectConstructorHandleAccessor.java:62)
	at java.base/java.lang.reflect.Constructor.newInstanceWithCaller(Constructor.java:502)
	at java.base/java.lang.reflect.Constructor.newInstance(Constructor.java:486)
	at org.openqa.selenium.remote.ErrorCodec.decode(ErrorCodec.java:167)
	at org.openqa.selenium.remote.codec.w3c.W3CHttpResponseCodec.decode(W3CHttpResponseCodec.java:138)
	at org.openqa.selenium.remote.codec.w3c.W3CHttpResponseCodec.decode(W3CHttpResponseCodec.java:50)
	at org.openqa.selenium.remote.HttpCommandExecutor.execute(HttpCommandExecutor.java:215)
	at org.openqa.selenium.remote.service.DriverCommandExecutor.invokeExecute(DriverCommandExecutor.java:216)
	at org.openqa.selenium.remote.service.DriverCommandExecutor.execute(DriverCommandExecutor.java:174)
	at org.openqa.selenium.remote.RemoteWebDriver.execute(RemoteWebDriver.java:557)
	at org.openqa.selenium.remote.ElementLocation$ElementFinder$2.findElement(ElementLocation.java:165)
	at org.openqa.selenium.remote.ElementLocation.findElement(ElementLocation.java:59)
	at org.openqa.selenium.remote.RemoteWebDriver.findElement(RemoteWebDriver.java:380)
	at org.openqa.selenium.remote.RemoteWebDriver.findElement(RemoteWebDriver.java:374)
	at com.codeborne.selenide.impl.WebElementSelector.findElement(WebElementSelector.java:67)
	at com.codeborne.selenide.impl.WebElementSelector.findElement(WebElementSelector.java:38)
	at com.codeborne.selenide.impl.WebElementSelector.findElement(WebElementSelector.java:29)
	at com.codeborne.selenide.impl.ElementFinder.getWebElement(ElementFinder.java:113)
	at com.codeborne.selenide.impl.WebElementSource.checkConditionAndReturnElement(WebElementSource.java:112)
	at com.codeborne.selenide.impl.WebElementSource.checkCondition(WebElementSource.java:99)
	at com.codeborne.selenide.commands.Should.execute(Should.java:24)
	at com.codeborne.selenide.FluentCommand.execute(FluentCommand.java:27)
	at com.codeborne.selenide.FluentCommand.execute(FluentCommand.java:19)
	at com.codeborne.selenide.commands.Commands.execute(Commands.java:160)
	at com.codeborne.selenide.impl.SelenideElementProxy.dispatchAndRetry(SelenideElementProxy.java:131)
	at com.codeborne.selenide.impl.SelenideElementProxy.invoke(SelenideElementProxy.java:83)
	at jdk.proxy2/jdk.proxy2.$Proxy32.shouldBe(Unknown Source)
	at pages.CartPage.verifyProductInCart(CartPage.java:74)
	at stepDefinitions.CartSteps.should_still_be_in_the_cart(CartSteps.java:172)
	at java.base/jdk.internal.reflect.DirectMethodHandleAccessor.invoke(DirectMethodHandleAccessor.java:103)
	at java.base/java.lang.reflect.Method.invoke(Method.java:580)
	at io.cucumber.java.Invoker.doInvoke(Invoker.java:66)
	at io.cucumber.java.Invoker.invoke(Invoker.java:24)
	at io.cucumber.java.AbstractGlueDefinition.invokeMethod(AbstractGlueDefinition.java:47)
	at io.cucumber.java.JavaStepDefinition.execute(JavaStepDefinition.java:29)
	at io.cucumber.core.runner.CoreStepDefinition.execute(CoreStepDefinition.java:66)
	at io.cucumber.core.runner.PickleStepDefinitionMatch.runStep(PickleStepDefinitionMatch.java:63)
	at io.cucumber.core.runner.ExecutionMode$1.execute(ExecutionMode.java:10)
	at io.cucumber.core.runner.TestStep.executeStep(TestStep.java:84)
	at io.cucumber.core.runner.TestStep.run(TestStep.java:56)
	at io.cucumber.core.runner.PickleStepTestStep.run(PickleStepTestStep.java:51)
	at io.cucumber.core.runner.TestCase.run(TestCase.java:84)
	at io.cucumber.core.runner.Runner.runPickle(Runner.java:75)
	at io.cucumber.junit.PickleRunners$NoStepDescriptions.lambda$run$0(PickleRunners.java:151)
	at io.cucumber.core.runtime.CucumberExecutionContext.lambda$runTestCase$5(CucumberExecutionContext.java:137)
	at io.cucumber.core.runtime.RethrowingThrowableCollector.executeAndThrow(RethrowingThrowableCollector.java:23)
	at io.cucumber.core.runtime.CucumberExecutionContext.runTestCase(CucumberExecutionContext.java:137)
	at io.cucumber.junit.PickleRunners$NoStepDescriptions.run(PickleRunners.java:148)
	at io.cucumber.junit.FeatureRunner.runChild(FeatureRunner.java:144)
	at io.cucumber.junit.FeatureRunner.runChild(FeatureRunner.java:28)
	at org.junit.runners.ParentRunner$4.run(ParentRunner.java:331)
	at org.junit.runners.ParentRunner$1.schedule(ParentRunner.java:79)
	at org.junit.runners.ParentRunner.runChildren(ParentRunner.java:329)
	at org.junit.runners.ParentRunner.access$100(ParentRunner.java:66)
	at org.junit.runners.ParentRunner$2.evaluate(ParentRunner.java:293)
	at org.junit.runners.ParentRunner$3.evaluate(ParentRunner.java:306)
	at org.junit.runners.ParentRunner.run(ParentRunner.java:413)
	at io.cucumber.junit.FeatureRunner.run(FeatureRunner.java:137)
	at io.cucumber.junit.Cucumber.runChild(Cucumber.java:196)
	at io.cucumber.junit.Cucumber.runChild(Cucumber.java:89)
	at org.junit.runners.ParentRunner$4.run(ParentRunner.java:331)
	at org.junit.runners.ParentRunner$1.schedule(ParentRunner.java:79)
	at org.junit.runners.ParentRunner.runChildren(ParentRunner.java:329)
	at org.junit.runners.ParentRunner.access$100(ParentRunner.java:66)
	at org.junit.runners.ParentRunner$2.evaluate(ParentRunner.java:293)
	at io.cucumber.core.runtime.CucumberExecutionContext.lambda$runFeatures$6(CucumberExecutionContext.java:148)
	at io.cucumber.core.runtime.CucumberExecutionContext.execute(CucumberExecutionContext.java:163)
	at io.cucumber.core.runtime.CucumberExecutionContext.runFeatures(CucumberExecutionContext.java:146)
	at io.cucumber.junit.Cucumber$StartAndFinishTestRun.evaluate(Cucumber.java:226)
	at org.junit.runners.ParentRunner$3.evaluate(ParentRunner.java:306)
	at org.junit.runners.ParentRunner.run(ParentRunner.java:413)
	at org.junit.runner.JUnitCore.run(JUnitCore.java:137)
	at org.junit.runner.JUnitCore.run(JUnitCore.java:115)
	at org.junit.vintage.engine.execution.RunnerExecutor.execute(RunnerExecutor.java:42)
	at org.junit.vintage.engine.VintageTestEngine.executeAllChildren(VintageTestEngine.java:80)
	at org.junit.vintage.engine.VintageTestEngine.execute(VintageTestEngine.java:72)
	at org.junit.platform.launcher.core.EngineExecutionOrchestrator.execute(EngineExecutionOrchestrator.java:198)
	at org.junit.platform.launcher.core.EngineExecutionOrchestrator.execute(EngineExecutionOrchestrator.java:169)
	at org.junit.platform.launcher.core.EngineExecutionOrchestrator.execute(EngineExecutionOrchestrator.java:93)
	at org.junit.platform.launcher.core.EngineExecutionOrchestrator.lambda$execute$0(EngineExecutionOrchestrator.java:58)
	at org.junit.platform.launcher.core.EngineExecutionOrchestrator.withInterceptedStreams(EngineExecutionOrchestrator.java:141)
	at org.junit.platform.launcher.core.EngineExecutionOrchestrator.execute(EngineExecutionOrchestrator.java:57)
	at org.junit.platform.launcher.core.DefaultLauncher.execute(DefaultLauncher.java:103)
	at org.junit.platform.launcher.core.DefaultLauncher.execute(DefaultLauncher.java:85)
	at org.junit.platform.launcher.core.DelegatingLauncher.execute(DelegatingLauncher.java:47)
	at org.apache.maven.surefire.junitplatform.LazyLauncher.execute(LazyLauncher.java:55)
	at org.apache.maven.surefire.junitplatform.JUnitPlatformProvider.execute(JUnitPlatformProvider.java:223)
	at org.apache.maven.surefire.junitplatform.JUnitPlatformProvider.invokeAllTests(JUnitPlatformProvider.java:175)
	at org.apache.maven.surefire.junitplatform.JUnitPlatformProvider.invoke(JUnitPlatformProvider.java:139)
	at org.apache.maven.surefire.booter.ForkedBooter.runSuitesInProcess(ForkedBooter.java:456)
	at org.apache.maven.surefire.booter.ForkedBooter.execute(ForkedBooter.java:169)
	at org.apache.maven.surefire.booter.ForkedBooter.run(ForkedBooter.java:595)
	at org.apache.maven.surefire.booter.ForkedBooter.main(ForkedBooter.java:581)

13:53:11.447 [main] INFO  hooks.Hooks - Finishing BDD scenario: Verify cart maintains items across navigation - Status: FAILED
13:53:11.448 [main] ERROR hooks.Hooks - Scenario failed: Verify cart maintains items across navigation
13:53:11.498 [main] INFO  c.c.selenide.impl.AttachmentPrinter - [[ATTACHMENT|/app/target/screenshots/failed_scenario_1758894791448.html]]
13:53:11.636 [main] INFO  c.c.selenide.impl.AttachmentPrinter - [[ATTACHMENT|/app/target/screenshots/failed_scenario_1758894791448.png]]
13:53:11.637 [main] ERROR hooks.Hooks - Failed to capture screenshot: file:/app/target/screenshots/failed_scenario_1758894791448.png
13:53:12.960 [main] INFO  hooks.Hooks - BDD test cleanup completed for scenario: Verify cart maintains items across navigation
]]></system-out>
  </testcase>
  <testcase name="Open and close contact modal" classname="DemoBlaze Contact Modal" time="8.716">
    <system-out><![CDATA[
@Contact @UI @Communication @ContactModal @Smoke
Scenario: Open and close contact modal        # src/test/resources/features/Contact.feature:11
13:53:13.001 [main] INFO  hooks.Hooks - Starting BDD scenario: Open and close contact modal
13:53:13.001 [main] INFO  hooks.Hooks - BDD test environment configured for scenario: Open and close contact modal
13:53:13.002 [main] INFO  stepDefinitions.HomePageSteps - BDD Step: Navigating to DemoBlaze home page
13:53:13.002 [main] INFO  pages.HomePage - BDD: Opening home page
13:53:13.002 [main] INFO  pages.HomePage - Opening DemoBlaze home page
13:53:13.002 [main] INFO  c.c.s.WebDriverThreadLocalContainer - No webdriver is bound to current thread: 1 - let's create a new webdriver
13:53:16.692 [main] INFO  c.c.s.webdriver.BrowserResizer - Set browser size to 1920x1080
13:53:17.002 [main] INFO  c.c.s.webdriver.WebDriverFactory - Selenide 7.10.0 / Selenium 4.35.0 / firefox 140.3.0 linux
13:53:19.719 [main] INFO  pages.HomePage - Home page opened successfully
  Given I navigate to the DemoBlaze home page # stepDefinitions.HomePageSteps.i_navigate_to_the_demoblaze_home_page()
13:53:19.722 [main] INFO  stepDefinitions.ContactSteps - BDD Step: Clicking on Contact link
13:53:19.722 [main] INFO  pages.HomePage - BDD: Clicking contact link
13:53:20.058 [main] INFO  pages.HomePage - BDD: Contact link clicked successfully
  When I click on "Contact" link              # stepDefinitions.ContactSteps.i_click_on_link(java.lang.String)
13:53:20.060 [main] INFO  stepDefinitions.ContactSteps - BDD Step: Verifying contact modal is displayed
13:53:20.060 [main] INFO  pages.ContactModal - BDD: Verifying contact modal visibility
13:53:20.060 [main] INFO  pages.ContactModal - Verifying contact modal is visible
13:53:20.143 [main] INFO  pages.ContactModal - Contact form fields verified successfully
  Then the contact modal should be displayed  # stepDefinitions.ContactSteps.the_contact_modal_should_be_displayed()
13:53:20.144 [main] INFO  stepDefinitions.ContactSteps - BDD Step: Verifying contact form fields
13:53:20.144 [main] INFO  pages.ContactModal - BDD: Verifying contact form fields
13:53:20.243 [main] INFO  pages.ContactModal - BDD: All contact form fields verified
  And I should see contact form fields        # stepDefinitions.ContactSteps.i_should_see_contact_form_fields()
13:53:20.244 [main] INFO  stepDefinitions.ContactSteps - BDD Step: Closing contact modal
13:53:20.244 [main] INFO  pages.ContactModal - BDD: Closing contact modal
13:53:20.244 [main] INFO  pages.ContactModal - Clicking 'Close' button to close contact modal
13:53:20.497 [main] INFO  pages.ContactModal - Contact modal closed successfully
  When I close the contact modal              # stepDefinitions.ContactSteps.i_close_the_contact_modal()
13:53:20.498 [main] INFO  stepDefinitions.ContactSteps - BDD Step: Verifying contact modal is hidden
  Then the contact modal should be hidden     # stepDefinitions.ContactSteps.the_contact_modal_should_be_hidden()
13:53:20.502 [main] INFO  hooks.Hooks - Finishing BDD scenario: Open and close contact modal - Status: PASSED
13:53:21.696 [main] INFO  hooks.Hooks - BDD test cleanup completed for scenario: Open and close contact modal
]]></system-out>
  </testcase>
  <testcase name="Send valid contact message" classname="DemoBlaze Contact Modal" time="8.372">
    <system-out><![CDATA[
@Contact @UI @Communication @ContactForm @regression
Scenario: Send valid contact message                         # src/test/resources/features/Contact.feature:19
13:53:21.713 [main] INFO  hooks.Hooks - Starting BDD scenario: Send valid contact message
13:53:21.713 [main] INFO  hooks.Hooks - BDD test environment configured for scenario: Send valid contact message
13:53:21.714 [main] INFO  stepDefinitions.HomePageSteps - BDD Step: Navigating to DemoBlaze home page
13:53:21.714 [main] INFO  pages.HomePage - BDD: Opening home page
13:53:21.714 [main] INFO  pages.HomePage - Opening DemoBlaze home page
13:53:21.714 [main] INFO  c.c.s.WebDriverThreadLocalContainer - No webdriver is bound to current thread: 1 - let's create a new webdriver
13:53:24.973 [main] INFO  c.c.s.webdriver.BrowserResizer - Set browser size to 1920x1080
13:53:25.257 [main] INFO  c.c.s.webdriver.WebDriverFactory - Selenide 7.10.0 / Selenium 4.35.0 / firefox 140.3.0 linux
13:53:27.772 [main] INFO  pages.HomePage - Home page opened successfully
  Given I navigate to the DemoBlaze home page                # stepDefinitions.HomePageSteps.i_navigate_to_the_demoblaze_home_page()
13:53:27.773 [main] INFO  stepDefinitions.ContactSteps - BDD Step: Clicking on Contact link
13:53:27.774 [main] INFO  pages.HomePage - BDD: Clicking contact link
13:53:28.144 [main] INFO  pages.HomePage - BDD: Contact link clicked successfully
  When I click on "Contact" link                             # stepDefinitions.ContactSteps.i_click_on_link(java.lang.String)
13:53:28.152 [main] INFO  stepDefinitions.ContactSteps - BDD Step: Filling contact form with valid data
13:53:28.156 [main] INFO  pages.ContactModal - Filling complete contact form for: Emmanuel Arhu (emmanuel@example.com)
13:53:28.156 [main] INFO  pages.ContactModal - Filling contact email field with: emmanuel@example.com
13:53:28.279 [main] INFO  pages.ContactModal - Filling contact name field with: Emmanuel Arhu
13:53:28.340 [main] INFO  pages.ContactModal - Filling message field
13:53:28.400 [main] INFO  pages.ContactModal - Contact form filled successfully for: Emmanuel Arhu
  And I fill the contact form with valid data:               # stepDefinitions.ContactSteps.i_fill_the_contact_form_with_valid_data(io.cucumber.datatable.DataTable)
    | field   | value                |
    | email   | emmanuel@example.com |
    | name    | Emmanuel Arhu        |
    | message | Test inquiry message |
13:53:28.403 [main] INFO  stepDefinitions.ContactSteps - BDD Step: Clicking Send message contact button
13:53:28.403 [main] INFO  pages.ContactModal - Clicking 'Send message' button
13:53:28.640 [main] INFO  pages.ContactModal - Send message button clicked successfully
  And I click "Send message" contact button                  # stepDefinitions.ContactSteps.i_click_contact_button(java.lang.String)
13:53:28.641 [main] INFO  stepDefinitions.CartSteps - BDD Step: Verifying success alert: Thanks for the message!!
  Then I should see success alert "Thanks for the message!!" # stepDefinitions.CartSteps.i_should_see_success_alert(java.lang.String)
13:53:28.695 [main] INFO  hooks.Hooks - Finishing BDD scenario: Send valid contact message - Status: PASSED
13:53:30.069 [main] INFO  hooks.Hooks - BDD test cleanup completed for scenario: Send valid contact message
]]></system-out>
  </testcase>
  <testcase name="Validate contact form fields #1" classname="DemoBlaze Contact Modal" time="8.193">
    <system-out><![CDATA[
@Contact @UI @Communication @ContactValidation @Functional
Scenario Outline: Validate contact form fields            # src/test/resources/features/Contact.feature:42
13:53:30.085 [main] INFO  hooks.Hooks - Starting BDD scenario: Validate contact form fields
13:53:30.085 [main] INFO  hooks.Hooks - BDD test environment configured for scenario: Validate contact form fields
13:53:30.086 [main] INFO  stepDefinitions.HomePageSteps - BDD Step: Navigating to DemoBlaze home page
13:53:30.086 [main] INFO  pages.HomePage - BDD: Opening home page
13:53:30.086 [main] INFO  pages.HomePage - Opening DemoBlaze home page
13:53:30.086 [main] INFO  c.c.s.WebDriverThreadLocalContainer - No webdriver is bound to current thread: 1 - let's create a new webdriver
13:53:33.188 [main] INFO  c.c.s.webdriver.BrowserResizer - Set browser size to 1920x1080
13:53:33.483 [main] INFO  c.c.s.webdriver.WebDriverFactory - Selenide 7.10.0 / Selenium 4.35.0 / firefox 140.3.0 linux
13:53:35.960 [main] INFO  pages.HomePage - Home page opened successfully
  Given I navigate to the DemoBlaze home page             # stepDefinitions.HomePageSteps.i_navigate_to_the_demoblaze_home_page()
13:53:35.962 [main] INFO  stepDefinitions.ContactSteps - BDD Step: Clicking on Contact link
13:53:35.962 [main] INFO  pages.HomePage - BDD: Clicking contact link
13:53:36.407 [main] INFO  pages.HomePage - BDD: Contact link clicked successfully
  When I click on "Contact" link                          # stepDefinitions.ContactSteps.i_click_on_link(java.lang.String)
13:53:36.409 [main] INFO  stepDefinitions.ContactSteps - BDD Step: Filling contact form with specified data
13:53:36.409 [main] INFO  pages.ContactModal - Filling complete contact form for: Valid Name (valid@email.com)
13:53:36.409 [main] INFO  pages.ContactModal - Filling contact email field with: valid@email.com
13:53:36.597 [main] INFO  pages.ContactModal - Filling contact name field with: Valid Name
13:53:36.663 [main] INFO  pages.ContactModal - Filling message field
13:53:36.715 [main] INFO  pages.ContactModal - Contact form filled successfully for: Valid Name
  And I fill the contact form with:                       # stepDefinitions.ContactSteps.i_fill_the_contact_form_with(io.cucumber.datatable.DataTable)
    | field   | value           |
    | email   | valid@email.com |
    | name    | Valid Name      |
    | message | Valid message   |
13:53:36.715 [main] INFO  stepDefinitions.ContactSteps - BDD Step: Clicking Send message contact button
13:53:36.715 [main] INFO  pages.ContactModal - Clicking 'Send message' button
13:53:36.950 [main] INFO  pages.ContactModal - Send message button clicked successfully
  And I click "Send message" contact button               # stepDefinitions.ContactSteps.i_click_contact_button(java.lang.String)
13:53:36.953 [main] INFO  stepDefinitions.ContactSteps - BDD Step: Verifying response for scenario: valid_data
  Then I should see appropriate response for "valid_data" # stepDefinitions.ContactSteps.i_should_see_appropriate_response_for(java.lang.String)
13:53:37.040 [main] INFO  hooks.Hooks - Finishing BDD scenario: Validate contact form fields - Status: PASSED
13:53:38.266 [main] INFO  hooks.Hooks - BDD test cleanup completed for scenario: Validate contact form fields
]]></system-out>
  </testcase>
  <testcase name="Validate contact form fields #2" classname="DemoBlaze Contact Modal" time="8.293">
    <system-out><![CDATA[
@Contact @UI @Communication @ContactValidation @Functional
Scenario Outline: Validate contact form fields               # src/test/resources/features/Contact.feature:43
13:53:38.275 [main] INFO  hooks.Hooks - Starting BDD scenario: Validate contact form fields
13:53:38.275 [main] INFO  hooks.Hooks - BDD test environment configured for scenario: Validate contact form fields
13:53:38.277 [main] INFO  stepDefinitions.HomePageSteps - BDD Step: Navigating to DemoBlaze home page
13:53:38.277 [main] INFO  pages.HomePage - BDD: Opening home page
13:53:38.277 [main] INFO  pages.HomePage - Opening DemoBlaze home page
13:53:38.277 [main] INFO  c.c.s.WebDriverThreadLocalContainer - No webdriver is bound to current thread: 1 - let's create a new webdriver
13:53:41.377 [main] INFO  c.c.s.webdriver.BrowserResizer - Set browser size to 1920x1080
13:53:41.670 [main] INFO  c.c.s.webdriver.WebDriverFactory - Selenide 7.10.0 / Selenium 4.35.0 / firefox 140.3.0 linux
13:53:44.299 [main] INFO  pages.HomePage - Home page opened successfully
  Given I navigate to the DemoBlaze home page                # stepDefinitions.HomePageSteps.i_navigate_to_the_demoblaze_home_page()
13:53:44.300 [main] INFO  stepDefinitions.ContactSteps - BDD Step: Clicking on Contact link
13:53:44.300 [main] INFO  pages.HomePage - BDD: Clicking contact link
13:53:44.639 [main] INFO  pages.HomePage - BDD: Contact link clicked successfully
  When I click on "Contact" link                             # stepDefinitions.ContactSteps.i_click_on_link(java.lang.String)
13:53:44.641 [main] INFO  stepDefinitions.ContactSteps - BDD Step: Filling contact form with specified data
13:53:44.641 [main] INFO  pages.ContactModal - Filling complete contact form for: Test User (null)
13:53:44.642 [main] INFO  pages.ContactModal - Filling contact email field with: null
13:53:44.702 [main] INFO  pages.ContactModal - Filling contact name field with: Test User
13:53:44.858 [main] INFO  pages.ContactModal - Filling message field
13:53:44.937 [main] INFO  pages.ContactModal - Contact form filled successfully for: Test User
  And I fill the contact form with:                          # stepDefinitions.ContactSteps.i_fill_the_contact_form_with(io.cucumber.datatable.DataTable)
    | field   | value         |
    | email   | [empty]       |
    | name    | Test User     |
    | message | Valid message |
13:53:44.939 [main] INFO  stepDefinitions.ContactSteps - BDD Step: Clicking Send message contact button
13:53:44.939 [main] INFO  pages.ContactModal - Clicking 'Send message' button
13:53:45.228 [main] INFO  pages.ContactModal - Send message button clicked successfully
  And I click "Send message" contact button                  # stepDefinitions.ContactSteps.i_click_contact_button(java.lang.String)
13:53:45.229 [main] INFO  stepDefinitions.ContactSteps - BDD Step: Verifying response for scenario: missing_email
13:53:45.229 [main] INFO  stepDefinitions.ContactSteps - Handling scenario: missing_email
  Then I should see appropriate response for "missing_email" # stepDefinitions.ContactSteps.i_should_see_appropriate_response_for(java.lang.String)
13:53:45.291 [main] INFO  hooks.Hooks - Finishing BDD scenario: Validate contact form fields - Status: PASSED
13:53:46.560 [main] INFO  hooks.Hooks - BDD test cleanup completed for scenario: Validate contact form fields
]]></system-out>
  </testcase>
  <testcase name="Validate contact form fields #3" classname="DemoBlaze Contact Modal" time="8.964">
    <system-out><![CDATA[
@Contact @UI @Communication @ContactValidation @Functional
Scenario Outline: Validate contact form fields              # src/test/resources/features/Contact.feature:44
13:53:46.579 [main] INFO  hooks.Hooks - Starting BDD scenario: Validate contact form fields
13:53:46.579 [main] INFO  hooks.Hooks - BDD test environment configured for scenario: Validate contact form fields
13:53:46.581 [main] INFO  stepDefinitions.HomePageSteps - BDD Step: Navigating to DemoBlaze home page
13:53:46.581 [main] INFO  pages.HomePage - BDD: Opening home page
13:53:46.581 [main] INFO  pages.HomePage - Opening DemoBlaze home page
13:53:46.581 [main] INFO  c.c.s.WebDriverThreadLocalContainer - No webdriver is bound to current thread: 1 - let's create a new webdriver
13:53:49.648 [main] INFO  c.c.s.webdriver.BrowserResizer - Set browser size to 1920x1080
13:53:49.932 [main] INFO  c.c.s.webdriver.WebDriverFactory - Selenide 7.10.0 / Selenium 4.35.0 / firefox 140.3.0 linux
13:53:52.836 [main] INFO  pages.HomePage - Home page opened successfully
  Given I navigate to the DemoBlaze home page               # stepDefinitions.HomePageSteps.i_navigate_to_the_demoblaze_home_page()
13:53:52.843 [main] INFO  stepDefinitions.ContactSteps - BDD Step: Clicking on Contact link
13:53:52.844 [main] INFO  pages.HomePage - BDD: Clicking contact link
13:53:53.301 [main] INFO  pages.HomePage - BDD: Contact link clicked successfully
  When I click on "Contact" link                            # stepDefinitions.ContactSteps.i_click_on_link(java.lang.String)
13:53:53.303 [main] INFO  stepDefinitions.ContactSteps - BDD Step: Filling contact form with specified data
13:53:53.303 [main] INFO  pages.ContactModal - Filling complete contact form for: null (invalid@email.com)
13:53:53.303 [main] INFO  pages.ContactModal - Filling contact email field with: invalid@email.com
13:53:53.475 [main] INFO  pages.ContactModal - Filling contact name field with: null
13:53:53.601 [main] INFO  pages.ContactModal - Filling message field
13:53:53.711 [main] INFO  pages.ContactModal - Contact form filled successfully for: null
  And I fill the contact form with:                         # stepDefinitions.ContactSteps.i_fill_the_contact_form_with(io.cucumber.datatable.DataTable)
    | field   | value             |
    | email   | invalid@email.com |
    | name    | [empty]           |
    | message | Valid message     |
13:53:53.712 [main] INFO  stepDefinitions.ContactSteps - BDD Step: Clicking Send message contact button
13:53:53.712 [main] INFO  pages.ContactModal - Clicking 'Send message' button
13:53:54.029 [main] INFO  pages.ContactModal - Send message button clicked successfully
  And I click "Send message" contact button                 # stepDefinitions.ContactSteps.i_click_contact_button(java.lang.String)
13:53:54.030 [main] INFO  stepDefinitions.ContactSteps - BDD Step: Verifying response for scenario: missing_name
13:53:54.030 [main] INFO  stepDefinitions.ContactSteps - Handling scenario: missing_name
  Then I should see appropriate response for "missing_name" # stepDefinitions.ContactSteps.i_should_see_appropriate_response_for(java.lang.String)
13:53:54.098 [main] INFO  hooks.Hooks - Finishing BDD scenario: Validate contact form fields - Status: PASSED
13:53:55.528 [main] INFO  hooks.Hooks - BDD test cleanup completed for scenario: Validate contact form fields
]]></system-out>
  </testcase>
  <testcase name="Validate contact form fields #4" classname="DemoBlaze Contact Modal" time="8.525">
    <system-out><![CDATA[
@Contact @UI @Communication @ContactValidation @Functional
Scenario Outline: Validate contact form fields                 # src/test/resources/features/Contact.feature:45
13:53:55.541 [main] INFO  hooks.Hooks - Starting BDD scenario: Validate contact form fields
13:53:55.541 [main] INFO  hooks.Hooks - BDD test environment configured for scenario: Validate contact form fields
13:53:55.542 [main] INFO  stepDefinitions.HomePageSteps - BDD Step: Navigating to DemoBlaze home page
13:53:55.542 [main] INFO  pages.HomePage - BDD: Opening home page
13:53:55.542 [main] INFO  pages.HomePage - Opening DemoBlaze home page
13:53:55.542 [main] INFO  c.c.s.WebDriverThreadLocalContainer - No webdriver is bound to current thread: 1 - let's create a new webdriver
13:53:58.984 [main] INFO  c.c.s.webdriver.BrowserResizer - Set browser size to 1920x1080
13:53:59.284 [main] INFO  c.c.s.webdriver.WebDriverFactory - Selenide 7.10.0 / Selenium 4.35.0 / firefox 140.3.0 linux
13:54:01.895 [main] INFO  pages.HomePage - Home page opened successfully
  Given I navigate to the DemoBlaze home page                  # stepDefinitions.HomePageSteps.i_navigate_to_the_demoblaze_home_page()
13:54:01.897 [main] INFO  stepDefinitions.ContactSteps - BDD Step: Clicking on Contact link
13:54:01.897 [main] INFO  pages.HomePage - BDD: Clicking contact link
13:54:02.406 [main] INFO  pages.HomePage - BDD: Contact link clicked successfully
  When I click on "Contact" link                               # stepDefinitions.ContactSteps.i_click_on_link(java.lang.String)
13:54:02.407 [main] INFO  stepDefinitions.ContactSteps - BDD Step: Filling contact form with specified data
13:54:02.407 [main] INFO  pages.ContactModal - Filling complete contact form for: Valid Name (valid@email.com)
13:54:02.407 [main] INFO  pages.ContactModal - Filling contact email field with: valid@email.com
13:54:02.538 [main] INFO  pages.ContactModal - Filling contact name field with: Valid Name
13:54:02.601 [main] INFO  pages.ContactModal - Filling message field
13:54:02.677 [main] INFO  pages.ContactModal - Contact form filled successfully for: Valid Name
  And I fill the contact form with:                            # stepDefinitions.ContactSteps.i_fill_the_contact_form_with(io.cucumber.datatable.DataTable)
    | field   | value           |
    | email   | valid@email.com |
    | name    | Valid Name      |
    | message | [empty]         |
13:54:02.679 [main] INFO  stepDefinitions.ContactSteps - BDD Step: Clicking Send message contact button
13:54:02.679 [main] INFO  pages.ContactModal - Clicking 'Send message' button
13:54:02.878 [main] INFO  pages.ContactModal - Send message button clicked successfully
  And I click "Send message" contact button                    # stepDefinitions.ContactSteps.i_click_contact_button(java.lang.String)
13:54:02.880 [main] INFO  stepDefinitions.ContactSteps - BDD Step: Verifying response for scenario: missing_message
13:54:02.880 [main] INFO  stepDefinitions.ContactSteps - Handling scenario: missing_message
  Then I should see appropriate response for "missing_message" # stepDefinitions.ContactSteps.i_should_see_appropriate_response_for(java.lang.String)
13:54:02.957 [main] INFO  hooks.Hooks - Finishing BDD scenario: Validate contact form fields - Status: PASSED
13:54:04.056 [main] INFO  hooks.Hooks - BDD test cleanup completed for scenario: Validate contact form fields
]]></system-out>
  </testcase>
  <testcase name="Reset contact form" classname="DemoBlaze Contact Modal" time="10.19">
    <system-out><![CDATA[
@Contact @UI @Communication @ContactFormReset @UI
Scenario: Reset contact form                  # src/test/resources/features/Contact.feature:48
13:54:04.066 [main] INFO  hooks.Hooks - Starting BDD scenario: Reset contact form
13:54:04.066 [main] INFO  hooks.Hooks - BDD test environment configured for scenario: Reset contact form
13:54:04.067 [main] INFO  stepDefinitions.HomePageSteps - BDD Step: Navigating to DemoBlaze home page
13:54:04.068 [main] INFO  pages.HomePage - BDD: Opening home page
13:54:04.068 [main] INFO  pages.HomePage - Opening DemoBlaze home page
13:54:04.068 [main] INFO  c.c.s.WebDriverThreadLocalContainer - No webdriver is bound to current thread: 1 - let's create a new webdriver
13:54:07.050 [main] INFO  c.c.s.webdriver.BrowserResizer - Set browser size to 1920x1080
13:54:07.369 [main] INFO  c.c.s.webdriver.WebDriverFactory - Selenide 7.10.0 / Selenium 4.35.0 / firefox 140.3.0 linux
13:54:10.560 [main] INFO  pages.HomePage - Home page opened successfully
  Given I navigate to the DemoBlaze home page # stepDefinitions.HomePageSteps.i_navigate_to_the_demoblaze_home_page()
13:54:10.562 [main] INFO  stepDefinitions.ContactSteps - BDD Step: Clicking on Contact link
13:54:10.562 [main] INFO  pages.HomePage - BDD: Clicking contact link
13:54:11.321 [main] INFO  pages.HomePage - BDD: Contact link clicked successfully
  When I click on "Contact" link              # stepDefinitions.ContactSteps.i_click_on_link(java.lang.String)
13:54:11.323 [main] INFO  stepDefinitions.ContactSteps - BDD Step: Filling contact form with test data
13:54:11.323 [main] INFO  pages.ContactModal - Filling complete contact form for: Test User (test@example.com)
13:54:11.323 [main] INFO  pages.ContactModal - Filling contact email field with: test@example.com
13:54:11.470 [main] INFO  pages.ContactModal - Filling contact name field with: Test User
13:54:11.583 [main] INFO  pages.ContactModal - Filling message field
13:54:11.695 [main] INFO  pages.ContactModal - Contact form filled successfully for: Test User
  And I fill the contact form with test data  # stepDefinitions.ContactSteps.i_fill_the_contact_form_with_test_data()
13:54:11.696 [main] INFO  stepDefinitions.ContactSteps - BDD Step: Closing contact modal
13:54:11.696 [main] INFO  pages.ContactModal - BDD: Closing contact modal
13:54:11.696 [main] INFO  pages.ContactModal - Clicking 'Close' button to close contact modal
13:54:12.106 [main] INFO  pages.ContactModal - Contact modal closed successfully
  And I close the contact modal               # stepDefinitions.ContactSteps.i_close_the_contact_modal()
13:54:12.107 [main] INFO  stepDefinitions.ContactSteps - BDD Step: Clicking on Contact link again
13:54:12.108 [main] INFO  stepDefinitions.ContactSteps - BDD Step: Clicking on Contact link
13:54:12.108 [main] INFO  pages.HomePage - BDD: Clicking contact link
13:54:12.688 [main] INFO  pages.HomePage - BDD: Contact link clicked successfully
  And I click on "Contact" link again         # stepDefinitions.ContactSteps.i_click_on_link_again(java.lang.String)
13:54:12.689 [main] INFO  stepDefinitions.ContactSteps - BDD Step: Verifying contact form is empty
  Then the contact form should be empty       # stepDefinitions.ContactSteps.the_contact_form_should_be_empty()
13:54:12.690 [main] INFO  hooks.Hooks - Finishing BDD scenario: Reset contact form - Status: PASSED
13:54:14.247 [main] INFO  hooks.Hooks - BDD test cleanup completed for scenario: Reset contact form
]]></system-out>
  </testcase>
  <testcase name="Contact form data persistence during session" classname="DemoBlaze Contact Modal" time="23.207">
    <failure message="Invalid element state [a[data-target=&apos;#exampleModal&apos;]]: Element &lt;a class=&quot;nav-link&quot; href=&quot;#&quot;&gt; is not clickable at point (1098,37) because another element &lt;div class=&quot;modal-header&quot;&gt; obscures it&#10;Screenshot: file:/app/target/screenshots/1758894873964.2.png&#10;Page source: file:/app/target/screenshots/1758894873964.2.html&#10;Timeout: 4 s.&#10;Caused by: ElementClickInterceptedException: Element &lt;a class=&quot;nav-link&quot; href=&quot;#&quot;&gt; is not clickable at point (1098,37) because another element &lt;div class=&quot;modal-header&quot;&gt; obscures it" type="Invalid element state [a[data-target=&apos;#exampleModal&apos;]]"><![CDATA[Invalid element state [a[data-target='#exampleModal']]: Element <a class="nav-link" href="#"> is not clickable at point (1098,37) because another element <div class="modal-header"> obscures it
Screenshot: file:/app/target/screenshots/1758894873964.2.png
Page source: file:/app/target/screenshots/1758894873964.2.html
Timeout: 4 s.
Caused by: ElementClickInterceptedException: Element <a class="nav-link" href="#"> is not clickable at point (1098,37) because another element <div class="modal-header"> obscures it
	at com.codeborne.selenide.impl.ExceptionWrapper.wrap(ExceptionWrapper.java:19)
	at com.codeborne.selenide.impl.SelenideElementProxy.dispatchAndRetry(SelenideElementProxy.java:153)
	at com.codeborne.selenide.impl.SelenideElementProxy.invoke(SelenideElementProxy.java:83)
	at jdk.proxy2/jdk.proxy2.$Proxy32.click(Unknown Source)
	at pages.HomePage.clickContactLink(HomePage.java:175)
	at stepDefinitions.ContactSteps.i_click_on_link(ContactSteps.java:36)
	at stepDefinitions.ContactSteps.i_click_on_link_again(ContactSteps.java:143)
	at ✽.I click on "Contact" link again(file:///app/src/test/resources/features/Contact.feature:60)
Caused by: org.openqa.selenium.ElementClickInterceptedException: Element <a class="nav-link" href="#"> is not clickable at point (1098,37) because another element <div class="modal-header"> obscures it
Build info: version: '4.35.0', revision: '1c58e5028b'
System info: os.name: 'Linux', os.arch: 'amd64', os.version: '6.6.87.2-microsoft-standard-WSL2', java.version: '21'
Driver info: org.openqa.selenium.firefox.FirefoxDriver
Command: [259696cf-6c41-4258-9054-defc52f5cd64, clickElement {id=868dd09c-6ff4-465f-b79e-f45aac946663}]
Capabilities {acceptInsecureCerts: true, browserName: firefox, browserVersion: 140.3.0, moz:accessibilityChecks: false, moz:buildID: 20250908182512, moz:geckodriverVersion: 0.36.0, moz:headless: true, moz:platformVersion: 6.6.87.2-microsoft-standard..., moz:processID: 10642, moz:profile: /tmp/rust_mozprofilemHTg1c, moz:shutdownTimeout: 60000, moz:webdriverClick: true, moz:windowless: false, pageLoadStrategy: normal, platformName: linux, proxy: Proxy(), setWindowRect: true, strictFileInteractability: false, timeouts: {implicit: 0, pageLoad: 300000, script: 30000}, unhandledPromptBehavior: accept, userAgent: Mozilla/5.0 (X11; Linux x86..., webSocketUrl: ws://127.0.0.1:44133/sessio...}
Element: [[FirefoxDriver: firefox on linux (259696cf-6c41-4258-9054-defc52f5cd64)] -> css selector: a[data-target='#exampleModal']]
Session ID: 259696cf-6c41-4258-9054-defc52f5cd64
	at java.base/java.lang.reflect.Constructor.newInstanceWithCaller(Constructor.java:502)
	at java.base/java.lang.reflect.Constructor.newInstance(Constructor.java:486)
	at org.openqa.selenium.remote.ErrorCodec.decode(ErrorCodec.java:167)
	at org.openqa.selenium.remote.codec.w3c.W3CHttpResponseCodec.decode(W3CHttpResponseCodec.java:138)
	at org.openqa.selenium.remote.codec.w3c.W3CHttpResponseCodec.decode(W3CHttpResponseCodec.java:50)
	at org.openqa.selenium.remote.HttpCommandExecutor.execute(HttpCommandExecutor.java:215)
	at org.openqa.selenium.remote.service.DriverCommandExecutor.invokeExecute(DriverCommandExecutor.java:216)
	at org.openqa.selenium.remote.service.DriverCommandExecutor.execute(DriverCommandExecutor.java:174)
	at org.openqa.selenium.remote.RemoteWebDriver.execute(RemoteWebDriver.java:557)
	at org.openqa.selenium.remote.RemoteWebElement.execute(RemoteWebElement.java:223)
	at org.openqa.selenium.remote.RemoteWebElement.click(RemoteWebElement.java:76)
	at com.codeborne.selenide.commands.Click.defaultClick(Click.java:105)
	at com.codeborne.selenide.commands.Click.doClick(Click.java:83)
	at com.codeborne.selenide.commands.Click.click(Click.java:59)
	at com.codeborne.selenide.commands.Click.execute(Click.java:39)
	at com.codeborne.selenide.FluentCommand.execute(FluentCommand.java:27)
	at com.codeborne.selenide.FluentCommand.execute(FluentCommand.java:19)
	at com.codeborne.selenide.commands.Commands.execute(Commands.java:160)
	at com.codeborne.selenide.impl.SelenideElementProxy.dispatchAndRetry(SelenideElementProxy.java:131)
	at com.codeborne.selenide.impl.SelenideElementProxy.invoke(SelenideElementProxy.java:83)
	at jdk.proxy2/jdk.proxy2.$Proxy32.click(Unknown Source)
	at pages.HomePage.clickContactLink(HomePage.java:175)
	at stepDefinitions.ContactSteps.i_click_on_link(ContactSteps.java:36)
	at stepDefinitions.ContactSteps.i_click_on_link_again(ContactSteps.java:143)
	at java.base/java.lang.reflect.Method.invoke(Method.java:580)
	at io.cucumber.java.Invoker.doInvoke(Invoker.java:66)
	at io.cucumber.java.Invoker.invoke(Invoker.java:24)
	at io.cucumber.java.AbstractGlueDefinition.invokeMethod(AbstractGlueDefinition.java:47)
	at io.cucumber.java.JavaStepDefinition.execute(JavaStepDefinition.java:29)
	at io.cucumber.core.runner.CoreStepDefinition.execute(CoreStepDefinition.java:66)
	at io.cucumber.core.runner.PickleStepDefinitionMatch.runStep(PickleStepDefinitionMatch.java:63)
	at io.cucumber.core.runner.ExecutionMode$1.execute(ExecutionMode.java:10)
	at io.cucumber.core.runner.TestStep.executeStep(TestStep.java:84)
	at io.cucumber.core.runner.TestStep.run(TestStep.java:56)
	at io.cucumber.core.runner.PickleStepTestStep.run(PickleStepTestStep.java:51)
	at io.cucumber.core.runner.TestCase.run(TestCase.java:84)
	at io.cucumber.core.runner.Runner.runPickle(Runner.java:75)
	at io.cucumber.junit.PickleRunners$NoStepDescriptions.lambda$run$0(PickleRunners.java:151)
	at io.cucumber.core.runtime.CucumberExecutionContext.lambda$runTestCase$5(CucumberExecutionContext.java:137)
	at io.cucumber.core.runtime.RethrowingThrowableCollector.executeAndThrow(RethrowingThrowableCollector.java:23)
	at io.cucumber.core.runtime.CucumberExecutionContext.runTestCase(CucumberExecutionContext.java:137)
	at io.cucumber.junit.PickleRunners$NoStepDescriptions.run(PickleRunners.java:148)
	at io.cucumber.junit.FeatureRunner.runChild(FeatureRunner.java:144)
	at io.cucumber.junit.FeatureRunner.runChild(FeatureRunner.java:28)
	at io.cucumber.junit.FeatureRunner.run(FeatureRunner.java:137)
	at io.cucumber.junit.Cucumber.runChild(Cucumber.java:196)
	at io.cucumber.junit.Cucumber.runChild(Cucumber.java:89)
	at io.cucumber.core.runtime.CucumberExecutionContext.lambda$runFeatures$6(CucumberExecutionContext.java:148)
	at io.cucumber.core.runtime.CucumberExecutionContext.execute(CucumberExecutionContext.java:163)
	at io.cucumber.core.runtime.CucumberExecutionContext.runFeatures(CucumberExecutionContext.java:146)
	at io.cucumber.junit.Cucumber$StartAndFinishTestRun.evaluate(Cucumber.java:226)
]]></failure>
    <system-out><![CDATA[
@Contact @UI @Communication @ContactFormPersistence @Edge
Scenario: Contact form data persistence during session # src/test/resources/features/Contact.feature:56
13:54:14.257 [main] INFO  hooks.Hooks - Starting BDD scenario: Contact form data persistence during session
13:54:14.258 [main] INFO  hooks.Hooks - BDD test environment configured for scenario: Contact form data persistence during session
13:54:14.259 [main] INFO  stepDefinitions.HomePageSteps - BDD Step: Navigating to DemoBlaze home page
13:54:14.259 [main] INFO  pages.HomePage - BDD: Opening home page
13:54:14.259 [main] INFO  pages.HomePage - Opening DemoBlaze home page
13:54:14.259 [main] INFO  c.c.s.WebDriverThreadLocalContainer - No webdriver is bound to current thread: 1 - let's create a new webdriver
13:54:17.580 [main] INFO  c.c.s.webdriver.BrowserResizer - Set browser size to 1920x1080
13:54:17.890 [main] INFO  c.c.s.webdriver.WebDriverFactory - Selenide 7.10.0 / Selenium 4.35.0 / firefox 140.3.0 linux
13:54:29.117 [main] INFO  pages.HomePage - Home page opened successfully
  Given I navigate to the DemoBlaze home page          # stepDefinitions.HomePageSteps.i_navigate_to_the_demoblaze_home_page()
13:54:29.118 [main] INFO  stepDefinitions.ContactSteps - BDD Step: Clicking on Contact link
13:54:29.118 [main] INFO  pages.HomePage - BDD: Clicking contact link
13:54:29.503 [main] INFO  pages.HomePage - BDD: Contact link clicked successfully
  When I click on "Contact" link                       # stepDefinitions.ContactSteps.i_click_on_link(java.lang.String)
13:54:29.504 [main] INFO  stepDefinitions.ContactSteps - BDD Step: Filling contact form partially
13:54:29.504 [main] INFO  pages.ContactModal - Filling contact email field with: partial@test.com
13:54:29.635 [main] INFO  pages.ContactModal - Filling contact name field with: Partial User
  And I fill the contact form partially                # stepDefinitions.ContactSteps.i_fill_the_contact_form_partially()
13:54:29.696 [main] INFO  stepDefinitions.ContactSteps - BDD Step: Closing contact modal without sending
13:54:29.696 [main] INFO  pages.ContactModal - BDD: Closing contact modal
13:54:29.696 [main] INFO  pages.ContactModal - Clicking 'Close' button to close contact modal
13:54:29.939 [main] INFO  pages.ContactModal - Contact modal closed successfully
  And I close the contact modal without sending        # stepDefinitions.ContactSteps.i_close_the_contact_modal_without_sending()
13:54:29.942 [main] INFO  stepDefinitions.ContactSteps - BDD Step: Clicking on Contact link again
13:54:29.942 [main] INFO  stepDefinitions.ContactSteps - BDD Step: Clicking on Contact link
13:54:29.942 [main] INFO  pages.HomePage - BDD: Clicking contact link
13:54:33.977 [main] INFO  c.c.selenide.impl.AttachmentPrinter - [[ATTACHMENT|/app/target/screenshots/1758894873964.2.html]]
13:54:34.320 [main] INFO  c.c.selenide.impl.AttachmentPrinter - [[ATTACHMENT|/app/target/screenshots/1758894873964.2.png]]
  And I click on "Contact" link again                  # stepDefinitions.ContactSteps.i_click_on_link_again(java.lang.String)
      Invalid element state [a[data-target='#exampleModal']]: Element <a class="nav-link" href="#"> is not clickable at point (1098,37) because another element <div class="modal-header"> obscures it
Screenshot: file:/app/target/screenshots/1758894873964.2.png
Page source: file:/app/target/screenshots/1758894873964.2.html
Timeout: 4 s.
Caused by: ElementClickInterceptedException: Element <a class="nav-link" href="#"> is not clickable at point (1098,37) because another element <div class="modal-header"> obscures it
	at com.codeborne.selenide.impl.ExceptionWrapper.wrap(ExceptionWrapper.java:19)
	at com.codeborne.selenide.impl.SelenideElementProxy.dispatchAndRetry(SelenideElementProxy.java:153)
	at com.codeborne.selenide.impl.SelenideElementProxy.invoke(SelenideElementProxy.java:83)
	at jdk.proxy2/jdk.proxy2.$Proxy32.click(Unknown Source)
	at pages.HomePage.clickContactLink(HomePage.java:175)
	at stepDefinitions.ContactSteps.i_click_on_link(ContactSteps.java:36)
	at stepDefinitions.ContactSteps.i_click_on_link_again(ContactSteps.java:143)
	at ✽.I click on "Contact" link again(file:///app/src/test/resources/features/Contact.feature:60)
Caused by: org.openqa.selenium.ElementClickInterceptedException: Element <a class="nav-link" href="#"> is not clickable at point (1098,37) because another element <div class="modal-header"> obscures it
Build info: version: '4.35.0', revision: '1c58e5028b'
System info: os.name: 'Linux', os.arch: 'amd64', os.version: '6.6.87.2-microsoft-standard-WSL2', java.version: '21'
Driver info: org.openqa.selenium.firefox.FirefoxDriver
Command: [259696cf-6c41-4258-9054-defc52f5cd64, clickElement {id=868dd09c-6ff4-465f-b79e-f45aac946663}]
Capabilities {acceptInsecureCerts: true, browserName: firefox, browserVersion: 140.3.0, moz:accessibilityChecks: false, moz:buildID: 20250908182512, moz:geckodriverVersion: 0.36.0, moz:headless: true, moz:platformVersion: 6.6.87.2-microsoft-standard..., moz:processID: 10642, moz:profile: /tmp/rust_mozprofilemHTg1c, moz:shutdownTimeout: 60000, moz:webdriverClick: true, moz:windowless: false, pageLoadStrategy: normal, platformName: linux, proxy: Proxy(), setWindowRect: true, strictFileInteractability: false, timeouts: {implicit: 0, pageLoad: 300000, script: 30000}, unhandledPromptBehavior: accept, userAgent: Mozilla/5.0 (X11; Linux x86..., webSocketUrl: ws://127.0.0.1:44133/sessio...}
Element: [[FirefoxDriver: firefox on linux (259696cf-6c41-4258-9054-defc52f5cd64)] -> css selector: a[data-target='#exampleModal']]
Session ID: 259696cf-6c41-4258-9054-defc52f5cd64
	at java.base/jdk.internal.reflect.DirectConstructorHandleAccessor.newInstance(DirectConstructorHandleAccessor.java:62)
	at java.base/java.lang.reflect.Constructor.newInstanceWithCaller(Constructor.java:502)
	at java.base/java.lang.reflect.Constructor.newInstance(Constructor.java:486)
	at org.openqa.selenium.remote.ErrorCodec.decode(ErrorCodec.java:167)
	at org.openqa.selenium.remote.codec.w3c.W3CHttpResponseCodec.decode(W3CHttpResponseCodec.java:138)
	at org.openqa.selenium.remote.codec.w3c.W3CHttpResponseCodec.decode(W3CHttpResponseCodec.java:50)
	at org.openqa.selenium.remote.HttpCommandExecutor.execute(HttpCommandExecutor.java:215)
	at org.openqa.selenium.remote.service.DriverCommandExecutor.invokeExecute(DriverCommandExecutor.java:216)
	at org.openqa.selenium.remote.service.DriverCommandExecutor.execute(DriverCommandExecutor.java:174)
	at org.openqa.selenium.remote.RemoteWebDriver.execute(RemoteWebDriver.java:557)
	at org.openqa.selenium.remote.RemoteWebElement.execute(RemoteWebElement.java:223)
	at org.openqa.selenium.remote.RemoteWebElement.click(RemoteWebElement.java:76)
	at com.codeborne.selenide.commands.Click.defaultClick(Click.java:105)
	at com.codeborne.selenide.commands.Click.doClick(Click.java:83)
	at com.codeborne.selenide.commands.Click.click(Click.java:59)
	at com.codeborne.selenide.commands.Click.execute(Click.java:39)
	at com.codeborne.selenide.FluentCommand.execute(FluentCommand.java:27)
	at com.codeborne.selenide.FluentCommand.execute(FluentCommand.java:19)
	at com.codeborne.selenide.commands.Commands.execute(Commands.java:160)
	at com.codeborne.selenide.impl.SelenideElementProxy.dispatchAndRetry(SelenideElementProxy.java:131)
	at com.codeborne.selenide.impl.SelenideElementProxy.invoke(SelenideElementProxy.java:83)
	at jdk.proxy2/jdk.proxy2.$Proxy32.click(Unknown Source)
	at pages.HomePage.clickContactLink(HomePage.java:175)
	at stepDefinitions.ContactSteps.i_click_on_link(ContactSteps.java:36)
	at stepDefinitions.ContactSteps.i_click_on_link_again(ContactSteps.java:143)
	at java.base/jdk.internal.reflect.DirectMethodHandleAccessor.invoke(DirectMethodHandleAccessor.java:103)
	at java.base/java.lang.reflect.Method.invoke(Method.java:580)
	at io.cucumber.java.Invoker.doInvoke(Invoker.java:66)
	at io.cucumber.java.Invoker.invoke(Invoker.java:24)
	at io.cucumber.java.AbstractGlueDefinition.invokeMethod(AbstractGlueDefinition.java:47)
	at io.cucumber.java.JavaStepDefinition.execute(JavaStepDefinition.java:29)
	at io.cucumber.core.runner.CoreStepDefinition.execute(CoreStepDefinition.java:66)
	at io.cucumber.core.runner.PickleStepDefinitionMatch.runStep(PickleStepDefinitionMatch.java:63)
	at io.cucumber.core.runner.ExecutionMode$1.execute(ExecutionMode.java:10)
	at io.cucumber.core.runner.TestStep.executeStep(TestStep.java:84)
	at io.cucumber.core.runner.TestStep.run(TestStep.java:56)
	at io.cucumber.core.runner.PickleStepTestStep.run(PickleStepTestStep.java:51)
	at io.cucumber.core.runner.TestCase.run(TestCase.java:84)
	at io.cucumber.core.runner.Runner.runPickle(Runner.java:75)
	at io.cucumber.junit.PickleRunners$NoStepDescriptions.lambda$run$0(PickleRunners.java:151)
	at io.cucumber.core.runtime.CucumberExecutionContext.lambda$runTestCase$5(CucumberExecutionContext.java:137)
	at io.cucumber.core.runtime.RethrowingThrowableCollector.executeAndThrow(RethrowingThrowableCollector.java:23)
	at io.cucumber.core.runtime.CucumberExecutionContext.runTestCase(CucumberExecutionContext.java:137)
	at io.cucumber.junit.PickleRunners$NoStepDescriptions.run(PickleRunners.java:148)
	at io.cucumber.junit.FeatureRunner.runChild(FeatureRunner.java:144)
	at io.cucumber.junit.FeatureRunner.runChild(FeatureRunner.java:28)
	at org.junit.runners.ParentRunner$4.run(ParentRunner.java:331)
	at org.junit.runners.ParentRunner$1.schedule(ParentRunner.java:79)
	at org.junit.runners.ParentRunner.runChildren(ParentRunner.java:329)
	at org.junit.runners.ParentRunner.access$100(ParentRunner.java:66)
	at org.junit.runners.ParentRunner$2.evaluate(ParentRunner.java:293)
	at org.junit.runners.ParentRunner$3.evaluate(ParentRunner.java:306)
	at org.junit.runners.ParentRunner.run(ParentRunner.java:413)
	at io.cucumber.junit.FeatureRunner.run(FeatureRunner.java:137)
	at io.cucumber.junit.Cucumber.runChild(Cucumber.java:196)
	at io.cucumber.junit.Cucumber.runChild(Cucumber.java:89)
	at org.junit.runners.ParentRunner$4.run(ParentRunner.java:331)
	at org.junit.runners.ParentRunner$1.schedule(ParentRunner.java:79)
	at org.junit.runners.ParentRunner.runChildren(ParentRunner.java:329)
	at org.junit.runners.ParentRunner.access$100(ParentRunner.java:66)
	at org.junit.runners.ParentRunner$2.evaluate(ParentRunner.java:293)
	at io.cucumber.core.runtime.CucumberExecutionContext.lambda$runFeatures$6(CucumberExecutionContext.java:148)
	at io.cucumber.core.runtime.CucumberExecutionContext.execute(CucumberExecutionContext.java:163)
	at io.cucumber.core.runtime.CucumberExecutionContext.runFeatures(CucumberExecutionContext.java:146)
	at io.cucumber.junit.Cucumber$StartAndFinishTestRun.evaluate(Cucumber.java:226)
	at org.junit.runners.ParentRunner$3.evaluate(ParentRunner.java:306)
	at org.junit.runners.ParentRunner.run(ParentRunner.java:413)
	at org.junit.runner.JUnitCore.run(JUnitCore.java:137)
	at org.junit.runner.JUnitCore.run(JUnitCore.java:115)
	at org.junit.vintage.engine.execution.RunnerExecutor.execute(RunnerExecutor.java:42)
	at org.junit.vintage.engine.VintageTestEngine.executeAllChildren(VintageTestEngine.java:80)
	at org.junit.vintage.engine.VintageTestEngine.execute(VintageTestEngine.java:72)
	at org.junit.platform.launcher.core.EngineExecutionOrchestrator.execute(EngineExecutionOrchestrator.java:198)
	at org.junit.platform.launcher.core.EngineExecutionOrchestrator.execute(EngineExecutionOrchestrator.java:169)
	at org.junit.platform.launcher.core.EngineExecutionOrchestrator.execute(EngineExecutionOrchestrator.java:93)
	at org.junit.platform.launcher.core.EngineExecutionOrchestrator.lambda$execute$0(EngineExecutionOrchestrator.java:58)
	at org.junit.platform.launcher.core.EngineExecutionOrchestrator.withInterceptedStreams(EngineExecutionOrchestrator.java:141)
	at org.junit.platform.launcher.core.EngineExecutionOrchestrator.execute(EngineExecutionOrchestrator.java:57)
	at org.junit.platform.launcher.core.DefaultLauncher.execute(DefaultLauncher.java:103)
	at org.junit.platform.launcher.core.DefaultLauncher.execute(DefaultLauncher.java:85)
	at org.junit.platform.launcher.core.DelegatingLauncher.execute(DelegatingLauncher.java:47)
	at org.apache.maven.surefire.junitplatform.LazyLauncher.execute(LazyLauncher.java:55)
	at org.apache.maven.surefire.junitplatform.JUnitPlatformProvider.execute(JUnitPlatformProvider.java:223)
	at org.apache.maven.surefire.junitplatform.JUnitPlatformProvider.invokeAllTests(JUnitPlatformProvider.java:175)
	at org.apache.maven.surefire.junitplatform.JUnitPlatformProvider.invoke(JUnitPlatformProvider.java:139)
	at org.apache.maven.surefire.booter.ForkedBooter.runSuitesInProcess(ForkedBooter.java:456)
	at org.apache.maven.surefire.booter.ForkedBooter.execute(ForkedBooter.java:169)
	at org.apache.maven.surefire.booter.ForkedBooter.run(ForkedBooter.java:595)
	at org.apache.maven.surefire.booter.ForkedBooter.main(ForkedBooter.java:581)

  Then the form data should be cleared                 # stepDefinitions.ContactSteps.the_form_data_should_be_cleared()
13:54:35.035 [main] INFO  hooks.Hooks - Finishing BDD scenario: Contact form data persistence during session - Status: FAILED
13:54:35.036 [main] ERROR hooks.Hooks - Scenario failed: Contact form data persistence during session
13:54:35.067 [main] INFO  c.c.selenide.impl.AttachmentPrinter - [[ATTACHMENT|/app/target/screenshots/failed_scenario_1758894875036.html]]
13:54:35.453 [main] INFO  c.c.selenide.impl.AttachmentPrinter - [[ATTACHMENT|/app/target/screenshots/failed_scenario_1758894875036.png]]
13:54:35.454 [main] ERROR hooks.Hooks - Failed to capture screenshot: file:/app/target/screenshots/failed_scenario_1758894875036.png
13:54:37.455 [main] INFO  hooks.Hooks - BDD test cleanup completed for scenario: Contact form data persistence during session
]]></system-out>
  </testcase>
  <testcase name="Verify navigation bar elements are visible" classname="DemoBlaze Home Page" time="10.151">
    <system-out><![CDATA[
@HomePage @UI @Navigation @Smoke
Scenario: Verify navigation bar elements are visible     # src/test/resources/features/HomePage.feature:11
13:54:37.481 [main] INFO  hooks.Hooks - Starting BDD scenario: Verify navigation bar elements are visible
13:54:37.482 [main] INFO  hooks.Hooks - BDD test environment configured for scenario: Verify navigation bar elements are visible
13:54:37.485 [main] INFO  stepDefinitions.HomePageSteps - BDD Step: Navigating to DemoBlaze home page
13:54:37.485 [main] INFO  pages.HomePage - BDD: Opening home page
13:54:37.485 [main] INFO  pages.HomePage - Opening DemoBlaze home page
13:54:37.485 [main] INFO  c.c.s.WebDriverThreadLocalContainer - No webdriver is bound to current thread: 1 - let's create a new webdriver
13:54:40.635 [main] INFO  c.c.s.webdriver.BrowserResizer - Set browser size to 1920x1080
13:54:40.939 [main] INFO  c.c.s.webdriver.WebDriverFactory - Selenide 7.10.0 / Selenium 4.35.0 / firefox 140.3.0 linux
13:54:46.028 [main] INFO  pages.HomePage - Home page opened successfully
  Given I navigate to the DemoBlaze home page            # stepDefinitions.HomePageSteps.i_navigate_to_the_demoblaze_home_page()
13:54:46.029 [main] INFO  stepDefinitions.HomePageSteps - BDD Step: Viewing home page content
  When I view the home page                              # stepDefinitions.HomePageSteps.i_view_the_home_page()
13:54:46.029 [main] INFO  stepDefinitions.HomePageSteps - BDD Step: Verifying navigation bar elements
13:54:46.029 [main] INFO  pages.HomePage - Verifying navigation elements are visible
13:54:46.524 [main] INFO  pages.HomePage - All navigation elements verified successfully
  Then I should see the navigation bar with all elements # stepDefinitions.HomePageSteps.i_should_see_the_navigation_bar_with_all_elements()
13:54:46.526 [main] INFO  stepDefinitions.HomePageSteps - BDD Step: Verifying Home link is visible
  And the "Home" link should be visible                  # stepDefinitions.HomePageSteps.the_link_should_be_visible(java.lang.String)
13:54:46.526 [main] INFO  stepDefinitions.HomePageSteps - BDD Step: Verifying Contact link is visible
  And the "Contact" link should be visible               # stepDefinitions.HomePageSteps.the_link_should_be_visible(java.lang.String)
13:54:46.527 [main] INFO  stepDefinitions.HomePageSteps - BDD Step: Verifying About us link is visible
  And the "About us" link should be visible              # stepDefinitions.HomePageSteps.the_link_should_be_visible(java.lang.String)
13:54:46.527 [main] INFO  stepDefinitions.HomePageSteps - BDD Step: Verifying Cart link is visible
  And the "Cart" link should be visible                  # stepDefinitions.HomePageSteps.the_link_should_be_visible(java.lang.String)
13:54:46.528 [main] INFO  stepDefinitions.HomePageSteps - BDD Step: Verifying Log in link is visible
  And the "Log in" link should be visible                # stepDefinitions.HomePageSteps.the_link_should_be_visible(java.lang.String)
13:54:46.528 [main] INFO  stepDefinitions.HomePageSteps - BDD Step: Verifying Sign up link is visible
  And the "Sign up" link should be visible               # stepDefinitions.HomePageSteps.the_link_should_be_visible(java.lang.String)
13:54:46.529 [main] INFO  hooks.Hooks - Finishing BDD scenario: Verify navigation bar elements are visible - Status: PASSED
13:54:47.616 [main] INFO  hooks.Hooks - BDD test cleanup completed for scenario: Verify navigation bar elements are visible
]]></system-out>
  </testcase>
  <testcase name="Verify product categories section" classname="DemoBlaze Home Page" time="11.119">
    <system-out><![CDATA[
@HomePage @UI @Categories @Smoke
Scenario: Verify product categories section   # src/test/resources/features/HomePage.feature:22
13:54:47.628 [main] INFO  hooks.Hooks - Starting BDD scenario: Verify product categories section
13:54:47.628 [main] INFO  hooks.Hooks - BDD test environment configured for scenario: Verify product categories section
13:54:47.629 [main] INFO  stepDefinitions.HomePageSteps - BDD Step: Navigating to DemoBlaze home page
13:54:47.630 [main] INFO  pages.HomePage - BDD: Opening home page
13:54:47.630 [main] INFO  pages.HomePage - Opening DemoBlaze home page
13:54:47.630 [main] INFO  c.c.s.WebDriverThreadLocalContainer - No webdriver is bound to current thread: 1 - let's create a new webdriver
13:54:50.644 [main] INFO  c.c.s.webdriver.BrowserResizer - Set browser size to 1920x1080
13:54:50.911 [main] INFO  c.c.s.webdriver.WebDriverFactory - Selenide 7.10.0 / Selenium 4.35.0 / firefox 140.3.0 linux
13:54:57.108 [main] INFO  pages.HomePage - Home page opened successfully
  Given I navigate to the DemoBlaze home page # stepDefinitions.HomePageSteps.i_navigate_to_the_demoblaze_home_page()
13:54:57.109 [main] INFO  stepDefinitions.HomePageSteps - BDD Step: Viewing home page content
  When I view the home page                   # stepDefinitions.HomePageSteps.i_view_the_home_page()
13:54:57.110 [main] INFO  stepDefinitions.HomePageSteps - BDD Step: Verifying categories section
13:54:57.110 [main] INFO  pages.HomePage - Verifying categories section
13:54:57.752 [main] INFO  pages.HomePage - Categories section verified successfully
  Then I should see the categories section    # stepDefinitions.HomePageSteps.i_should_see_the_categories_section()
13:54:57.753 [main] INFO  stepDefinitions.HomePageSteps - BDD Step: Verifying CATEGORIES header
  And I should see "CATEGORIES" header        # stepDefinitions.HomePageSteps.i_should_see_header(java.lang.String)
13:54:57.754 [main] INFO  stepDefinitions.HomePageSteps - BDD Step: Verifying Phones category
  And I should see "Phones" category          # stepDefinitions.HomePageSteps.i_should_see_category(java.lang.String)
13:54:57.754 [main] INFO  stepDefinitions.HomePageSteps - BDD Step: Verifying Laptops category
  And I should see "Laptops" category         # stepDefinitions.HomePageSteps.i_should_see_category(java.lang.String)
13:54:57.754 [main] INFO  stepDefinitions.HomePageSteps - BDD Step: Verifying Monitors category
  And I should see "Monitors" category        # stepDefinitions.HomePageSteps.i_should_see_category(java.lang.String)
13:54:57.754 [main] INFO  hooks.Hooks - Finishing BDD scenario: Verify product categories section - Status: PASSED
13:54:58.739 [main] INFO  hooks.Hooks - BDD test cleanup completed for scenario: Verify product categories section
]]></system-out>
  </testcase>
  <testcase name="Verify product listings on home page" classname="DemoBlaze Home Page" time="8.489">
    <system-out><![CDATA[
@HomePage @UI @Products @regression
Scenario: Verify product listings on home page                   # src/test/resources/features/HomePage.feature:31
13:54:58.764 [main] INFO  hooks.Hooks - Starting BDD scenario: Verify product listings on home page
13:54:58.764 [main] INFO  hooks.Hooks - BDD test environment configured for scenario: Verify product listings on home page
13:54:58.767 [main] INFO  stepDefinitions.HomePageSteps - BDD Step: Navigating to DemoBlaze home page
13:54:58.767 [main] INFO  pages.HomePage - BDD: Opening home page
13:54:58.767 [main] INFO  pages.HomePage - Opening DemoBlaze home page
13:54:58.767 [main] INFO  c.c.s.WebDriverThreadLocalContainer - No webdriver is bound to current thread: 1 - let's create a new webdriver
13:55:01.550 [main] INFO  c.c.s.webdriver.BrowserResizer - Set browser size to 1920x1080
13:55:01.825 [main] INFO  c.c.s.webdriver.WebDriverFactory - Selenide 7.10.0 / Selenium 4.35.0 / firefox 140.3.0 linux
13:55:04.450 [main] INFO  pages.HomePage - Home page opened successfully
  Given I navigate to the DemoBlaze home page                    # stepDefinitions.HomePageSteps.i_navigate_to_the_demoblaze_home_page()
13:55:04.452 [main] INFO  stepDefinitions.HomePageSteps - BDD Step: Viewing home page content
  When I view the home page                                      # stepDefinitions.HomePageSteps.i_view_the_home_page()
13:55:04.453 [main] INFO  stepDefinitions.HomePageSteps - BDD Step: Verifying product listings
  Then I should see product listings                             # stepDefinitions.HomePageSteps.i_should_see_product_listings()
13:55:04.455 [main] INFO  stepDefinitions.HomePageSteps - BDD Step: Verifying product Samsung galaxy s6 with price $360
13:55:04.456 [main] INFO  pages.HomePage - BDD: Verifying product details for: Samsung galaxy s6 with price: $360
13:55:05.889 [main] INFO  pages.HomePage - BDD: Product details verified successfully for: Samsung galaxy s6
  And I should see "Samsung galaxy s6" product with price "$360" # stepDefinitions.HomePageSteps.i_should_see_product_with_price(java.lang.String,java.lang.String)
13:55:05.889 [main] INFO  stepDefinitions.HomePageSteps - BDD Step: Verifying product Nexus 6 with price $650
13:55:05.889 [main] INFO  pages.HomePage - BDD: Verifying product details for: Nexus 6 with price: $650
13:55:05.937 [main] INFO  pages.HomePage - BDD: Product details verified successfully for: Nexus 6
  And I should see "Nexus 6" product with price "$650"           # stepDefinitions.HomePageSteps.i_should_see_product_with_price(java.lang.String,java.lang.String)
13:55:05.938 [main] INFO  stepDefinitions.HomePageSteps - BDD Step: Verifying product Samsung galaxy s7 with price $800
13:55:05.938 [main] INFO  pages.HomePage - BDD: Verifying product details for: Samsung galaxy s7 with price: $800
13:55:05.984 [main] INFO  pages.HomePage - BDD: Product details verified successfully for: Samsung galaxy s7
  And I should see "Samsung galaxy s7" product with price "$800" # stepDefinitions.HomePageSteps.i_should_see_product_with_price(java.lang.String,java.lang.String)
13:55:05.985 [main] INFO  stepDefinitions.HomePageSteps - BDD Step: Verifying product Iphone 6 32gb with price $790
13:55:05.986 [main] INFO  pages.HomePage - BDD: Verifying product details for: Iphone 6 32gb with price: $790
13:55:06.054 [main] INFO  pages.HomePage - BDD: Product details verified successfully for: Iphone 6 32gb
  And I should see "Iphone 6 32gb" product with price "$790"     # stepDefinitions.HomePageSteps.i_should_see_product_with_price(java.lang.String,java.lang.String)
13:55:06.056 [main] INFO  stepDefinitions.HomePageSteps - BDD Step: Verifying product Sony xperia z5 with price $320
13:55:06.056 [main] INFO  pages.HomePage - BDD: Verifying product details for: Sony xperia z5 with price: $320
13:55:06.114 [main] INFO  pages.HomePage - BDD: Product details verified successfully for: Sony xperia z5
  And I should see "Sony xperia z5" product with price "$320"    # stepDefinitions.HomePageSteps.i_should_see_product_with_price(java.lang.String,java.lang.String)
13:55:06.116 [main] INFO  stepDefinitions.HomePageSteps - BDD Step: Verifying product Nokia lumia 1520 with price $820
13:55:06.116 [main] INFO  pages.HomePage - BDD: Verifying product details for: Nokia lumia 1520 with price: $820
13:55:06.162 [main] INFO  pages.HomePage - BDD: Product details verified successfully for: Nokia lumia 1520
  And I should see "Nokia lumia 1520" product with price "$820"  # stepDefinitions.HomePageSteps.i_should_see_product_with_price(java.lang.String,java.lang.String)
13:55:06.170 [main] INFO  hooks.Hooks - Finishing BDD scenario: Verify product listings on home page - Status: PASSED
13:55:07.232 [main] INFO  hooks.Hooks - BDD test cleanup completed for scenario: Verify product listings on home page
]]></system-out>
  </testcase>
  <testcase name="Verify individual product details #1" classname="DemoBlaze Home Page" time="10.233">
    <system-out><![CDATA[
@HomePage @UI @ProductDetails @regression
Scenario Outline: Verify individual product details      # src/test/resources/features/HomePage.feature:54
13:55:07.240 [main] INFO  hooks.Hooks - Starting BDD scenario: Verify individual product details
13:55:07.240 [main] INFO  hooks.Hooks - BDD test environment configured for scenario: Verify individual product details
13:55:07.241 [main] INFO  stepDefinitions.HomePageSteps - BDD Step: Navigating to DemoBlaze home page
13:55:07.241 [main] INFO  pages.HomePage - BDD: Opening home page
13:55:07.241 [main] INFO  pages.HomePage - Opening DemoBlaze home page
13:55:07.241 [main] INFO  c.c.s.WebDriverThreadLocalContainer - No webdriver is bound to current thread: 1 - let's create a new webdriver
13:55:10.350 [main] INFO  c.c.s.webdriver.BrowserResizer - Set browser size to 1920x1080
13:55:10.625 [main] INFO  c.c.s.webdriver.WebDriverFactory - Selenide 7.10.0 / Selenium 4.35.0 / firefox 140.3.0 linux
13:55:13.161 [main] INFO  pages.HomePage - Home page opened successfully
  Given I navigate to the DemoBlaze home page            # stepDefinitions.HomePageSteps.i_navigate_to_the_demoblaze_home_page()
13:55:13.162 [main] INFO  stepDefinitions.HomePageSteps - BDD Step: Viewing home page content
  When I view the home page                              # stepDefinitions.HomePageSteps.i_view_the_home_page()
13:55:13.166 [main] INFO  stepDefinitions.HomePageSteps - BDD Step: Clicking on product Samsung galaxy s6
13:55:13.166 [main] INFO  pages.HomePage - BDD: Clicking on first product: Samsung galaxy s6
13:55:13.166 [main] INFO  pages.HomePage - Clicking on first product: Samsung galaxy s6
13:55:15.357 [main] INFO  pages.HomePage - Successfully clicked on first product: Samsung galaxy s6
  And I click on "Samsung galaxy s6" product             # stepDefinitions.HomePageSteps.i_click_on_product(java.lang.String)
13:55:15.359 [main] INFO  stepDefinitions.HomePageSteps - BDD Step: Verifying product details page navigation
13:55:15.359 [main] INFO  pages.ProductDetailsPage - Verifying product image is visible
13:55:16.208 [main] INFO  pages.ProductDetailsPage - Product image verified successfully
  Then I should navigate to the product details page     # stepDefinitions.HomePageSteps.i_should_navigate_to_the_product_details_page()
13:55:16.208 [main] INFO  stepDefinitions.HomePageSteps - BDD Step: Verifying product image
13:55:16.209 [main] INFO  pages.ProductDetailsPage - Verifying product image is visible
13:55:16.223 [main] INFO  pages.ProductDetailsPage - Product image verified successfully
  And I should see the product image                     # stepDefinitions.HomePageSteps.i_should_see_the_product_image()
13:55:16.224 [main] INFO  stepDefinitions.HomePageSteps - BDD Step: Verifying product title as Samsung galaxy s6
  And I should see product title as "Samsung galaxy s6"  # stepDefinitions.HomePageSteps.i_should_see_product_title_as(java.lang.String)
13:55:16.225 [main] INFO  stepDefinitions.HomePageSteps - BDD Step: Verifying product price as $360 *includes tax
  And I should see product price as "$360 *includes tax" # stepDefinitions.HomePageSteps.i_should_see_product_price_as(java.lang.String)
13:55:16.226 [main] INFO  stepDefinitions.HomePageSteps - BDD Step: Navigating back to home page
13:55:16.226 [main] INFO  pages.ProductDetailsPage - BDD: Navigating back to home page
13:55:16.226 [main] INFO  pages.ProductDetailsPage - Navigating back to home page
13:55:16.417 [main] INFO  pages.ProductDetailsPage - Successfully navigated to home page
  When I navigate back to home page                      # stepDefinitions.HomePageSteps.i_navigate_back_to_home_page()
13:55:16.418 [main] INFO  stepDefinitions.HomePageSteps - BDD Step: Verifying user is on home page
  Then I should be on the home page                      # stepDefinitions.HomePageSteps.i_should_be_on_the_home_page()
13:55:16.419 [main] INFO  hooks.Hooks - Finishing BDD scenario: Verify individual product details - Status: PASSED
13:55:17.465 [main] INFO  hooks.Hooks - BDD test cleanup completed for scenario: Verify individual product details
]]></system-out>
  </testcase>
  <testcase name="Verify individual product details #2" classname="DemoBlaze Home Page" time="9.996">
    <system-out><![CDATA[
@HomePage @UI @ProductDetails @regression
Scenario Outline: Verify individual product details      # src/test/resources/features/HomePage.feature:55
13:55:17.477 [main] INFO  hooks.Hooks - Starting BDD scenario: Verify individual product details
13:55:17.477 [main] INFO  hooks.Hooks - BDD test environment configured for scenario: Verify individual product details
13:55:17.478 [main] INFO  stepDefinitions.HomePageSteps - BDD Step: Navigating to DemoBlaze home page
13:55:17.478 [main] INFO  pages.HomePage - BDD: Opening home page
13:55:17.478 [main] INFO  pages.HomePage - Opening DemoBlaze home page
13:55:17.478 [main] INFO  c.c.s.WebDriverThreadLocalContainer - No webdriver is bound to current thread: 1 - let's create a new webdriver
13:55:20.254 [main] INFO  c.c.s.webdriver.BrowserResizer - Set browser size to 1920x1080
13:55:20.559 [main] INFO  c.c.s.webdriver.WebDriverFactory - Selenide 7.10.0 / Selenium 4.35.0 / firefox 140.3.0 linux
13:55:23.270 [main] INFO  pages.HomePage - Home page opened successfully
  Given I navigate to the DemoBlaze home page            # stepDefinitions.HomePageSteps.i_navigate_to_the_demoblaze_home_page()
13:55:23.272 [main] INFO  stepDefinitions.HomePageSteps - BDD Step: Viewing home page content
  When I view the home page                              # stepDefinitions.HomePageSteps.i_view_the_home_page()
13:55:23.272 [main] INFO  stepDefinitions.HomePageSteps - BDD Step: Clicking on product Nexus 6
13:55:23.272 [main] INFO  pages.HomePage - BDD: Clicking on first product: Nexus 6
13:55:23.272 [main] INFO  pages.HomePage - Clicking on first product: Nexus 6
13:55:25.312 [main] INFO  pages.HomePage - Successfully clicked on first product: Nexus 6
  And I click on "Nexus 6" product                       # stepDefinitions.HomePageSteps.i_click_on_product(java.lang.String)
13:55:25.313 [main] INFO  stepDefinitions.HomePageSteps - BDD Step: Verifying product details page navigation
13:55:25.313 [main] INFO  pages.ProductDetailsPage - Verifying product image is visible
13:55:26.202 [main] INFO  pages.ProductDetailsPage - Product image verified successfully
  Then I should navigate to the product details page     # stepDefinitions.HomePageSteps.i_should_navigate_to_the_product_details_page()
13:55:26.202 [main] INFO  stepDefinitions.HomePageSteps - BDD Step: Verifying product image
13:55:26.202 [main] INFO  pages.ProductDetailsPage - Verifying product image is visible
13:55:26.232 [main] INFO  pages.ProductDetailsPage - Product image verified successfully
  And I should see the product image                     # stepDefinitions.HomePageSteps.i_should_see_the_product_image()
13:55:26.232 [main] INFO  stepDefinitions.HomePageSteps - BDD Step: Verifying product title as Nexus 6
  And I should see product title as "Nexus 6"            # stepDefinitions.HomePageSteps.i_should_see_product_title_as(java.lang.String)
13:55:26.233 [main] INFO  stepDefinitions.HomePageSteps - BDD Step: Verifying product price as $650 *includes tax
  And I should see product price as "$650 *includes tax" # stepDefinitions.HomePageSteps.i_should_see_product_price_as(java.lang.String)
13:55:26.233 [main] INFO  stepDefinitions.HomePageSteps - BDD Step: Navigating back to home page
13:55:26.233 [main] INFO  pages.ProductDetailsPage - BDD: Navigating back to home page
13:55:26.233 [main] INFO  pages.ProductDetailsPage - Navigating back to home page
13:55:26.442 [main] INFO  pages.ProductDetailsPage - Successfully navigated to home page
  When I navigate back to home page                      # stepDefinitions.HomePageSteps.i_navigate_back_to_home_page()
13:55:26.443 [main] INFO  stepDefinitions.HomePageSteps - BDD Step: Verifying user is on home page
  Then I should be on the home page                      # stepDefinitions.HomePageSteps.i_should_be_on_the_home_page()
13:55:26.444 [main] INFO  hooks.Hooks - Finishing BDD scenario: Verify individual product details - Status: PASSED
13:55:27.465 [main] INFO  hooks.Hooks - BDD test cleanup completed for scenario: Verify individual product details
]]></system-out>
  </testcase>
  <testcase name="Verify individual product details #3" classname="DemoBlaze Home Page" time="9.423">
    <system-out><![CDATA[
@HomePage @UI @ProductDetails @regression
Scenario Outline: Verify individual product details      # src/test/resources/features/HomePage.feature:56
13:55:27.475 [main] INFO  hooks.Hooks - Starting BDD scenario: Verify individual product details
13:55:27.475 [main] INFO  hooks.Hooks - BDD test environment configured for scenario: Verify individual product details
13:55:27.477 [main] INFO  stepDefinitions.HomePageSteps - BDD Step: Navigating to DemoBlaze home page
13:55:27.477 [main] INFO  pages.HomePage - BDD: Opening home page
13:55:27.477 [main] INFO  pages.HomePage - Opening DemoBlaze home page
13:55:27.477 [main] INFO  c.c.s.WebDriverThreadLocalContainer - No webdriver is bound to current thread: 1 - let's create a new webdriver
13:55:30.221 [main] INFO  c.c.s.webdriver.BrowserResizer - Set browser size to 1920x1080
13:55:30.507 [main] INFO  c.c.s.webdriver.WebDriverFactory - Selenide 7.10.0 / Selenium 4.35.0 / firefox 140.3.0 linux
13:55:32.982 [main] INFO  pages.HomePage - Home page opened successfully
  Given I navigate to the DemoBlaze home page            # stepDefinitions.HomePageSteps.i_navigate_to_the_demoblaze_home_page()
13:55:32.983 [main] INFO  stepDefinitions.HomePageSteps - BDD Step: Viewing home page content
  When I view the home page                              # stepDefinitions.HomePageSteps.i_view_the_home_page()
13:55:32.983 [main] INFO  stepDefinitions.HomePageSteps - BDD Step: Clicking on product Nokia lumia 1520
13:55:32.983 [main] INFO  pages.HomePage - BDD: Clicking on first product: Nokia lumia 1520
13:55:32.984 [main] INFO  pages.HomePage - Clicking on first product: Nokia lumia 1520
13:55:34.584 [main] INFO  pages.HomePage - Successfully clicked on first product: Nokia lumia 1520
  And I click on "Nokia lumia 1520" product              # stepDefinitions.HomePageSteps.i_click_on_product(java.lang.String)
13:55:34.584 [main] INFO  stepDefinitions.HomePageSteps - BDD Step: Verifying product details page navigation
13:55:34.584 [main] INFO  pages.ProductDetailsPage - Verifying product image is visible
13:55:35.629 [main] INFO  pages.ProductDetailsPage - Product image verified successfully
  Then I should navigate to the product details page     # stepDefinitions.HomePageSteps.i_should_navigate_to_the_product_details_page()
13:55:35.629 [main] INFO  stepDefinitions.HomePageSteps - BDD Step: Verifying product image
13:55:35.629 [main] INFO  pages.ProductDetailsPage - Verifying product image is visible
13:55:35.645 [main] INFO  pages.ProductDetailsPage - Product image verified successfully
  And I should see the product image                     # stepDefinitions.HomePageSteps.i_should_see_the_product_image()
13:55:35.646 [main] INFO  stepDefinitions.HomePageSteps - BDD Step: Verifying product title as Nokia lumia 1520
  And I should see product title as "Nokia lumia 1520"   # stepDefinitions.HomePageSteps.i_should_see_product_title_as(java.lang.String)
13:55:35.646 [main] INFO  stepDefinitions.HomePageSteps - BDD Step: Verifying product price as $820 *includes tax
  And I should see product price as "$820 *includes tax" # stepDefinitions.HomePageSteps.i_should_see_product_price_as(java.lang.String)
13:55:35.646 [main] INFO  stepDefinitions.HomePageSteps - BDD Step: Navigating back to home page
13:55:35.647 [main] INFO  pages.ProductDetailsPage - BDD: Navigating back to home page
13:55:35.647 [main] INFO  pages.ProductDetailsPage - Navigating back to home page
13:55:35.844 [main] INFO  pages.ProductDetailsPage - Successfully navigated to home page
  When I navigate back to home page                      # stepDefinitions.HomePageSteps.i_navigate_back_to_home_page()
13:55:35.845 [main] INFO  stepDefinitions.HomePageSteps - BDD Step: Verifying user is on home page
  Then I should be on the home page                      # stepDefinitions.HomePageSteps.i_should_be_on_the_home_page()
13:55:35.845 [main] INFO  hooks.Hooks - Finishing BDD scenario: Verify individual product details - Status: PASSED
13:55:36.890 [main] INFO  hooks.Hooks - BDD test cleanup completed for scenario: Verify individual product details
]]></system-out>
  </testcase>
  <testcase name="Verify footer elements" classname="DemoBlaze Home Page" time="6.955">
    <system-out><![CDATA[
@HomePage @UI @Footer @UI
Scenario: Verify footer elements                 # src/test/resources/features/HomePage.feature:59
13:55:36.902 [main] INFO  hooks.Hooks - Starting BDD scenario: Verify footer elements
13:55:36.902 [main] INFO  hooks.Hooks - BDD test environment configured for scenario: Verify footer elements
13:55:36.903 [main] INFO  stepDefinitions.HomePageSteps - BDD Step: Navigating to DemoBlaze home page
13:55:36.903 [main] INFO  pages.HomePage - BDD: Opening home page
13:55:36.903 [main] INFO  pages.HomePage - Opening DemoBlaze home page
13:55:36.903 [main] INFO  c.c.s.WebDriverThreadLocalContainer - No webdriver is bound to current thread: 1 - let's create a new webdriver
13:55:39.720 [main] INFO  c.c.s.webdriver.BrowserResizer - Set browser size to 1920x1080
13:55:39.986 [main] INFO  c.c.s.webdriver.WebDriverFactory - Selenide 7.10.0 / Selenium 4.35.0 / firefox 140.3.0 linux
13:55:42.658 [main] INFO  pages.HomePage - Home page opened successfully
  Given I navigate to the DemoBlaze home page    # stepDefinitions.HomePageSteps.i_navigate_to_the_demoblaze_home_page()
13:55:42.659 [main] INFO  stepDefinitions.HomePageSteps - BDD Step: Viewing home page content
  When I view the home page                      # stepDefinitions.HomePageSteps.i_view_the_home_page()
13:55:42.659 [main] INFO  stepDefinitions.HomePageSteps - BDD Step: Scrolling to footer
  And I scroll to the footer                     # stepDefinitions.HomePageSteps.i_scroll_to_the_footer()
13:55:42.660 [main] INFO  stepDefinitions.HomePageSteps - BDD Step: Verifying footer section
13:55:42.660 [main] INFO  pages.HomePage - Verifying footer elements
13:55:42.843 [main] INFO  pages.HomePage - Footer elements verified successfully
  Then I should see footer section               # stepDefinitions.HomePageSteps.i_should_see_footer_section()
13:55:42.844 [main] INFO  stepDefinitions.HomePageSteps - BDD Step: Verifying About Us in footer
  And I should see "About Us" in footer          # stepDefinitions.HomePageSteps.i_should_see_in_footer(java.lang.String)
13:55:42.844 [main] INFO  stepDefinitions.HomePageSteps - BDD Step: Verifying Get in Touch in footer
  And I should see "Get in Touch" in footer      # stepDefinitions.HomePageSteps.i_should_see_in_footer(java.lang.String)
13:55:42.845 [main] INFO  stepDefinitions.HomePageSteps - BDD Step: Verifying contact information in footer
  And I should see contact information in footer # stepDefinitions.HomePageSteps.i_should_see_contact_information_in_footer()
13:55:42.846 [main] INFO  hooks.Hooks - Finishing BDD scenario: Verify footer elements - Status: PASSED
13:55:43.849 [main] INFO  hooks.Hooks - BDD test cleanup completed for scenario: Verify footer elements
]]></system-out>
  </testcase>
  <testcase name="Verify carousel functionality" classname="DemoBlaze Home Page" time="6.799">
    <system-out><![CDATA[
@HomePage @UI @Carousel @UI
Scenario: Verify carousel functionality       # src/test/resources/features/HomePage.feature:68
13:55:43.855 [main] INFO  hooks.Hooks - Starting BDD scenario: Verify carousel functionality
13:55:43.855 [main] INFO  hooks.Hooks - BDD test environment configured for scenario: Verify carousel functionality
13:55:43.857 [main] INFO  stepDefinitions.HomePageSteps - BDD Step: Navigating to DemoBlaze home page
13:55:43.857 [main] INFO  pages.HomePage - BDD: Opening home page
13:55:43.857 [main] INFO  pages.HomePage - Opening DemoBlaze home page
13:55:43.857 [main] INFO  c.c.s.WebDriverThreadLocalContainer - No webdriver is bound to current thread: 1 - let's create a new webdriver
13:55:46.715 [main] INFO  c.c.s.webdriver.BrowserResizer - Set browser size to 1920x1080
13:55:46.997 [main] INFO  c.c.s.webdriver.WebDriverFactory - Selenide 7.10.0 / Selenium 4.35.0 / firefox 140.3.0 linux
13:55:49.374 [main] INFO  pages.HomePage - Home page opened successfully
  Given I navigate to the DemoBlaze home page # stepDefinitions.HomePageSteps.i_navigate_to_the_demoblaze_home_page()
13:55:49.374 [main] INFO  stepDefinitions.HomePageSteps - BDD Step: Viewing home page content
  When I view the home page                   # stepDefinitions.HomePageSteps.i_view_the_home_page()
13:55:49.375 [main] INFO  stepDefinitions.HomePageSteps - BDD Step: Verifying product carousel
13:55:49.375 [main] INFO  pages.HomePage - Verifying carousel elements are visible
13:55:49.609 [main] INFO  pages.HomePage - Carousel elements verified successfully
  Then I should see the product carousel      # stepDefinitions.HomePageSteps.i_should_see_the_product_carousel()
13:55:49.610 [main] INFO  stepDefinitions.HomePageSteps - BDD Step: Verifying carousel functionality
  And the carousel should be functional       # stepDefinitions.HomePageSteps.the_carousel_should_be_functional()
13:55:49.611 [main] INFO  hooks.Hooks - Finishing BDD scenario: Verify carousel functionality - Status: PASSED
13:55:50.649 [main] INFO  hooks.Hooks - BDD test cleanup completed for scenario: Verify carousel functionality
]]></system-out>
  </testcase>
  <testcase name="Place order successfully with valid details" classname="DemoBlaze Order Placement" time="17.56">
    <failure message="Alert not found&#10;Screenshot: file:/app/target/screenshots/1758894966874.3.png&#10;Page source: file:/app/target/screenshots/1758894966874.3.html&#10;Timeout: 4 s.&#10;Caused by: TimeoutException: Expected condition failed: waiting for alert to be present (tried for 4 second(s) with 200 milliseconds interval)" type="Alert not found&#10;Screenshot"><![CDATA[Alert not found
Screenshot: file:/app/target/screenshots/1758894966874.3.png
Page source: file:/app/target/screenshots/1758894966874.3.html
Timeout: 4 s.
Caused by: TimeoutException: Expected condition failed: waiting for alert to be present (tried for 4 second(s) with 200 milliseconds interval)
	at com.codeborne.selenide.SelenideTargetLocator.alertNotFoundError(SelenideTargetLocator.java:308)
	at com.codeborne.selenide.SelenideTargetLocator.alert(SelenideTargetLocator.java:182)
	at com.codeborne.selenide.SelenideTargetLocator.alert(SelenideTargetLocator.java:172)
	at stepDefinitions.OrderPlacementSteps.i_should_see_order_success_message(OrderPlacementSteps.java:103)
	at ✽.I should see order success message(file:///app/src/test/resources/features/OrderPlacement.feature:25)
Caused by: org.openqa.selenium.TimeoutException: Expected condition failed: waiting for alert to be present (tried for 4 second(s) with 200 milliseconds interval)
Build info: version: '4.35.0', revision: '1c58e5028b'
System info: os.name: 'Linux', os.arch: 'amd64', os.version: '6.6.87.2-microsoft-standard-WSL2', java.version: '21'
Driver info: driver.version: unknown
	at org.openqa.selenium.support.ui.FluentWait.timeoutException(FluentWait.java:265)
	at org.openqa.selenium.support.ui.FluentWait.until(FluentWait.java:228)
	at com.codeborne.selenide.SelenideTargetLocator.alert(SelenideTargetLocator.java:179)
	at com.codeborne.selenide.SelenideTargetLocator.alert(SelenideTargetLocator.java:172)
	at stepDefinitions.OrderPlacementSteps.i_should_see_order_success_message(OrderPlacementSteps.java:103)
	at java.base/java.lang.reflect.Method.invoke(Method.java:580)
	at io.cucumber.java.Invoker.doInvoke(Invoker.java:66)
	at io.cucumber.java.Invoker.invoke(Invoker.java:24)
	at io.cucumber.java.AbstractGlueDefinition.invokeMethod(AbstractGlueDefinition.java:47)
	at io.cucumber.java.JavaStepDefinition.execute(JavaStepDefinition.java:29)
	at io.cucumber.core.runner.CoreStepDefinition.execute(CoreStepDefinition.java:66)
	at io.cucumber.core.runner.PickleStepDefinitionMatch.runStep(PickleStepDefinitionMatch.java:63)
	at io.cucumber.core.runner.ExecutionMode$1.execute(ExecutionMode.java:10)
	at io.cucumber.core.runner.TestStep.executeStep(TestStep.java:84)
	at io.cucumber.core.runner.TestStep.run(TestStep.java:56)
	at io.cucumber.core.runner.PickleStepTestStep.run(PickleStepTestStep.java:51)
	at io.cucumber.core.runner.TestCase.run(TestCase.java:84)
	at io.cucumber.core.runner.Runner.runPickle(Runner.java:75)
	at io.cucumber.junit.PickleRunners$NoStepDescriptions.lambda$run$0(PickleRunners.java:151)
	at io.cucumber.core.runtime.CucumberExecutionContext.lambda$runTestCase$5(CucumberExecutionContext.java:137)
	at io.cucumber.core.runtime.RethrowingThrowableCollector.executeAndThrow(RethrowingThrowableCollector.java:23)
	at io.cucumber.core.runtime.CucumberExecutionContext.runTestCase(CucumberExecutionContext.java:137)
	at io.cucumber.junit.PickleRunners$NoStepDescriptions.run(PickleRunners.java:148)
	at io.cucumber.junit.FeatureRunner.runChild(FeatureRunner.java:144)
	at io.cucumber.junit.FeatureRunner.runChild(FeatureRunner.java:28)
	at io.cucumber.junit.FeatureRunner.run(FeatureRunner.java:137)
	at io.cucumber.junit.Cucumber.runChild(Cucumber.java:196)
	at io.cucumber.junit.Cucumber.runChild(Cucumber.java:89)
	at io.cucumber.core.runtime.CucumberExecutionContext.lambda$runFeatures$6(CucumberExecutionContext.java:148)
	at io.cucumber.core.runtime.CucumberExecutionContext.execute(CucumberExecutionContext.java:163)
	at io.cucumber.core.runtime.CucumberExecutionContext.runFeatures(CucumberExecutionContext.java:146)
	at io.cucumber.junit.Cucumber$StartAndFinishTestRun.evaluate(Cucumber.java:226)
]]></failure>
    <system-out><![CDATA[
@OrderPlacement @E2E @regression @PlaceOrder @Smoke
Scenario: Place order successfully with valid details # src/test/resources/features/OrderPlacement.feature:11
13:55:50.671 [main] INFO  hooks.Hooks - Starting BDD scenario: Place order successfully with valid details
13:55:50.671 [main] INFO  hooks.Hooks - BDD test environment configured for scenario: Place order successfully with valid details
13:55:50.672 [main] INFO  stepDefinitions.HomePageSteps - BDD Step: Navigating to DemoBlaze home page
13:55:50.672 [main] INFO  pages.HomePage - BDD: Opening home page
13:55:50.672 [main] INFO  pages.HomePage - Opening DemoBlaze home page
13:55:50.672 [main] INFO  c.c.s.WebDriverThreadLocalContainer - No webdriver is bound to current thread: 1 - let's create a new webdriver
13:55:53.576 [main] INFO  c.c.s.webdriver.BrowserResizer - Set browser size to 1920x1080
13:55:53.860 [main] INFO  c.c.s.webdriver.WebDriverFactory - Selenide 7.10.0 / Selenium 4.35.0 / firefox 140.3.0 linux
13:55:56.103 [main] INFO  pages.HomePage - Home page opened successfully
  Given I navigate to the DemoBlaze home page         # stepDefinitions.HomePageSteps.i_navigate_to_the_demoblaze_home_page()
13:55:56.104 [main] INFO  stepDefinitions.CartSteps - BDD Step: Adding Samsung galaxy s6 to cart
13:55:56.104 [main] INFO  pages.HomePage - BDD: Clicking on first product: Samsung galaxy s6
13:55:56.104 [main] INFO  pages.HomePage - Clicking on first product: Samsung galaxy s6
13:55:58.244 [main] INFO  pages.HomePage - Successfully clicked on first product: Samsung galaxy s6
13:55:58.245 [main] INFO  pages.ProductDetailsPage - BDD: Adding product to cart
13:55:58.245 [main] INFO  pages.ProductDetailsPage - Clicking 'Add to cart' button
13:55:59.414 [main] INFO  pages.ProductDetailsPage - Successfully clicked 'Add to cart' button
13:56:00.266 [main] INFO  pages.HomePage - BDD: Opening home page
13:56:00.266 [main] INFO  pages.HomePage - Opening DemoBlaze home page
13:56:00.601 [main] INFO  pages.HomePage - Home page opened successfully
  Given I add "Samsung galaxy s6" to cart             # stepDefinitions.CartSteps.i_add_to_cart(java.lang.String)
13:56:00.602 [main] INFO  stepDefinitions.CartSteps - BDD Step: Navigating to cart page
13:56:00.603 [main] INFO  pages.HomePage - BDD: Navigating to cart
13:56:00.603 [main] INFO  pages.HomePage - Navigating to cart page
13:56:01.365 [main] INFO  pages.HomePage - Successfully navigated to cart page
  When I navigate to cart page                        # stepDefinitions.CartSteps.i_navigate_to_cart_page()
13:56:01.367 [main] INFO  stepDefinitions.OrderPlacementSteps - BDD Step: Clicking place order button
13:56:01.367 [main] INFO  pages.CartPage - Clicking 'Place Order' button
13:56:01.663 [main] INFO  pages.CartPage - Successfully clicked 'Place Order' button
  And I click place order button                      # stepDefinitions.OrderPlacementSteps.i_click_place_order_button()
13:56:01.665 [main] INFO  stepDefinitions.OrderPlacementSteps - BDD Step: Verifying order placement form is displayed
13:56:01.665 [main] INFO  pages.OrderPlacementPage - Verifying order placement form is visible
13:56:02.086 [main] INFO  pages.OrderPlacementPage - Order placement form verified successfully
  Then I should see the order placement form          # stepDefinitions.OrderPlacementSteps.i_should_see_the_order_placement_form()
13:56:02.088 [main] INFO  stepDefinitions.OrderPlacementSteps - BDD Step: Filling order details with valid information
13:56:02.088 [main] INFO  pages.OrderPlacementPage - Filling complete order details for customer: John Doe
13:56:02.088 [main] INFO  pages.OrderPlacementPage - Filling name field with: John Doe
13:56:02.271 [main] INFO  pages.OrderPlacementPage - Filling country field with: USA
13:56:02.330 [main] INFO  pages.OrderPlacementPage - Filling city field with: New York
13:56:02.379 [main] INFO  pages.OrderPlacementPage - Filling credit card field
13:56:02.436 [main] INFO  pages.OrderPlacementPage - Filling month field with: 12
13:56:02.482 [main] INFO  pages.OrderPlacementPage - Filling year field with: 2025
13:56:02.530 [main] INFO  pages.OrderPlacementPage - Order details filled successfully for customer: John Doe
13:56:02.530 [main] INFO  stepDefinitions.OrderPlacementSteps - BDD Step: Order details filled for customer: John Doe
  When I fill order details with valid information:   # stepDefinitions.OrderPlacementSteps.i_fill_order_details_with_valid_information(io.cucumber.datatable.DataTable)
    | field      | value            |
    | name       | John Doe         |
    | country    | USA              |
    | city       | New York         |
    | creditCard | 1234567890123456 |
    | month      | 12               |
    | year       | 2025             |
13:56:02.531 [main] INFO  stepDefinitions.OrderPlacementSteps - BDD Step: Clicking purchase button
13:56:02.531 [main] INFO  pages.OrderPlacementPage - Clicking 'Purchase' button to complete order
13:56:02.781 [main] INFO  pages.OrderPlacementPage - Purchase button clicked successfully
  And I click purchase button                         # stepDefinitions.OrderPlacementSteps.i_click_purchase_button()
13:56:02.782 [main] INFO  stepDefinitions.OrderPlacementSteps - BDD Step: Verifying order success message
13:56:06.885 [main] INFO  c.c.selenide.impl.AttachmentPrinter - [[ATTACHMENT|/app/target/screenshots/1758894966874.3.html]]
13:56:06.997 [main] INFO  c.c.selenide.impl.AttachmentPrinter - [[ATTACHMENT|/app/target/screenshots/1758894966874.3.png]]
  Then I should see order success message             # stepDefinitions.OrderPlacementSteps.i_should_see_order_success_message()
      Alert not found
Screenshot: file:/app/target/screenshots/1758894966874.3.png
Page source: file:/app/target/screenshots/1758894966874.3.html
Timeout: 4 s.
Caused by: TimeoutException: Expected condition failed: waiting for alert to be present (tried for 4 second(s) with 200 milliseconds interval)
	at com.codeborne.selenide.SelenideTargetLocator.alertNotFoundError(SelenideTargetLocator.java:308)
	at com.codeborne.selenide.SelenideTargetLocator.alert(SelenideTargetLocator.java:182)
	at com.codeborne.selenide.SelenideTargetLocator.alert(SelenideTargetLocator.java:172)
	at stepDefinitions.OrderPlacementSteps.i_should_see_order_success_message(OrderPlacementSteps.java:103)
	at ✽.I should see order success message(file:///app/src/test/resources/features/OrderPlacement.feature:25)
Caused by: org.openqa.selenium.TimeoutException: Expected condition failed: waiting for alert to be present (tried for 4 second(s) with 200 milliseconds interval)
Build info: version: '4.35.0', revision: '1c58e5028b'
System info: os.name: 'Linux', os.arch: 'amd64', os.version: '6.6.87.2-microsoft-standard-WSL2', java.version: '21'
Driver info: driver.version: unknown
	at org.openqa.selenium.support.ui.FluentWait.timeoutException(FluentWait.java:265)
	at org.openqa.selenium.support.ui.FluentWait.until(FluentWait.java:228)
	at com.codeborne.selenide.SelenideTargetLocator.alert(SelenideTargetLocator.java:179)
	at com.codeborne.selenide.SelenideTargetLocator.alert(SelenideTargetLocator.java:172)
	at stepDefinitions.OrderPlacementSteps.i_should_see_order_success_message(OrderPlacementSteps.java:103)
	at java.base/jdk.internal.reflect.DirectMethodHandleAccessor.invoke(DirectMethodHandleAccessor.java:103)
	at java.base/java.lang.reflect.Method.invoke(Method.java:580)
	at io.cucumber.java.Invoker.doInvoke(Invoker.java:66)
	at io.cucumber.java.Invoker.invoke(Invoker.java:24)
	at io.cucumber.java.AbstractGlueDefinition.invokeMethod(AbstractGlueDefinition.java:47)
	at io.cucumber.java.JavaStepDefinition.execute(JavaStepDefinition.java:29)
	at io.cucumber.core.runner.CoreStepDefinition.execute(CoreStepDefinition.java:66)
	at io.cucumber.core.runner.PickleStepDefinitionMatch.runStep(PickleStepDefinitionMatch.java:63)
	at io.cucumber.core.runner.ExecutionMode$1.execute(ExecutionMode.java:10)
	at io.cucumber.core.runner.TestStep.executeStep(TestStep.java:84)
	at io.cucumber.core.runner.TestStep.run(TestStep.java:56)
	at io.cucumber.core.runner.PickleStepTestStep.run(PickleStepTestStep.java:51)
	at io.cucumber.core.runner.TestCase.run(TestCase.java:84)
	at io.cucumber.core.runner.Runner.runPickle(Runner.java:75)
	at io.cucumber.junit.PickleRunners$NoStepDescriptions.lambda$run$0(PickleRunners.java:151)
	at io.cucumber.core.runtime.CucumberExecutionContext.lambda$runTestCase$5(CucumberExecutionContext.java:137)
	at io.cucumber.core.runtime.RethrowingThrowableCollector.executeAndThrow(RethrowingThrowableCollector.java:23)
	at io.cucumber.core.runtime.CucumberExecutionContext.runTestCase(CucumberExecutionContext.java:137)
	at io.cucumber.junit.PickleRunners$NoStepDescriptions.run(PickleRunners.java:148)
	at io.cucumber.junit.FeatureRunner.runChild(FeatureRunner.java:144)
	at io.cucumber.junit.FeatureRunner.runChild(FeatureRunner.java:28)
	at org.junit.runners.ParentRunner$4.run(ParentRunner.java:331)
	at org.junit.runners.ParentRunner$1.schedule(ParentRunner.java:79)
	at org.junit.runners.ParentRunner.runChildren(ParentRunner.java:329)
	at org.junit.runners.ParentRunner.access$100(ParentRunner.java:66)
	at org.junit.runners.ParentRunner$2.evaluate(ParentRunner.java:293)
	at org.junit.runners.ParentRunner$3.evaluate(ParentRunner.java:306)
	at org.junit.runners.ParentRunner.run(ParentRunner.java:413)
	at io.cucumber.junit.FeatureRunner.run(FeatureRunner.java:137)
	at io.cucumber.junit.Cucumber.runChild(Cucumber.java:196)
	at io.cucumber.junit.Cucumber.runChild(Cucumber.java:89)
	at org.junit.runners.ParentRunner$4.run(ParentRunner.java:331)
	at org.junit.runners.ParentRunner$1.schedule(ParentRunner.java:79)
	at org.junit.runners.ParentRunner.runChildren(ParentRunner.java:329)
	at org.junit.runners.ParentRunner.access$100(ParentRunner.java:66)
	at org.junit.runners.ParentRunner$2.evaluate(ParentRunner.java:293)
	at io.cucumber.core.runtime.CucumberExecutionContext.lambda$runFeatures$6(CucumberExecutionContext.java:148)
	at io.cucumber.core.runtime.CucumberExecutionContext.execute(CucumberExecutionContext.java:163)
	at io.cucumber.core.runtime.CucumberExecutionContext.runFeatures(CucumberExecutionContext.java:146)
	at io.cucumber.junit.Cucumber$StartAndFinishTestRun.evaluate(Cucumber.java:226)
	at org.junit.runners.ParentRunner$3.evaluate(ParentRunner.java:306)
	at org.junit.runners.ParentRunner.run(ParentRunner.java:413)
	at org.junit.runner.JUnitCore.run(JUnitCore.java:137)
	at org.junit.runner.JUnitCore.run(JUnitCore.java:115)
	at org.junit.vintage.engine.execution.RunnerExecutor.execute(RunnerExecutor.java:42)
	at org.junit.vintage.engine.VintageTestEngine.executeAllChildren(VintageTestEngine.java:80)
	at org.junit.vintage.engine.VintageTestEngine.execute(VintageTestEngine.java:72)
	at org.junit.platform.launcher.core.EngineExecutionOrchestrator.execute(EngineExecutionOrchestrator.java:198)
	at org.junit.platform.launcher.core.EngineExecutionOrchestrator.execute(EngineExecutionOrchestrator.java:169)
	at org.junit.platform.launcher.core.EngineExecutionOrchestrator.execute(EngineExecutionOrchestrator.java:93)
	at org.junit.platform.launcher.core.EngineExecutionOrchestrator.lambda$execute$0(EngineExecutionOrchestrator.java:58)
	at org.junit.platform.launcher.core.EngineExecutionOrchestrator.withInterceptedStreams(EngineExecutionOrchestrator.java:141)
	at org.junit.platform.launcher.core.EngineExecutionOrchestrator.execute(EngineExecutionOrchestrator.java:57)
	at org.junit.platform.launcher.core.DefaultLauncher.execute(DefaultLauncher.java:103)
	at org.junit.platform.launcher.core.DefaultLauncher.execute(DefaultLauncher.java:85)
	at org.junit.platform.launcher.core.DelegatingLauncher.execute(DelegatingLauncher.java:47)
	at org.apache.maven.surefire.junitplatform.LazyLauncher.execute(LazyLauncher.java:55)
	at org.apache.maven.surefire.junitplatform.JUnitPlatformProvider.execute(JUnitPlatformProvider.java:223)
	at org.apache.maven.surefire.junitplatform.JUnitPlatformProvider.invokeAllTests(JUnitPlatformProvider.java:175)
	at org.apache.maven.surefire.junitplatform.JUnitPlatformProvider.invoke(JUnitPlatformProvider.java:139)
	at org.apache.maven.surefire.booter.ForkedBooter.runSuitesInProcess(ForkedBooter.java:456)
	at org.apache.maven.surefire.booter.ForkedBooter.execute(ForkedBooter.java:169)
	at org.apache.maven.surefire.booter.ForkedBooter.run(ForkedBooter.java:595)
	at org.apache.maven.surefire.booter.ForkedBooter.main(ForkedBooter.java:581)

  And I should see order confirmation with details    # stepDefinitions.OrderPlacementSteps.i_should_see_order_confirmation_with_details()
13:56:07.000 [main] INFO  hooks.Hooks - Finishing BDD scenario: Place order successfully with valid details - Status: FAILED
13:56:07.000 [main] ERROR hooks.Hooks - Scenario failed: Place order successfully with valid details
13:56:07.010 [main] INFO  c.c.selenide.impl.AttachmentPrinter - [[ATTACHMENT|/app/target/screenshots/failed_scenario_1758894967000.html]]
13:56:07.162 [main] INFO  c.c.selenide.impl.AttachmentPrinter - [[ATTACHMENT|/app/target/screenshots/failed_scenario_1758894967000.png]]
13:56:07.162 [main] ERROR hooks.Hooks - Failed to capture screenshot: file:/app/target/screenshots/failed_scenario_1758894967000.png
13:56:08.213 [main] INFO  hooks.Hooks - BDD test cleanup completed for scenario: Place order successfully with valid details
]]></system-out>
  </testcase>
  <testcase name="Validate order form fields" classname="DemoBlaze Order Placement" time="13.093">
    <system-out><![CDATA[
@OrderPlacement @E2E @regression @OrderValidation @Functional
Scenario: Validate order form fields          # src/test/resources/features/OrderPlacement.feature:29
13:56:08.224 [main] INFO  hooks.Hooks - Starting BDD scenario: Validate order form fields
13:56:08.224 [main] INFO  hooks.Hooks - BDD test environment configured for scenario: Validate order form fields
13:56:08.225 [main] INFO  stepDefinitions.HomePageSteps - BDD Step: Navigating to DemoBlaze home page
13:56:08.225 [main] INFO  pages.HomePage - BDD: Opening home page
13:56:08.225 [main] INFO  pages.HomePage - Opening DemoBlaze home page
13:56:08.225 [main] INFO  c.c.s.WebDriverThreadLocalContainer - No webdriver is bound to current thread: 1 - let's create a new webdriver
13:56:10.949 [main] INFO  c.c.s.webdriver.BrowserResizer - Set browser size to 1920x1080
13:56:11.215 [main] INFO  c.c.s.webdriver.WebDriverFactory - Selenide 7.10.0 / Selenium 4.35.0 / firefox 140.3.0 linux
13:56:13.977 [main] INFO  pages.HomePage - Home page opened successfully
  Given I navigate to the DemoBlaze home page # stepDefinitions.HomePageSteps.i_navigate_to_the_demoblaze_home_page()
13:56:13.978 [main] INFO  stepDefinitions.CartSteps - BDD Step: Adding Nokia lumia 1520 to cart
13:56:13.978 [main] INFO  pages.HomePage - BDD: Clicking on first product: Nokia lumia 1520
13:56:13.978 [main] INFO  pages.HomePage - Clicking on first product: Nokia lumia 1520
13:56:15.901 [main] INFO  pages.HomePage - Successfully clicked on first product: Nokia lumia 1520
13:56:15.901 [main] INFO  pages.ProductDetailsPage - BDD: Adding product to cart
13:56:15.901 [main] INFO  pages.ProductDetailsPage - Clicking 'Add to cart' button
13:56:17.128 [main] INFO  pages.ProductDetailsPage - Successfully clicked 'Add to cart' button
13:56:18.010 [main] INFO  pages.HomePage - BDD: Opening home page
13:56:18.010 [main] INFO  pages.HomePage - Opening DemoBlaze home page
13:56:18.273 [main] INFO  pages.HomePage - Home page opened successfully
  Given I add "Nokia lumia 1520" to cart      # stepDefinitions.CartSteps.i_add_to_cart(java.lang.String)
13:56:18.274 [main] INFO  stepDefinitions.CartSteps - BDD Step: Navigating to cart page
13:56:18.274 [main] INFO  pages.HomePage - BDD: Navigating to cart
13:56:18.274 [main] INFO  pages.HomePage - Navigating to cart page
13:56:19.321 [main] INFO  pages.HomePage - Successfully navigated to cart page
  When I navigate to cart page                # stepDefinitions.CartSteps.i_navigate_to_cart_page()
13:56:19.322 [main] INFO  stepDefinitions.OrderPlacementSteps - BDD Step: Clicking place order button
13:56:19.322 [main] INFO  pages.CartPage - Clicking 'Place Order' button
13:56:19.683 [main] INFO  pages.CartPage - Successfully clicked 'Place Order' button
  And I click place order button              # stepDefinitions.OrderPlacementSteps.i_click_place_order_button()
13:56:19.684 [main] INFO  stepDefinitions.OrderPlacementSteps - BDD Step: Verifying order placement form is displayed
13:56:19.684 [main] INFO  pages.OrderPlacementPage - Verifying order placement form is visible
13:56:19.854 [main] INFO  pages.OrderPlacementPage - Order placement form verified successfully
  Then I should see the order placement form  # stepDefinitions.OrderPlacementSteps.i_should_see_the_order_placement_form()
13:56:19.855 [main] INFO  stepDefinitions.OrderPlacementSteps - BDD Step: Verifying all required order fields
13:56:19.856 [main] INFO  pages.OrderPlacementPage - Verifying order placement form is visible
13:56:20.029 [main] INFO  pages.OrderPlacementPage - Order placement form verified successfully
13:56:20.029 [main] INFO  stepDefinitions.OrderPlacementSteps - BDD Step: All required order fields verified
  And I should see all required order fields: # stepDefinitions.OrderPlacementSteps.i_should_see_all_required_order_fields(io.cucumber.datatable.DataTable)
    | field      |
    | name       |
    | country    |
    | city       |
    | creditCard |
    | month      |
    | year       |
13:56:20.030 [main] INFO  stepDefinitions.OrderPlacementSteps - BDD Step: Verifying purchase button is visible
  And I should see purchase button            # stepDefinitions.OrderPlacementSteps.i_should_see_purchase_button()
13:56:20.030 [main] INFO  stepDefinitions.OrderPlacementSteps - BDD Step: Verifying close button is visible
  And I should see close button               # stepDefinitions.OrderPlacementSteps.i_should_see_close_button()
13:56:20.031 [main] INFO  hooks.Hooks - Finishing BDD scenario: Validate order form fields - Status: PASSED
13:56:21.311 [main] INFO  hooks.Hooks - BDD test cleanup completed for scenario: Validate order form fields
]]></system-out>
  </testcase>
  <testcase name="Validate order form with different data combinations #1" classname="DemoBlaze Order Placement" time="21.731">
    <failure message="Alert not found&#10;Screenshot: file:/app/target/screenshots/1758895001605.4.png&#10;Page source: file:/app/target/screenshots/1758895001605.4.html&#10;Timeout: 4 s.&#10;Caused by: TimeoutException: Expected condition failed: waiting for alert to be present (tried for 4 second(s) with 200 milliseconds interval)" type="Alert not found&#10;Screenshot"><![CDATA[Alert not found
Screenshot: file:/app/target/screenshots/1758895001605.4.png
Page source: file:/app/target/screenshots/1758895001605.4.html
Timeout: 4 s.
Caused by: TimeoutException: Expected condition failed: waiting for alert to be present (tried for 4 second(s) with 200 milliseconds interval)
	at com.codeborne.selenide.SelenideTargetLocator.alertNotFoundError(SelenideTargetLocator.java:308)
	at com.codeborne.selenide.SelenideTargetLocator.alert(SelenideTargetLocator.java:182)
	at com.codeborne.selenide.SelenideTargetLocator.alert(SelenideTargetLocator.java:172)
	at stepDefinitions.OrderPlacementSteps.i_should_see_appropriate_response_for_order(OrderPlacementSteps.java:162)
	at ✽.I should see appropriate response for order "valid_order"(file:///app/src/test/resources/features/OrderPlacement.feature:59)
Caused by: org.openqa.selenium.TimeoutException: Expected condition failed: waiting for alert to be present (tried for 4 second(s) with 200 milliseconds interval)
Build info: version: '4.35.0', revision: '1c58e5028b'
System info: os.name: 'Linux', os.arch: 'amd64', os.version: '6.6.87.2-microsoft-standard-WSL2', java.version: '21'
Driver info: driver.version: unknown
	at org.openqa.selenium.support.ui.FluentWait.timeoutException(FluentWait.java:265)
	at org.openqa.selenium.support.ui.FluentWait.until(FluentWait.java:228)
	at com.codeborne.selenide.SelenideTargetLocator.alert(SelenideTargetLocator.java:179)
	at com.codeborne.selenide.SelenideTargetLocator.alert(SelenideTargetLocator.java:172)
	at stepDefinitions.OrderPlacementSteps.i_should_see_appropriate_response_for_order(OrderPlacementSteps.java:162)
	at java.base/java.lang.reflect.Method.invoke(Method.java:580)
	at io.cucumber.java.Invoker.doInvoke(Invoker.java:66)
	at io.cucumber.java.Invoker.invoke(Invoker.java:24)
	at io.cucumber.java.AbstractGlueDefinition.invokeMethod(AbstractGlueDefinition.java:47)
	at io.cucumber.java.JavaStepDefinition.execute(JavaStepDefinition.java:29)
	at io.cucumber.core.runner.CoreStepDefinition.execute(CoreStepDefinition.java:66)
	at io.cucumber.core.runner.PickleStepDefinitionMatch.runStep(PickleStepDefinitionMatch.java:63)
	at io.cucumber.core.runner.ExecutionMode$1.execute(ExecutionMode.java:10)
	at io.cucumber.core.runner.TestStep.executeStep(TestStep.java:84)
	at io.cucumber.core.runner.TestStep.run(TestStep.java:56)
	at io.cucumber.core.runner.PickleStepTestStep.run(PickleStepTestStep.java:51)
	at io.cucumber.core.runner.TestCase.run(TestCase.java:84)
	at io.cucumber.core.runner.Runner.runPickle(Runner.java:75)
	at io.cucumber.junit.PickleRunners$NoStepDescriptions.lambda$run$0(PickleRunners.java:151)
	at io.cucumber.core.runtime.CucumberExecutionContext.lambda$runTestCase$5(CucumberExecutionContext.java:137)
	at io.cucumber.core.runtime.RethrowingThrowableCollector.executeAndThrow(RethrowingThrowableCollector.java:23)
	at io.cucumber.core.runtime.CucumberExecutionContext.runTestCase(CucumberExecutionContext.java:137)
	at io.cucumber.junit.PickleRunners$NoStepDescriptions.run(PickleRunners.java:148)
	at io.cucumber.junit.FeatureRunner.runChild(FeatureRunner.java:144)
	at io.cucumber.junit.FeatureRunner.runChild(FeatureRunner.java:28)
	at io.cucumber.junit.FeatureRunner.run(FeatureRunner.java:137)
	at io.cucumber.junit.Cucumber.runChild(Cucumber.java:196)
	at io.cucumber.junit.Cucumber.runChild(Cucumber.java:89)
	at io.cucumber.core.runtime.CucumberExecutionContext.lambda$runFeatures$6(CucumberExecutionContext.java:148)
	at io.cucumber.core.runtime.CucumberExecutionContext.execute(CucumberExecutionContext.java:163)
	at io.cucumber.core.runtime.CucumberExecutionContext.runFeatures(CucumberExecutionContext.java:146)
	at io.cucumber.junit.Cucumber$StartAndFinishTestRun.evaluate(Cucumber.java:226)
]]></failure>
    <system-out><![CDATA[
@OrderPlacement @E2E @regression @OrderFormValidation @Edge
Scenario Outline: Validate order form with different data combinations # src/test/resources/features/OrderPlacement.feature:63
13:56:21.323 [main] INFO  hooks.Hooks - Starting BDD scenario: Validate order form with different data combinations
13:56:21.323 [main] INFO  hooks.Hooks - BDD test environment configured for scenario: Validate order form with different data combinations
13:56:21.324 [main] INFO  stepDefinitions.HomePageSteps - BDD Step: Navigating to DemoBlaze home page
13:56:21.324 [main] INFO  pages.HomePage - BDD: Opening home page
13:56:21.324 [main] INFO  pages.HomePage - Opening DemoBlaze home page
13:56:21.324 [main] INFO  c.c.s.WebDriverThreadLocalContainer - No webdriver is bound to current thread: 1 - let's create a new webdriver
13:56:24.225 [main] INFO  c.c.s.webdriver.BrowserResizer - Set browser size to 1920x1080
13:56:24.520 [main] INFO  c.c.s.webdriver.WebDriverFactory - Selenide 7.10.0 / Selenium 4.35.0 / firefox 140.3.0 linux
13:56:29.521 [main] INFO  pages.HomePage - Home page opened successfully
  Given I navigate to the DemoBlaze home page                          # stepDefinitions.HomePageSteps.i_navigate_to_the_demoblaze_home_page()
13:56:29.522 [main] INFO  stepDefinitions.CartSteps - BDD Step: Adding Nexus 6 to cart
13:56:29.522 [main] INFO  pages.HomePage - BDD: Clicking on first product: Nexus 6
13:56:29.522 [main] INFO  pages.HomePage - Clicking on first product: Nexus 6
13:56:32.877 [main] INFO  pages.HomePage - Successfully clicked on first product: Nexus 6
13:56:32.878 [main] INFO  pages.ProductDetailsPage - BDD: Adding product to cart
13:56:32.878 [main] INFO  pages.ProductDetailsPage - Clicking 'Add to cart' button
13:56:34.019 [main] INFO  pages.ProductDetailsPage - Successfully clicked 'Add to cart' button
13:56:34.657 [main] INFO  pages.HomePage - BDD: Opening home page
13:56:34.657 [main] INFO  pages.HomePage - Opening DemoBlaze home page
13:56:35.692 [main] INFO  pages.HomePage - Home page opened successfully
  Given I add "Nexus 6" to cart                                        # stepDefinitions.CartSteps.i_add_to_cart(java.lang.String)
13:56:35.693 [main] INFO  stepDefinitions.CartSteps - BDD Step: Navigating to cart page
13:56:35.693 [main] INFO  pages.HomePage - BDD: Navigating to cart
13:56:35.693 [main] INFO  pages.HomePage - Navigating to cart page
13:56:36.512 [main] INFO  pages.HomePage - Successfully navigated to cart page
  When I navigate to cart page                                         # stepDefinitions.CartSteps.i_navigate_to_cart_page()
13:56:36.513 [main] INFO  stepDefinitions.OrderPlacementSteps - BDD Step: Clicking place order button
13:56:36.513 [main] INFO  pages.CartPage - Clicking 'Place Order' button
13:56:36.856 [main] INFO  pages.CartPage - Successfully clicked 'Place Order' button
  And I click place order button                                       # stepDefinitions.OrderPlacementSteps.i_click_place_order_button()
13:56:36.859 [main] INFO  stepDefinitions.OrderPlacementSteps - BDD Step: Filling order details with specified data
13:56:36.859 [main] INFO  pages.OrderPlacementPage - Filling complete order details for customer: John Doe
13:56:36.859 [main] INFO  pages.OrderPlacementPage - Filling name field with: John Doe
13:56:36.981 [main] INFO  pages.OrderPlacementPage - Filling country field with: USA
13:56:37.031 [main] INFO  pages.OrderPlacementPage - Filling city field with: New York
13:56:37.093 [main] INFO  pages.OrderPlacementPage - Filling credit card field
13:56:37.157 [main] INFO  pages.OrderPlacementPage - Filling month field with: 12
13:56:37.201 [main] INFO  pages.OrderPlacementPage - Filling year field with: 2025
13:56:37.254 [main] INFO  pages.OrderPlacementPage - Order details filled successfully for customer: John Doe
13:56:37.254 [main] INFO  stepDefinitions.OrderPlacementSteps - BDD Step: Order details filled with specified data
  And I fill order details:                                            # stepDefinitions.OrderPlacementSteps.i_fill_order_details(io.cucumber.datatable.DataTable)
    | field      | value            |
    | name       | John Doe         |
    | country    | USA              |
    | city       | New York         |
    | creditCard | 1234567890123456 |
    | month      | 12               |
    | year       | 2025             |
13:56:37.255 [main] INFO  stepDefinitions.OrderPlacementSteps - BDD Step: Clicking purchase button
13:56:37.255 [main] INFO  pages.OrderPlacementPage - Clicking 'Purchase' button to complete order
13:56:37.529 [main] INFO  pages.OrderPlacementPage - Purchase button clicked successfully
  And I click purchase button                                          # stepDefinitions.OrderPlacementSteps.i_click_purchase_button()
13:56:37.530 [main] INFO  stepDefinitions.OrderPlacementSteps - BDD Step: Verifying response for order scenario: valid_order
13:56:41.617 [main] INFO  c.c.selenide.impl.AttachmentPrinter - [[ATTACHMENT|/app/target/screenshots/1758895001605.4.html]]
13:56:41.727 [main] INFO  c.c.selenide.impl.AttachmentPrinter - [[ATTACHMENT|/app/target/screenshots/1758895001605.4.png]]
  Then I should see appropriate response for order "valid_order"       # stepDefinitions.OrderPlacementSteps.i_should_see_appropriate_response_for_order(java.lang.String)
      Alert not found
Screenshot: file:/app/target/screenshots/1758895001605.4.png
Page source: file:/app/target/screenshots/1758895001605.4.html
Timeout: 4 s.
Caused by: TimeoutException: Expected condition failed: waiting for alert to be present (tried for 4 second(s) with 200 milliseconds interval)
	at com.codeborne.selenide.SelenideTargetLocator.alertNotFoundError(SelenideTargetLocator.java:308)
	at com.codeborne.selenide.SelenideTargetLocator.alert(SelenideTargetLocator.java:182)
	at com.codeborne.selenide.SelenideTargetLocator.alert(SelenideTargetLocator.java:172)
	at stepDefinitions.OrderPlacementSteps.i_should_see_appropriate_response_for_order(OrderPlacementSteps.java:162)
	at ✽.I should see appropriate response for order "valid_order"(file:///app/src/test/resources/features/OrderPlacement.feature:59)
Caused by: org.openqa.selenium.TimeoutException: Expected condition failed: waiting for alert to be present (tried for 4 second(s) with 200 milliseconds interval)
Build info: version: '4.35.0', revision: '1c58e5028b'
System info: os.name: 'Linux', os.arch: 'amd64', os.version: '6.6.87.2-microsoft-standard-WSL2', java.version: '21'
Driver info: driver.version: unknown
	at org.openqa.selenium.support.ui.FluentWait.timeoutException(FluentWait.java:265)
	at org.openqa.selenium.support.ui.FluentWait.until(FluentWait.java:228)
	at com.codeborne.selenide.SelenideTargetLocator.alert(SelenideTargetLocator.java:179)
	at com.codeborne.selenide.SelenideTargetLocator.alert(SelenideTargetLocator.java:172)
	at stepDefinitions.OrderPlacementSteps.i_should_see_appropriate_response_for_order(OrderPlacementSteps.java:162)
	at java.base/jdk.internal.reflect.DirectMethodHandleAccessor.invoke(DirectMethodHandleAccessor.java:103)
	at java.base/java.lang.reflect.Method.invoke(Method.java:580)
	at io.cucumber.java.Invoker.doInvoke(Invoker.java:66)
	at io.cucumber.java.Invoker.invoke(Invoker.java:24)
	at io.cucumber.java.AbstractGlueDefinition.invokeMethod(AbstractGlueDefinition.java:47)
	at io.cucumber.java.JavaStepDefinition.execute(JavaStepDefinition.java:29)
	at io.cucumber.core.runner.CoreStepDefinition.execute(CoreStepDefinition.java:66)
	at io.cucumber.core.runner.PickleStepDefinitionMatch.runStep(PickleStepDefinitionMatch.java:63)
	at io.cucumber.core.runner.ExecutionMode$1.execute(ExecutionMode.java:10)
	at io.cucumber.core.runner.TestStep.executeStep(TestStep.java:84)
	at io.cucumber.core.runner.TestStep.run(TestStep.java:56)
	at io.cucumber.core.runner.PickleStepTestStep.run(PickleStepTestStep.java:51)
	at io.cucumber.core.runner.TestCase.run(TestCase.java:84)
	at io.cucumber.core.runner.Runner.runPickle(Runner.java:75)
	at io.cucumber.junit.PickleRunners$NoStepDescriptions.lambda$run$0(PickleRunners.java:151)
	at io.cucumber.core.runtime.CucumberExecutionContext.lambda$runTestCase$5(CucumberExecutionContext.java:137)
	at io.cucumber.core.runtime.RethrowingThrowableCollector.executeAndThrow(RethrowingThrowableCollector.java:23)
	at io.cucumber.core.runtime.CucumberExecutionContext.runTestCase(CucumberExecutionContext.java:137)
	at io.cucumber.junit.PickleRunners$NoStepDescriptions.run(PickleRunners.java:148)
	at io.cucumber.junit.FeatureRunner.runChild(FeatureRunner.java:144)
	at io.cucumber.junit.FeatureRunner.runChild(FeatureRunner.java:28)
	at org.junit.runners.ParentRunner$4.run(ParentRunner.java:331)
	at org.junit.runners.ParentRunner$1.schedule(ParentRunner.java:79)
	at org.junit.runners.ParentRunner.runChildren(ParentRunner.java:329)
	at org.junit.runners.ParentRunner.access$100(ParentRunner.java:66)
	at org.junit.runners.ParentRunner$2.evaluate(ParentRunner.java:293)
	at org.junit.runners.ParentRunner$3.evaluate(ParentRunner.java:306)
	at org.junit.runners.ParentRunner.run(ParentRunner.java:413)
	at io.cucumber.junit.FeatureRunner.run(FeatureRunner.java:137)
	at io.cucumber.junit.Cucumber.runChild(Cucumber.java:196)
	at io.cucumber.junit.Cucumber.runChild(Cucumber.java:89)
	at org.junit.runners.ParentRunner$4.run(ParentRunner.java:331)
	at org.junit.runners.ParentRunner$1.schedule(ParentRunner.java:79)
	at org.junit.runners.ParentRunner.runChildren(ParentRunner.java:329)
	at org.junit.runners.ParentRunner.access$100(ParentRunner.java:66)
	at org.junit.runners.ParentRunner$2.evaluate(ParentRunner.java:293)
	at io.cucumber.core.runtime.CucumberExecutionContext.lambda$runFeatures$6(CucumberExecutionContext.java:148)
	at io.cucumber.core.runtime.CucumberExecutionContext.execute(CucumberExecutionContext.java:163)
	at io.cucumber.core.runtime.CucumberExecutionContext.runFeatures(CucumberExecutionContext.java:146)
	at io.cucumber.junit.Cucumber$StartAndFinishTestRun.evaluate(Cucumber.java:226)
	at org.junit.runners.ParentRunner$3.evaluate(ParentRunner.java:306)
	at org.junit.runners.ParentRunner.run(ParentRunner.java:413)
	at org.junit.runner.JUnitCore.run(JUnitCore.java:137)
	at org.junit.runner.JUnitCore.run(JUnitCore.java:115)
	at org.junit.vintage.engine.execution.RunnerExecutor.execute(RunnerExecutor.java:42)
	at org.junit.vintage.engine.VintageTestEngine.executeAllChildren(VintageTestEngine.java:80)
	at org.junit.vintage.engine.VintageTestEngine.execute(VintageTestEngine.java:72)
	at org.junit.platform.launcher.core.EngineExecutionOrchestrator.execute(EngineExecutionOrchestrator.java:198)
	at org.junit.platform.launcher.core.EngineExecutionOrchestrator.execute(EngineExecutionOrchestrator.java:169)
	at org.junit.platform.launcher.core.EngineExecutionOrchestrator.execute(EngineExecutionOrchestrator.java:93)
	at org.junit.platform.launcher.core.EngineExecutionOrchestrator.lambda$execute$0(EngineExecutionOrchestrator.java:58)
	at org.junit.platform.launcher.core.EngineExecutionOrchestrator.withInterceptedStreams(EngineExecutionOrchestrator.java:141)
	at org.junit.platform.launcher.core.EngineExecutionOrchestrator.execute(EngineExecutionOrchestrator.java:57)
	at org.junit.platform.launcher.core.DefaultLauncher.execute(DefaultLauncher.java:103)
	at org.junit.platform.launcher.core.DefaultLauncher.execute(DefaultLauncher.java:85)
	at org.junit.platform.launcher.core.DelegatingLauncher.execute(DelegatingLauncher.java:47)
	at org.apache.maven.surefire.junitplatform.LazyLauncher.execute(LazyLauncher.java:55)
	at org.apache.maven.surefire.junitplatform.JUnitPlatformProvider.execute(JUnitPlatformProvider.java:223)
	at org.apache.maven.surefire.junitplatform.JUnitPlatformProvider.invokeAllTests(JUnitPlatformProvider.java:175)
	at org.apache.maven.surefire.junitplatform.JUnitPlatformProvider.invoke(JUnitPlatformProvider.java:139)
	at org.apache.maven.surefire.booter.ForkedBooter.runSuitesInProcess(ForkedBooter.java:456)
	at org.apache.maven.surefire.booter.ForkedBooter.execute(ForkedBooter.java:169)
	at org.apache.maven.surefire.booter.ForkedBooter.run(ForkedBooter.java:595)
	at org.apache.maven.surefire.booter.ForkedBooter.main(ForkedBooter.java:581)

13:56:41.730 [main] INFO  hooks.Hooks - Finishing BDD scenario: Validate order form with different data combinations - Status: FAILED
13:56:41.730 [main] ERROR hooks.Hooks - Scenario failed: Validate order form with different data combinations
13:56:41.739 [main] INFO  c.c.selenide.impl.AttachmentPrinter - [[ATTACHMENT|/app/target/screenshots/failed_scenario_1758895001730.html]]
13:56:41.891 [main] INFO  c.c.selenide.impl.AttachmentPrinter - [[ATTACHMENT|/app/target/screenshots/failed_scenario_1758895001730.png]]
13:56:41.892 [main] ERROR hooks.Hooks - Failed to capture screenshot: file:/app/target/screenshots/failed_scenario_1758895001730.png
13:56:43.046 [main] INFO  hooks.Hooks - BDD test cleanup completed for scenario: Validate order form with different data combinations
]]></system-out>
  </testcase>
  <testcase name="Validate order form with different data combinations #2" classname="DemoBlaze Order Placement" time="13.9">
    <system-out><![CDATA[
@OrderPlacement @E2E @regression @OrderFormValidation @Edge
Scenario Outline: Validate order form with different data combinations # src/test/resources/features/OrderPlacement.feature:64
13:56:43.056 [main] INFO  hooks.Hooks - Starting BDD scenario: Validate order form with different data combinations
13:56:43.056 [main] INFO  hooks.Hooks - BDD test environment configured for scenario: Validate order form with different data combinations
13:56:43.057 [main] INFO  stepDefinitions.HomePageSteps - BDD Step: Navigating to DemoBlaze home page
13:56:43.057 [main] INFO  pages.HomePage - BDD: Opening home page
13:56:43.057 [main] INFO  pages.HomePage - Opening DemoBlaze home page
13:56:43.057 [main] INFO  c.c.s.WebDriverThreadLocalContainer - No webdriver is bound to current thread: 1 - let's create a new webdriver
13:56:45.923 [main] INFO  c.c.s.webdriver.BrowserResizer - Set browser size to 1920x1080
13:56:46.197 [main] INFO  c.c.s.webdriver.WebDriverFactory - Selenide 7.10.0 / Selenium 4.35.0 / firefox 140.3.0 linux
13:56:49.857 [main] INFO  pages.HomePage - Home page opened successfully
  Given I navigate to the DemoBlaze home page                          # stepDefinitions.HomePageSteps.i_navigate_to_the_demoblaze_home_page()
13:56:49.858 [main] INFO  stepDefinitions.CartSteps - BDD Step: Adding Nexus 6 to cart
13:56:49.858 [main] INFO  pages.HomePage - BDD: Clicking on first product: Nexus 6
13:56:49.858 [main] INFO  pages.HomePage - Clicking on first product: Nexus 6
13:56:52.186 [main] INFO  pages.HomePage - Successfully clicked on first product: Nexus 6
13:56:52.186 [main] INFO  pages.ProductDetailsPage - BDD: Adding product to cart
13:56:52.186 [main] INFO  pages.ProductDetailsPage - Clicking 'Add to cart' button
13:56:53.365 [main] INFO  pages.ProductDetailsPage - Successfully clicked 'Add to cart' button
13:56:53.993 [main] INFO  pages.HomePage - BDD: Opening home page
13:56:53.993 [main] INFO  pages.HomePage - Opening DemoBlaze home page
13:56:54.164 [main] INFO  pages.HomePage - Home page opened successfully
  Given I add "Nexus 6" to cart                                        # stepDefinitions.CartSteps.i_add_to_cart(java.lang.String)
13:56:54.164 [main] INFO  stepDefinitions.CartSteps - BDD Step: Navigating to cart page
13:56:54.165 [main] INFO  pages.HomePage - BDD: Navigating to cart
13:56:54.165 [main] INFO  pages.HomePage - Navigating to cart page
13:56:54.901 [main] INFO  pages.HomePage - Successfully navigated to cart page
  When I navigate to cart page                                         # stepDefinitions.CartSteps.i_navigate_to_cart_page()
13:56:54.902 [main] INFO  stepDefinitions.OrderPlacementSteps - BDD Step: Clicking place order button
13:56:54.902 [main] INFO  pages.CartPage - Clicking 'Place Order' button
13:56:55.223 [main] INFO  pages.CartPage - Successfully clicked 'Place Order' button
  And I click place order button                                       # stepDefinitions.OrderPlacementSteps.i_click_place_order_button()
13:56:55.224 [main] INFO  stepDefinitions.OrderPlacementSteps - BDD Step: Filling order details with specified data
13:56:55.224 [main] INFO  pages.OrderPlacementPage - Filling complete order details for customer: 
13:56:55.225 [main] INFO  pages.OrderPlacementPage - Filling name field with: 
13:56:55.274 [main] INFO  pages.OrderPlacementPage - Filling country field with: USA
13:56:55.411 [main] INFO  pages.OrderPlacementPage - Filling city field with: New York
13:56:55.478 [main] INFO  pages.OrderPlacementPage - Filling credit card field
13:56:55.583 [main] INFO  pages.OrderPlacementPage - Filling month field with: 12
13:56:55.667 [main] INFO  pages.OrderPlacementPage - Filling year field with: 2025
13:56:55.748 [main] INFO  pages.OrderPlacementPage - Order details filled successfully for customer: 
13:56:55.748 [main] INFO  stepDefinitions.OrderPlacementSteps - BDD Step: Order details filled with specified data
  And I fill order details:                                            # stepDefinitions.OrderPlacementSteps.i_fill_order_details(io.cucumber.datatable.DataTable)
    | field      | value            |
    | name       | [empty]          |
    | country    | USA              |
    | city       | New York         |
    | creditCard | 1234567890123456 |
    | month      | 12               |
    | year       | 2025             |
13:56:55.748 [main] INFO  stepDefinitions.OrderPlacementSteps - BDD Step: Clicking purchase button
13:56:55.748 [main] INFO  pages.OrderPlacementPage - Clicking 'Purchase' button to complete order
13:56:55.862 [main] INFO  pages.OrderPlacementPage - Purchase button clicked successfully
  And I click purchase button                                          # stepDefinitions.OrderPlacementSteps.i_click_purchase_button()
13:56:55.863 [main] INFO  stepDefinitions.OrderPlacementSteps - BDD Step: Verifying response for order scenario: missing_name
13:56:55.868 [main] INFO  stepDefinitions.OrderPlacementSteps - Alert message for scenario missing_name: Please fill out Name and Creditcard.
  Then I should see appropriate response for order "missing_name"      # stepDefinitions.OrderPlacementSteps.i_should_see_appropriate_response_for_order(java.lang.String)
13:56:55.922 [main] INFO  hooks.Hooks - Finishing BDD scenario: Validate order form with different data combinations - Status: PASSED
13:56:56.948 [main] INFO  hooks.Hooks - BDD test cleanup completed for scenario: Validate order form with different data combinations
]]></system-out>
  </testcase>
  <testcase name="Validate order form with different data combinations #3" classname="DemoBlaze Order Placement" time="26.497">
    <failure message="Alert not found&#10;Screenshot: file:/app/target/screenshots/1758895042036.5.png&#10;Page source: file:/app/target/screenshots/1758895042036.5.html&#10;Timeout: 4 s.&#10;Caused by: TimeoutException: Expected condition failed: waiting for alert to be present (tried for 4 second(s) with 200 milliseconds interval)" type="Alert not found&#10;Screenshot"><![CDATA[Alert not found
Screenshot: file:/app/target/screenshots/1758895042036.5.png
Page source: file:/app/target/screenshots/1758895042036.5.html
Timeout: 4 s.
Caused by: TimeoutException: Expected condition failed: waiting for alert to be present (tried for 4 second(s) with 200 milliseconds interval)
	at com.codeborne.selenide.SelenideTargetLocator.alertNotFoundError(SelenideTargetLocator.java:308)
	at com.codeborne.selenide.SelenideTargetLocator.alert(SelenideTargetLocator.java:182)
	at com.codeborne.selenide.SelenideTargetLocator.alert(SelenideTargetLocator.java:172)
	at stepDefinitions.OrderPlacementSteps.i_should_see_appropriate_response_for_order(OrderPlacementSteps.java:162)
	at ✽.I should see appropriate response for order "missing_country"(file:///app/src/test/resources/features/OrderPlacement.feature:59)
Caused by: org.openqa.selenium.TimeoutException: Expected condition failed: waiting for alert to be present (tried for 4 second(s) with 200 milliseconds interval)
Build info: version: '4.35.0', revision: '1c58e5028b'
System info: os.name: 'Linux', os.arch: 'amd64', os.version: '6.6.87.2-microsoft-standard-WSL2', java.version: '21'
Driver info: driver.version: unknown
	at org.openqa.selenium.support.ui.FluentWait.timeoutException(FluentWait.java:265)
	at org.openqa.selenium.support.ui.FluentWait.until(FluentWait.java:228)
	at com.codeborne.selenide.SelenideTargetLocator.alert(SelenideTargetLocator.java:179)
	at com.codeborne.selenide.SelenideTargetLocator.alert(SelenideTargetLocator.java:172)
	at stepDefinitions.OrderPlacementSteps.i_should_see_appropriate_response_for_order(OrderPlacementSteps.java:162)
	at java.base/java.lang.reflect.Method.invoke(Method.java:580)
	at io.cucumber.java.Invoker.doInvoke(Invoker.java:66)
	at io.cucumber.java.Invoker.invoke(Invoker.java:24)
	at io.cucumber.java.AbstractGlueDefinition.invokeMethod(AbstractGlueDefinition.java:47)
	at io.cucumber.java.JavaStepDefinition.execute(JavaStepDefinition.java:29)
	at io.cucumber.core.runner.CoreStepDefinition.execute(CoreStepDefinition.java:66)
	at io.cucumber.core.runner.PickleStepDefinitionMatch.runStep(PickleStepDefinitionMatch.java:63)
	at io.cucumber.core.runner.ExecutionMode$1.execute(ExecutionMode.java:10)
	at io.cucumber.core.runner.TestStep.executeStep(TestStep.java:84)
	at io.cucumber.core.runner.TestStep.run(TestStep.java:56)
	at io.cucumber.core.runner.PickleStepTestStep.run(PickleStepTestStep.java:51)
	at io.cucumber.core.runner.TestCase.run(TestCase.java:84)
	at io.cucumber.core.runner.Runner.runPickle(Runner.java:75)
	at io.cucumber.junit.PickleRunners$NoStepDescriptions.lambda$run$0(PickleRunners.java:151)
	at io.cucumber.core.runtime.CucumberExecutionContext.lambda$runTestCase$5(CucumberExecutionContext.java:137)
	at io.cucumber.core.runtime.RethrowingThrowableCollector.executeAndThrow(RethrowingThrowableCollector.java:23)
	at io.cucumber.core.runtime.CucumberExecutionContext.runTestCase(CucumberExecutionContext.java:137)
	at io.cucumber.junit.PickleRunners$NoStepDescriptions.run(PickleRunners.java:148)
	at io.cucumber.junit.FeatureRunner.runChild(FeatureRunner.java:144)
	at io.cucumber.junit.FeatureRunner.runChild(FeatureRunner.java:28)
	at io.cucumber.junit.FeatureRunner.run(FeatureRunner.java:137)
	at io.cucumber.junit.Cucumber.runChild(Cucumber.java:196)
	at io.cucumber.junit.Cucumber.runChild(Cucumber.java:89)
	at io.cucumber.core.runtime.CucumberExecutionContext.lambda$runFeatures$6(CucumberExecutionContext.java:148)
	at io.cucumber.core.runtime.CucumberExecutionContext.execute(CucumberExecutionContext.java:163)
	at io.cucumber.core.runtime.CucumberExecutionContext.runFeatures(CucumberExecutionContext.java:146)
	at io.cucumber.junit.Cucumber$StartAndFinishTestRun.evaluate(Cucumber.java:226)
]]></failure>
    <system-out><![CDATA[
@OrderPlacement @E2E @regression @OrderFormValidation @Edge
Scenario Outline: Validate order form with different data combinations # src/test/resources/features/OrderPlacement.feature:65
13:56:56.956 [main] INFO  hooks.Hooks - Starting BDD scenario: Validate order form with different data combinations
13:56:56.956 [main] INFO  hooks.Hooks - BDD test environment configured for scenario: Validate order form with different data combinations
13:56:56.956 [main] INFO  stepDefinitions.HomePageSteps - BDD Step: Navigating to DemoBlaze home page
13:56:56.957 [main] INFO  pages.HomePage - BDD: Opening home page
13:56:56.957 [main] INFO  pages.HomePage - Opening DemoBlaze home page
13:56:56.957 [main] INFO  c.c.s.WebDriverThreadLocalContainer - No webdriver is bound to current thread: 1 - let's create a new webdriver
13:56:59.630 [main] INFO  c.c.s.webdriver.BrowserResizer - Set browser size to 1920x1080
13:56:59.914 [main] INFO  c.c.s.webdriver.WebDriverFactory - Selenide 7.10.0 / Selenium 4.35.0 / firefox 140.3.0 linux
13:57:10.479 [main] INFO  pages.HomePage - Home page opened successfully
  Given I navigate to the DemoBlaze home page                          # stepDefinitions.HomePageSteps.i_navigate_to_the_demoblaze_home_page()
13:57:10.481 [main] INFO  stepDefinitions.CartSteps - BDD Step: Adding Nexus 6 to cart
13:57:10.481 [main] INFO  pages.HomePage - BDD: Clicking on first product: Nexus 6
13:57:10.481 [main] INFO  pages.HomePage - Clicking on first product: Nexus 6
13:57:14.061 [main] INFO  pages.HomePage - Successfully clicked on first product: Nexus 6
13:57:14.061 [main] INFO  pages.ProductDetailsPage - BDD: Adding product to cart
13:57:14.061 [main] INFO  pages.ProductDetailsPage - Clicking 'Add to cart' button
13:57:15.178 [main] INFO  pages.ProductDetailsPage - Successfully clicked 'Add to cart' button
13:57:15.805 [main] INFO  pages.HomePage - BDD: Opening home page
13:57:15.805 [main] INFO  pages.HomePage - Opening DemoBlaze home page
13:57:16.164 [main] INFO  pages.HomePage - Home page opened successfully
  Given I add "Nexus 6" to cart                                        # stepDefinitions.CartSteps.i_add_to_cart(java.lang.String)
13:57:16.164 [main] INFO  stepDefinitions.CartSteps - BDD Step: Navigating to cart page
13:57:16.164 [main] INFO  pages.HomePage - BDD: Navigating to cart
13:57:16.164 [main] INFO  pages.HomePage - Navigating to cart page
13:57:16.997 [main] INFO  pages.HomePage - Successfully navigated to cart page
  When I navigate to cart page                                         # stepDefinitions.CartSteps.i_navigate_to_cart_page()
13:57:16.998 [main] INFO  stepDefinitions.OrderPlacementSteps - BDD Step: Clicking place order button
13:57:16.998 [main] INFO  pages.CartPage - Clicking 'Place Order' button
13:57:17.301 [main] INFO  pages.CartPage - Successfully clicked 'Place Order' button
  And I click place order button                                       # stepDefinitions.OrderPlacementSteps.i_click_place_order_button()
13:57:17.302 [main] INFO  stepDefinitions.OrderPlacementSteps - BDD Step: Filling order details with specified data
13:57:17.302 [main] INFO  pages.OrderPlacementPage - Filling complete order details for customer: John Doe
13:57:17.303 [main] INFO  pages.OrderPlacementPage - Filling name field with: John Doe
13:57:17.437 [main] INFO  pages.OrderPlacementPage - Filling country field with: 
13:57:17.486 [main] INFO  pages.OrderPlacementPage - Filling city field with: New York
13:57:17.540 [main] INFO  pages.OrderPlacementPage - Filling credit card field
13:57:17.594 [main] INFO  pages.OrderPlacementPage - Filling month field with: 12
13:57:17.642 [main] INFO  pages.OrderPlacementPage - Filling year field with: 2025
13:57:17.695 [main] INFO  pages.OrderPlacementPage - Order details filled successfully for customer: John Doe
13:57:17.695 [main] INFO  stepDefinitions.OrderPlacementSteps - BDD Step: Order details filled with specified data
  And I fill order details:                                            # stepDefinitions.OrderPlacementSteps.i_fill_order_details(io.cucumber.datatable.DataTable)
    | field      | value            |
    | name       | John Doe         |
    | country    | [empty]          |
    | city       | New York         |
    | creditCard | 1234567890123456 |
    | month      | 12               |
    | year       | 2025             |
13:57:17.696 [main] INFO  stepDefinitions.OrderPlacementSteps - BDD Step: Clicking purchase button
13:57:17.696 [main] INFO  pages.OrderPlacementPage - Clicking 'Purchase' button to complete order
13:57:17.955 [main] INFO  pages.OrderPlacementPage - Purchase button clicked successfully
  And I click purchase button                                          # stepDefinitions.OrderPlacementSteps.i_click_purchase_button()
13:57:17.956 [main] INFO  stepDefinitions.OrderPlacementSteps - BDD Step: Verifying response for order scenario: missing_country
13:57:22.047 [main] INFO  c.c.selenide.impl.AttachmentPrinter - [[ATTACHMENT|/app/target/screenshots/1758895042036.5.html]]
13:57:22.169 [main] INFO  c.c.selenide.impl.AttachmentPrinter - [[ATTACHMENT|/app/target/screenshots/1758895042036.5.png]]
  Then I should see appropriate response for order "missing_country"   # stepDefinitions.OrderPlacementSteps.i_should_see_appropriate_response_for_order(java.lang.String)
      Alert not found
Screenshot: file:/app/target/screenshots/1758895042036.5.png
Page source: file:/app/target/screenshots/1758895042036.5.html
Timeout: 4 s.
Caused by: TimeoutException: Expected condition failed: waiting for alert to be present (tried for 4 second(s) with 200 milliseconds interval)
	at com.codeborne.selenide.SelenideTargetLocator.alertNotFoundError(SelenideTargetLocator.java:308)
	at com.codeborne.selenide.SelenideTargetLocator.alert(SelenideTargetLocator.java:182)
	at com.codeborne.selenide.SelenideTargetLocator.alert(SelenideTargetLocator.java:172)
	at stepDefinitions.OrderPlacementSteps.i_should_see_appropriate_response_for_order(OrderPlacementSteps.java:162)
	at ✽.I should see appropriate response for order "missing_country"(file:///app/src/test/resources/features/OrderPlacement.feature:59)
Caused by: org.openqa.selenium.TimeoutException: Expected condition failed: waiting for alert to be present (tried for 4 second(s) with 200 milliseconds interval)
Build info: version: '4.35.0', revision: '1c58e5028b'
System info: os.name: 'Linux', os.arch: 'amd64', os.version: '6.6.87.2-microsoft-standard-WSL2', java.version: '21'
Driver info: driver.version: unknown
	at org.openqa.selenium.support.ui.FluentWait.timeoutException(FluentWait.java:265)
	at org.openqa.selenium.support.ui.FluentWait.until(FluentWait.java:228)
	at com.codeborne.selenide.SelenideTargetLocator.alert(SelenideTargetLocator.java:179)
	at com.codeborne.selenide.SelenideTargetLocator.alert(SelenideTargetLocator.java:172)
	at stepDefinitions.OrderPlacementSteps.i_should_see_appropriate_response_for_order(OrderPlacementSteps.java:162)
	at java.base/jdk.internal.reflect.DirectMethodHandleAccessor.invoke(DirectMethodHandleAccessor.java:103)
	at java.base/java.lang.reflect.Method.invoke(Method.java:580)
	at io.cucumber.java.Invoker.doInvoke(Invoker.java:66)
	at io.cucumber.java.Invoker.invoke(Invoker.java:24)
	at io.cucumber.java.AbstractGlueDefinition.invokeMethod(AbstractGlueDefinition.java:47)
	at io.cucumber.java.JavaStepDefinition.execute(JavaStepDefinition.java:29)
	at io.cucumber.core.runner.CoreStepDefinition.execute(CoreStepDefinition.java:66)
	at io.cucumber.core.runner.PickleStepDefinitionMatch.runStep(PickleStepDefinitionMatch.java:63)
	at io.cucumber.core.runner.ExecutionMode$1.execute(ExecutionMode.java:10)
	at io.cucumber.core.runner.TestStep.executeStep(TestStep.java:84)
	at io.cucumber.core.runner.TestStep.run(TestStep.java:56)
	at io.cucumber.core.runner.PickleStepTestStep.run(PickleStepTestStep.java:51)
	at io.cucumber.core.runner.TestCase.run(TestCase.java:84)
	at io.cucumber.core.runner.Runner.runPickle(Runner.java:75)
	at io.cucumber.junit.PickleRunners$NoStepDescriptions.lambda$run$0(PickleRunners.java:151)
	at io.cucumber.core.runtime.CucumberExecutionContext.lambda$runTestCase$5(CucumberExecutionContext.java:137)
	at io.cucumber.core.runtime.RethrowingThrowableCollector.executeAndThrow(RethrowingThrowableCollector.java:23)
	at io.cucumber.core.runtime.CucumberExecutionContext.runTestCase(CucumberExecutionContext.java:137)
	at io.cucumber.junit.PickleRunners$NoStepDescriptions.run(PickleRunners.java:148)
	at io.cucumber.junit.FeatureRunner.runChild(FeatureRunner.java:144)
	at io.cucumber.junit.FeatureRunner.runChild(FeatureRunner.java:28)
	at org.junit.runners.ParentRunner$4.run(ParentRunner.java:331)
	at org.junit.runners.ParentRunner$1.schedule(ParentRunner.java:79)
	at org.junit.runners.ParentRunner.runChildren(ParentRunner.java:329)
	at org.junit.runners.ParentRunner.access$100(ParentRunner.java:66)
	at org.junit.runners.ParentRunner$2.evaluate(ParentRunner.java:293)
	at org.junit.runners.ParentRunner$3.evaluate(ParentRunner.java:306)
	at org.junit.runners.ParentRunner.run(ParentRunner.java:413)
	at io.cucumber.junit.FeatureRunner.run(FeatureRunner.java:137)
	at io.cucumber.junit.Cucumber.runChild(Cucumber.java:196)
	at io.cucumber.junit.Cucumber.runChild(Cucumber.java:89)
	at org.junit.runners.ParentRunner$4.run(ParentRunner.java:331)
	at org.junit.runners.ParentRunner$1.schedule(ParentRunner.java:79)
	at org.junit.runners.ParentRunner.runChildren(ParentRunner.java:329)
	at org.junit.runners.ParentRunner.access$100(ParentRunner.java:66)
	at org.junit.runners.ParentRunner$2.evaluate(ParentRunner.java:293)
	at io.cucumber.core.runtime.CucumberExecutionContext.lambda$runFeatures$6(CucumberExecutionContext.java:148)
	at io.cucumber.core.runtime.CucumberExecutionContext.execute(CucumberExecutionContext.java:163)
	at io.cucumber.core.runtime.CucumberExecutionContext.runFeatures(CucumberExecutionContext.java:146)
	at io.cucumber.junit.Cucumber$StartAndFinishTestRun.evaluate(Cucumber.java:226)
	at org.junit.runners.ParentRunner$3.evaluate(ParentRunner.java:306)
	at org.junit.runners.ParentRunner.run(ParentRunner.java:413)
	at org.junit.runner.JUnitCore.run(JUnitCore.java:137)
	at org.junit.runner.JUnitCore.run(JUnitCore.java:115)
	at org.junit.vintage.engine.execution.RunnerExecutor.execute(RunnerExecutor.java:42)
	at org.junit.vintage.engine.VintageTestEngine.executeAllChildren(VintageTestEngine.java:80)
	at org.junit.vintage.engine.VintageTestEngine.execute(VintageTestEngine.java:72)
	at org.junit.platform.launcher.core.EngineExecutionOrchestrator.execute(EngineExecutionOrchestrator.java:198)
	at org.junit.platform.launcher.core.EngineExecutionOrchestrator.execute(EngineExecutionOrchestrator.java:169)
	at org.junit.platform.launcher.core.EngineExecutionOrchestrator.execute(EngineExecutionOrchestrator.java:93)
	at org.junit.platform.launcher.core.EngineExecutionOrchestrator.lambda$execute$0(EngineExecutionOrchestrator.java:58)
	at org.junit.platform.launcher.core.EngineExecutionOrchestrator.withInterceptedStreams(EngineExecutionOrchestrator.java:141)
	at org.junit.platform.launcher.core.EngineExecutionOrchestrator.execute(EngineExecutionOrchestrator.java:57)
	at org.junit.platform.launcher.core.DefaultLauncher.execute(DefaultLauncher.java:103)
	at org.junit.platform.launcher.core.DefaultLauncher.execute(DefaultLauncher.java:85)
	at org.junit.platform.launcher.core.DelegatingLauncher.execute(DelegatingLauncher.java:47)
	at org.apache.maven.surefire.junitplatform.LazyLauncher.execute(LazyLauncher.java:55)
	at org.apache.maven.surefire.junitplatform.JUnitPlatformProvider.execute(JUnitPlatformProvider.java:223)
	at org.apache.maven.surefire.junitplatform.JUnitPlatformProvider.invokeAllTests(JUnitPlatformProvider.java:175)
	at org.apache.maven.surefire.junitplatform.JUnitPlatformProvider.invoke(JUnitPlatformProvider.java:139)
	at org.apache.maven.surefire.booter.ForkedBooter.runSuitesInProcess(ForkedBooter.java:456)
	at org.apache.maven.surefire.booter.ForkedBooter.execute(ForkedBooter.java:169)
	at org.apache.maven.surefire.booter.ForkedBooter.run(ForkedBooter.java:595)
	at org.apache.maven.surefire.booter.ForkedBooter.main(ForkedBooter.java:581)

13:57:22.173 [main] INFO  hooks.Hooks - Finishing BDD scenario: Validate order form with different data combinations - Status: FAILED
13:57:22.173 [main] ERROR hooks.Hooks - Scenario failed: Validate order form with different data combinations
13:57:22.190 [main] INFO  c.c.selenide.impl.AttachmentPrinter - [[ATTACHMENT|/app/target/screenshots/failed_scenario_1758895042173.html]]
13:57:22.365 [main] INFO  c.c.selenide.impl.AttachmentPrinter - [[ATTACHMENT|/app/target/screenshots/failed_scenario_1758895042173.png]]
13:57:22.366 [main] ERROR hooks.Hooks - Failed to capture screenshot: file:/app/target/screenshots/failed_scenario_1758895042173.png
13:57:23.446 [main] INFO  hooks.Hooks - BDD test cleanup completed for scenario: Validate order form with different data combinations
]]></system-out>
  </testcase>
  <testcase name="Validate order form with different data combinations #4" classname="DemoBlaze Order Placement" time="24.708">
    <failure message="Alert not found&#10;Screenshot: file:/app/target/screenshots/1758895066878.6.png&#10;Page source: file:/app/target/screenshots/1758895066878.6.html&#10;Timeout: 4 s.&#10;Caused by: TimeoutException: Expected condition failed: waiting for alert to be present (tried for 4 second(s) with 200 milliseconds interval)" type="Alert not found&#10;Screenshot"><![CDATA[Alert not found
Screenshot: file:/app/target/screenshots/1758895066878.6.png
Page source: file:/app/target/screenshots/1758895066878.6.html
Timeout: 4 s.
Caused by: TimeoutException: Expected condition failed: waiting for alert to be present (tried for 4 second(s) with 200 milliseconds interval)
	at com.codeborne.selenide.SelenideTargetLocator.alertNotFoundError(SelenideTargetLocator.java:308)
	at com.codeborne.selenide.SelenideTargetLocator.alert(SelenideTargetLocator.java:182)
	at com.codeborne.selenide.SelenideTargetLocator.alert(SelenideTargetLocator.java:172)
	at stepDefinitions.OrderPlacementSteps.i_should_see_appropriate_response_for_order(OrderPlacementSteps.java:162)
	at ✽.I should see appropriate response for order "missing_city"(file:///app/src/test/resources/features/OrderPlacement.feature:59)
Caused by: org.openqa.selenium.TimeoutException: Expected condition failed: waiting for alert to be present (tried for 4 second(s) with 200 milliseconds interval)
Build info: version: '4.35.0', revision: '1c58e5028b'
System info: os.name: 'Linux', os.arch: 'amd64', os.version: '6.6.87.2-microsoft-standard-WSL2', java.version: '21'
Driver info: driver.version: unknown
	at org.openqa.selenium.support.ui.FluentWait.timeoutException(FluentWait.java:265)
	at org.openqa.selenium.support.ui.FluentWait.until(FluentWait.java:228)
	at com.codeborne.selenide.SelenideTargetLocator.alert(SelenideTargetLocator.java:179)
	at com.codeborne.selenide.SelenideTargetLocator.alert(SelenideTargetLocator.java:172)
	at stepDefinitions.OrderPlacementSteps.i_should_see_appropriate_response_for_order(OrderPlacementSteps.java:162)
	at java.base/java.lang.reflect.Method.invoke(Method.java:580)
	at io.cucumber.java.Invoker.doInvoke(Invoker.java:66)
	at io.cucumber.java.Invoker.invoke(Invoker.java:24)
	at io.cucumber.java.AbstractGlueDefinition.invokeMethod(AbstractGlueDefinition.java:47)
	at io.cucumber.java.JavaStepDefinition.execute(JavaStepDefinition.java:29)
	at io.cucumber.core.runner.CoreStepDefinition.execute(CoreStepDefinition.java:66)
	at io.cucumber.core.runner.PickleStepDefinitionMatch.runStep(PickleStepDefinitionMatch.java:63)
	at io.cucumber.core.runner.ExecutionMode$1.execute(ExecutionMode.java:10)
	at io.cucumber.core.runner.TestStep.executeStep(TestStep.java:84)
	at io.cucumber.core.runner.TestStep.run(TestStep.java:56)
	at io.cucumber.core.runner.PickleStepTestStep.run(PickleStepTestStep.java:51)
	at io.cucumber.core.runner.TestCase.run(TestCase.java:84)
	at io.cucumber.core.runner.Runner.runPickle(Runner.java:75)
	at io.cucumber.junit.PickleRunners$NoStepDescriptions.lambda$run$0(PickleRunners.java:151)
	at io.cucumber.core.runtime.CucumberExecutionContext.lambda$runTestCase$5(CucumberExecutionContext.java:137)
	at io.cucumber.core.runtime.RethrowingThrowableCollector.executeAndThrow(RethrowingThrowableCollector.java:23)
	at io.cucumber.core.runtime.CucumberExecutionContext.runTestCase(CucumberExecutionContext.java:137)
	at io.cucumber.junit.PickleRunners$NoStepDescriptions.run(PickleRunners.java:148)
	at io.cucumber.junit.FeatureRunner.runChild(FeatureRunner.java:144)
	at io.cucumber.junit.FeatureRunner.runChild(FeatureRunner.java:28)
	at io.cucumber.junit.FeatureRunner.run(FeatureRunner.java:137)
	at io.cucumber.junit.Cucumber.runChild(Cucumber.java:196)
	at io.cucumber.junit.Cucumber.runChild(Cucumber.java:89)
	at io.cucumber.core.runtime.CucumberExecutionContext.lambda$runFeatures$6(CucumberExecutionContext.java:148)
	at io.cucumber.core.runtime.CucumberExecutionContext.execute(CucumberExecutionContext.java:163)
	at io.cucumber.core.runtime.CucumberExecutionContext.runFeatures(CucumberExecutionContext.java:146)
	at io.cucumber.junit.Cucumber$StartAndFinishTestRun.evaluate(Cucumber.java:226)
]]></failure>
    <system-out><![CDATA[
@OrderPlacement @E2E @regression @OrderFormValidation @Edge
Scenario Outline: Validate order form with different data combinations # src/test/resources/features/OrderPlacement.feature:66
13:57:23.459 [main] INFO  hooks.Hooks - Starting BDD scenario: Validate order form with different data combinations
13:57:23.459 [main] INFO  hooks.Hooks - BDD test environment configured for scenario: Validate order form with different data combinations
13:57:23.461 [main] INFO  stepDefinitions.HomePageSteps - BDD Step: Navigating to DemoBlaze home page
13:57:23.461 [main] INFO  pages.HomePage - BDD: Opening home page
13:57:23.461 [main] INFO  pages.HomePage - Opening DemoBlaze home page
13:57:23.462 [main] INFO  c.c.s.WebDriverThreadLocalContainer - No webdriver is bound to current thread: 1 - let's create a new webdriver
13:57:28.005 [main] INFO  c.c.s.webdriver.BrowserResizer - Set browser size to 1920x1080
13:57:28.298 [main] INFO  c.c.s.webdriver.WebDriverFactory - Selenide 7.10.0 / Selenium 4.35.0 / firefox 140.3.0 linux
13:57:34.146 [main] INFO  pages.HomePage - Home page opened successfully
  Given I navigate to the DemoBlaze home page                          # stepDefinitions.HomePageSteps.i_navigate_to_the_demoblaze_home_page()
13:57:34.146 [main] INFO  stepDefinitions.CartSteps - BDD Step: Adding Nexus 6 to cart
13:57:34.146 [main] INFO  pages.HomePage - BDD: Clicking on first product: Nexus 6
13:57:34.146 [main] INFO  pages.HomePage - Clicking on first product: Nexus 6
13:57:38.538 [main] INFO  pages.HomePage - Successfully clicked on first product: Nexus 6
13:57:38.538 [main] INFO  pages.ProductDetailsPage - BDD: Adding product to cart
13:57:38.538 [main] INFO  pages.ProductDetailsPage - Clicking 'Add to cart' button
13:57:39.618 [main] INFO  pages.ProductDetailsPage - Successfully clicked 'Add to cart' button
13:57:40.283 [main] INFO  pages.HomePage - BDD: Opening home page
13:57:40.283 [main] INFO  pages.HomePage - Opening DemoBlaze home page
13:57:41.038 [main] INFO  pages.HomePage - Home page opened successfully
  Given I add "Nexus 6" to cart                                        # stepDefinitions.CartSteps.i_add_to_cart(java.lang.String)
13:57:41.039 [main] INFO  stepDefinitions.CartSteps - BDD Step: Navigating to cart page
13:57:41.039 [main] INFO  pages.HomePage - BDD: Navigating to cart
13:57:41.039 [main] INFO  pages.HomePage - Navigating to cart page
13:57:41.839 [main] INFO  pages.HomePage - Successfully navigated to cart page
  When I navigate to cart page                                         # stepDefinitions.CartSteps.i_navigate_to_cart_page()
13:57:41.840 [main] INFO  stepDefinitions.OrderPlacementSteps - BDD Step: Clicking place order button
13:57:41.840 [main] INFO  pages.CartPage - Clicking 'Place Order' button
13:57:42.134 [main] INFO  pages.CartPage - Successfully clicked 'Place Order' button
  And I click place order button                                       # stepDefinitions.OrderPlacementSteps.i_click_place_order_button()
13:57:42.135 [main] INFO  stepDefinitions.OrderPlacementSteps - BDD Step: Filling order details with specified data
13:57:42.135 [main] INFO  pages.OrderPlacementPage - Filling complete order details for customer: John Doe
13:57:42.136 [main] INFO  pages.OrderPlacementPage - Filling name field with: John Doe
13:57:42.303 [main] INFO  pages.OrderPlacementPage - Filling country field with: USA
13:57:42.370 [main] INFO  pages.OrderPlacementPage - Filling city field with: 
13:57:42.413 [main] INFO  pages.OrderPlacementPage - Filling credit card field
13:57:42.466 [main] INFO  pages.OrderPlacementPage - Filling month field with: 12
13:57:42.513 [main] INFO  pages.OrderPlacementPage - Filling year field with: 2025
13:57:42.557 [main] INFO  pages.OrderPlacementPage - Order details filled successfully for customer: John Doe
13:57:42.557 [main] INFO  stepDefinitions.OrderPlacementSteps - BDD Step: Order details filled with specified data
  And I fill order details:                                            # stepDefinitions.OrderPlacementSteps.i_fill_order_details(io.cucumber.datatable.DataTable)
    | field      | value            |
    | name       | John Doe         |
    | country    | USA              |
    | city       | [empty]          |
    | creditCard | 1234567890123456 |
    | month      | 12               |
    | year       | 2025             |
13:57:42.558 [main] INFO  stepDefinitions.OrderPlacementSteps - BDD Step: Clicking purchase button
13:57:42.558 [main] INFO  pages.OrderPlacementPage - Clicking 'Purchase' button to complete order
13:57:42.805 [main] INFO  pages.OrderPlacementPage - Purchase button clicked successfully
  And I click purchase button                                          # stepDefinitions.OrderPlacementSteps.i_click_purchase_button()
13:57:42.805 [main] INFO  stepDefinitions.OrderPlacementSteps - BDD Step: Verifying response for order scenario: missing_city
13:57:46.889 [main] INFO  c.c.selenide.impl.AttachmentPrinter - [[ATTACHMENT|/app/target/screenshots/1758895066878.6.html]]
13:57:46.991 [main] INFO  c.c.selenide.impl.AttachmentPrinter - [[ATTACHMENT|/app/target/screenshots/1758895066878.6.png]]
  Then I should see appropriate response for order "missing_city"      # stepDefinitions.OrderPlacementSteps.i_should_see_appropriate_response_for_order(java.lang.String)
      Alert not found
Screenshot: file:/app/target/screenshots/1758895066878.6.png
Page source: file:/app/target/screenshots/1758895066878.6.html
Timeout: 4 s.
Caused by: TimeoutException: Expected condition failed: waiting for alert to be present (tried for 4 second(s) with 200 milliseconds interval)
	at com.codeborne.selenide.SelenideTargetLocator.alertNotFoundError(SelenideTargetLocator.java:308)
	at com.codeborne.selenide.SelenideTargetLocator.alert(SelenideTargetLocator.java:182)
	at com.codeborne.selenide.SelenideTargetLocator.alert(SelenideTargetLocator.java:172)
	at stepDefinitions.OrderPlacementSteps.i_should_see_appropriate_response_for_order(OrderPlacementSteps.java:162)
	at ✽.I should see appropriate response for order "missing_city"(file:///app/src/test/resources/features/OrderPlacement.feature:59)
Caused by: org.openqa.selenium.TimeoutException: Expected condition failed: waiting for alert to be present (tried for 4 second(s) with 200 milliseconds interval)
Build info: version: '4.35.0', revision: '1c58e5028b'
System info: os.name: 'Linux', os.arch: 'amd64', os.version: '6.6.87.2-microsoft-standard-WSL2', java.version: '21'
Driver info: driver.version: unknown
	at org.openqa.selenium.support.ui.FluentWait.timeoutException(FluentWait.java:265)
	at org.openqa.selenium.support.ui.FluentWait.until(FluentWait.java:228)
	at com.codeborne.selenide.SelenideTargetLocator.alert(SelenideTargetLocator.java:179)
	at com.codeborne.selenide.SelenideTargetLocator.alert(SelenideTargetLocator.java:172)
	at stepDefinitions.OrderPlacementSteps.i_should_see_appropriate_response_for_order(OrderPlacementSteps.java:162)
	at java.base/jdk.internal.reflect.DirectMethodHandleAccessor.invoke(DirectMethodHandleAccessor.java:103)
	at java.base/java.lang.reflect.Method.invoke(Method.java:580)
	at io.cucumber.java.Invoker.doInvoke(Invoker.java:66)
	at io.cucumber.java.Invoker.invoke(Invoker.java:24)
	at io.cucumber.java.AbstractGlueDefinition.invokeMethod(AbstractGlueDefinition.java:47)
	at io.cucumber.java.JavaStepDefinition.execute(JavaStepDefinition.java:29)
	at io.cucumber.core.runner.CoreStepDefinition.execute(CoreStepDefinition.java:66)
	at io.cucumber.core.runner.PickleStepDefinitionMatch.runStep(PickleStepDefinitionMatch.java:63)
	at io.cucumber.core.runner.ExecutionMode$1.execute(ExecutionMode.java:10)
	at io.cucumber.core.runner.TestStep.executeStep(TestStep.java:84)
	at io.cucumber.core.runner.TestStep.run(TestStep.java:56)
	at io.cucumber.core.runner.PickleStepTestStep.run(PickleStepTestStep.java:51)
	at io.cucumber.core.runner.TestCase.run(TestCase.java:84)
	at io.cucumber.core.runner.Runner.runPickle(Runner.java:75)
	at io.cucumber.junit.PickleRunners$NoStepDescriptions.lambda$run$0(PickleRunners.java:151)
	at io.cucumber.core.runtime.CucumberExecutionContext.lambda$runTestCase$5(CucumberExecutionContext.java:137)
	at io.cucumber.core.runtime.RethrowingThrowableCollector.executeAndThrow(RethrowingThrowableCollector.java:23)
	at io.cucumber.core.runtime.CucumberExecutionContext.runTestCase(CucumberExecutionContext.java:137)
	at io.cucumber.junit.PickleRunners$NoStepDescriptions.run(PickleRunners.java:148)
	at io.cucumber.junit.FeatureRunner.runChild(FeatureRunner.java:144)
	at io.cucumber.junit.FeatureRunner.runChild(FeatureRunner.java:28)
	at org.junit.runners.ParentRunner$4.run(ParentRunner.java:331)
	at org.junit.runners.ParentRunner$1.schedule(ParentRunner.java:79)
	at org.junit.runners.ParentRunner.runChildren(ParentRunner.java:329)
	at org.junit.runners.ParentRunner.access$100(ParentRunner.java:66)
	at org.junit.runners.ParentRunner$2.evaluate(ParentRunner.java:293)
	at org.junit.runners.ParentRunner$3.evaluate(ParentRunner.java:306)
	at org.junit.runners.ParentRunner.run(ParentRunner.java:413)
	at io.cucumber.junit.FeatureRunner.run(FeatureRunner.java:137)
	at io.cucumber.junit.Cucumber.runChild(Cucumber.java:196)
	at io.cucumber.junit.Cucumber.runChild(Cucumber.java:89)
	at org.junit.runners.ParentRunner$4.run(ParentRunner.java:331)
	at org.junit.runners.ParentRunner$1.schedule(ParentRunner.java:79)
	at org.junit.runners.ParentRunner.runChildren(ParentRunner.java:329)
	at org.junit.runners.ParentRunner.access$100(ParentRunner.java:66)
	at org.junit.runners.ParentRunner$2.evaluate(ParentRunner.java:293)
	at io.cucumber.core.runtime.CucumberExecutionContext.lambda$runFeatures$6(CucumberExecutionContext.java:148)
	at io.cucumber.core.runtime.CucumberExecutionContext.execute(CucumberExecutionContext.java:163)
	at io.cucumber.core.runtime.CucumberExecutionContext.runFeatures(CucumberExecutionContext.java:146)
	at io.cucumber.junit.Cucumber$StartAndFinishTestRun.evaluate(Cucumber.java:226)
	at org.junit.runners.ParentRunner$3.evaluate(ParentRunner.java:306)
	at org.junit.runners.ParentRunner.run(ParentRunner.java:413)
	at org.junit.runner.JUnitCore.run(JUnitCore.java:137)
	at org.junit.runner.JUnitCore.run(JUnitCore.java:115)
	at org.junit.vintage.engine.execution.RunnerExecutor.execute(RunnerExecutor.java:42)
	at org.junit.vintage.engine.VintageTestEngine.executeAllChildren(VintageTestEngine.java:80)
	at org.junit.vintage.engine.VintageTestEngine.execute(VintageTestEngine.java:72)
	at org.junit.platform.launcher.core.EngineExecutionOrchestrator.execute(EngineExecutionOrchestrator.java:198)
	at org.junit.platform.launcher.core.EngineExecutionOrchestrator.execute(EngineExecutionOrchestrator.java:169)
	at org.junit.platform.launcher.core.EngineExecutionOrchestrator.execute(EngineExecutionOrchestrator.java:93)
	at org.junit.platform.launcher.core.EngineExecutionOrchestrator.lambda$execute$0(EngineExecutionOrchestrator.java:58)
	at org.junit.platform.launcher.core.EngineExecutionOrchestrator.withInterceptedStreams(EngineExecutionOrchestrator.java:141)
	at org.junit.platform.launcher.core.EngineExecutionOrchestrator.execute(EngineExecutionOrchestrator.java:57)
	at org.junit.platform.launcher.core.DefaultLauncher.execute(DefaultLauncher.java:103)
	at org.junit.platform.launcher.core.DefaultLauncher.execute(DefaultLauncher.java:85)
	at org.junit.platform.launcher.core.DelegatingLauncher.execute(DelegatingLauncher.java:47)
	at org.apache.maven.surefire.junitplatform.LazyLauncher.execute(LazyLauncher.java:55)
	at org.apache.maven.surefire.junitplatform.JUnitPlatformProvider.execute(JUnitPlatformProvider.java:223)
	at org.apache.maven.surefire.junitplatform.JUnitPlatformProvider.invokeAllTests(JUnitPlatformProvider.java:175)
	at org.apache.maven.surefire.junitplatform.JUnitPlatformProvider.invoke(JUnitPlatformProvider.java:139)
	at org.apache.maven.surefire.booter.ForkedBooter.runSuitesInProcess(ForkedBooter.java:456)
	at org.apache.maven.surefire.booter.ForkedBooter.execute(ForkedBooter.java:169)
	at org.apache.maven.surefire.booter.ForkedBooter.run(ForkedBooter.java:595)
	at org.apache.maven.surefire.booter.ForkedBooter.main(ForkedBooter.java:581)

13:57:46.994 [main] INFO  hooks.Hooks - Finishing BDD scenario: Validate order form with different data combinations - Status: FAILED
13:57:46.994 [main] ERROR hooks.Hooks - Scenario failed: Validate order form with different data combinations
13:57:47.003 [main] INFO  c.c.selenide.impl.AttachmentPrinter - [[ATTACHMENT|/app/target/screenshots/failed_scenario_1758895066994.html]]
13:57:47.145 [main] INFO  c.c.selenide.impl.AttachmentPrinter - [[ATTACHMENT|/app/target/screenshots/failed_scenario_1758895066994.png]]
13:57:47.145 [main] ERROR hooks.Hooks - Failed to capture screenshot: file:/app/target/screenshots/failed_scenario_1758895066994.png
13:57:48.159 [main] INFO  hooks.Hooks - BDD test cleanup completed for scenario: Validate order form with different data combinations
]]></system-out>
  </testcase>
  <testcase name="Validate order form with different data combinations #5" classname="DemoBlaze Order Placement" time="9,288.238">
    <failure message="Element not found {.card-title[0]}&#10;Expected: visible&#10;Screenshot: file:/app/target/screenshots/1758904344726.7.png&#10;Page source: file:/app/target/screenshots/1758904344726.7.html&#10;Timeout: 4 s.&#10;Caused by: NoSuchElementException: Unable to locate element: .card-title" type="Element not found {.card-title[0]}&#10;Expected"><![CDATA[Element not found {.card-title[0]}
Expected: visible
Screenshot: file:/app/target/screenshots/1758904344726.7.png
Page source: file:/app/target/screenshots/1758904344726.7.html
Timeout: 4 s.
Caused by: NoSuchElementException: Unable to locate element: .card-title
	at com.codeborne.selenide.impl.CollectionElement.createElementNotFoundError(CollectionElement.java:58)
	at com.codeborne.selenide.impl.WebElementSource.handleError(WebElementSource.java:140)
	at com.codeborne.selenide.impl.WebElementSource.checkConditionAndReturnElement(WebElementSource.java:123)
	at com.codeborne.selenide.impl.WebElementSource.findAndAssertElementIsClickable(WebElementSource.java:169)
	at com.codeborne.selenide.commands.Click.findElement(Click.java:53)
	at com.codeborne.selenide.commands.Click.execute(Click.java:39)
	at com.codeborne.selenide.FluentCommand.execute(FluentCommand.java:27)
	at com.codeborne.selenide.FluentCommand.execute(FluentCommand.java:19)
	at com.codeborne.selenide.commands.Commands.execute(Commands.java:160)
	at com.codeborne.selenide.impl.SelenideElementProxy.dispatchAndRetry(SelenideElementProxy.java:131)
	at com.codeborne.selenide.impl.SelenideElementProxy.invoke(SelenideElementProxy.java:83)
	at jdk.proxy2/jdk.proxy2.$Proxy32.click(Unknown Source)
	at pages.HomePage.clickProduct(HomePage.java:119)
	at pages.HomePage.clickOnFirstProduct(HomePage.java:170)
	at stepDefinitions.CartSteps.i_add_to_cart(CartSteps.java:80)
	at ✽.I add "Nexus 6" to cart(file:///app/src/test/resources/features/OrderPlacement.feature:47)
Caused by: org.openqa.selenium.NoSuchElementException: Unable to locate element: .card-title
For documentation on this error, please visit: https://www.selenium.dev/documentation/webdriver/troubleshooting/errors#no-such-element-exception
Build info: version: '4.35.0', revision: '1c58e5028b'
System info: os.name: 'Linux', os.arch: 'amd64', os.version: '6.6.87.2-microsoft-standard-WSL2', java.version: '21'
Driver info: org.openqa.selenium.firefox.FirefoxDriver
Command: [32971595-1702-4fcc-b5a4-e235238c3618, findElement {value=.card-title, using=css selector}]
Capabilities {acceptInsecureCerts: true, browserName: firefox, browserVersion: 140.3.0, moz:accessibilityChecks: false, moz:buildID: 20250908182512, moz:geckodriverVersion: 0.36.0, moz:headless: true, moz:platformVersion: 6.6.87.2-microsoft-standard..., moz:processID: 16042, moz:profile: /tmp/rust_mozprofileE9IRoU, moz:shutdownTimeout: 60000, moz:webdriverClick: true, moz:windowless: false, pageLoadStrategy: normal, platformName: linux, proxy: Proxy(), setWindowRect: true, strictFileInteractability: false, timeouts: {implicit: 0, pageLoad: 300000, script: 30000}, unhandledPromptBehavior: accept, userAgent: Mozilla/5.0 (X11; Linux x86..., webSocketUrl: ws://127.0.0.1:44223/sessio...}
Session ID: 32971595-1702-4fcc-b5a4-e235238c3618
	at java.base/java.lang.reflect.Constructor.newInstanceWithCaller(Constructor.java:502)
	at java.base/java.lang.reflect.Constructor.newInstance(Constructor.java:486)
	at org.openqa.selenium.remote.ErrorCodec.decode(ErrorCodec.java:167)
	at org.openqa.selenium.remote.codec.w3c.W3CHttpResponseCodec.decode(W3CHttpResponseCodec.java:138)
	at org.openqa.selenium.remote.codec.w3c.W3CHttpResponseCodec.decode(W3CHttpResponseCodec.java:50)
	at org.openqa.selenium.remote.HttpCommandExecutor.execute(HttpCommandExecutor.java:215)
	at org.openqa.selenium.remote.service.DriverCommandExecutor.invokeExecute(DriverCommandExecutor.java:216)
	at org.openqa.selenium.remote.service.DriverCommandExecutor.execute(DriverCommandExecutor.java:174)
	at org.openqa.selenium.remote.RemoteWebDriver.execute(RemoteWebDriver.java:557)
	at org.openqa.selenium.remote.ElementLocation$ElementFinder$2.findElement(ElementLocation.java:165)
	at org.openqa.selenium.remote.ElementLocation.findElement(ElementLocation.java:59)
	at org.openqa.selenium.remote.RemoteWebDriver.findElement(RemoteWebDriver.java:380)
	at org.openqa.selenium.remote.RemoteWebDriver.findElement(RemoteWebDriver.java:374)
	at com.codeborne.selenide.impl.WebElementSelector.findElement(WebElementSelector.java:67)
	at com.codeborne.selenide.impl.WebElementSelector.findElement(WebElementSelector.java:38)
	at com.codeborne.selenide.impl.WebElementSelector.findElement(WebElementSelector.java:29)
	at com.codeborne.selenide.impl.BySelectorCollection.getElement(BySelectorCollection.java:40)
	at com.codeborne.selenide.impl.CollectionElement.getWebElement(CollectionElement.java:42)
	at com.codeborne.selenide.impl.WebElementSource.checkConditionAndReturnElement(WebElementSource.java:112)
	at com.codeborne.selenide.impl.WebElementSource.findAndAssertElementIsClickable(WebElementSource.java:169)
	at com.codeborne.selenide.commands.Click.findElement(Click.java:53)
	at com.codeborne.selenide.commands.Click.execute(Click.java:39)
	at com.codeborne.selenide.FluentCommand.execute(FluentCommand.java:27)
	at com.codeborne.selenide.FluentCommand.execute(FluentCommand.java:19)
	at com.codeborne.selenide.commands.Commands.execute(Commands.java:160)
	at com.codeborne.selenide.impl.SelenideElementProxy.dispatchAndRetry(SelenideElementProxy.java:131)
	at com.codeborne.selenide.impl.SelenideElementProxy.invoke(SelenideElementProxy.java:83)
	at jdk.proxy2/jdk.proxy2.$Proxy32.click(Unknown Source)
	at pages.HomePage.clickProduct(HomePage.java:119)
	at pages.HomePage.clickOnFirstProduct(HomePage.java:170)
	at stepDefinitions.CartSteps.i_add_to_cart(CartSteps.java:80)
	at java.base/java.lang.reflect.Method.invoke(Method.java:580)
	at io.cucumber.java.Invoker.doInvoke(Invoker.java:66)
	at io.cucumber.java.Invoker.invoke(Invoker.java:24)
	at io.cucumber.java.AbstractGlueDefinition.invokeMethod(AbstractGlueDefinition.java:47)
	at io.cucumber.java.JavaStepDefinition.execute(JavaStepDefinition.java:29)
	at io.cucumber.core.runner.CoreStepDefinition.execute(CoreStepDefinition.java:66)
	at io.cucumber.core.runner.PickleStepDefinitionMatch.runStep(PickleStepDefinitionMatch.java:63)
	at io.cucumber.core.runner.ExecutionMode$1.execute(ExecutionMode.java:10)
	at io.cucumber.core.runner.TestStep.executeStep(TestStep.java:84)
	at io.cucumber.core.runner.TestStep.run(TestStep.java:56)
	at io.cucumber.core.runner.PickleStepTestStep.run(PickleStepTestStep.java:51)
	at io.cucumber.core.runner.TestCase.run(TestCase.java:84)
	at io.cucumber.core.runner.Runner.runPickle(Runner.java:75)
	at io.cucumber.junit.PickleRunners$NoStepDescriptions.lambda$run$0(PickleRunners.java:151)
	at io.cucumber.core.runtime.CucumberExecutionContext.lambda$runTestCase$5(CucumberExecutionContext.java:137)
	at io.cucumber.core.runtime.RethrowingThrowableCollector.executeAndThrow(RethrowingThrowableCollector.java:23)
	at io.cucumber.core.runtime.CucumberExecutionContext.runTestCase(CucumberExecutionContext.java:137)
	at io.cucumber.junit.PickleRunners$NoStepDescriptions.run(PickleRunners.java:148)
	at io.cucumber.junit.FeatureRunner.runChild(FeatureRunner.java:144)
	at io.cucumber.junit.FeatureRunner.runChild(FeatureRunner.java:28)
	at io.cucumber.junit.FeatureRunner.run(FeatureRunner.java:137)
	at io.cucumber.junit.Cucumber.runChild(Cucumber.java:196)
	at io.cucumber.junit.Cucumber.runChild(Cucumber.java:89)
	at io.cucumber.core.runtime.CucumberExecutionContext.lambda$runFeatures$6(CucumberExecutionContext.java:148)
	at io.cucumber.core.runtime.CucumberExecutionContext.execute(CucumberExecutionContext.java:163)
	at io.cucumber.core.runtime.CucumberExecutionContext.runFeatures(CucumberExecutionContext.java:146)
	at io.cucumber.junit.Cucumber$StartAndFinishTestRun.evaluate(Cucumber.java:226)
]]></failure>
    <system-out><![CDATA[
@OrderPlacement @E2E @regression @OrderFormValidation @Edge
Scenario Outline: Validate order form with different data combinations # src/test/resources/features/OrderPlacement.feature:67
13:57:48.168 [main] INFO  hooks.Hooks - Starting BDD scenario: Validate order form with different data combinations
13:57:48.168 [main] INFO  hooks.Hooks - BDD test environment configured for scenario: Validate order form with different data combinations
13:57:48.169 [main] INFO  stepDefinitions.HomePageSteps - BDD Step: Navigating to DemoBlaze home page
13:57:48.169 [main] INFO  pages.HomePage - BDD: Opening home page
13:57:48.169 [main] INFO  pages.HomePage - Opening DemoBlaze home page
13:57:48.169 [main] INFO  c.c.s.WebDriverThreadLocalContainer - No webdriver is bound to current thread: 1 - let's create a new webdriver
13:57:50.851 [main] INFO  c.c.s.webdriver.BrowserResizer - Set browser size to 1920x1080
13:57:51.121 [main] INFO  c.c.s.webdriver.WebDriverFactory - Selenide 7.10.0 / Selenium 4.35.0 / firefox 140.3.0 linux
13:58:00.442 [main] INFO  pages.HomePage - Home page opened successfully
  Given I navigate to the DemoBlaze home page                          # stepDefinitions.HomePageSteps.i_navigate_to_the_demoblaze_home_page()
13:58:00.538 [main] INFO  stepDefinitions.CartSteps - BDD Step: Adding Nexus 6 to cart
13:58:00.538 [main] INFO  pages.HomePage - BDD: Clicking on first product: Nexus 6
13:58:00.538 [main] INFO  pages.HomePage - Clicking on first product: Nexus 6
16:32:24.997 [main] INFO  c.c.selenide.impl.AttachmentPrinter - [[ATTACHMENT|/app/target/screenshots/1758904344726.7.html]]
16:32:25.959 [main] INFO  c.c.selenide.impl.AttachmentPrinter - [[ATTACHMENT|/app/target/screenshots/1758904344726.7.png]]
  Given I add "Nexus 6" to cart                                        # stepDefinitions.CartSteps.i_add_to_cart(java.lang.String)
      Element not found {.card-title[0]}
Expected: visible
Screenshot: file:/app/target/screenshots/1758904344726.7.png
Page source: file:/app/target/screenshots/1758904344726.7.html
Timeout: 4 s.
Caused by: NoSuchElementException: Unable to locate element: .card-title
	at com.codeborne.selenide.impl.CollectionElement.createElementNotFoundError(CollectionElement.java:58)
	at com.codeborne.selenide.impl.WebElementSource.handleError(WebElementSource.java:140)
	at com.codeborne.selenide.impl.WebElementSource.checkConditionAndReturnElement(WebElementSource.java:123)
	at com.codeborne.selenide.impl.WebElementSource.findAndAssertElementIsClickable(WebElementSource.java:169)
	at com.codeborne.selenide.commands.Click.findElement(Click.java:53)
	at com.codeborne.selenide.commands.Click.execute(Click.java:39)
	at com.codeborne.selenide.FluentCommand.execute(FluentCommand.java:27)
	at com.codeborne.selenide.FluentCommand.execute(FluentCommand.java:19)
	at com.codeborne.selenide.commands.Commands.execute(Commands.java:160)
	at com.codeborne.selenide.impl.SelenideElementProxy.dispatchAndRetry(SelenideElementProxy.java:131)
	at com.codeborne.selenide.impl.SelenideElementProxy.invoke(SelenideElementProxy.java:83)
	at jdk.proxy2/jdk.proxy2.$Proxy32.click(Unknown Source)
	at pages.HomePage.clickProduct(HomePage.java:119)
	at pages.HomePage.clickOnFirstProduct(HomePage.java:170)
	at stepDefinitions.CartSteps.i_add_to_cart(CartSteps.java:80)
	at ✽.I add "Nexus 6" to cart(file:///app/src/test/resources/features/OrderPlacement.feature:47)
Caused by: org.openqa.selenium.NoSuchElementException: Unable to locate element: .card-title
For documentation on this error, please visit: https://www.selenium.dev/documentation/webdriver/troubleshooting/errors#no-such-element-exception
Build info: version: '4.35.0', revision: '1c58e5028b'
System info: os.name: 'Linux', os.arch: 'amd64', os.version: '6.6.87.2-microsoft-standard-WSL2', java.version: '21'
Driver info: org.openqa.selenium.firefox.FirefoxDriver
Command: [32971595-1702-4fcc-b5a4-e235238c3618, findElement {value=.card-title, using=css selector}]
Capabilities {acceptInsecureCerts: true, browserName: firefox, browserVersion: 140.3.0, moz:accessibilityChecks: false, moz:buildID: 20250908182512, moz:geckodriverVersion: 0.36.0, moz:headless: true, moz:platformVersion: 6.6.87.2-microsoft-standard..., moz:processID: 16042, moz:profile: /tmp/rust_mozprofileE9IRoU, moz:shutdownTimeout: 60000, moz:webdriverClick: true, moz:windowless: false, pageLoadStrategy: normal, platformName: linux, proxy: Proxy(), setWindowRect: true, strictFileInteractability: false, timeouts: {implicit: 0, pageLoad: 300000, script: 30000}, unhandledPromptBehavior: accept, userAgent: Mozilla/5.0 (X11; Linux x86..., webSocketUrl: ws://127.0.0.1:44223/sessio...}
Session ID: 32971595-1702-4fcc-b5a4-e235238c3618
	at java.base/jdk.internal.reflect.DirectConstructorHandleAccessor.newInstance(DirectConstructorHandleAccessor.java:62)
	at java.base/java.lang.reflect.Constructor.newInstanceWithCaller(Constructor.java:502)
	at java.base/java.lang.reflect.Constructor.newInstance(Constructor.java:486)
	at org.openqa.selenium.remote.ErrorCodec.decode(ErrorCodec.java:167)
	at org.openqa.selenium.remote.codec.w3c.W3CHttpResponseCodec.decode(W3CHttpResponseCodec.java:138)
	at org.openqa.selenium.remote.codec.w3c.W3CHttpResponseCodec.decode(W3CHttpResponseCodec.java:50)
	at org.openqa.selenium.remote.HttpCommandExecutor.execute(HttpCommandExecutor.java:215)
	at org.openqa.selenium.remote.service.DriverCommandExecutor.invokeExecute(DriverCommandExecutor.java:216)
	at org.openqa.selenium.remote.service.DriverCommandExecutor.execute(DriverCommandExecutor.java:174)
	at org.openqa.selenium.remote.RemoteWebDriver.execute(RemoteWebDriver.java:557)
	at org.openqa.selenium.remote.ElementLocation$ElementFinder$2.findElement(ElementLocation.java:165)
	at org.openqa.selenium.remote.ElementLocation.findElement(ElementLocation.java:59)
	at org.openqa.selenium.remote.RemoteWebDriver.findElement(RemoteWebDriver.java:380)
	at org.openqa.selenium.remote.RemoteWebDriver.findElement(RemoteWebDriver.java:374)
	at com.codeborne.selenide.impl.WebElementSelector.findElement(WebElementSelector.java:67)
	at com.codeborne.selenide.impl.WebElementSelector.findElement(WebElementSelector.java:38)
	at com.codeborne.selenide.impl.WebElementSelector.findElement(WebElementSelector.java:29)
	at com.codeborne.selenide.impl.BySelectorCollection.getElement(BySelectorCollection.java:40)
	at com.codeborne.selenide.impl.CollectionElement.getWebElement(CollectionElement.java:42)
	at com.codeborne.selenide.impl.WebElementSource.checkConditionAndReturnElement(WebElementSource.java:112)
	at com.codeborne.selenide.impl.WebElementSource.findAndAssertElementIsClickable(WebElementSource.java:169)
	at com.codeborne.selenide.commands.Click.findElement(Click.java:53)
	at com.codeborne.selenide.commands.Click.execute(Click.java:39)
	at com.codeborne.selenide.FluentCommand.execute(FluentCommand.java:27)
	at com.codeborne.selenide.FluentCommand.execute(FluentCommand.java:19)
	at com.codeborne.selenide.commands.Commands.execute(Commands.java:160)
	at com.codeborne.selenide.impl.SelenideElementProxy.dispatchAndRetry(SelenideElementProxy.java:131)
	at com.codeborne.selenide.impl.SelenideElementProxy.invoke(SelenideElementProxy.java:83)
	at jdk.proxy2/jdk.proxy2.$Proxy32.click(Unknown Source)
	at pages.HomePage.clickProduct(HomePage.java:119)
	at pages.HomePage.clickOnFirstProduct(HomePage.java:170)
	at stepDefinitions.CartSteps.i_add_to_cart(CartSteps.java:80)
	at java.base/jdk.internal.reflect.DirectMethodHandleAccessor.invoke(DirectMethodHandleAccessor.java:103)
	at java.base/java.lang.reflect.Method.invoke(Method.java:580)
	at io.cucumber.java.Invoker.doInvoke(Invoker.java:66)
	at io.cucumber.java.Invoker.invoke(Invoker.java:24)
	at io.cucumber.java.AbstractGlueDefinition.invokeMethod(AbstractGlueDefinition.java:47)
	at io.cucumber.java.JavaStepDefinition.execute(JavaStepDefinition.java:29)
	at io.cucumber.core.runner.CoreStepDefinition.execute(CoreStepDefinition.java:66)
	at io.cucumber.core.runner.PickleStepDefinitionMatch.runStep(PickleStepDefinitionMatch.java:63)
	at io.cucumber.core.runner.ExecutionMode$1.execute(ExecutionMode.java:10)
	at io.cucumber.core.runner.TestStep.executeStep(TestStep.java:84)
	at io.cucumber.core.runner.TestStep.run(TestStep.java:56)
	at io.cucumber.core.runner.PickleStepTestStep.run(PickleStepTestStep.java:51)
	at io.cucumber.core.runner.TestCase.run(TestCase.java:84)
	at io.cucumber.core.runner.Runner.runPickle(Runner.java:75)
	at io.cucumber.junit.PickleRunners$NoStepDescriptions.lambda$run$0(PickleRunners.java:151)
	at io.cucumber.core.runtime.CucumberExecutionContext.lambda$runTestCase$5(CucumberExecutionContext.java:137)
	at io.cucumber.core.runtime.RethrowingThrowableCollector.executeAndThrow(RethrowingThrowableCollector.java:23)
	at io.cucumber.core.runtime.CucumberExecutionContext.runTestCase(CucumberExecutionContext.java:137)
	at io.cucumber.junit.PickleRunners$NoStepDescriptions.run(PickleRunners.java:148)
	at io.cucumber.junit.FeatureRunner.runChild(FeatureRunner.java:144)
	at io.cucumber.junit.FeatureRunner.runChild(FeatureRunner.java:28)
	at org.junit.runners.ParentRunner$4.run(ParentRunner.java:331)
	at org.junit.runners.ParentRunner$1.schedule(ParentRunner.java:79)
	at org.junit.runners.ParentRunner.runChildren(ParentRunner.java:329)
	at org.junit.runners.ParentRunner.access$100(ParentRunner.java:66)
	at org.junit.runners.ParentRunner$2.evaluate(ParentRunner.java:293)
	at org.junit.runners.ParentRunner$3.evaluate(ParentRunner.java:306)
	at org.junit.runners.ParentRunner.run(ParentRunner.java:413)
	at io.cucumber.junit.FeatureRunner.run(FeatureRunner.java:137)
	at io.cucumber.junit.Cucumber.runChild(Cucumber.java:196)
	at io.cucumber.junit.Cucumber.runChild(Cucumber.java:89)
	at org.junit.runners.ParentRunner$4.run(ParentRunner.java:331)
	at org.junit.runners.ParentRunner$1.schedule(ParentRunner.java:79)
	at org.junit.runners.ParentRunner.runChildren(ParentRunner.java:329)
	at org.junit.runners.ParentRunner.access$100(ParentRunner.java:66)
	at org.junit.runners.ParentRunner$2.evaluate(ParentRunner.java:293)
	at io.cucumber.core.runtime.CucumberExecutionContext.lambda$runFeatures$6(CucumberExecutionContext.java:148)
	at io.cucumber.core.runtime.CucumberExecutionContext.execute(CucumberExecutionContext.java:163)
	at io.cucumber.core.runtime.CucumberExecutionContext.runFeatures(CucumberExecutionContext.java:146)
	at io.cucumber.junit.Cucumber$StartAndFinishTestRun.evaluate(Cucumber.java:226)
	at org.junit.runners.ParentRunner$3.evaluate(ParentRunner.java:306)
	at org.junit.runners.ParentRunner.run(ParentRunner.java:413)
	at org.junit.runner.JUnitCore.run(JUnitCore.java:137)
	at org.junit.runner.JUnitCore.run(JUnitCore.java:115)
	at org.junit.vintage.engine.execution.RunnerExecutor.execute(RunnerExecutor.java:42)
	at org.junit.vintage.engine.VintageTestEngine.executeAllChildren(VintageTestEngine.java:80)
	at org.junit.vintage.engine.VintageTestEngine.execute(VintageTestEngine.java:72)
	at org.junit.platform.launcher.core.EngineExecutionOrchestrator.execute(EngineExecutionOrchestrator.java:198)
	at org.junit.platform.launcher.core.EngineExecutionOrchestrator.execute(EngineExecutionOrchestrator.java:169)
	at org.junit.platform.launcher.core.EngineExecutionOrchestrator.execute(EngineExecutionOrchestrator.java:93)
	at org.junit.platform.launcher.core.EngineExecutionOrchestrator.lambda$execute$0(EngineExecutionOrchestrator.java:58)
	at org.junit.platform.launcher.core.EngineExecutionOrchestrator.withInterceptedStreams(EngineExecutionOrchestrator.java:141)
	at org.junit.platform.launcher.core.EngineExecutionOrchestrator.execute(EngineExecutionOrchestrator.java:57)
	at org.junit.platform.launcher.core.DefaultLauncher.execute(DefaultLauncher.java:103)
	at org.junit.platform.launcher.core.DefaultLauncher.execute(DefaultLauncher.java:85)
	at org.junit.platform.launcher.core.DelegatingLauncher.execute(DelegatingLauncher.java:47)
	at org.apache.maven.surefire.junitplatform.LazyLauncher.execute(LazyLauncher.java:55)
	at org.apache.maven.surefire.junitplatform.JUnitPlatformProvider.execute(JUnitPlatformProvider.java:223)
	at org.apache.maven.surefire.junitplatform.JUnitPlatformProvider.invokeAllTests(JUnitPlatformProvider.java:175)
	at org.apache.maven.surefire.junitplatform.JUnitPlatformProvider.invoke(JUnitPlatformProvider.java:139)
	at org.apache.maven.surefire.booter.ForkedBooter.runSuitesInProcess(ForkedBooter.java:456)
	at org.apache.maven.surefire.booter.ForkedBooter.execute(ForkedBooter.java:169)
	at org.apache.maven.surefire.booter.ForkedBooter.run(ForkedBooter.java:595)
	at org.apache.maven.surefire.booter.ForkedBooter.main(ForkedBooter.java:581)

  When I navigate to cart page                                         # stepDefinitions.CartSteps.i_navigate_to_cart_page()
  And I click place order button                                       # stepDefinitions.OrderPlacementSteps.i_click_place_order_button()
  And I fill order details:                                            # stepDefinitions.OrderPlacementSteps.i_fill_order_details(io.cucumber.datatable.DataTable)
    | field      | value    |
    | name       | John Doe |
    | country    | USA      |
    | city       | New York |
    | creditCard | [empty]  |
    | month      | 12       |
    | year       | 2025     |
  And I click purchase button                                          # stepDefinitions.OrderPlacementSteps.i_click_purchase_button()
  Then I should see appropriate response for order "missing_card"      # stepDefinitions.OrderPlacementSteps.i_should_see_appropriate_response_for_order(java.lang.String)
16:32:28.254 [main] INFO  hooks.Hooks - Finishing BDD scenario: Validate order form with different data combinations - Status: FAILED
16:32:28.255 [main] ERROR hooks.Hooks - Scenario failed: Validate order form with different data combinations
16:32:28.397 [main] INFO  c.c.selenide.impl.AttachmentPrinter - [[ATTACHMENT|/app/target/screenshots/failed_scenario_1758904348255.html]]
16:32:28.890 [main] INFO  c.c.selenide.impl.AttachmentPrinter - [[ATTACHMENT|/app/target/screenshots/failed_scenario_1758904348255.png]]
16:32:28.891 [main] ERROR hooks.Hooks - Failed to capture screenshot: file:/app/target/screenshots/failed_scenario_1758904348255.png
16:32:36.386 [main] INFO  hooks.Hooks - BDD test cleanup completed for scenario: Validate order form with different data combinations
]]></system-out>
  </testcase>
  <testcase name="Cancel order placement" classname="DemoBlaze Order Placement" time="61.135">
    <system-out><![CDATA[
@OrderPlacement @E2E @regression @OrderCancel @UI
Scenario: Cancel order placement              # src/test/resources/features/OrderPlacement.feature:70
16:32:36.442 [main] INFO  hooks.Hooks - Starting BDD scenario: Cancel order placement
16:32:36.450 [main] INFO  hooks.Hooks - BDD test environment configured for scenario: Cancel order placement
16:32:36.451 [main] INFO  stepDefinitions.HomePageSteps - BDD Step: Navigating to DemoBlaze home page
16:32:36.452 [main] INFO  pages.HomePage - BDD: Opening home page
16:32:36.452 [main] INFO  pages.HomePage - Opening DemoBlaze home page
16:32:36.452 [main] INFO  c.c.s.WebDriverThreadLocalContainer - No webdriver is bound to current thread: 1 - let's create a new webdriver
16:33:05.616 [main] INFO  c.c.s.webdriver.BrowserResizer - Set browser size to 1920x1080
16:33:05.991 [main] INFO  c.c.s.webdriver.WebDriverFactory - Selenide 7.10.0 / Selenium 4.35.0 / firefox 140.3.0 linux
16:33:14.293 [main] INFO  pages.HomePage - Home page opened successfully
  Given I navigate to the DemoBlaze home page # stepDefinitions.HomePageSteps.i_navigate_to_the_demoblaze_home_page()
16:33:14.308 [main] INFO  stepDefinitions.CartSteps - BDD Step: Adding Iphone 6 32gb to cart
16:33:14.308 [main] INFO  pages.HomePage - BDD: Clicking on first product: Iphone 6 32gb
16:33:14.308 [main] INFO  pages.HomePage - Clicking on first product: Iphone 6 32gb
16:33:17.679 [main] INFO  pages.HomePage - Successfully clicked on first product: Iphone 6 32gb
16:33:17.679 [main] INFO  pages.ProductDetailsPage - BDD: Adding product to cart
16:33:17.679 [main] INFO  pages.ProductDetailsPage - Clicking 'Add to cart' button
16:33:19.509 [main] INFO  pages.ProductDetailsPage - Successfully clicked 'Add to cart' button
16:33:20.213 [main] INFO  pages.HomePage - BDD: Opening home page
16:33:20.214 [main] INFO  pages.HomePage - Opening DemoBlaze home page
16:33:21.458 [main] INFO  pages.HomePage - Home page opened successfully
  Given I add "Iphone 6 32gb" to cart         # stepDefinitions.CartSteps.i_add_to_cart(java.lang.String)
16:33:21.463 [main] INFO  stepDefinitions.CartSteps - BDD Step: Navigating to cart page
16:33:21.463 [main] INFO  pages.HomePage - BDD: Navigating to cart
16:33:21.463 [main] INFO  pages.HomePage - Navigating to cart page
16:33:24.547 [main] INFO  pages.HomePage - Successfully navigated to cart page
  When I navigate to cart page                # stepDefinitions.CartSteps.i_navigate_to_cart_page()
16:33:24.613 [main] INFO  stepDefinitions.OrderPlacementSteps - BDD Step: Clicking place order button
16:33:24.613 [main] INFO  pages.CartPage - Clicking 'Place Order' button
16:33:25.317 [main] INFO  pages.CartPage - Successfully clicked 'Place Order' button
  And I click place order button              # stepDefinitions.OrderPlacementSteps.i_click_place_order_button()
16:33:25.319 [main] INFO  stepDefinitions.OrderPlacementSteps - BDD Step: Verifying order placement form is displayed
16:33:25.319 [main] INFO  pages.OrderPlacementPage - Verifying order placement form is visible
16:33:27.020 [main] INFO  pages.OrderPlacementPage - Order placement form verified successfully
  Then I should see the order placement form  # stepDefinitions.OrderPlacementSteps.i_should_see_the_order_placement_form()
16:33:27.026 [main] INFO  stepDefinitions.OrderPlacementSteps - BDD Step: Filling order details with sample data
16:33:27.158 [main] INFO  pages.OrderPlacementPage - Filling complete order details for customer: Sample User
16:33:27.159 [main] INFO  pages.OrderPlacementPage - Filling name field with: Sample User
16:33:27.506 [main] INFO  pages.OrderPlacementPage - Filling country field with: Sample Country
16:33:27.885 [main] INFO  pages.OrderPlacementPage - Filling city field with: Sample City
16:33:29.596 [main] INFO  pages.OrderPlacementPage - Filling credit card field
16:33:29.726 [main] INFO  pages.OrderPlacementPage - Filling month field with: 03
16:33:30.527 [main] INFO  pages.OrderPlacementPage - Filling year field with: 2027
16:33:31.132 [main] INFO  pages.OrderPlacementPage - Order details filled successfully for customer: Sample User
  When I fill order details with sample data  # stepDefinitions.OrderPlacementSteps.i_fill_order_details_with_sample_data()
16:33:31.137 [main] INFO  stepDefinitions.OrderPlacementSteps - BDD Step: Clicking close button
16:33:31.137 [main] INFO  pages.OrderPlacementPage - Clicking 'Close' button to cancel order
16:33:31.448 [main] INFO  pages.OrderPlacementPage - Close button clicked successfully
  And I click close button                    # stepDefinitions.OrderPlacementSteps.i_click_close_button()
16:33:31.451 [main] INFO  stepDefinitions.OrderPlacementSteps - BDD Step: Verifying back to cart page
16:33:31.451 [main] INFO  pages.CartPage - Verifying cart page headers and elements
16:33:32.035 [main] INFO  pages.CartPage - Cart headers and elements verified successfully
  Then I should be back to cart page          # stepDefinitions.OrderPlacementSteps.i_should_be_back_to_cart_page()
16:33:32.037 [main] INFO  stepDefinitions.OrderPlacementSteps - BDD Step: Verifying order was not processed
  And the order should not be processed       # stepDefinitions.OrderPlacementSteps.the_order_should_not_be_processed()
16:33:32.038 [main] INFO  hooks.Hooks - Finishing BDD scenario: Cancel order placement - Status: PASSED
16:33:37.564 [main] INFO  hooks.Hooks - BDD test cleanup completed for scenario: Cancel order placement
]]></system-out>
    <system-err><![CDATA[Sep 26, 2025 4:32:36 PM org.openqa.selenium.manager.SeleniumManager lambda$runCommand$1
WARNING: Problem reading geckodriver versions: error sending request for url (https://raw.githubusercontent.com/SeleniumHQ/selenium/trunk/common/geckodriver/geckodriver-support.json). Using latest geckodriver version
Sep 26, 2025 4:32:36 PM org.openqa.selenium.manager.SeleniumManager lambda$runCommand$1
WARNING: There was an error managing geckodriver (error sending request for url (https://github.com/mozilla/geckodriver/releases/latest)); using driver found in the cache
Sep 26, 2025 4:32:36 PM org.openqa.selenium.manager.SeleniumManager lambda$runCommand$1
WARNING: Error sending stats to Plausible: error sending request for url (https://plausible.io/api/event)
]]></system-err>
  </testcase>
  <testcase name="Place order with multiple products" classname="DemoBlaze Order Placement" time="27.39">
    <failure message="Element not found {By.xpath: //td[normalize-space()=&apos;Nokia lumia 1520&apos;]}&#10;Expected: visible&#10;Screenshot: file:/app/target/screenshots/1758904441828.8.png&#10;Page source: file:/app/target/screenshots/1758904441828.8.html&#10;Timeout: 4 s.&#10;Caused by: NoSuchElementException: Unable to locate element: //td[normalize-space()=&apos;Nokia lumia 1520&apos;]" type="Element not found {By.xpath"><![CDATA[Element not found {By.xpath: //td[normalize-space()='Nokia lumia 1520']}
Expected: visible
Screenshot: file:/app/target/screenshots/1758904441828.8.png
Page source: file:/app/target/screenshots/1758904441828.8.html
Timeout: 4 s.
Caused by: NoSuchElementException: Unable to locate element: //td[normalize-space()='Nokia lumia 1520']
	at com.codeborne.selenide.impl.WebElementSource.createElementNotFoundError(WebElementSource.java:89)
	at com.codeborne.selenide.impl.ElementFinder.createElementNotFoundError(ElementFinder.java:129)
	at com.codeborne.selenide.impl.WebElementSource.handleError(WebElementSource.java:140)
	at com.codeborne.selenide.impl.WebElementSource.checkConditionAndReturnElement(WebElementSource.java:123)
	at com.codeborne.selenide.impl.WebElementSource.checkCondition(WebElementSource.java:99)
	at com.codeborne.selenide.commands.Should.execute(Should.java:24)
	at com.codeborne.selenide.FluentCommand.execute(FluentCommand.java:27)
	at com.codeborne.selenide.FluentCommand.execute(FluentCommand.java:19)
	at com.codeborne.selenide.commands.Commands.execute(Commands.java:160)
	at com.codeborne.selenide.impl.SelenideElementProxy.dispatchAndRetry(SelenideElementProxy.java:131)
	at com.codeborne.selenide.impl.SelenideElementProxy.invoke(SelenideElementProxy.java:83)
	at jdk.proxy2/jdk.proxy2.$Proxy32.shouldBe(Unknown Source)
	at pages.CartPage.verifyProductInCart(CartPage.java:74)
	at stepDefinitions.CartSteps.i_should_see_in_the_cart(CartSteps.java:66)
	at ✽.I should see "Nokia lumia 1520" in the cart(file:///app/src/test/resources/features/OrderPlacement.feature:86)
Caused by: org.openqa.selenium.NoSuchElementException: Unable to locate element: //td[normalize-space()='Nokia lumia 1520']
For documentation on this error, please visit: https://www.selenium.dev/documentation/webdriver/troubleshooting/errors#no-such-element-exception
Build info: version: '4.35.0', revision: '1c58e5028b'
System info: os.name: 'Linux', os.arch: 'amd64', os.version: '6.6.87.2-microsoft-standard-WSL2', java.version: '21'
Driver info: org.openqa.selenium.firefox.FirefoxDriver
Command: [1b503e0a-9285-485d-ba86-017f430c561c, findElement {value=//td[normalize-space()='Nokia lumia 1520'], using=xpath}]
Capabilities {acceptInsecureCerts: true, browserName: firefox, browserVersion: 140.3.0, moz:accessibilityChecks: false, moz:buildID: 20250908182512, moz:geckodriverVersion: 0.36.0, moz:headless: true, moz:platformVersion: 6.6.87.2-microsoft-standard..., moz:processID: 16857, moz:profile: /tmp/rust_mozprofilebDjqUO, moz:shutdownTimeout: 60000, moz:webdriverClick: true, moz:windowless: false, pageLoadStrategy: normal, platformName: linux, proxy: Proxy(), setWindowRect: true, strictFileInteractability: false, timeouts: {implicit: 0, pageLoad: 300000, script: 30000}, unhandledPromptBehavior: accept, userAgent: Mozilla/5.0 (X11; Linux x86..., webSocketUrl: ws://127.0.0.1:40931/sessio...}
Session ID: 1b503e0a-9285-485d-ba86-017f430c561c
	at java.base/java.lang.reflect.Constructor.newInstanceWithCaller(Constructor.java:502)
	at java.base/java.lang.reflect.Constructor.newInstance(Constructor.java:486)
	at org.openqa.selenium.remote.ErrorCodec.decode(ErrorCodec.java:167)
	at org.openqa.selenium.remote.codec.w3c.W3CHttpResponseCodec.decode(W3CHttpResponseCodec.java:138)
	at org.openqa.selenium.remote.codec.w3c.W3CHttpResponseCodec.decode(W3CHttpResponseCodec.java:50)
	at org.openqa.selenium.remote.HttpCommandExecutor.execute(HttpCommandExecutor.java:215)
	at org.openqa.selenium.remote.service.DriverCommandExecutor.invokeExecute(DriverCommandExecutor.java:216)
	at org.openqa.selenium.remote.service.DriverCommandExecutor.execute(DriverCommandExecutor.java:174)
	at org.openqa.selenium.remote.RemoteWebDriver.execute(RemoteWebDriver.java:557)
	at org.openqa.selenium.remote.ElementLocation$ElementFinder$2.findElement(ElementLocation.java:165)
	at org.openqa.selenium.remote.ElementLocation.findElement(ElementLocation.java:59)
	at org.openqa.selenium.remote.RemoteWebDriver.findElement(RemoteWebDriver.java:380)
	at org.openqa.selenium.remote.RemoteWebDriver.findElement(RemoteWebDriver.java:374)
	at com.codeborne.selenide.impl.WebElementSelector.findElement(WebElementSelector.java:67)
	at com.codeborne.selenide.impl.WebElementSelector.findElement(WebElementSelector.java:38)
	at com.codeborne.selenide.impl.WebElementSelector.findElement(WebElementSelector.java:29)
	at com.codeborne.selenide.impl.ElementFinder.getWebElement(ElementFinder.java:113)
	at com.codeborne.selenide.impl.WebElementSource.checkConditionAndReturnElement(WebElementSource.java:112)
	at com.codeborne.selenide.impl.WebElementSource.checkCondition(WebElementSource.java:99)
	at com.codeborne.selenide.commands.Should.execute(Should.java:24)
	at com.codeborne.selenide.FluentCommand.execute(FluentCommand.java:27)
	at com.codeborne.selenide.FluentCommand.execute(FluentCommand.java:19)
	at com.codeborne.selenide.commands.Commands.execute(Commands.java:160)
	at com.codeborne.selenide.impl.SelenideElementProxy.dispatchAndRetry(SelenideElementProxy.java:131)
	at com.codeborne.selenide.impl.SelenideElementProxy.invoke(SelenideElementProxy.java:83)
	at jdk.proxy2/jdk.proxy2.$Proxy32.shouldBe(Unknown Source)
	at pages.CartPage.verifyProductInCart(CartPage.java:74)
	at stepDefinitions.CartSteps.i_should_see_in_the_cart(CartSteps.java:66)
	at java.base/java.lang.reflect.Method.invoke(Method.java:580)
	at io.cucumber.java.Invoker.doInvoke(Invoker.java:66)
	at io.cucumber.java.Invoker.invoke(Invoker.java:24)
	at io.cucumber.java.AbstractGlueDefinition.invokeMethod(AbstractGlueDefinition.java:47)
	at io.cucumber.java.JavaStepDefinition.execute(JavaStepDefinition.java:29)
	at io.cucumber.core.runner.CoreStepDefinition.execute(CoreStepDefinition.java:66)
	at io.cucumber.core.runner.PickleStepDefinitionMatch.runStep(PickleStepDefinitionMatch.java:63)
	at io.cucumber.core.runner.ExecutionMode$1.execute(ExecutionMode.java:10)
	at io.cucumber.core.runner.TestStep.executeStep(TestStep.java:84)
	at io.cucumber.core.runner.TestStep.run(TestStep.java:56)
	at io.cucumber.core.runner.PickleStepTestStep.run(PickleStepTestStep.java:51)
	at io.cucumber.core.runner.TestCase.run(TestCase.java:84)
	at io.cucumber.core.runner.Runner.runPickle(Runner.java:75)
	at io.cucumber.junit.PickleRunners$NoStepDescriptions.lambda$run$0(PickleRunners.java:151)
	at io.cucumber.core.runtime.CucumberExecutionContext.lambda$runTestCase$5(CucumberExecutionContext.java:137)
	at io.cucumber.core.runtime.RethrowingThrowableCollector.executeAndThrow(RethrowingThrowableCollector.java:23)
	at io.cucumber.core.runtime.CucumberExecutionContext.runTestCase(CucumberExecutionContext.java:137)
	at io.cucumber.junit.PickleRunners$NoStepDescriptions.run(PickleRunners.java:148)
	at io.cucumber.junit.FeatureRunner.runChild(FeatureRunner.java:144)
	at io.cucumber.junit.FeatureRunner.runChild(FeatureRunner.java:28)
	at io.cucumber.junit.FeatureRunner.run(FeatureRunner.java:137)
	at io.cucumber.junit.Cucumber.runChild(Cucumber.java:196)
	at io.cucumber.junit.Cucumber.runChild(Cucumber.java:89)
	at io.cucumber.core.runtime.CucumberExecutionContext.lambda$runFeatures$6(CucumberExecutionContext.java:148)
	at io.cucumber.core.runtime.CucumberExecutionContext.execute(CucumberExecutionContext.java:163)
	at io.cucumber.core.runtime.CucumberExecutionContext.runFeatures(CucumberExecutionContext.java:146)
	at io.cucumber.junit.Cucumber$StartAndFinishTestRun.evaluate(Cucumber.java:226)
]]></failure>
    <system-out><![CDATA[
@OrderPlacement @E2E @regression @MultipleProductsOrder @E2E
Scenario: Place order with multiple products        # src/test/resources/features/OrderPlacement.feature:81
16:33:37.584 [main] INFO  hooks.Hooks - Starting BDD scenario: Place order with multiple products
16:33:37.584 [main] INFO  hooks.Hooks - BDD test environment configured for scenario: Place order with multiple products
16:33:37.585 [main] INFO  stepDefinitions.HomePageSteps - BDD Step: Navigating to DemoBlaze home page
16:33:37.585 [main] INFO  pages.HomePage - BDD: Opening home page
16:33:37.585 [main] INFO  pages.HomePage - Opening DemoBlaze home page
16:33:37.585 [main] INFO  c.c.s.WebDriverThreadLocalContainer - No webdriver is bound to current thread: 1 - let's create a new webdriver
16:33:45.598 [main] INFO  c.c.s.webdriver.BrowserResizer - Set browser size to 1920x1080
16:33:45.985 [main] INFO  c.c.s.webdriver.WebDriverFactory - Selenide 7.10.0 / Selenium 4.35.0 / firefox 140.3.0 linux
16:33:48.802 [main] INFO  pages.HomePage - Home page opened successfully
  Given I navigate to the DemoBlaze home page       # stepDefinitions.HomePageSteps.i_navigate_to_the_demoblaze_home_page()
16:33:48.804 [main] INFO  stepDefinitions.CartSteps - BDD Step: Adding Samsung galaxy s6 to cart
16:33:48.804 [main] INFO  pages.HomePage - BDD: Clicking on first product: Samsung galaxy s6
16:33:48.804 [main] INFO  pages.HomePage - Clicking on first product: Samsung galaxy s6
16:33:51.342 [main] INFO  pages.HomePage - Successfully clicked on first product: Samsung galaxy s6
16:33:51.342 [main] INFO  pages.ProductDetailsPage - BDD: Adding product to cart
16:33:51.342 [main] INFO  pages.ProductDetailsPage - Clicking 'Add to cart' button
16:33:52.579 [main] INFO  pages.ProductDetailsPage - Successfully clicked 'Add to cart' button
16:33:53.226 [main] INFO  pages.HomePage - BDD: Opening home page
16:33:53.227 [main] INFO  pages.HomePage - Opening DemoBlaze home page
16:33:53.657 [main] INFO  pages.HomePage - Home page opened successfully
  Given I add "Samsung galaxy s6" to cart           # stepDefinitions.CartSteps.i_add_to_cart(java.lang.String)
16:33:53.658 [main] INFO  stepDefinitions.CartSteps - BDD Step: Adding Nokia lumia 1520 to cart
16:33:53.658 [main] INFO  pages.HomePage - BDD: Clicking on first product: Nokia lumia 1520
16:33:53.658 [main] INFO  pages.HomePage - Clicking on first product: Nokia lumia 1520
16:33:54.373 [main] INFO  pages.HomePage - Successfully clicked on first product: Nokia lumia 1520
16:33:54.374 [main] INFO  pages.ProductDetailsPage - BDD: Adding product to cart
16:33:54.374 [main] INFO  pages.ProductDetailsPage - Clicking 'Add to cart' button
16:33:55.089 [main] INFO  pages.ProductDetailsPage - Successfully clicked 'Add to cart' button
16:33:55.340 [main] INFO  pages.HomePage - BDD: Opening home page
16:33:55.340 [main] INFO  pages.HomePage - Opening DemoBlaze home page
16:33:55.484 [main] INFO  pages.HomePage - Home page opened successfully
  And I add "Nokia lumia 1520" to cart              # stepDefinitions.CartSteps.i_add_to_cart(java.lang.String)
16:33:55.486 [main] INFO  stepDefinitions.CartSteps - BDD Step: Navigating to cart page
16:33:55.486 [main] INFO  pages.HomePage - BDD: Navigating to cart
16:33:55.486 [main] INFO  pages.HomePage - Navigating to cart page
16:33:56.331 [main] INFO  pages.HomePage - Successfully navigated to cart page
  When I navigate to cart page                      # stepDefinitions.CartSteps.i_navigate_to_cart_page()
16:33:56.331 [main] INFO  stepDefinitions.CartSteps - BDD Step: Verifying Samsung galaxy s6 is in cart
16:33:56.331 [main] INFO  pages.CartPage - Verifying product is in cart: Samsung galaxy s6
16:33:57.637 [main] INFO  pages.CartPage - Product verified in cart: Samsung galaxy s6
  Then I should see "Samsung galaxy s6" in the cart # stepDefinitions.CartSteps.i_should_see_in_the_cart(java.lang.String)
16:33:57.639 [main] INFO  stepDefinitions.CartSteps - BDD Step: Verifying Nokia lumia 1520 is in cart
16:33:57.639 [main] INFO  pages.CartPage - Verifying product is in cart: Nokia lumia 1520
16:34:01.876 [main] INFO  c.c.selenide.impl.AttachmentPrinter - [[ATTACHMENT|/app/target/screenshots/1758904441828.8.html]]
16:34:02.248 [main] INFO  c.c.selenide.impl.AttachmentPrinter - [[ATTACHMENT|/app/target/screenshots/1758904441828.8.png]]
  And I should see "Nokia lumia 1520" in the cart   # stepDefinitions.CartSteps.i_should_see_in_the_cart(java.lang.String)
      Element not found {By.xpath: //td[normalize-space()='Nokia lumia 1520']}
Expected: visible
Screenshot: file:/app/target/screenshots/1758904441828.8.png
Page source: file:/app/target/screenshots/1758904441828.8.html
Timeout: 4 s.
Caused by: NoSuchElementException: Unable to locate element: //td[normalize-space()='Nokia lumia 1520']
	at com.codeborne.selenide.impl.WebElementSource.createElementNotFoundError(WebElementSource.java:89)
	at com.codeborne.selenide.impl.ElementFinder.createElementNotFoundError(ElementFinder.java:129)
	at com.codeborne.selenide.impl.WebElementSource.handleError(WebElementSource.java:140)
	at com.codeborne.selenide.impl.WebElementSource.checkConditionAndReturnElement(WebElementSource.java:123)
	at com.codeborne.selenide.impl.WebElementSource.checkCondition(WebElementSource.java:99)
	at com.codeborne.selenide.commands.Should.execute(Should.java:24)
	at com.codeborne.selenide.FluentCommand.execute(FluentCommand.java:27)
	at com.codeborne.selenide.FluentCommand.execute(FluentCommand.java:19)
	at com.codeborne.selenide.commands.Commands.execute(Commands.java:160)
	at com.codeborne.selenide.impl.SelenideElementProxy.dispatchAndRetry(SelenideElementProxy.java:131)
	at com.codeborne.selenide.impl.SelenideElementProxy.invoke(SelenideElementProxy.java:83)
	at jdk.proxy2/jdk.proxy2.$Proxy32.shouldBe(Unknown Source)
	at pages.CartPage.verifyProductInCart(CartPage.java:74)
	at stepDefinitions.CartSteps.i_should_see_in_the_cart(CartSteps.java:66)
	at ✽.I should see "Nokia lumia 1520" in the cart(file:///app/src/test/resources/features/OrderPlacement.feature:86)
Caused by: org.openqa.selenium.NoSuchElementException: Unable to locate element: //td[normalize-space()='Nokia lumia 1520']
For documentation on this error, please visit: https://www.selenium.dev/documentation/webdriver/troubleshooting/errors#no-such-element-exception
Build info: version: '4.35.0', revision: '1c58e5028b'
System info: os.name: 'Linux', os.arch: 'amd64', os.version: '6.6.87.2-microsoft-standard-WSL2', java.version: '21'
Driver info: org.openqa.selenium.firefox.FirefoxDriver
Command: [1b503e0a-9285-485d-ba86-017f430c561c, findElement {value=//td[normalize-space()='Nokia lumia 1520'], using=xpath}]
Capabilities {acceptInsecureCerts: true, browserName: firefox, browserVersion: 140.3.0, moz:accessibilityChecks: false, moz:buildID: 20250908182512, moz:geckodriverVersion: 0.36.0, moz:headless: true, moz:platformVersion: 6.6.87.2-microsoft-standard..., moz:processID: 16857, moz:profile: /tmp/rust_mozprofilebDjqUO, moz:shutdownTimeout: 60000, moz:webdriverClick: true, moz:windowless: false, pageLoadStrategy: normal, platformName: linux, proxy: Proxy(), setWindowRect: true, strictFileInteractability: false, timeouts: {implicit: 0, pageLoad: 300000, script: 30000}, unhandledPromptBehavior: accept, userAgent: Mozilla/5.0 (X11; Linux x86..., webSocketUrl: ws://127.0.0.1:40931/sessio...}
Session ID: 1b503e0a-9285-485d-ba86-017f430c561c
	at java.base/jdk.internal.reflect.DirectConstructorHandleAccessor.newInstance(DirectConstructorHandleAccessor.java:62)
	at java.base/java.lang.reflect.Constructor.newInstanceWithCaller(Constructor.java:502)
	at java.base/java.lang.reflect.Constructor.newInstance(Constructor.java:486)
	at org.openqa.selenium.remote.ErrorCodec.decode(ErrorCodec.java:167)
	at org.openqa.selenium.remote.codec.w3c.W3CHttpResponseCodec.decode(W3CHttpResponseCodec.java:138)
	at org.openqa.selenium.remote.codec.w3c.W3CHttpResponseCodec.decode(W3CHttpResponseCodec.java:50)
	at org.openqa.selenium.remote.HttpCommandExecutor.execute(HttpCommandExecutor.java:215)
	at org.openqa.selenium.remote.service.DriverCommandExecutor.invokeExecute(DriverCommandExecutor.java:216)
	at org.openqa.selenium.remote.service.DriverCommandExecutor.execute(DriverCommandExecutor.java:174)
	at org.openqa.selenium.remote.RemoteWebDriver.execute(RemoteWebDriver.java:557)
	at org.openqa.selenium.remote.ElementLocation$ElementFinder$2.findElement(ElementLocation.java:165)
	at org.openqa.selenium.remote.ElementLocation.findElement(ElementLocation.java:59)
	at org.openqa.selenium.remote.RemoteWebDriver.findElement(RemoteWebDriver.java:380)
	at org.openqa.selenium.remote.RemoteWebDriver.findElement(RemoteWebDriver.java:374)
	at com.codeborne.selenide.impl.WebElementSelector.findElement(WebElementSelector.java:67)
	at com.codeborne.selenide.impl.WebElementSelector.findElement(WebElementSelector.java:38)
	at com.codeborne.selenide.impl.WebElementSelector.findElement(WebElementSelector.java:29)
	at com.codeborne.selenide.impl.ElementFinder.getWebElement(ElementFinder.java:113)
	at com.codeborne.selenide.impl.WebElementSource.checkConditionAndReturnElement(WebElementSource.java:112)
	at com.codeborne.selenide.impl.WebElementSource.checkCondition(WebElementSource.java:99)
	at com.codeborne.selenide.commands.Should.execute(Should.java:24)
	at com.codeborne.selenide.FluentCommand.execute(FluentCommand.java:27)
	at com.codeborne.selenide.FluentCommand.execute(FluentCommand.java:19)
	at com.codeborne.selenide.commands.Commands.execute(Commands.java:160)
	at com.codeborne.selenide.impl.SelenideElementProxy.dispatchAndRetry(SelenideElementProxy.java:131)
	at com.codeborne.selenide.impl.SelenideElementProxy.invoke(SelenideElementProxy.java:83)
	at jdk.proxy2/jdk.proxy2.$Proxy32.shouldBe(Unknown Source)
	at pages.CartPage.verifyProductInCart(CartPage.java:74)
	at stepDefinitions.CartSteps.i_should_see_in_the_cart(CartSteps.java:66)
	at java.base/jdk.internal.reflect.DirectMethodHandleAccessor.invoke(DirectMethodHandleAccessor.java:103)
	at java.base/java.lang.reflect.Method.invoke(Method.java:580)
	at io.cucumber.java.Invoker.doInvoke(Invoker.java:66)
	at io.cucumber.java.Invoker.invoke(Invoker.java:24)
	at io.cucumber.java.AbstractGlueDefinition.invokeMethod(AbstractGlueDefinition.java:47)
	at io.cucumber.java.JavaStepDefinition.execute(JavaStepDefinition.java:29)
	at io.cucumber.core.runner.CoreStepDefinition.execute(CoreStepDefinition.java:66)
	at io.cucumber.core.runner.PickleStepDefinitionMatch.runStep(PickleStepDefinitionMatch.java:63)
	at io.cucumber.core.runner.ExecutionMode$1.execute(ExecutionMode.java:10)
	at io.cucumber.core.runner.TestStep.executeStep(TestStep.java:84)
	at io.cucumber.core.runner.TestStep.run(TestStep.java:56)
	at io.cucumber.core.runner.PickleStepTestStep.run(PickleStepTestStep.java:51)
	at io.cucumber.core.runner.TestCase.run(TestCase.java:84)
	at io.cucumber.core.runner.Runner.runPickle(Runner.java:75)
	at io.cucumber.junit.PickleRunners$NoStepDescriptions.lambda$run$0(PickleRunners.java:151)
	at io.cucumber.core.runtime.CucumberExecutionContext.lambda$runTestCase$5(CucumberExecutionContext.java:137)
	at io.cucumber.core.runtime.RethrowingThrowableCollector.executeAndThrow(RethrowingThrowableCollector.java:23)
	at io.cucumber.core.runtime.CucumberExecutionContext.runTestCase(CucumberExecutionContext.java:137)
	at io.cucumber.junit.PickleRunners$NoStepDescriptions.run(PickleRunners.java:148)
	at io.cucumber.junit.FeatureRunner.runChild(FeatureRunner.java:144)
	at io.cucumber.junit.FeatureRunner.runChild(FeatureRunner.java:28)
	at org.junit.runners.ParentRunner$4.run(ParentRunner.java:331)
	at org.junit.runners.ParentRunner$1.schedule(ParentRunner.java:79)
	at org.junit.runners.ParentRunner.runChildren(ParentRunner.java:329)
	at org.junit.runners.ParentRunner.access$100(ParentRunner.java:66)
	at org.junit.runners.ParentRunner$2.evaluate(ParentRunner.java:293)
	at org.junit.runners.ParentRunner$3.evaluate(ParentRunner.java:306)
	at org.junit.runners.ParentRunner.run(ParentRunner.java:413)
	at io.cucumber.junit.FeatureRunner.run(FeatureRunner.java:137)
	at io.cucumber.junit.Cucumber.runChild(Cucumber.java:196)
	at io.cucumber.junit.Cucumber.runChild(Cucumber.java:89)
	at org.junit.runners.ParentRunner$4.run(ParentRunner.java:331)
	at org.junit.runners.ParentRunner$1.schedule(ParentRunner.java:79)
	at org.junit.runners.ParentRunner.runChildren(ParentRunner.java:329)
	at org.junit.runners.ParentRunner.access$100(ParentRunner.java:66)
	at org.junit.runners.ParentRunner$2.evaluate(ParentRunner.java:293)
	at io.cucumber.core.runtime.CucumberExecutionContext.lambda$runFeatures$6(CucumberExecutionContext.java:148)
	at io.cucumber.core.runtime.CucumberExecutionContext.execute(CucumberExecutionContext.java:163)
	at io.cucumber.core.runtime.CucumberExecutionContext.runFeatures(CucumberExecutionContext.java:146)
	at io.cucumber.junit.Cucumber$StartAndFinishTestRun.evaluate(Cucumber.java:226)
	at org.junit.runners.ParentRunner$3.evaluate(ParentRunner.java:306)
	at org.junit.runners.ParentRunner.run(ParentRunner.java:413)
	at org.junit.runner.JUnitCore.run(JUnitCore.java:137)
	at org.junit.runner.JUnitCore.run(JUnitCore.java:115)
	at org.junit.vintage.engine.execution.RunnerExecutor.execute(RunnerExecutor.java:42)
	at org.junit.vintage.engine.VintageTestEngine.executeAllChildren(VintageTestEngine.java:80)
	at org.junit.vintage.engine.VintageTestEngine.execute(VintageTestEngine.java:72)
	at org.junit.platform.launcher.core.EngineExecutionOrchestrator.execute(EngineExecutionOrchestrator.java:198)
	at org.junit.platform.launcher.core.EngineExecutionOrchestrator.execute(EngineExecutionOrchestrator.java:169)
	at org.junit.platform.launcher.core.EngineExecutionOrchestrator.execute(EngineExecutionOrchestrator.java:93)
	at org.junit.platform.launcher.core.EngineExecutionOrchestrator.lambda$execute$0(EngineExecutionOrchestrator.java:58)
	at org.junit.platform.launcher.core.EngineExecutionOrchestrator.withInterceptedStreams(EngineExecutionOrchestrator.java:141)
	at org.junit.platform.launcher.core.EngineExecutionOrchestrator.execute(EngineExecutionOrchestrator.java:57)
	at org.junit.platform.launcher.core.DefaultLauncher.execute(DefaultLauncher.java:103)
	at org.junit.platform.launcher.core.DefaultLauncher.execute(DefaultLauncher.java:85)
	at org.junit.platform.launcher.core.DelegatingLauncher.execute(DelegatingLauncher.java:47)
	at org.apache.maven.surefire.junitplatform.LazyLauncher.execute(LazyLauncher.java:55)
	at org.apache.maven.surefire.junitplatform.JUnitPlatformProvider.execute(JUnitPlatformProvider.java:223)
	at org.apache.maven.surefire.junitplatform.JUnitPlatformProvider.invokeAllTests(JUnitPlatformProvider.java:175)
	at org.apache.maven.surefire.junitplatform.JUnitPlatformProvider.invoke(JUnitPlatformProvider.java:139)
	at org.apache.maven.surefire.booter.ForkedBooter.runSuitesInProcess(ForkedBooter.java:456)
	at org.apache.maven.surefire.booter.ForkedBooter.execute(ForkedBooter.java:169)
	at org.apache.maven.surefire.booter.ForkedBooter.run(ForkedBooter.java:595)
	at org.apache.maven.surefire.booter.ForkedBooter.main(ForkedBooter.java:581)

  When I click place order button                   # stepDefinitions.OrderPlacementSteps.i_click_place_order_button()
  And I fill order details with valid information:  # stepDefinitions.OrderPlacementSteps.i_fill_order_details_with_valid_information(io.cucumber.datatable.DataTable)
    | field      | value            |
    | name       | Jane Smith       |
    | country    | Canada           |
    | city       | Toronto          |
    | creditCard | 9876543210987654 |
    | month      | 06               |
    | year       | 2026             |
  And I click purchase button                       # stepDefinitions.OrderPlacementSteps.i_click_purchase_button()
  Then I should see order success message           # stepDefinitions.OrderPlacementSteps.i_should_see_order_success_message()
  And the order should include all products         # stepDefinitions.OrderPlacementSteps.the_order_should_include_all_products()
16:34:02.472 [main] INFO  hooks.Hooks - Finishing BDD scenario: Place order with multiple products - Status: FAILED
16:34:02.472 [main] ERROR hooks.Hooks - Scenario failed: Place order with multiple products
16:34:02.532 [main] INFO  c.c.selenide.impl.AttachmentPrinter - [[ATTACHMENT|/app/target/screenshots/failed_scenario_1758904442472.html]]
16:34:02.741 [main] INFO  c.c.selenide.impl.AttachmentPrinter - [[ATTACHMENT|/app/target/screenshots/failed_scenario_1758904442472.png]]
16:34:02.742 [main] ERROR hooks.Hooks - Failed to capture screenshot: file:/app/target/screenshots/failed_scenario_1758904442472.png
16:34:04.952 [main] INFO  hooks.Hooks - BDD test cleanup completed for scenario: Place order with multiple products
]]></system-out>
  </testcase>
  <testcase name="Verify order form data persistence during session" classname="DemoBlaze Order Placement" time="18.537">
    <system-out><![CDATA[
@OrderPlacement @E2E @regression @OrderPersistence @Functional
Scenario: Verify order form data persistence during session # src/test/resources/features/OrderPlacement.feature:101
16:34:04.979 [main] INFO  hooks.Hooks - Starting BDD scenario: Verify order form data persistence during session
16:34:04.979 [main] INFO  hooks.Hooks - BDD test environment configured for scenario: Verify order form data persistence during session
16:34:04.981 [main] INFO  stepDefinitions.HomePageSteps - BDD Step: Navigating to DemoBlaze home page
16:34:04.981 [main] INFO  pages.HomePage - BDD: Opening home page
16:34:04.981 [main] INFO  pages.HomePage - Opening DemoBlaze home page
16:34:04.981 [main] INFO  c.c.s.WebDriverThreadLocalContainer - No webdriver is bound to current thread: 1 - let's create a new webdriver
16:34:09.435 [main] INFO  c.c.s.webdriver.BrowserResizer - Set browser size to 1920x1080
16:34:09.755 [main] INFO  c.c.s.webdriver.WebDriverFactory - Selenide 7.10.0 / Selenium 4.35.0 / firefox 140.3.0 linux
16:34:12.338 [main] INFO  pages.HomePage - Home page opened successfully
  Given I navigate to the DemoBlaze home page               # stepDefinitions.HomePageSteps.i_navigate_to_the_demoblaze_home_page()
16:34:12.339 [main] INFO  stepDefinitions.CartSteps - BDD Step: Adding MacBook air to cart
16:34:12.339 [main] INFO  pages.HomePage - BDD: Clicking on first product: MacBook air
16:34:12.339 [main] INFO  pages.HomePage - Clicking on first product: MacBook air
16:34:15.238 [main] INFO  pages.HomePage - Successfully clicked on first product: MacBook air
16:34:15.239 [main] INFO  pages.ProductDetailsPage - BDD: Adding product to cart
16:34:15.239 [main] INFO  pages.ProductDetailsPage - Clicking 'Add to cart' button
16:34:16.725 [main] INFO  pages.ProductDetailsPage - Successfully clicked 'Add to cart' button
16:34:17.650 [main] INFO  pages.HomePage - BDD: Opening home page
16:34:17.650 [main] INFO  pages.HomePage - Opening DemoBlaze home page
16:34:18.016 [main] INFO  pages.HomePage - Home page opened successfully
  Given I add "MacBook air" to cart                         # stepDefinitions.CartSteps.i_add_to_cart(java.lang.String)
16:34:18.017 [main] INFO  stepDefinitions.CartSteps - BDD Step: Navigating to cart page
16:34:18.017 [main] INFO  pages.HomePage - BDD: Navigating to cart
16:34:18.017 [main] INFO  pages.HomePage - Navigating to cart page
16:34:19.126 [main] INFO  pages.HomePage - Successfully navigated to cart page
  When I navigate to cart page                              # stepDefinitions.CartSteps.i_navigate_to_cart_page()
16:34:19.127 [main] INFO  stepDefinitions.OrderPlacementSteps - BDD Step: Clicking place order button
16:34:19.127 [main] INFO  pages.CartPage - Clicking 'Place Order' button
16:34:19.832 [main] INFO  pages.CartPage - Successfully clicked 'Place Order' button
  And I click place order button                            # stepDefinitions.OrderPlacementSteps.i_click_place_order_button()
16:34:19.851 [main] INFO  stepDefinitions.OrderPlacementSteps - BDD Step: Filling order details partially
16:34:19.855 [main] INFO  pages.OrderPlacementPage - Filling name field with: Test User
16:34:20.367 [main] INFO  pages.OrderPlacementPage - Filling country field with: Test Country
16:34:20.602 [main] INFO  pages.OrderPlacementPage - Filling city field with: Test City
16:34:20.767 [main] INFO  stepDefinitions.OrderPlacementSteps - BDD Step: Order details filled partially
  And I fill order details partially:                       # stepDefinitions.OrderPlacementSteps.i_fill_order_details_partially(io.cucumber.datatable.DataTable)
    | field   | value        |
    | name    | Test User    |
    | country | Test Country |
    | city    | Test City    |
16:34:20.769 [main] INFO  stepDefinitions.OrderPlacementSteps - BDD Step: Clicking close button
16:34:20.769 [main] INFO  pages.OrderPlacementPage - Clicking 'Close' button to cancel order
16:34:21.056 [main] INFO  pages.OrderPlacementPage - Close button clicked successfully
  And I click close button                                  # stepDefinitions.OrderPlacementSteps.i_click_close_button()
16:34:21.059 [main] INFO  stepDefinitions.OrderPlacementSteps - BDD Step: Clicking place order button again
16:34:21.059 [main] INFO  stepDefinitions.OrderPlacementSteps - BDD Step: Clicking place order button
16:34:21.059 [main] INFO  pages.CartPage - Clicking 'Place Order' button
16:34:21.597 [main] INFO  pages.CartPage - Successfully clicked 'Place Order' button
  And I click place order button again                      # stepDefinitions.OrderPlacementSteps.i_click_place_order_button_again()
16:34:21.599 [main] INFO  stepDefinitions.OrderPlacementSteps - BDD Step: Verifying order form is empty
16:34:21.599 [main] INFO  pages.OrderPlacementPage - Verifying order placement form is visible
16:34:21.811 [main] INFO  pages.OrderPlacementPage - Order placement form verified successfully
  Then the order form should be empty                       # stepDefinitions.OrderPlacementSteps.the_order_form_should_be_empty()
16:34:21.812 [main] INFO  hooks.Hooks - Finishing BDD scenario: Verify order form data persistence during session - Status: PASSED
16:34:23.501 [main] INFO  hooks.Hooks - BDD test cleanup completed for scenario: Verify order form data persistence during session
]]></system-out>
  </testcase>
  <testcase name="Attempt to place order with empty cart" classname="DemoBlaze Order Placement" time="12.685">
    <system-out><![CDATA[
@OrderPlacement @E2E @regression @EmptyCartOrder @Edge
Scenario: Attempt to place order with empty cart               # src/test/resources/features/OrderPlacement.feature:115
16:34:23.521 [main] INFO  hooks.Hooks - Starting BDD scenario: Attempt to place order with empty cart
16:34:23.522 [main] INFO  hooks.Hooks - BDD test environment configured for scenario: Attempt to place order with empty cart
16:34:23.524 [main] INFO  stepDefinitions.HomePageSteps - BDD Step: Navigating to DemoBlaze home page
16:34:23.524 [main] INFO  pages.HomePage - BDD: Opening home page
16:34:23.524 [main] INFO  pages.HomePage - Opening DemoBlaze home page
16:34:23.524 [main] INFO  c.c.s.WebDriverThreadLocalContainer - No webdriver is bound to current thread: 1 - let's create a new webdriver
16:34:28.367 [main] INFO  c.c.s.webdriver.BrowserResizer - Set browser size to 1920x1080
16:34:28.659 [main] INFO  c.c.s.webdriver.WebDriverFactory - Selenide 7.10.0 / Selenium 4.35.0 / firefox 140.3.0 linux
16:34:32.084 [main] INFO  pages.HomePage - Home page opened successfully
  Given I navigate to the DemoBlaze home page                  # stepDefinitions.HomePageSteps.i_navigate_to_the_demoblaze_home_page()
16:34:32.086 [main] INFO  stepDefinitions.CartSteps - BDD Step: Navigating to cart page without adding products
16:34:32.087 [main] INFO  pages.HomePage - BDD: Navigating to cart
16:34:32.087 [main] INFO  pages.HomePage - Navigating to cart page
16:34:33.330 [main] INFO  pages.HomePage - Successfully navigated to cart page
  When I navigate to cart page without adding products         # stepDefinitions.CartSteps.i_navigate_to_cart_page_without_adding_products()
16:34:33.331 [main] INFO  stepDefinitions.CartSteps - BDD Step: Verifying cart is empty
  Then I should see an empty cart                              # stepDefinitions.CartSteps.i_should_see_an_empty_cart()
16:34:33.333 [main] INFO  stepDefinitions.OrderPlacementSteps - BDD Step: Verifying place order button state for empty cart
  And the place order button should be disabled or not visible # stepDefinitions.OrderPlacementSteps.the_place_order_button_should_be_disabled_or_not_visible()
16:34:33.334 [main] INFO  hooks.Hooks - Finishing BDD scenario: Attempt to place order with empty cart - Status: PASSED
16:34:36.188 [main] INFO  hooks.Hooks - BDD test cleanup completed for scenario: Attempt to place order with empty cart
]]></system-out>
  </testcase>
  <testcase name="Verify home page loads" classname="Simple DemoBlaze Test" time="9.526">
    <system-out><![CDATA[
@Simple @Smoke @Navigation
Scenario: Verify home page loads                         # src/test/resources/features/SimpleTest.feature:6
16:34:36.225 [main] INFO  hooks.Hooks - Starting BDD scenario: Verify home page loads
16:34:36.225 [main] INFO  hooks.Hooks - BDD test environment configured for scenario: Verify home page loads
16:34:36.226 [main] INFO  stepDefinitions.HomePageSteps - BDD Step: Navigating to DemoBlaze home page
16:34:36.226 [main] INFO  pages.HomePage - BDD: Opening home page
16:34:36.226 [main] INFO  pages.HomePage - Opening DemoBlaze home page
16:34:36.226 [main] INFO  c.c.s.WebDriverThreadLocalContainer - No webdriver is bound to current thread: 1 - let's create a new webdriver
16:34:39.977 [main] INFO  c.c.s.webdriver.BrowserResizer - Set browser size to 1920x1080
16:34:40.313 [main] INFO  c.c.s.webdriver.WebDriverFactory - Selenide 7.10.0 / Selenium 4.35.0 / firefox 140.3.0 linux
16:34:43.131 [main] INFO  pages.HomePage - Home page opened successfully
  Given I navigate to the DemoBlaze home page            # stepDefinitions.HomePageSteps.i_navigate_to_the_demoblaze_home_page()
16:34:43.133 [main] INFO  stepDefinitions.HomePageSteps - BDD Step: Viewing home page content
  When I view the home page                              # stepDefinitions.HomePageSteps.i_view_the_home_page()
16:34:43.133 [main] INFO  stepDefinitions.HomePageSteps - BDD Step: Verifying navigation bar elements
16:34:43.133 [main] INFO  pages.HomePage - Verifying navigation elements are visible
16:34:43.631 [main] INFO  pages.HomePage - All navigation elements verified successfully
  Then I should see the navigation bar with all elements # stepDefinitions.HomePageSteps.i_should_see_the_navigation_bar_with_all_elements()
16:34:43.632 [main] INFO  hooks.Hooks - Finishing BDD scenario: Verify home page loads - Status: PASSED
16:34:45.728 [main] INFO  hooks.Hooks - BDD test cleanup completed for scenario: Verify home page loads
]]></system-out>
  </testcase>
</testsuite>