<?xml version="1.0" encoding="UTF-8"?>
<testsuite xmlns:xsi="http://www.w3.org/2001/XMLSchema-instance" xsi:noNamespaceSchemaLocation="https://maven.apache.org/surefire/maven-surefire-plugin/xsd/surefire-test-report-3.0.xsd" version="3.0" name="tests.ContactModalTest" time="38.196" tests="4" errors="0" skipped="0" failures="0">
  <properties>
    <property name="java.specification.version" value="21"/>
    <property name="sun.jnu.encoding" value="UTF-8"/>
    <property name="java.class.path" value="/mnt/e/Courses/Amalitech GTP/Projects/demoblazeProjectPlaywright/target/test-classes:/mnt/e/Courses/Amalitech GTP/Projects/demoblazeProjectPlaywright/target/classes:/home/arhu/.m2/repository/com/codeborne/selenide/7.10.0/selenide-7.10.0.jar:/home/arhu/.m2/repository/org/seleniumhq/selenium/selenium-java/4.35.0/selenium-java-4.35.0.jar:/home/arhu/.m2/repository/org/seleniumhq/selenium/selenium-api/4.35.0/selenium-api-4.35.0.jar:/home/arhu/.m2/repository/org/seleniumhq/selenium/selenium-chrome-driver/4.35.0/selenium-chrome-driver-4.35.0.jar:/home/arhu/.m2/repository/com/google/auto/service/auto-service-annotations/1.1.1/auto-service-annotations-1.1.1.jar:/home/arhu/.m2/repository/org/seleniumhq/selenium/selenium-chromium-driver/4.35.0/selenium-chromium-driver-4.35.0.jar:/home/arhu/.m2/repository/org/seleniumhq/selenium/selenium-json/4.35.0/selenium-json-4.35.0.jar:/home/arhu/.m2/repository/org/seleniumhq/selenium/selenium-manager/4.35.0/selenium-manager-4.35.0.jar:/home/arhu/.m2/repository/org/seleniumhq/selenium/selenium-devtools-v137/4.35.0/selenium-devtools-v137-4.35.0.jar:/home/arhu/.m2/repository/org/seleniumhq/selenium/selenium-devtools-v138/4.35.0/selenium-devtools-v138-4.35.0.jar:/home/arhu/.m2/repository/org/seleniumhq/selenium/selenium-devtools-v139/4.35.0/selenium-devtools-v139-4.35.0.jar:/home/arhu/.m2/repository/org/seleniumhq/selenium/selenium-edge-driver/4.35.0/selenium-edge-driver-4.35.0.jar:/home/arhu/.m2/repository/org/seleniumhq/selenium/selenium-firefox-driver/4.35.0/selenium-firefox-driver-4.35.0.jar:/home/arhu/.m2/repository/org/seleniumhq/selenium/selenium-http/4.35.0/selenium-http-4.35.0.jar:/home/arhu/.m2/repository/org/seleniumhq/selenium/selenium-ie-driver/4.35.0/selenium-ie-driver-4.35.0.jar:/home/arhu/.m2/repository/org/seleniumhq/selenium/selenium-remote-driver/4.35.0/selenium-remote-driver-4.35.0.jar:/home/arhu/.m2/repository/io/opentelemetry/opentelemetry-api/1.53.0/opentelemetry-api-1.53.0.jar:/home/arhu/.m2/repository/io/opentelemetry/opentelemetry-context/1.53.0/opentelemetry-context-1.53.0.jar:/home/arhu/.m2/repository/io/opentelemetry/opentelemetry-common/1.53.0/opentelemetry-common-1.53.0.jar:/home/arhu/.m2/repository/io/opentelemetry/opentelemetry-exporter-logging/1.53.0/opentelemetry-exporter-logging-1.53.0.jar:/home/arhu/.m2/repository/io/opentelemetry/opentelemetry-sdk-common/1.53.0/opentelemetry-sdk-common-1.53.0.jar:/home/arhu/.m2/repository/io/opentelemetry/opentelemetry-sdk-extension-autoconfigure-spi/1.53.0/opentelemetry-sdk-extension-autoconfigure-spi-1.53.0.jar:/home/arhu/.m2/repository/io/opentelemetry/opentelemetry-sdk-extension-autoconfigure/1.53.0/opentelemetry-sdk-extension-autoconfigure-1.53.0.jar:/home/arhu/.m2/repository/io/opentelemetry/opentelemetry-sdk-trace/1.53.0/opentelemetry-sdk-trace-1.53.0.jar:/home/arhu/.m2/repository/io/opentelemetry/opentelemetry-sdk/1.53.0/opentelemetry-sdk-1.53.0.jar:/home/arhu/.m2/repository/io/opentelemetry/opentelemetry-sdk-metrics/1.53.0/opentelemetry-sdk-metrics-1.53.0.jar:/home/arhu/.m2/repository/io/opentelemetry/opentelemetry-sdk-logs/1.53.0/opentelemetry-sdk-logs-1.53.0.jar:/home/arhu/.m2/repository/net/bytebuddy/byte-buddy/1.17.6/byte-buddy-1.17.6.jar:/home/arhu/.m2/repository/org/seleniumhq/selenium/selenium-os/4.35.0/selenium-os-4.35.0.jar:/home/arhu/.m2/repository/org/apache/commons/commons-exec/1.5.0/commons-exec-1.5.0.jar:/home/arhu/.m2/repository/org/seleniumhq/selenium/selenium-safari-driver/4.35.0/selenium-safari-driver-4.35.0.jar:/home/arhu/.m2/repository/org/seleniumhq/selenium/selenium-support/4.35.0/selenium-support-4.35.0.jar:/home/arhu/.m2/repository/com/codeborne/selenide-core/7.10.0/selenide-core-7.10.0.jar:/home/arhu/.m2/repository/org/opentest4j/opentest4j/1.3.0/opentest4j-1.3.0.jar:/home/arhu/.m2/repository/org/apache/httpcomponents/client5/httpclient5/5.5/httpclient5-5.5.jar:/home/arhu/.m2/repository/org/apache/httpcomponents/core5/httpcore5/5.3.4/httpcore5-5.3.4.jar:/home/arhu/.m2/repository/org/apache/httpcomponents/core5/httpcore5-h2/5.3.4/httpcore5-h2-5.3.4.jar:/home/arhu/.m2/repository/com/github/valfirst/browserup-proxy/browserup-proxy-core/3.2.0/browserup-proxy-core-3.2.0.jar:/home/arhu/.m2/repository/org/jspecify/jspecify/1.0.0/jspecify-1.0.0.jar:/home/arhu/.m2/repository/com/google/errorprone/error_prone_annotations/2.41.0/error_prone_annotations-2.41.0.jar:/home/arhu/.m2/repository/com/google/guava/guava/33.4.8-jre/guava-33.4.8-jre.jar:/home/arhu/.m2/repository/com/google/guava/failureaccess/1.0.3/failureaccess-1.0.3.jar:/home/arhu/.m2/repository/com/google/guava/listenablefuture/9999.0-empty-to-avoid-conflict-with-guava/listenablefuture-9999.0-empty-to-avoid-conflict-with-guava.jar:/home/arhu/.m2/repository/com/google/j2objc/j2objc-annotations/3.0.0/j2objc-annotations-3.0.0.jar:/home/arhu/.m2/repository/org/apache/commons/commons-lang3/3.18.0/commons-lang3-3.18.0.jar:/home/arhu/.m2/repository/commons-io/commons-io/2.20.0/commons-io-2.20.0.jar:/home/arhu/.m2/repository/io/qameta/allure/allure-junit5/2.30.0/allure-junit5-2.30.0.jar:/home/arhu/.m2/repository/io/qameta/allure/allure-junit-platform/2.30.0/allure-junit-platform-2.30.0.jar:/home/arhu/.m2/repository/io/qameta/allure/allure-test-filter/2.30.0/allure-test-filter-2.30.0.jar:/home/arhu/.m2/repository/io/qameta/allure/allure-selenide/2.30.0/allure-selenide-2.30.0.jar:/home/arhu/.m2/repository/io/qameta/allure/allure-java-commons/2.30.0/allure-java-commons-2.30.0.jar:/home/arhu/.m2/repository/io/qameta/allure/allure-model/2.30.0/allure-model-2.30.0.jar:/home/arhu/.m2/repository/org/junit/jupiter/junit-jupiter/5.10.1/junit-jupiter-5.10.1.jar:/home/arhu/.m2/repository/org/junit/jupiter/junit-jupiter-api/5.10.1/junit-jupiter-api-5.10.1.jar:/home/arhu/.m2/repository/org/junit/jupiter/junit-jupiter-params/5.10.1/junit-jupiter-params-5.10.1.jar:/home/arhu/.m2/repository/org/junit/jupiter/junit-jupiter-engine/5.10.1/junit-jupiter-engine-5.10.1.jar:/home/arhu/.m2/repository/org/junit/platform/junit-platform-launcher/1.10.1/junit-platform-launcher-1.10.1.jar:/home/arhu/.m2/repository/org/junit/platform/junit-platform-engine/1.10.1/junit-platform-engine-1.10.1.jar:/home/arhu/.m2/repository/org/apiguardian/apiguardian-api/1.1.2/apiguardian-api-1.1.2.jar:/home/arhu/.m2/repository/org/junit/platform/junit-platform-suite-api/1.10.1/junit-platform-suite-api-1.10.1.jar:/home/arhu/.m2/repository/org/junit/platform/junit-platform-commons/1.10.1/junit-platform-commons-1.10.1.jar:/home/arhu/.m2/repository/org/slf4j/slf4j-api/2.0.9/slf4j-api-2.0.9.jar:/home/arhu/.m2/repository/ch/qos/logback/logback-classic/1.4.14/logback-classic-1.4.14.jar:/home/arhu/.m2/repository/ch/qos/logback/logback-core/1.4.14/logback-core-1.4.14.jar:/home/arhu/.m2/repository/io/cucumber/cucumber-java/7.14.1/cucumber-java-7.14.1.jar:/home/arhu/.m2/repository/io/cucumber/cucumber-core/7.14.1/cucumber-core-7.14.1.jar:/home/arhu/.m2/repository/io/cucumber/cucumber-gherkin/7.14.1/cucumber-gherkin-7.14.1.jar:/home/arhu/.m2/repository/io/cucumber/cucumber-gherkin-messages/7.14.1/cucumber-gherkin-messages-7.14.1.jar:/home/arhu/.m2/repository/io/cucumber/gherkin/26.2.0/gherkin-26.2.0.jar:/home/arhu/.m2/repository/io/cucumber/messages/22.0.0/messages-22.0.0.jar:/home/arhu/.m2/repository/io/cucumber/tag-expressions/6.0.0/tag-expressions-6.0.0.jar:/home/arhu/.m2/repository/io/cucumber/cucumber-expressions/17.0.1/cucumber-expressions-17.0.1.jar:/home/arhu/.m2/repository/io/cucumber/datatable/7.14.1/datatable-7.14.1.jar:/home/arhu/.m2/repository/io/cucumber/cucumber-plugin/7.14.1/cucumber-plugin-7.14.1.jar:/home/arhu/.m2/repository/io/cucumber/docstring/7.14.1/docstring-7.14.1.jar:/home/arhu/.m2/repository/io/cucumber/html-formatter/20.4.0/html-formatter-20.4.0.jar:/home/arhu/.m2/repository/io/cucumber/junit-xml-formatter/0.2.0/junit-xml-formatter-0.2.0.jar:/home/arhu/.m2/repository/io/cucumber/ci-environment/10.0.0/ci-environment-10.0.0.jar:/home/arhu/.m2/repository/io/cucumber/cucumber-junit-platform-engine/7.14.1/cucumber-junit-platform-engine-7.14.1.jar:/home/arhu/.m2/repository/io/cucumber/cucumber-junit/7.14.1/cucumber-junit-7.14.1.jar:/home/arhu/.m2/repository/junit/junit/4.13.2/junit-4.13.2.jar:/home/arhu/.m2/repository/org/hamcrest/hamcrest-core/1.3/hamcrest-core-1.3.jar:/home/arhu/.m2/repository/io/qameta/allure/allure-cucumber7-jvm/2.30.0/allure-cucumber7-jvm-2.30.0.jar:"/>
    <property name="java.vm.vendor" value="Ubuntu"/>
    <property name="sun.arch.data.model" value="64"/>
    <property name="java.vendor.url" value="https://ubuntu.com/"/>
    <property name="user.timezone" value="Atlantic/Reykjavik"/>
    <property name="os.name" value="Linux"/>
    <property name="java.vm.specification.version" value="21"/>
    <property name="sun.java.launcher" value="SUN_STANDARD"/>
    <property name="sun.boot.library.path" value="/usr/lib/jvm/java-21-openjdk-amd64/lib"/>
    <property name="selenide.browser" value="firefox"/>
    <property name="sun.java.command" value="/mnt/e/Courses/Amalitech GTP/Projects/demoblazeProjectPlaywright/target/surefire/surefirebooter-20250925024211724_3.jar /mnt/e/Courses/Amalitech GTP/Projects/demoblazeProjectPlaywright/target/surefire 2025-09-25T02-42-05_938-jvmRun1 surefire-20250925024211724_1tmp surefire_0-20250925024211724_2tmp"/>
    <property name="jdk.debug" value="release"/>
    <property name="surefire.test.class.path" value="/mnt/e/Courses/Amalitech GTP/Projects/demoblazeProjectPlaywright/target/test-classes:/mnt/e/Courses/Amalitech GTP/Projects/demoblazeProjectPlaywright/target/classes:/home/arhu/.m2/repository/com/codeborne/selenide/7.10.0/selenide-7.10.0.jar:/home/arhu/.m2/repository/org/seleniumhq/selenium/selenium-java/4.35.0/selenium-java-4.35.0.jar:/home/arhu/.m2/repository/org/seleniumhq/selenium/selenium-api/4.35.0/selenium-api-4.35.0.jar:/home/arhu/.m2/repository/org/seleniumhq/selenium/selenium-chrome-driver/4.35.0/selenium-chrome-driver-4.35.0.jar:/home/arhu/.m2/repository/com/google/auto/service/auto-service-annotations/1.1.1/auto-service-annotations-1.1.1.jar:/home/arhu/.m2/repository/org/seleniumhq/selenium/selenium-chromium-driver/4.35.0/selenium-chromium-driver-4.35.0.jar:/home/arhu/.m2/repository/org/seleniumhq/selenium/selenium-json/4.35.0/selenium-json-4.35.0.jar:/home/arhu/.m2/repository/org/seleniumhq/selenium/selenium-manager/4.35.0/selenium-manager-4.35.0.jar:/home/arhu/.m2/repository/org/seleniumhq/selenium/selenium-devtools-v137/4.35.0/selenium-devtools-v137-4.35.0.jar:/home/arhu/.m2/repository/org/seleniumhq/selenium/selenium-devtools-v138/4.35.0/selenium-devtools-v138-4.35.0.jar:/home/arhu/.m2/repository/org/seleniumhq/selenium/selenium-devtools-v139/4.35.0/selenium-devtools-v139-4.35.0.jar:/home/arhu/.m2/repository/org/seleniumhq/selenium/selenium-edge-driver/4.35.0/selenium-edge-driver-4.35.0.jar:/home/arhu/.m2/repository/org/seleniumhq/selenium/selenium-firefox-driver/4.35.0/selenium-firefox-driver-4.35.0.jar:/home/arhu/.m2/repository/org/seleniumhq/selenium/selenium-http/4.35.0/selenium-http-4.35.0.jar:/home/arhu/.m2/repository/org/seleniumhq/selenium/selenium-ie-driver/4.35.0/selenium-ie-driver-4.35.0.jar:/home/arhu/.m2/repository/org/seleniumhq/selenium/selenium-remote-driver/4.35.0/selenium-remote-driver-4.35.0.jar:/home/arhu/.m2/repository/io/opentelemetry/opentelemetry-api/1.53.0/opentelemetry-api-1.53.0.jar:/home/arhu/.m2/repository/io/opentelemetry/opentelemetry-context/1.53.0/opentelemetry-context-1.53.0.jar:/home/arhu/.m2/repository/io/opentelemetry/opentelemetry-common/1.53.0/opentelemetry-common-1.53.0.jar:/home/arhu/.m2/repository/io/opentelemetry/opentelemetry-exporter-logging/1.53.0/opentelemetry-exporter-logging-1.53.0.jar:/home/arhu/.m2/repository/io/opentelemetry/opentelemetry-sdk-common/1.53.0/opentelemetry-sdk-common-1.53.0.jar:/home/arhu/.m2/repository/io/opentelemetry/opentelemetry-sdk-extension-autoconfigure-spi/1.53.0/opentelemetry-sdk-extension-autoconfigure-spi-1.53.0.jar:/home/arhu/.m2/repository/io/opentelemetry/opentelemetry-sdk-extension-autoconfigure/1.53.0/opentelemetry-sdk-extension-autoconfigure-1.53.0.jar:/home/arhu/.m2/repository/io/opentelemetry/opentelemetry-sdk-trace/1.53.0/opentelemetry-sdk-trace-1.53.0.jar:/home/arhu/.m2/repository/io/opentelemetry/opentelemetry-sdk/1.53.0/opentelemetry-sdk-1.53.0.jar:/home/arhu/.m2/repository/io/opentelemetry/opentelemetry-sdk-metrics/1.53.0/opentelemetry-sdk-metrics-1.53.0.jar:/home/arhu/.m2/repository/io/opentelemetry/opentelemetry-sdk-logs/1.53.0/opentelemetry-sdk-logs-1.53.0.jar:/home/arhu/.m2/repository/net/bytebuddy/byte-buddy/1.17.6/byte-buddy-1.17.6.jar:/home/arhu/.m2/repository/org/seleniumhq/selenium/selenium-os/4.35.0/selenium-os-4.35.0.jar:/home/arhu/.m2/repository/org/apache/commons/commons-exec/1.5.0/commons-exec-1.5.0.jar:/home/arhu/.m2/repository/org/seleniumhq/selenium/selenium-safari-driver/4.35.0/selenium-safari-driver-4.35.0.jar:/home/arhu/.m2/repository/org/seleniumhq/selenium/selenium-support/4.35.0/selenium-support-4.35.0.jar:/home/arhu/.m2/repository/com/codeborne/selenide-core/7.10.0/selenide-core-7.10.0.jar:/home/arhu/.m2/repository/org/opentest4j/opentest4j/1.3.0/opentest4j-1.3.0.jar:/home/arhu/.m2/repository/org/apache/httpcomponents/client5/httpclient5/5.5/httpclient5-5.5.jar:/home/arhu/.m2/repository/org/apache/httpcomponents/core5/httpcore5/5.3.4/httpcore5-5.3.4.jar:/home/arhu/.m2/repository/org/apache/httpcomponents/core5/httpcore5-h2/5.3.4/httpcore5-h2-5.3.4.jar:/home/arhu/.m2/repository/com/github/valfirst/browserup-proxy/browserup-proxy-core/3.2.0/browserup-proxy-core-3.2.0.jar:/home/arhu/.m2/repository/org/jspecify/jspecify/1.0.0/jspecify-1.0.0.jar:/home/arhu/.m2/repository/com/google/errorprone/error_prone_annotations/2.41.0/error_prone_annotations-2.41.0.jar:/home/arhu/.m2/repository/com/google/guava/guava/33.4.8-jre/guava-33.4.8-jre.jar:/home/arhu/.m2/repository/com/google/guava/failureaccess/1.0.3/failureaccess-1.0.3.jar:/home/arhu/.m2/repository/com/google/guava/listenablefuture/9999.0-empty-to-avoid-conflict-with-guava/listenablefuture-9999.0-empty-to-avoid-conflict-with-guava.jar:/home/arhu/.m2/repository/com/google/j2objc/j2objc-annotations/3.0.0/j2objc-annotations-3.0.0.jar:/home/arhu/.m2/repository/org/apache/commons/commons-lang3/3.18.0/commons-lang3-3.18.0.jar:/home/arhu/.m2/repository/commons-io/commons-io/2.20.0/commons-io-2.20.0.jar:/home/arhu/.m2/repository/io/qameta/allure/allure-junit5/2.30.0/allure-junit5-2.30.0.jar:/home/arhu/.m2/repository/io/qameta/allure/allure-junit-platform/2.30.0/allure-junit-platform-2.30.0.jar:/home/arhu/.m2/repository/io/qameta/allure/allure-test-filter/2.30.0/allure-test-filter-2.30.0.jar:/home/arhu/.m2/repository/io/qameta/allure/allure-selenide/2.30.0/allure-selenide-2.30.0.jar:/home/arhu/.m2/repository/io/qameta/allure/allure-java-commons/2.30.0/allure-java-commons-2.30.0.jar:/home/arhu/.m2/repository/io/qameta/allure/allure-model/2.30.0/allure-model-2.30.0.jar:/home/arhu/.m2/repository/org/junit/jupiter/junit-jupiter/5.10.1/junit-jupiter-5.10.1.jar:/home/arhu/.m2/repository/org/junit/jupiter/junit-jupiter-api/5.10.1/junit-jupiter-api-5.10.1.jar:/home/arhu/.m2/repository/org/junit/jupiter/junit-jupiter-params/5.10.1/junit-jupiter-params-5.10.1.jar:/home/arhu/.m2/repository/org/junit/jupiter/junit-jupiter-engine/5.10.1/junit-jupiter-engine-5.10.1.jar:/home/arhu/.m2/repository/org/junit/platform/junit-platform-launcher/1.10.1/junit-platform-launcher-1.10.1.jar:/home/arhu/.m2/repository/org/junit/platform/junit-platform-engine/1.10.1/junit-platform-engine-1.10.1.jar:/home/arhu/.m2/repository/org/apiguardian/apiguardian-api/1.1.2/apiguardian-api-1.1.2.jar:/home/arhu/.m2/repository/org/junit/platform/junit-platform-suite-api/1.10.1/junit-platform-suite-api-1.10.1.jar:/home/arhu/.m2/repository/org/junit/platform/junit-platform-commons/1.10.1/junit-platform-commons-1.10.1.jar:/home/arhu/.m2/repository/org/slf4j/slf4j-api/2.0.9/slf4j-api-2.0.9.jar:/home/arhu/.m2/repository/ch/qos/logback/logback-classic/1.4.14/logback-classic-1.4.14.jar:/home/arhu/.m2/repository/ch/qos/logback/logback-core/1.4.14/logback-core-1.4.14.jar:/home/arhu/.m2/repository/io/cucumber/cucumber-java/7.14.1/cucumber-java-7.14.1.jar:/home/arhu/.m2/repository/io/cucumber/cucumber-core/7.14.1/cucumber-core-7.14.1.jar:/home/arhu/.m2/repository/io/cucumber/cucumber-gherkin/7.14.1/cucumber-gherkin-7.14.1.jar:/home/arhu/.m2/repository/io/cucumber/cucumber-gherkin-messages/7.14.1/cucumber-gherkin-messages-7.14.1.jar:/home/arhu/.m2/repository/io/cucumber/gherkin/26.2.0/gherkin-26.2.0.jar:/home/arhu/.m2/repository/io/cucumber/messages/22.0.0/messages-22.0.0.jar:/home/arhu/.m2/repository/io/cucumber/tag-expressions/6.0.0/tag-expressions-6.0.0.jar:/home/arhu/.m2/repository/io/cucumber/cucumber-expressions/17.0.1/cucumber-expressions-17.0.1.jar:/home/arhu/.m2/repository/io/cucumber/datatable/7.14.1/datatable-7.14.1.jar:/home/arhu/.m2/repository/io/cucumber/cucumber-plugin/7.14.1/cucumber-plugin-7.14.1.jar:/home/arhu/.m2/repository/io/cucumber/docstring/7.14.1/docstring-7.14.1.jar:/home/arhu/.m2/repository/io/cucumber/html-formatter/20.4.0/html-formatter-20.4.0.jar:/home/arhu/.m2/repository/io/cucumber/junit-xml-formatter/0.2.0/junit-xml-formatter-0.2.0.jar:/home/arhu/.m2/repository/io/cucumber/ci-environment/10.0.0/ci-environment-10.0.0.jar:/home/arhu/.m2/repository/io/cucumber/cucumber-junit-platform-engine/7.14.1/cucumber-junit-platform-engine-7.14.1.jar:/home/arhu/.m2/repository/io/cucumber/cucumber-junit/7.14.1/cucumber-junit-7.14.1.jar:/home/arhu/.m2/repository/junit/junit/4.13.2/junit-4.13.2.jar:/home/arhu/.m2/repository/org/hamcrest/hamcrest-core/1.3/hamcrest-core-1.3.jar:/home/arhu/.m2/repository/io/qameta/allure/allure-cucumber7-jvm/2.30.0/allure-cucumber7-jvm-2.30.0.jar:"/>
    <property name="allure.results.directory" value="/mnt/e/Courses/Amalitech GTP/Projects/demoblazeProjectPlaywright/target/allure-results"/>
    <property name="sun.cpu.endian" value="little"/>
    <property name="user.home" value="/home/arhu"/>
    <property name="user.language" value="en"/>
    <property name="java.specification.vendor" value="Oracle Corporation"/>
    <property name="java.version.date" value="2025-07-15"/>
    <property name="java.home" value="/usr/lib/jvm/java-21-openjdk-amd64"/>
    <property name="file.separator" value="/"/>
    <property name="basedir" value="/mnt/e/Courses/Amalitech GTP/Projects/demoblazeProjectPlaywright"/>
    <property name="java.vm.compressedOopsMode" value="32-bit"/>
    <property name="line.separator" value="&#10;"/>
    <property name="java.specification.name" value="Java Platform API Specification"/>
    <property name="java.vm.specification.vendor" value="Oracle Corporation"/>
    <property name="surefire.real.class.path" value="/mnt/e/Courses/Amalitech GTP/Projects/demoblazeProjectPlaywright/target/surefire/surefirebooter-20250925024211724_3.jar"/>
    <property name="sun.management.compiler" value="HotSpot 64-Bit Tiered Compilers"/>
    <property name="java.runtime.version" value="21.0.8+9-Ubuntu-0ubuntu124.04.1"/>
    <property name="user.name" value="arhu"/>
    <property name="stdout.encoding" value="UTF-8"/>
    <property name="path.separator" value=":"/>
    <property name="os.version" value="6.6.87.2-microsoft-standard-WSL2"/>
    <property name="java.runtime.name" value="OpenJDK Runtime Environment"/>
    <property name="file.encoding" value="UTF-8"/>
    <property name="java.vm.name" value="OpenJDK 64-Bit Server VM"/>
    <property name="localRepository" value="/home/arhu/.m2/repository"/>
    <property name="java.vendor.url.bug" value="https://bugs.launchpad.net/ubuntu/+source/openjdk-21"/>
    <property name="java.io.tmpdir" value="/tmp"/>
    <property name="java.version" value="21.0.8"/>
    <property name="user.dir" value="/mnt/e/Courses/Amalitech GTP/Projects/demoblazeProjectPlaywright"/>
    <property name="os.arch" value="amd64"/>
    <property name="java.vm.specification.name" value="Java Virtual Machine Specification"/>
    <property name="native.encoding" value="UTF-8"/>
    <property name="java.library.path" value="/usr/java/packages/lib:/usr/lib/x86_64-linux-gnu/jni:/lib/x86_64-linux-gnu:/usr/lib/x86_64-linux-gnu:/usr/lib/jni:/lib:/usr/lib"/>
    <property name="java.vm.info" value="mixed mode, sharing"/>
    <property name="stderr.encoding" value="UTF-8"/>
    <property name="java.vendor" value="Ubuntu"/>
    <property name="java.vm.version" value="21.0.8+9-Ubuntu-0ubuntu124.04.1"/>
    <property name="sun.io.unicode.encoding" value="UnicodeLittle"/>
    <property name="java.class.version" value="65.0"/>
  </properties>
  <testcase name="testSendInvalidContactData" classname="tests.ContactModalTest" time="10.13">
    <system-out><![CDATA[02:43:48.210 [main] INFO  base.BaseTest - Setting up base test configuration
02:43:48.214 [main] INFO  base.BaseTest - Base test configuration completed
02:43:48.217 [main] INFO  tests.ContactModalTest - Setting up contact modal test instances
02:43:48.220 [main] INFO  tests.ContactModalTest - Contact modal test setup completed
02:43:48.222 [main] INFO  tests.ContactModalTest - Starting test: Send invalid contact data
02:43:48.222 [main] INFO  pages.HomePage - Opening DemoBlaze home page
02:43:48.223 [main] INFO  c.c.s.WebDriverThreadLocalContainer - No webdriver is bound to current thread: 1 - let's create a new webdriver
02:43:51.031 [main] INFO  c.c.s.webdriver.BrowserResizer - Set browser size to 1920x1080
02:43:51.057 [main] INFO  c.c.s.webdriver.WebDriverFactory - Selenide 7.10.0 / Selenium 4.35.0 / firefox 143.0.1 linux
02:43:53.223 [main] INFO  pages.HomePage - Home page opened successfully
02:43:53.499 [main] INFO  pages.ContactModal - Verifying contact modal is visible
02:43:53.918 [main] INFO  pages.ContactModal - Contact form fields verified successfully
02:43:53.920 [main] INFO  pages.ContactModal - Filling complete contact form for: 1234567890- (1234567890-)
02:43:53.921 [main] INFO  pages.ContactModal - Filling contact email field with: 1234567890-
02:43:54.043 [main] INFO  pages.ContactModal - Filling contact name field with: 1234567890-
02:43:54.103 [main] INFO  pages.ContactModal - Filling message field
02:43:54.195 [main] INFO  pages.ContactModal - Contact form filled successfully for: 1234567890-
02:43:54.197 [main] INFO  pages.ContactModal - Clicking 'Send message' button
02:43:54.396 [main] INFO  pages.ContactModal - Send message button clicked successfully
02:43:55.405 [main] INFO  tests.ContactModalTest - Alert message: Thanks for the message!!
02:43:55.440 [main] INFO  pages.HomePage - Verifying categories section
02:43:56.354 [main] INFO  pages.HomePage - Categories section verified successfully
02:43:56.354 [main] INFO  tests.ContactModalTest - Test completed successfully: Send invalid contact data
02:43:56.355 [main] INFO  base.BaseTest - Cleaning up test resources
02:43:58.332 [main] INFO  base.BaseTest - Test cleanup completed
02:43:58.335 [main] INFO  utils.TestListener - Test passed: Test sending invalid contact data
]]></system-out>
  </testcase>
  <testcase name="testSendEmptyContactData" classname="tests.ContactModalTest" time="8.146">
    <system-out><![CDATA[02:43:58.398 [main] INFO  base.BaseTest - Setting up base test configuration
02:43:58.403 [main] INFO  base.BaseTest - Base test configuration completed
02:43:58.405 [main] INFO  tests.ContactModalTest - Setting up contact modal test instances
02:43:58.407 [main] INFO  tests.ContactModalTest - Contact modal test setup completed
02:43:58.409 [main] INFO  tests.ContactModalTest - Starting test: Send empty contact data
02:43:58.409 [main] INFO  pages.HomePage - Opening DemoBlaze home page
02:43:58.410 [main] INFO  c.c.s.WebDriverThreadLocalContainer - No webdriver is bound to current thread: 1 - let's create a new webdriver
02:44:01.428 [main] INFO  c.c.s.webdriver.BrowserResizer - Set browser size to 1920x1080
02:44:01.449 [main] INFO  c.c.s.webdriver.WebDriverFactory - Selenide 7.10.0 / Selenium 4.35.0 / firefox 143.0.1 linux
02:44:03.749 [main] INFO  pages.HomePage - Home page opened successfully
02:44:04.015 [main] INFO  pages.ContactModal - Verifying contact modal is visible
02:44:04.376 [main] INFO  pages.ContactModal - Contact form fields verified successfully
02:44:04.376 [main] INFO  pages.ContactModal - Clicking 'Send message' button
02:44:04.512 [main] INFO  pages.ContactModal - Send message button clicked successfully
02:44:05.526 [main] INFO  tests.ContactModalTest - Alert message: Thanks for the message!!
02:44:05.553 [main] INFO  tests.ContactModalTest - Test completed successfully: Send empty contact data
02:44:05.554 [main] INFO  base.BaseTest - Cleaning up test resources
02:44:06.542 [main] INFO  base.BaseTest - Test cleanup completed
02:44:06.543 [main] INFO  utils.TestListener - Test passed: Test sending empty contact data
]]></system-out>
  </testcase>
  <testcase name="testSendValidContactData" classname="tests.ContactModalTest" time="8.472">
    <system-out><![CDATA[02:44:06.569 [main] INFO  base.BaseTest - Setting up base test configuration
02:44:06.569 [main] INFO  base.BaseTest - Base test configuration completed
02:44:06.570 [main] INFO  tests.ContactModalTest - Setting up contact modal test instances
02:44:06.571 [main] INFO  tests.ContactModalTest - Contact modal test setup completed
02:44:06.571 [main] INFO  tests.ContactModalTest - Starting test: Send valid contact data
02:44:06.571 [main] INFO  pages.HomePage - Opening DemoBlaze home page
02:44:06.572 [main] INFO  c.c.s.WebDriverThreadLocalContainer - No webdriver is bound to current thread: 1 - let's create a new webdriver
02:44:09.846 [main] INFO  c.c.s.webdriver.BrowserResizer - Set browser size to 1920x1080
02:44:09.871 [main] INFO  c.c.s.webdriver.WebDriverFactory - Selenide 7.10.0 / Selenium 4.35.0 / firefox 143.0.1 linux
02:44:12.037 [main] INFO  pages.HomePage - Home page opened successfully
02:44:12.240 [main] INFO  pages.ContactModal - Verifying contact modal is visible
02:44:12.650 [main] INFO  pages.ContactModal - Contact form fields verified successfully
02:44:12.651 [main] INFO  pages.ContactModal - Filling complete contact form for: Emmanuel Arhu (emmanuel@example.com)
02:44:12.652 [main] INFO  pages.ContactModal - Filling contact email field with: emmanuel@example.com
02:44:12.748 [main] INFO  pages.ContactModal - Filling contact name field with: Emmanuel Arhu
02:44:12.801 [main] INFO  pages.ContactModal - Filling message field
02:44:12.859 [main] INFO  pages.ContactModal - Contact form filled successfully for: Emmanuel Arhu
02:44:12.859 [main] INFO  pages.ContactModal - Clicking 'Send message' button
02:44:13.019 [main] INFO  pages.ContactModal - Send message button clicked successfully
02:44:14.031 [main] INFO  tests.ContactModalTest - Alert message: Thanks for the message!!
02:44:14.059 [main] INFO  tests.ContactModalTest - Test completed successfully: Send valid contact data
02:44:14.060 [main] INFO  base.BaseTest - Cleaning up test resources
02:44:15.038 [main] INFO  base.BaseTest - Test cleanup completed
02:44:15.039 [main] INFO  utils.TestListener - Test passed: Test sending valid contact data
]]></system-out>
  </testcase>
  <testcase name="testContactModalClose" classname="tests.ContactModalTest" time="10.437">
    <system-out><![CDATA[02:44:15.458 [main] INFO  base.BaseTest - Setting up base test configuration
02:44:15.533 [main] INFO  base.BaseTest - Base test configuration completed
02:44:15.536 [main] INFO  tests.ContactModalTest - Setting up contact modal test instances
02:44:15.545 [main] INFO  tests.ContactModalTest - Contact modal test setup completed
02:44:15.546 [main] INFO  tests.ContactModalTest - Starting test: Contact modal close functionality
02:44:15.547 [main] INFO  pages.HomePage - Opening DemoBlaze home page
02:44:15.550 [main] INFO  c.c.s.WebDriverThreadLocalContainer - No webdriver is bound to current thread: 1 - let's create a new webdriver
02:44:21.228 [main] INFO  c.c.s.webdriver.BrowserResizer - Set browser size to 1920x1080
02:44:21.254 [main] INFO  c.c.s.webdriver.WebDriverFactory - Selenide 7.10.0 / Selenium 4.35.0 / firefox 143.0.1 linux
02:44:23.327 [main] INFO  pages.HomePage - Home page opened successfully
02:44:23.327 [main] INFO  tests.ContactModalTest - Clicking Contact link to open modal
02:44:24.604 [main] INFO  pages.ContactModal - Verifying contact modal is visible
02:44:24.665 [main] INFO  pages.ContactModal - Contact form fields verified successfully
02:44:24.666 [main] INFO  pages.ContactModal - Filling contact email field with: test@example.com
02:44:24.767 [main] INFO  pages.ContactModal - Filling contact name field with: Test User
02:44:24.826 [main] INFO  pages.ContactModal - Clicking 'Close' button to close contact modal
02:44:24.908 [main] INFO  pages.ContactModal - Contact modal closed successfully
02:44:24.908 [main] INFO  tests.ContactModalTest - Test completed successfully: Contact modal close functionality
02:44:24.909 [main] INFO  base.BaseTest - Cleaning up test resources
02:44:25.892 [main] INFO  base.BaseTest - Test cleanup completed
02:44:25.893 [main] INFO  utils.TestListener - Test passed: Test contact modal close functionality
]]></system-out>
  </testcase>
</testsuite>